Log file open, 04/09/22 02:56:18
LogWindows: Failed to load 'aqProf.dll' (GetLastError=126)
LogWindows: File 'aqProf.dll' does not exist
LogWindows: Failed to load 'VtuneApi.dll' (GetLastError=126)
LogWindows: File 'VtuneApi.dll' does not exist
LogWindows: Failed to load 'VtuneApi32e.dll' (GetLastError=126)
LogWindows: File 'VtuneApi32e.dll' does not exist
LogConsoleResponse: Display: Failed to find resolution value strings in scalability ini. Falling back to default.
LogConsoleResponse: Display: Failed to find resolution value strings in scalability ini. Falling back to default.
LogInit: Display: Running engine for game: SkipUe4
LogPlatformFile: Not using cached read wrapper
LogTaskGraph: Started task graph with 5 named threads and 26 total threads with 3 sets of task threads.
LogStats: Stats thread started at 0.184745
LogICUInternationalization: ICU TimeZone Detection - Raw Offset: +1:00, Platform Override: ''
LogInit: Display: Loading text-based GConfig....
LogPluginManager: Mounting plugin MeshPainting
LogPluginManager: Mounting plugin XGEController
LogPluginManager: Mounting plugin Paper2D
LogPluginManager: Mounting plugin AISupport
LogPluginManager: Mounting plugin EnvironmentQueryEditor
LogPluginManager: Mounting plugin LiveLink
LogPluginManager: Mounting plugin LightPropagationVolume
LogPluginManager: Mounting plugin CameraShakePreviewer
LogPluginManager: Mounting plugin GameplayCameras
LogPluginManager: Mounting plugin CLionSourceCodeAccess
LogPluginManager: Mounting plugin AnimationSharing
LogPluginManager: Mounting plugin CodeLiteSourceCodeAccess
LogPluginManager: Mounting plugin GitSourceControl
LogPluginManager: Mounting plugin KDevelopSourceCodeAccess
LogPluginManager: Mounting plugin PixWinPlugin
LogPluginManager: Mounting plugin NullSourceCodeAccess
LogPluginManager: Mounting plugin PluginUtils
LogPluginManager: Mounting plugin PropertyAccessNode
LogPluginManager: Mounting plugin PlasticSourceControl
LogPluginManager: Mounting plugin RiderSourceCodeAccess
LogPluginManager: Mounting plugin TextureFormatOodle
LogPluginManager: Mounting plugin UObjectPlugin
LogPluginManager: Mounting plugin VisualStudioCodeSourceCodeAccess
LogPluginManager: Mounting plugin VisualStudioSourceCodeAccess
LogPluginManager: Mounting plugin XCodeSourceCodeAccess
LogPluginManager: Mounting plugin AlembicImporter
LogPluginManager: Mounting plugin AutomationUtils
LogPluginManager: Mounting plugin BackChannel
LogPluginManager: Mounting plugin ChaosCloth
LogPluginManager: Mounting plugin ChaosClothEditor
LogPluginManager: Mounting plugin ChaosNiagara
LogPluginManager: Mounting plugin ChaosEditor
LogPluginManager: Mounting plugin ChaosSolverPlugin
LogPluginManager: Mounting plugin CharacterAI
LogPluginManager: Mounting plugin DatasmithContent
LogPluginManager: Mounting plugin PerforceSourceControl
LogPluginManager: Mounting plugin SubversionSourceControl
LogPluginManager: Mounting plugin GeometryCache
LogPluginManager: Mounting plugin AssetManagerEditor
LogPluginManager: Mounting plugin GeometryCollectionPlugin
LogPluginManager: Mounting plugin VariantManagerContent
LogPluginManager: Mounting plugin Niagara
LogPluginManager: Mounting plugin GeometryProcessing
LogPluginManager: Mounting plugin MotoSynth
LogPluginManager: Mounting plugin OpenImageDenoise
LogPluginManager: Mounting plugin PlatformCrypto
LogPluginManager: Mounting plugin PlanarCut
LogPluginManager: Mounting plugin ProxyLODPlugin
LogPluginManager: Mounting plugin PythonScriptPlugin
LogPluginManager: Mounting plugin SkeletalReduction
LogPluginManager: Mounting plugin CryptoKeys
LogPluginManager: Mounting plugin DataValidation
LogPluginManager: Mounting plugin CurveEditorTools
LogPluginManager: Mounting plugin GameplayTagsEditor
LogPluginManager: Mounting plugin FacialAnimation
LogPluginManager: Mounting plugin GeometryMode
LogPluginManager: Mounting plugin MacGraphicsSwitching
LogPluginManager: Mounting plugin MaterialAnalyzer
LogPluginManager: Mounting plugin MobileLauncherProfileWizard
LogPluginManager: Mounting plugin PluginBrowser
LogPluginManager: Mounting plugin SpeedTreeImporter
LogPluginManager: Mounting plugin AndroidMedia
LogPluginManager: Mounting plugin AvfMedia
LogPluginManager: Mounting plugin ImgMedia
LogPluginManager: Mounting plugin MediaCompositing
LogPluginManager: Mounting plugin MediaPlayerEditor
LogPluginManager: Mounting plugin WebMMedia
LogPluginManager: Mounting plugin WmfMedia
LogPluginManager: Mounting plugin TcpMessaging
LogPluginManager: Mounting plugin UdpMessaging
LogPluginManager: Mounting plugin LuminPlatformFeatures
LogPluginManager: Mounting plugin MagicLeap
LogPluginManager: Mounting plugin MagicLeapLightEstimation
LogPluginManager: Mounting plugin MagicLeapMedia
LogPluginManager: Mounting plugin MagicLeapPassableWorld
LogPluginManager: Mounting plugin MLSDK
LogPluginManager: Mounting plugin ActorSequence
LogPluginManager: Mounting plugin LevelSequenceEditor
LogPluginManager: Mounting plugin MatineeToLevelSequence
LogPluginManager: Mounting plugin TemplateSequence
LogPluginManager: Mounting plugin OnlineSubsystem
LogPluginManager: Mounting plugin OnlineSubsystemNull
LogPluginManager: Mounting plugin OnlineSubsystemUtils
LogPluginManager: Mounting plugin LauncherChunkInstaller
LogPluginManager: Mounting plugin ActorLayerUtilities
LogPluginManager: Mounting plugin AndroidDeviceProfileSelector
LogPluginManager: Mounting plugin AndroidMoviePlayer
LogPluginManager: Mounting plugin AndroidPermission
LogPluginManager: Mounting plugin AppleImageUtils
LogPluginManager: Mounting plugin AppleMoviePlayer
LogPluginManager: Mounting plugin ArchVisCharacter
LogPluginManager: Mounting plugin AssetTags
LogPluginManager: Mounting plugin AudioCapture
LogPluginManager: Mounting plugin AudioSynesthesia
LogPluginManager: Mounting plugin CableComponent
LogPluginManager: Mounting plugin ChunkDownloader
LogPluginManager: Mounting plugin CustomMeshComponent
LogPluginManager: Mounting plugin EditableMesh
LogPluginManager: Mounting plugin ExampleDeviceProfileSelector
LogPluginManager: Mounting plugin GoogleCloudMessaging
LogPluginManager: Mounting plugin GooglePAD
LogPluginManager: Mounting plugin IOSDeviceProfileSelector
LogPluginManager: Mounting plugin LinuxDeviceProfileSelector
LogPluginManager: Mounting plugin LocationServicesBPLibrary
LogPluginManager: Mounting plugin MobilePatchingUtils
LogPluginManager: Mounting plugin OpenXR
LogPluginManager: Mounting plugin OpenXREyeTracker
LogPluginManager: Mounting plugin OpenXRHandTracking
LogPluginManager: Mounting plugin PhysXVehicles
LogPluginManager: Mounting plugin ScreenshotTools
LogPluginManager: Mounting plugin PostSplashScreen
LogPluginManager: Mounting plugin ProceduralMeshComponent
LogPluginManager: Mounting plugin PropertyAccessEditor
LogPluginManager: Mounting plugin RuntimePhysXCooking
LogPluginManager: Mounting plugin SignificanceManager
LogPluginManager: Mounting plugin Synthesis
LogPluginManager: Mounting plugin WebMMoviePlayer
LogPluginManager: Mounting plugin WindowsMoviePlayer
LogPluginManager: Mounting plugin SoundFields
LogPluginManager: Mounting plugin Takes
LogPluginManager: Mounting plugin OodleData
LogPluginManager: Mounting plugin OodleNetwork
LogPluginManager: Mounting plugin ContentBrowserAssetDataSource
LogPluginManager: Mounting plugin ContentBrowserClassDataSource
LogPluginManager: Mounting plugin ContentBrowserFileDataSource
LogPluginManager: Mounting plugin OnlineSubsystemGooglePlay
LogPluginManager: Mounting plugin OnlineSubsystemIOS
LogPluginManager: Mounting plugin OculusVR
LogPluginManager: Mounting plugin SteamVR
PixWinPlugin: PIX capture plugin failed to initialize! Check that the process is launched from PIX.
LogInit: Using libcurl 7.55.1-DEV
LogInit:  - built for x86_64-pc-win32
LogInit:  - supports SSL with OpenSSL/1.1.1
LogInit:  - supports HTTP deflate (compression) using libz 1.2.8
LogInit:  - other features:
LogInit:      CURL_VERSION_SSL
LogInit:      CURL_VERSION_LIBZ
LogInit:      CURL_VERSION_IPV6
LogInit:      CURL_VERSION_ASYNCHDNS
LogInit:      CURL_VERSION_LARGEFILE
LogInit:      CURL_VERSION_IDN
LogInit:  CurlRequestOptions (configurable via config and command line):
LogInit:  - bVerifyPeer = true  - Libcurl will verify peer certificate
LogInit:  - bUseHttpProxy = false  - Libcurl will NOT use HTTP proxy
LogInit:  - bDontReuseConnections = false  - Libcurl will reuse connections
LogInit:  - MaxHostConnections = 16  - Libcurl will limit the number of connections to a host
LogInit:  - LocalHostAddr = Default
LogInit:  - BufferSize = 65536
LogOnline: OSS: Creating online subsystem instance for: NULL
LogInit: WinSock: version 1.1 (2.2), MaxSocks=32767, MaxUdp=65467
LogOnline: OSS: TryLoadSubsystemAndSetDefault: Loaded subsystem for module [NULL]
LogOculusPluginWrapper: OculusPlugin initialized successfully
LogHMD: Failed initializing OVRPlugin 1.59.0
LogInit: Build: ++UE4+Release-4.27-CL-18319896
LogInit: Engine Version: 4.27.2-18319896+++UE4+Release-4.27
LogInit: Compatible Engine Version: 4.27.0-17155196+++UE4+Release-4.27
LogInit: Net CL: 17155196
LogInit: OS: Windows 10 (Release 2009) (), CPU: Intel(R) Core(TM) i7-9700KF CPU @ 3.60GHz, GPU: NVIDIA GeForce GTX 1660
LogInit: Compiled (64-bit): Nov 30 2021 07:12:08
LogInit: Compiled with Visual C++: 19.24.28315.00
LogInit: Build Configuration: Development
LogInit: Branch Name: ++UE4+Release-4.27
LogInit: Command Line: 
LogInit: Base Directory: C:/Autre/Unreal/UE_4.27/Engine/Binaries/Win64/
LogInit: Allocator: TBB
LogInit: Installed Engine Build: 1
LogDevObjectVersion: Number of dev versions registered: 29
LogDevObjectVersion:   Dev-Blueprints (B0D832E4-1F89-4F0D-ACCF-7EB736FD4AA2): 10
LogDevObjectVersion:   Dev-Build (E1C64328-A22C-4D53-A36C-8E866417BD8C): 0
LogDevObjectVersion:   Dev-Core (375EC13C-06E4-48FB-B500-84F0262A717E): 4
LogDevObjectVersion:   Dev-Editor (E4B068ED-F494-42E9-A231-DA0B2E46BB41): 40
LogDevObjectVersion:   Dev-Framework (CFFC743F-43B0-4480-9391-14DF171D2073): 37
LogDevObjectVersion:   Dev-Mobile (B02B49B5-BB20-44E9-A304-32B752E40360): 3
LogDevObjectVersion:   Dev-Networking (A4E4105C-59A1-49B5-A7C5-40C4547EDFEE): 0
LogDevObjectVersion:   Dev-Online (39C831C9-5AE6-47DC-9A44-9C173E1C8E7C): 0
LogDevObjectVersion:   Dev-Physics (78F01B33-EBEA-4F98-B9B4-84EACCB95AA2): 14
LogDevObjectVersion:   Dev-Platform (6631380F-2D4D-43E0-8009-CF276956A95A): 0
LogDevObjectVersion:   Dev-Rendering (12F88B9F-8875-4AFC-A67C-D90C383ABD29): 45
LogDevObjectVersion:   Dev-Sequencer (7B5AE74C-D270-4C10-A958-57980B212A5A): 13
LogDevObjectVersion:   Dev-VR (D7296918-1DD6-4BDD-9DE2-64A83CC13884): 3
LogDevObjectVersion:   Dev-LoadTimes (C2A15278-BFE7-4AFE-6C17-90FF531DF755): 1
LogDevObjectVersion:   Private-Geometry (6EACA3D4-40EC-4CC1-B786-8BED09428FC5): 3
LogDevObjectVersion:   Dev-AnimPhys (29E575DD-E0A3-4627-9D10-D276232CDCEA): 17
LogDevObjectVersion:   Dev-Anim (AF43A65D-7FD3-4947-9873-3E8ED9C1BB05): 15
LogDevObjectVersion:   Dev-ReflectionCapture (6B266CEC-1EC7-4B8F-A30B-E4D90942FC07): 1
LogDevObjectVersion:   Dev-Automation (0DF73D61-A23F-47EA-B727-89E90C41499A): 1
LogDevObjectVersion:   FortniteMain (601D1886-AC64-4F84-AA16-D3DE0DEAC7D6): 47
LogDevObjectVersion:   FortniteRelease (E7086368-6B23-4C58-8439-1B7016265E91): 1
LogDevObjectVersion:   Dev-Enterprise (9DFFBCD6-494F-0158-E221-12823C92A888): 10
LogDevObjectVersion:   Dev-Niagara (F2AED0AC-9AFE-416F-8664-AA7FFA26D6FC): 1
LogDevObjectVersion:   Dev-Destruction (174F1F0B-B4C6-45A5-B13F-2EE8D0FB917D): 10
LogDevObjectVersion:   Dev-Physics-Ext (35F94A83-E258-406C-A318-09F59610247C): 41
LogDevObjectVersion:   Dev-PhysicsMaterial-Chaos (B68FC16E-8B1B-42E2-B453-215C058844FE): 1
LogDevObjectVersion:   Dev-CineCamera (B2E18506-4273-CFC2-A54E-F4BB758BBA07): 1
LogDevObjectVersion:   Dev-VirtualProduction (64F58936-FD1B-42BA-BA96-7289D5D0FA4E): 1
LogDevObjectVersion:   Dev-MediaFramework (6F0ED827-A609-4895-9C91-998D90180EA4): 2
LogInit: Presizing for max 25165824 objects, including 0 objects not considered by GC, pre-allocating 0 bytes for permanent pool.
LogConfig: Applying CVar settings from Section [/Script/Engine.StreamingSettings] File [C:/Autre/Unreal/Skip_CRJV2122_PS4/Modif_Flo/Saved/Config/Windows/Engine.ini]
LogConfig: Setting CVar [[s.MinBulkDataSizeForAsyncLoading:131072]]
LogConfig: Setting CVar [[s.AsyncLoadingThreadEnabled:0]]
LogConfig: Setting CVar [[s.EventDrivenLoaderEnabled:1]]
LogConfig: Setting CVar [[s.WarnIfTimeLimitExceeded:0]]
LogConfig: Setting CVar [[s.TimeLimitExceededMultiplier:1.5]]
LogConfig: Setting CVar [[s.TimeLimitExceededMinTime:0.005]]
LogConfig: Setting CVar [[s.UseBackgroundLevelStreaming:1]]
LogConfig: Setting CVar [[s.PriorityAsyncLoadingExtraTime:15.0]]
LogConfig: Setting CVar [[s.LevelStreamingActorsUpdateTimeLimit:5.0]]
LogConfig: Setting CVar [[s.PriorityLevelStreamingActorsUpdateExtraTime:5.0]]
LogConfig: Setting CVar [[s.LevelStreamingComponentsRegistrationGranularity:10]]
LogConfig: Setting CVar [[s.UnregisterComponentsTimeLimit:1.0]]
LogConfig: Setting CVar [[s.LevelStreamingComponentsUnregistrationGranularity:5]]
LogConfig: Setting CVar [[s.FlushStreamingOnExit:1]]
LogInit: Object subsystem initialized
LogConfig: Setting CVar [[con.DebugEarlyDefault:1]]
LogConfig: Setting CVar [[r.setres:1280x720]]
[2022.04.09-00.56.18:628][  0]LogConfig: Setting CVar [[r.VSync:0]]
[2022.04.09-00.56.18:628][  0]LogConfig: Setting CVar [[r.RHICmdBypass:0]]
[2022.04.09-00.56.18:628][  0]LogConfig: Applying CVar settings from Section [/Script/Engine.RendererSettings] File [C:/Autre/Unreal/Skip_CRJV2122_PS4/Modif_Flo/Saved/Config/Windows/Engine.ini]
[2022.04.09-00.56.18:628][  0]LogConfig: Setting CVar [[r.GPUCrashDebugging:0]]
[2022.04.09-00.56.18:628][  0]LogConfig: Setting CVar [[r.Mobile.ReflectionCaptureCompression:0]]
[2022.04.09-00.56.18:628][  0]LogConfig: Setting CVar [[r.AllowGlobalClipPlane:0]]
[2022.04.09-00.56.18:628][  0]LogConfig: Setting CVar [[r.DBuffer:1]]
[2022.04.09-00.56.18:628][  0]LogConfig: Applying CVar settings from Section [/Script/Engine.RendererOverrideSettings] File [C:/Autre/Unreal/Skip_CRJV2122_PS4/Modif_Flo/Saved/Config/Windows/Engine.ini]
[2022.04.09-00.56.18:628][  0]LogConfig: Applying CVar settings from Section [/Script/Engine.StreamingSettings] File [C:/Autre/Unreal/Skip_CRJV2122_PS4/Modif_Flo/Saved/Config/Windows/Engine.ini]
[2022.04.09-00.56.18:628][  0]LogConfig: Setting CVar [[s.MinBulkDataSizeForAsyncLoading:131072]]
[2022.04.09-00.56.18:628][  0]LogConfig: Setting CVar [[s.AsyncLoadingThreadEnabled:0]]
[2022.04.09-00.56.18:628][  0]LogConfig: Setting CVar [[s.EventDrivenLoaderEnabled:1]]
[2022.04.09-00.56.18:628][  0]LogConfig: Setting CVar [[s.WarnIfTimeLimitExceeded:0]]
[2022.04.09-00.56.18:628][  0]LogConfig: Setting CVar [[s.TimeLimitExceededMultiplier:1.5]]
[2022.04.09-00.56.18:628][  0]LogConfig: Setting CVar [[s.TimeLimitExceededMinTime:0.005]]
[2022.04.09-00.56.18:628][  0]LogConfig: Setting CVar [[s.UseBackgroundLevelStreaming:1]]
[2022.04.09-00.56.18:628][  0]LogConfig: Setting CVar [[s.PriorityAsyncLoadingExtraTime:15.0]]
[2022.04.09-00.56.18:628][  0]LogConfig: Setting CVar [[s.LevelStreamingActorsUpdateTimeLimit:5.0]]
[2022.04.09-00.56.18:628][  0]LogConfig: Setting CVar [[s.PriorityLevelStreamingActorsUpdateExtraTime:5.0]]
[2022.04.09-00.56.18:628][  0]LogConfig: Setting CVar [[s.LevelStreamingComponentsRegistrationGranularity:10]]
[2022.04.09-00.56.18:628][  0]LogConfig: Setting CVar [[s.UnregisterComponentsTimeLimit:1.0]]
[2022.04.09-00.56.18:628][  0]LogConfig: Setting CVar [[s.LevelStreamingComponentsUnregistrationGranularity:5]]
[2022.04.09-00.56.18:628][  0]LogConfig: Setting CVar [[s.FlushStreamingOnExit:1]]
[2022.04.09-00.56.18:628][  0]LogConfig: Applying CVar settings from Section [/Script/Engine.GarbageCollectionSettings] File [C:/Autre/Unreal/Skip_CRJV2122_PS4/Modif_Flo/Saved/Config/Windows/Engine.ini]
[2022.04.09-00.56.18:628][  0]LogConfig: Setting CVar [[gc.MaxObjectsNotConsideredByGC:1]]
[2022.04.09-00.56.18:628][  0]LogConfig: Setting CVar [[gc.SizeOfPermanentObjectPool:0]]
[2022.04.09-00.56.18:628][  0]LogConfig: Setting CVar [[gc.FlushStreamingOnGC:0]]
[2022.04.09-00.56.18:628][  0]LogConfig: Setting CVar [[gc.NumRetriesBeforeForcingGC:10]]
[2022.04.09-00.56.18:628][  0]LogConfig: Setting CVar [[gc.AllowParallelGC:1]]
[2022.04.09-00.56.18:628][  0]LogConfig: Setting CVar [[gc.TimeBetweenPurgingPendingKillObjects:61.1]]
[2022.04.09-00.56.18:628][  0]LogConfig: Setting CVar [[gc.MaxObjectsInEditor:25165824]]
[2022.04.09-00.56.18:628][  0]LogConfig: Setting CVar [[gc.IncrementalBeginDestroyEnabled:1]]
[2022.04.09-00.56.18:628][  0]LogConfig: Setting CVar [[gc.CreateGCClusters:1]]
[2022.04.09-00.56.18:628][  0]LogConfig: Setting CVar [[gc.MinGCClusterSize:5]]
[2022.04.09-00.56.18:628][  0]LogConfig: Setting CVar [[gc.ActorClusteringEnabled:0]]
[2022.04.09-00.56.18:628][  0]LogConfig: Setting CVar [[gc.BlueprintClusteringEnabled:0]]
[2022.04.09-00.56.18:628][  0]LogConfig: Setting CVar [[gc.UseDisregardForGCOnDedicatedServers:0]]
[2022.04.09-00.56.18:628][  0]LogConfig: Setting CVar [[gc.MultithreadedDestructionEnabled:1]]
[2022.04.09-00.56.18:628][  0]LogConfig: Applying CVar settings from Section [/Script/Engine.NetworkSettings] File [C:/Autre/Unreal/Skip_CRJV2122_PS4/Modif_Flo/Saved/Config/Windows/Engine.ini]
[2022.04.09-00.56.18:628][  0]LogConfig: Applying CVar settings from Section [/Script/UnrealEd.CookerSettings] File [C:/Autre/Unreal/Skip_CRJV2122_PS4/Modif_Flo/Saved/Config/Windows/Engine.ini]
[2022.04.09-00.56.18:675][  0]LogConfig: Applying CVar settings from Section [ViewDistanceQuality@3] File [C:/Autre/Unreal/Skip_CRJV2122_PS4/Modif_Flo/Saved/Config/Windows/Scalability.ini]
[2022.04.09-00.56.18:675][  0]LogConfig: Setting CVar [[r.SkeletalMeshLODBias:0]]
[2022.04.09-00.56.18:675][  0]LogConfig: Setting CVar [[r.ViewDistanceScale:1.0]]
[2022.04.09-00.56.18:675][  0]LogConfig: Applying CVar settings from Section [AntiAliasingQuality@3] File [C:/Autre/Unreal/Skip_CRJV2122_PS4/Modif_Flo/Saved/Config/Windows/Scalability.ini]
[2022.04.09-00.56.18:675][  0]LogConfig: Setting CVar [[r.PostProcessAAQuality:4]]
[2022.04.09-00.56.18:675][  0]LogConfig: Applying CVar settings from Section [ShadowQuality@3] File [C:/Autre/Unreal/Skip_CRJV2122_PS4/Modif_Flo/Saved/Config/Windows/Scalability.ini]
[2022.04.09-00.56.18:675][  0]LogConfig: Setting CVar [[r.LightFunctionQuality:1]]
[2022.04.09-00.56.18:675][  0]LogConfig: Setting CVar [[r.ShadowQuality:5]]
[2022.04.09-00.56.18:675][  0]LogConfig: Setting CVar [[r.Shadow.CSM.MaxCascades:10]]
[2022.04.09-00.56.18:675][  0]LogConfig: Setting CVar [[r.Shadow.MaxResolution:2048]]
[2022.04.09-00.56.18:675][  0]LogConfig: Setting CVar [[r.Shadow.MaxCSMResolution:2048]]
[2022.04.09-00.56.18:675][  0]LogConfig: Setting CVar [[r.Shadow.RadiusThreshold:0.01]]
[2022.04.09-00.56.18:675][  0]LogConfig: Setting CVar [[r.Shadow.DistanceScale:1.0]]
[2022.04.09-00.56.18:675][  0]LogConfig: Setting CVar [[r.Shadow.CSM.TransitionScale:1.0]]
[2022.04.09-00.56.18:675][  0]LogConfig: Setting CVar [[r.Shadow.PreShadowResolutionFactor:1.0]]
[2022.04.09-00.56.18:675][  0]LogConfig: Setting CVar [[r.DistanceFieldShadowing:1]]
[2022.04.09-00.56.18:675][  0]LogConfig: Setting CVar [[r.DistanceFieldAO:1]]
[2022.04.09-00.56.18:675][  0]LogConfig: Setting CVar [[r.AOQuality:2]]
[2022.04.09-00.56.18:675][  0]LogConfig: Setting CVar [[r.VolumetricFog:1]]
[2022.04.09-00.56.18:675][  0]LogConfig: Setting CVar [[r.VolumetricFog.GridPixelSize:8]]
[2022.04.09-00.56.18:675][  0]LogConfig: Setting CVar [[r.VolumetricFog.GridSizeZ:128]]
[2022.04.09-00.56.18:675][  0]LogConfig: Setting CVar [[r.VolumetricFog.HistoryMissSupersampleCount:4]]
[2022.04.09-00.56.18:675][  0]LogConfig: Setting CVar [[r.LightMaxDrawDistanceScale:1]]
[2022.04.09-00.56.18:675][  0]LogConfig: Setting CVar [[r.CapsuleShadows:1]]
[2022.04.09-00.56.18:675][  0]LogConfig: Applying CVar settings from Section [PostProcessQuality@3] File [C:/Autre/Unreal/Skip_CRJV2122_PS4/Modif_Flo/Saved/Config/Windows/Scalability.ini]
[2022.04.09-00.56.18:675][  0]LogConfig: Setting CVar [[r.MotionBlurQuality:4]]
[2022.04.09-00.56.18:675][  0]LogConfig: Setting CVar [[r.AmbientOcclusionMipLevelFactor:0.4]]
[2022.04.09-00.56.18:675][  0]LogConfig: Setting CVar [[r.AmbientOcclusionMaxQuality:100]]
[2022.04.09-00.56.18:675][  0]LogConfig: Setting CVar [[r.AmbientOcclusionLevels:-1]]
[2022.04.09-00.56.18:675][  0]LogConfig: Setting CVar [[r.AmbientOcclusionRadiusScale:1.0]]
[2022.04.09-00.56.18:675][  0]LogConfig: Setting CVar [[r.DepthOfFieldQuality:2]]
[2022.04.09-00.56.18:675][  0]LogConfig: Setting CVar [[r.RenderTargetPoolMin:400]]
[2022.04.09-00.56.18:675][  0]LogConfig: Setting CVar [[r.LensFlareQuality:2]]
[2022.04.09-00.56.18:675][  0]LogConfig: Setting CVar [[r.SceneColorFringeQuality:1]]
[2022.04.09-00.56.18:675][  0]LogConfig: Setting CVar [[r.EyeAdaptationQuality:2]]
[2022.04.09-00.56.18:675][  0]LogConfig: Setting CVar [[r.BloomQuality:5]]
[2022.04.09-00.56.18:675][  0]LogConfig: Setting CVar [[r.FastBlurThreshold:100]]
[2022.04.09-00.56.18:675][  0]LogConfig: Setting CVar [[r.Upscale.Quality:3]]
[2022.04.09-00.56.18:675][  0]LogConfig: Setting CVar [[r.Tonemapper.GrainQuantization:1]]
[2022.04.09-00.56.18:675][  0]LogConfig: Setting CVar [[r.LightShaftQuality:1]]
[2022.04.09-00.56.18:675][  0]LogConfig: Setting CVar [[r.Filter.SizeScale:1]]
[2022.04.09-00.56.18:675][  0]LogConfig: Setting CVar [[r.Tonemapper.Quality:5]]
[2022.04.09-00.56.18:675][  0]LogConfig: Setting CVar [[r.DOF.Gather.AccumulatorQuality:1        ; higher gathering accumulator quality]]
[2022.04.09-00.56.18:675][  0]LogConfig: Setting CVar [[r.DOF.Gather.PostfilterMethod:1          ; Median3x3 postfilering method]]
[2022.04.09-00.56.18:675][  0]LogConfig: Setting CVar [[r.DOF.Gather.EnableBokehSettings:0       ; no bokeh simulation when gathering]]
[2022.04.09-00.56.18:675][  0]LogConfig: Setting CVar [[r.DOF.Gather.RingCount:4                 ; medium number of samples when gathering]]
[2022.04.09-00.56.18:675][  0]LogConfig: Setting CVar [[r.DOF.Scatter.ForegroundCompositing:1    ; additive foreground scattering]]
[2022.04.09-00.56.18:675][  0]LogConfig: Setting CVar [[r.DOF.Scatter.BackgroundCompositing:2    ; additive background scattering]]
[2022.04.09-00.56.18:675][  0]LogConfig: Setting CVar [[r.DOF.Scatter.EnableBokehSettings:1      ; bokeh simulation when scattering]]
[2022.04.09-00.56.18:675][  0]LogConfig: Setting CVar [[r.DOF.Scatter.MaxSpriteRatio:0.1         ; only a maximum of 10% of scattered bokeh]]
[2022.04.09-00.56.18:675][  0]LogConfig: Setting CVar [[r.DOF.Recombine.Quality:1                ; cheap slight out of focus]]
[2022.04.09-00.56.18:675][  0]LogConfig: Setting CVar [[r.DOF.Recombine.EnableBokehSettings:0    ; no bokeh simulation on slight out of focus]]
[2022.04.09-00.56.18:675][  0]LogConfig: Setting CVar [[r.DOF.TemporalAAQuality:1                ; more stable temporal accumulation]]
[2022.04.09-00.56.18:675][  0]LogConfig: Setting CVar [[r.DOF.Kernel.MaxForegroundRadius:0.025]]
[2022.04.09-00.56.18:675][  0]LogConfig: Setting CVar [[r.DOF.Kernel.MaxBackgroundRadius:0.025]]
[2022.04.09-00.56.18:675][  0]LogConfig: Applying CVar settings from Section [TextureQuality@3] File [C:/Autre/Unreal/Skip_CRJV2122_PS4/Modif_Flo/Saved/Config/Windows/Scalability.ini]
[2022.04.09-00.56.18:675][  0]LogConfig: Setting CVar [[r.Streaming.MipBias:0]]
[2022.04.09-00.56.18:675][  0]LogConfig: Setting CVar [[r.Streaming.AmortizeCPUToGPUCopy:0]]
[2022.04.09-00.56.18:675][  0]LogConfig: Setting CVar [[r.Streaming.MaxNumTexturesToStreamPerFrame:0]]
[2022.04.09-00.56.18:675][  0]LogConfig: Setting CVar [[r.Streaming.Boost:1]]
[2022.04.09-00.56.18:675][  0]LogConfig: Setting CVar [[r.MaxAnisotropy:8]]
[2022.04.09-00.56.18:675][  0]LogConfig: Setting CVar [[r.VT.MaxAnisotropy:8]]
[2022.04.09-00.56.18:675][  0]LogConfig: Setting CVar [[r.Streaming.LimitPoolSizeToVRAM:0]]
[2022.04.09-00.56.18:675][  0]LogConfig: Setting CVar [[r.Streaming.PoolSize:1000]]
[2022.04.09-00.56.18:675][  0]LogConfig: Setting CVar [[r.Streaming.MaxEffectiveScreenSize:0]]
[2022.04.09-00.56.18:675][  0]LogConfig: Applying CVar settings from Section [EffectsQuality@3] File [C:/Autre/Unreal/Skip_CRJV2122_PS4/Modif_Flo/Saved/Config/Windows/Scalability.ini]
[2022.04.09-00.56.18:675][  0]LogConfig: Setting CVar [[r.TranslucencyLightingVolumeDim:64]]
[2022.04.09-00.56.18:675][  0]LogConfig: Setting CVar [[r.RefractionQuality:2]]
[2022.04.09-00.56.18:675][  0]LogConfig: Setting CVar [[r.SSR.Quality:3]]
[2022.04.09-00.56.18:675][  0]LogConfig: Setting CVar [[r.SSR.HalfResSceneColor:0]]
[2022.04.09-00.56.18:675][  0]LogConfig: Setting CVar [[r.SceneColorFormat:4]]
[2022.04.09-00.56.18:675][  0]LogConfig: Setting CVar [[r.DetailMode:2]]
[2022.04.09-00.56.18:675][  0]LogConfig: Setting CVar [[r.TranslucencyVolumeBlur:1]]
[2022.04.09-00.56.18:675][  0]LogConfig: Setting CVar [[r.MaterialQualityLevel:1 ; High quality]]
[2022.04.09-00.56.18:675][  0]LogConfig: Setting CVar [[r.AnisotropicMaterials:1]]
[2022.04.09-00.56.18:675][  0]LogConfig: Setting CVar [[r.SSS.Scale:1]]
[2022.04.09-00.56.18:675][  0]LogConfig: Setting CVar [[r.SSS.SampleSet:2]]
[2022.04.09-00.56.18:675][  0]LogConfig: Setting CVar [[r.SSS.Quality:1]]
[2022.04.09-00.56.18:675][  0]LogConfig: Setting CVar [[r.SSS.HalfRes:0]]
[2022.04.09-00.56.18:675][  0]LogConfig: Setting CVar [[r.SSGI.Quality:3]]
[2022.04.09-00.56.18:675][  0]LogConfig: Setting CVar [[r.EmitterSpawnRateScale:1.0]]
[2022.04.09-00.56.18:675][  0]LogConfig: Setting CVar [[r.ParticleLightQuality:2]]
[2022.04.09-00.56.18:675][  0]LogConfig: Setting CVar [[r.SkyAtmosphere.AerialPerspectiveLUT.FastApplyOnOpaque:1 ; Always have FastSkyLUT 1 in this case to avoid wrong sky]]
[2022.04.09-00.56.18:675][  0]LogConfig: Setting CVar [[r.SkyAtmosphere.AerialPerspectiveLUT.SampleCountMaxPerSlice:4]]
[2022.04.09-00.56.18:675][  0]LogConfig: Setting CVar [[r.SkyAtmosphere.AerialPerspectiveLUT.DepthResolution:16.0]]
[2022.04.09-00.56.18:675][  0]LogConfig: Setting CVar [[r.SkyAtmosphere.FastSkyLUT:1]]
[2022.04.09-00.56.18:675][  0]LogConfig: Setting CVar [[r.SkyAtmosphere.FastSkyLUT.SampleCountMin:4.0]]
[2022.04.09-00.56.18:675][  0]LogConfig: Setting CVar [[r.SkyAtmosphere.FastSkyLUT.SampleCountMax:128.0]]
[2022.04.09-00.56.18:675][  0]LogConfig: Setting CVar [[r.SkyAtmosphere.SampleCountMin:4.0]]
[2022.04.09-00.56.18:675][  0]LogConfig: Setting CVar [[r.SkyAtmosphere.SampleCountMax:128.0]]
[2022.04.09-00.56.18:675][  0]LogConfig: Setting CVar [[r.SkyAtmosphere.TransmittanceLUT.UseSmallFormat:0]]
[2022.04.09-00.56.18:675][  0]LogConfig: Setting CVar [[r.SkyAtmosphere.TransmittanceLUT.SampleCount:10.0]]
[2022.04.09-00.56.18:675][  0]LogConfig: Setting CVar [[r.SkyAtmosphere.MultiScatteringLUT.SampleCount:15.0]]
[2022.04.09-00.56.18:675][  0]LogConfig: Setting CVar [[r.SkyLight.RealTimeReflectionCapture:1]]
[2022.04.09-00.56.18:675][  0]LogConfig: Applying CVar settings from Section [FoliageQuality@3] File [C:/Autre/Unreal/Skip_CRJV2122_PS4/Modif_Flo/Saved/Config/Windows/Scalability.ini]
[2022.04.09-00.56.18:676][  0]LogConfig: Setting CVar [[foliage.DensityScale:1.0]]
[2022.04.09-00.56.18:676][  0]LogConfig: Setting CVar [[grass.DensityScale:1.0]]
[2022.04.09-00.56.18:676][  0]LogConfig: Applying CVar settings from Section [ShadingQuality@3] File [C:/Autre/Unreal/Skip_CRJV2122_PS4/Modif_Flo/Saved/Config/Windows/Scalability.ini]
[2022.04.09-00.56.18:676][  0]LogConfig: Setting CVar [[r.HairStrands.SkyLighting.IntegrationType:2]]
[2022.04.09-00.56.18:676][  0]LogConfig: Setting CVar [[r.HairStrands.SkyAO.SampleCount:4]]
[2022.04.09-00.56.18:676][  0]LogConfig: Setting CVar [[r.HairStrands.Visibility.MSAA.SamplePerPixel:4]]
[2022.04.09-00.56.18:676][  0]LogInit: Selected Device Profile: [Windows]
[2022.04.09-00.56.18:676][  0]LogInit: Applying CVar settings loaded from the selected device profile: [Windows]
[2022.04.09-00.56.18:676][  0]LogHAL: Display: Platform has ~ 16 GB [17094283264 / 17179869184 / 16], which maps to Larger [LargestMinGB=32, LargerMinGB=12, DefaultMinGB=8, SmallerMinGB=6, SmallestMinGB=0)
[2022.04.09-00.56.18:676][  0]LogInit: Going up to parent DeviceProfile []
[2022.04.09-00.56.18:676][  0]LogConfig: Applying CVar settings from Section [ViewDistanceQuality@3] File [C:/Autre/Unreal/Skip_CRJV2122_PS4/Modif_Flo/Saved/Config/Windows/Scalability.ini]
[2022.04.09-00.56.18:676][  0]LogConfig: Setting CVar [[r.SkeletalMeshLODBias:0]]
[2022.04.09-00.56.18:676][  0]LogConfig: Setting CVar [[r.ViewDistanceScale:1.0]]
[2022.04.09-00.56.18:676][  0]LogConfig: Applying CVar settings from Section [AntiAliasingQuality@3] File [C:/Autre/Unreal/Skip_CRJV2122_PS4/Modif_Flo/Saved/Config/Windows/Scalability.ini]
[2022.04.09-00.56.18:676][  0]LogConfig: Setting CVar [[r.PostProcessAAQuality:4]]
[2022.04.09-00.56.18:676][  0]LogConfig: Applying CVar settings from Section [ShadowQuality@3] File [C:/Autre/Unreal/Skip_CRJV2122_PS4/Modif_Flo/Saved/Config/Windows/Scalability.ini]
[2022.04.09-00.56.18:676][  0]LogConfig: Setting CVar [[r.LightFunctionQuality:1]]
[2022.04.09-00.56.18:676][  0]LogConfig: Setting CVar [[r.ShadowQuality:5]]
[2022.04.09-00.56.18:676][  0]LogConfig: Setting CVar [[r.Shadow.CSM.MaxCascades:10]]
[2022.04.09-00.56.18:676][  0]LogConfig: Setting CVar [[r.Shadow.MaxResolution:2048]]
[2022.04.09-00.56.18:676][  0]LogConfig: Setting CVar [[r.Shadow.MaxCSMResolution:2048]]
[2022.04.09-00.56.18:676][  0]LogConfig: Setting CVar [[r.Shadow.RadiusThreshold:0.01]]
[2022.04.09-00.56.18:676][  0]LogConfig: Setting CVar [[r.Shadow.DistanceScale:1.0]]
[2022.04.09-00.56.18:676][  0]LogConfig: Setting CVar [[r.Shadow.CSM.TransitionScale:1.0]]
[2022.04.09-00.56.18:676][  0]LogConfig: Setting CVar [[r.Shadow.PreShadowResolutionFactor:1.0]]
[2022.04.09-00.56.18:676][  0]LogConfig: Setting CVar [[r.DistanceFieldShadowing:1]]
[2022.04.09-00.56.18:676][  0]LogConfig: Setting CVar [[r.DistanceFieldAO:1]]
[2022.04.09-00.56.18:676][  0]LogConfig: Setting CVar [[r.AOQuality:2]]
[2022.04.09-00.56.18:676][  0]LogConfig: Setting CVar [[r.VolumetricFog:1]]
[2022.04.09-00.56.18:676][  0]LogConfig: Setting CVar [[r.VolumetricFog.GridPixelSize:8]]
[2022.04.09-00.56.18:676][  0]LogConfig: Setting CVar [[r.VolumetricFog.GridSizeZ:128]]
[2022.04.09-00.56.18:676][  0]LogConfig: Setting CVar [[r.VolumetricFog.HistoryMissSupersampleCount:4]]
[2022.04.09-00.56.18:676][  0]LogConfig: Setting CVar [[r.LightMaxDrawDistanceScale:1]]
[2022.04.09-00.56.18:676][  0]LogConfig: Setting CVar [[r.CapsuleShadows:1]]
[2022.04.09-00.56.18:676][  0]LogConfig: Applying CVar settings from Section [PostProcessQuality@3] File [C:/Autre/Unreal/Skip_CRJV2122_PS4/Modif_Flo/Saved/Config/Windows/Scalability.ini]
[2022.04.09-00.56.18:676][  0]LogConfig: Setting CVar [[r.MotionBlurQuality:4]]
[2022.04.09-00.56.18:676][  0]LogConfig: Setting CVar [[r.AmbientOcclusionMipLevelFactor:0.4]]
[2022.04.09-00.56.18:676][  0]LogConfig: Setting CVar [[r.AmbientOcclusionMaxQuality:100]]
[2022.04.09-00.56.18:676][  0]LogConfig: Setting CVar [[r.AmbientOcclusionLevels:-1]]
[2022.04.09-00.56.18:676][  0]LogConfig: Setting CVar [[r.AmbientOcclusionRadiusScale:1.0]]
[2022.04.09-00.56.18:676][  0]LogConfig: Setting CVar [[r.DepthOfFieldQuality:2]]
[2022.04.09-00.56.18:676][  0]LogConfig: Setting CVar [[r.RenderTargetPoolMin:400]]
[2022.04.09-00.56.18:676][  0]LogConfig: Setting CVar [[r.LensFlareQuality:2]]
[2022.04.09-00.56.18:676][  0]LogConfig: Setting CVar [[r.SceneColorFringeQuality:1]]
[2022.04.09-00.56.18:676][  0]LogConfig: Setting CVar [[r.EyeAdaptationQuality:2]]
[2022.04.09-00.56.18:676][  0]LogConfig: Setting CVar [[r.BloomQuality:5]]
[2022.04.09-00.56.18:676][  0]LogConfig: Setting CVar [[r.FastBlurThreshold:100]]
[2022.04.09-00.56.18:676][  0]LogConfig: Setting CVar [[r.Upscale.Quality:3]]
[2022.04.09-00.56.18:676][  0]LogConfig: Setting CVar [[r.Tonemapper.GrainQuantization:1]]
[2022.04.09-00.56.18:676][  0]LogConfig: Setting CVar [[r.LightShaftQuality:1]]
[2022.04.09-00.56.18:676][  0]LogConfig: Setting CVar [[r.Filter.SizeScale:1]]
[2022.04.09-00.56.18:676][  0]LogConfig: Setting CVar [[r.Tonemapper.Quality:5]]
[2022.04.09-00.56.18:676][  0]LogConfig: Setting CVar [[r.DOF.Gather.AccumulatorQuality:1        ; higher gathering accumulator quality]]
[2022.04.09-00.56.18:676][  0]LogConfig: Setting CVar [[r.DOF.Gather.PostfilterMethod:1          ; Median3x3 postfilering method]]
[2022.04.09-00.56.18:676][  0]LogConfig: Setting CVar [[r.DOF.Gather.EnableBokehSettings:0       ; no bokeh simulation when gathering]]
[2022.04.09-00.56.18:676][  0]LogConfig: Setting CVar [[r.DOF.Gather.RingCount:4                 ; medium number of samples when gathering]]
[2022.04.09-00.56.18:676][  0]LogConfig: Setting CVar [[r.DOF.Scatter.ForegroundCompositing:1    ; additive foreground scattering]]
[2022.04.09-00.56.18:676][  0]LogConfig: Setting CVar [[r.DOF.Scatter.BackgroundCompositing:2    ; additive background scattering]]
[2022.04.09-00.56.18:676][  0]LogConfig: Setting CVar [[r.DOF.Scatter.EnableBokehSettings:1      ; bokeh simulation when scattering]]
[2022.04.09-00.56.18:676][  0]LogConfig: Setting CVar [[r.DOF.Scatter.MaxSpriteRatio:0.1         ; only a maximum of 10% of scattered bokeh]]
[2022.04.09-00.56.18:676][  0]LogConfig: Setting CVar [[r.DOF.Recombine.Quality:1                ; cheap slight out of focus]]
[2022.04.09-00.56.18:676][  0]LogConfig: Setting CVar [[r.DOF.Recombine.EnableBokehSettings:0    ; no bokeh simulation on slight out of focus]]
[2022.04.09-00.56.18:676][  0]LogConfig: Setting CVar [[r.DOF.TemporalAAQuality:1                ; more stable temporal accumulation]]
[2022.04.09-00.56.18:676][  0]LogConfig: Setting CVar [[r.DOF.Kernel.MaxForegroundRadius:0.025]]
[2022.04.09-00.56.18:676][  0]LogConfig: Setting CVar [[r.DOF.Kernel.MaxBackgroundRadius:0.025]]
[2022.04.09-00.56.18:676][  0]LogConfig: Applying CVar settings from Section [TextureQuality@3] File [C:/Autre/Unreal/Skip_CRJV2122_PS4/Modif_Flo/Saved/Config/Windows/Scalability.ini]
[2022.04.09-00.56.18:676][  0]LogConfig: Setting CVar [[r.Streaming.MipBias:0]]
[2022.04.09-00.56.18:676][  0]LogConfig: Setting CVar [[r.Streaming.AmortizeCPUToGPUCopy:0]]
[2022.04.09-00.56.18:676][  0]LogConfig: Setting CVar [[r.Streaming.MaxNumTexturesToStreamPerFrame:0]]
[2022.04.09-00.56.18:676][  0]LogConfig: Setting CVar [[r.Streaming.Boost:1]]
[2022.04.09-00.56.18:676][  0]LogConfig: Setting CVar [[r.MaxAnisotropy:8]]
[2022.04.09-00.56.18:676][  0]LogConfig: Setting CVar [[r.VT.MaxAnisotropy:8]]
[2022.04.09-00.56.18:676][  0]LogConfig: Setting CVar [[r.Streaming.LimitPoolSizeToVRAM:0]]
[2022.04.09-00.56.18:676][  0]LogConfig: Setting CVar [[r.Streaming.PoolSize:1000]]
[2022.04.09-00.56.18:676][  0]LogConfig: Setting CVar [[r.Streaming.MaxEffectiveScreenSize:0]]
[2022.04.09-00.56.18:676][  0]LogConfig: Applying CVar settings from Section [EffectsQuality@3] File [C:/Autre/Unreal/Skip_CRJV2122_PS4/Modif_Flo/Saved/Config/Windows/Scalability.ini]
[2022.04.09-00.56.18:676][  0]LogConfig: Setting CVar [[r.TranslucencyLightingVolumeDim:64]]
[2022.04.09-00.56.18:676][  0]LogConfig: Setting CVar [[r.RefractionQuality:2]]
[2022.04.09-00.56.18:676][  0]LogConfig: Setting CVar [[r.SSR.Quality:3]]
[2022.04.09-00.56.18:676][  0]LogConfig: Setting CVar [[r.SSR.HalfResSceneColor:0]]
[2022.04.09-00.56.18:676][  0]LogConfig: Setting CVar [[r.SceneColorFormat:4]]
[2022.04.09-00.56.18:676][  0]LogConfig: Setting CVar [[r.DetailMode:2]]
[2022.04.09-00.56.18:676][  0]LogConfig: Setting CVar [[r.TranslucencyVolumeBlur:1]]
[2022.04.09-00.56.18:676][  0]LogConfig: Setting CVar [[r.MaterialQualityLevel:1 ; High quality]]
[2022.04.09-00.56.18:676][  0]LogConfig: Setting CVar [[r.AnisotropicMaterials:1]]
[2022.04.09-00.56.18:676][  0]LogConfig: Setting CVar [[r.SSS.Scale:1]]
[2022.04.09-00.56.18:676][  0]LogConfig: Setting CVar [[r.SSS.SampleSet:2]]
[2022.04.09-00.56.18:676][  0]LogConfig: Setting CVar [[r.SSS.Quality:1]]
[2022.04.09-00.56.18:676][  0]LogConfig: Setting CVar [[r.SSS.HalfRes:0]]
[2022.04.09-00.56.18:676][  0]LogConfig: Setting CVar [[r.SSGI.Quality:3]]
[2022.04.09-00.56.18:676][  0]LogConfig: Setting CVar [[r.EmitterSpawnRateScale:1.0]]
[2022.04.09-00.56.18:676][  0]LogConfig: Setting CVar [[r.ParticleLightQuality:2]]
[2022.04.09-00.56.18:676][  0]LogConfig: Setting CVar [[r.SkyAtmosphere.AerialPerspectiveLUT.FastApplyOnOpaque:1 ; Always have FastSkyLUT 1 in this case to avoid wrong sky]]
[2022.04.09-00.56.18:676][  0]LogConfig: Setting CVar [[r.SkyAtmosphere.AerialPerspectiveLUT.SampleCountMaxPerSlice:4]]
[2022.04.09-00.56.18:676][  0]LogConfig: Setting CVar [[r.SkyAtmosphere.AerialPerspectiveLUT.DepthResolution:16.0]]
[2022.04.09-00.56.18:676][  0]LogConfig: Setting CVar [[r.SkyAtmosphere.FastSkyLUT:1]]
[2022.04.09-00.56.18:676][  0]LogConfig: Setting CVar [[r.SkyAtmosphere.FastSkyLUT.SampleCountMin:4.0]]
[2022.04.09-00.56.18:676][  0]LogConfig: Setting CVar [[r.SkyAtmosphere.FastSkyLUT.SampleCountMax:128.0]]
[2022.04.09-00.56.18:676][  0]LogConfig: Setting CVar [[r.SkyAtmosphere.SampleCountMin:4.0]]
[2022.04.09-00.56.18:676][  0]LogConfig: Setting CVar [[r.SkyAtmosphere.SampleCountMax:128.0]]
[2022.04.09-00.56.18:676][  0]LogConfig: Setting CVar [[r.SkyAtmosphere.TransmittanceLUT.UseSmallFormat:0]]
[2022.04.09-00.56.18:676][  0]LogConfig: Setting CVar [[r.SkyAtmosphere.TransmittanceLUT.SampleCount:10.0]]
[2022.04.09-00.56.18:676][  0]LogConfig: Setting CVar [[r.SkyAtmosphere.MultiScatteringLUT.SampleCount:15.0]]
[2022.04.09-00.56.18:676][  0]LogConfig: Setting CVar [[r.SkyLight.RealTimeReflectionCapture:1]]
[2022.04.09-00.56.18:676][  0]LogConfig: Applying CVar settings from Section [FoliageQuality@3] File [C:/Autre/Unreal/Skip_CRJV2122_PS4/Modif_Flo/Saved/Config/Windows/Scalability.ini]
[2022.04.09-00.56.18:676][  0]LogConfig: Setting CVar [[foliage.DensityScale:1.0]]
[2022.04.09-00.56.18:676][  0]LogConfig: Setting CVar [[grass.DensityScale:1.0]]
[2022.04.09-00.56.18:676][  0]LogConfig: Applying CVar settings from Section [ShadingQuality@3] File [C:/Autre/Unreal/Skip_CRJV2122_PS4/Modif_Flo/Saved/Config/Windows/Scalability.ini]
[2022.04.09-00.56.18:676][  0]LogConfig: Setting CVar [[r.HairStrands.SkyLighting.IntegrationType:2]]
[2022.04.09-00.56.18:677][  0]LogConfig: Setting CVar [[r.HairStrands.SkyAO.SampleCount:4]]
[2022.04.09-00.56.18:677][  0]LogConfig: Setting CVar [[r.HairStrands.Visibility.MSAA.SamplePerPixel:4]]
[2022.04.09-00.56.18:677][  0]LogConfig: Applying CVar settings from Section [Startup] File [../../../Engine/Config/ConsoleVariables.ini]
[2022.04.09-00.56.18:677][  0]LogConfig: Setting CVar [[net.UseAdaptiveNetUpdateFrequency:0]]
[2022.04.09-00.56.18:677][  0]LogConfig: Setting CVar [[p.chaos.AllowCreatePhysxBodies:1]]
[2022.04.09-00.56.18:677][  0]LogConfig: Setting CVar [[fx.SkipVectorVMBackendOptimizations:1]]
[2022.04.09-00.56.18:677][  0]LogConfig: Applying CVar settings from Section [ConsoleVariables] File [C:/Autre/Unreal/Skip_CRJV2122_PS4/Modif_Flo/Saved/Config/Windows/Engine.ini]
[2022.04.09-00.56.18:677][  0]LogConfig: Applying CVar settings from Section [ConsoleVariables] File [C:/Autre/Unreal/Skip_CRJV2122_PS4/Modif_Flo/Saved/Config/Windows/Editor.ini]
[2022.04.09-00.56.18:677][  0]LogInit: Computer: BRETON-PC
[2022.04.09-00.56.18:677][  0]LogInit: User: BRETOB
[2022.04.09-00.56.18:677][  0]LogInit: CPU Page size=4096, Cores=8
[2022.04.09-00.56.18:677][  0]LogInit: High frequency timer resolution =10.000000 MHz
[2022.04.09-00.56.18:677][  0]LogMemory: Memory total: Physical=15.9GB (16GB approx)
[2022.04.09-00.56.18:677][  0]LogMemory: Platform Memory Stats for Windows
[2022.04.09-00.56.18:677][  0]LogMemory: Process Physical Memory: 144.88 MB used, 144.88 MB peak
[2022.04.09-00.56.18:677][  0]LogMemory: Process Virtual Memory: 128.71 MB used, 128.71 MB peak
[2022.04.09-00.56.18:677][  0]LogMemory: Physical Memory: 5872.48 MB used,  10429.90 MB free, 16302.38 MB total
[2022.04.09-00.56.18:677][  0]LogMemory: Virtual Memory: 134200888.00 MB used,  16839.56 MB free, 134217728.00 MB total
[2022.04.09-00.56.18:682][  0]LogWindows: WindowsPlatformFeatures enabled
[2022.04.09-00.56.18:724][  0]LogInit: Physics initialised using underlying interface: PhysX
[2022.04.09-00.56.18:725][  0]LogInit: Using OS detected language (fr-FR).
[2022.04.09-00.56.18:725][  0]LogInit: Using OS detected locale (fr-FR).
[2022.04.09-00.56.18:729][  0]LogTextLocalizationManager: No specific localization for 'fr-FR' exists, so the 'fr' localization will be used.
[2022.04.09-00.56.18:729][  0]LogTextLocalizationResource: LocRes '../../../Engine/Content/Localization/Editor/fr/Editor.locres' could not be opened for reading!
[2022.04.09-00.56.18:729][  0]LogTextLocalizationResource: LocRes '../../../Engine/Content/Localization/EditorTutorials/fr/EditorTutorials.locres' could not be opened for reading!
[2022.04.09-00.56.18:729][  0]LogTextLocalizationResource: LocRes '../../../Engine/Content/Localization/Keywords/fr/Keywords.locres' could not be opened for reading!
[2022.04.09-00.56.18:729][  0]LogTextLocalizationResource: LocRes '../../../Engine/Content/Localization/Category/fr/Category.locres' could not be opened for reading!
[2022.04.09-00.56.18:729][  0]LogTextLocalizationResource: LocRes '../../../Engine/Content/Localization/ToolTips/fr/ToolTips.locres' could not be opened for reading!
[2022.04.09-00.56.18:729][  0]LogTextLocalizationResource: LocRes '../../../Engine/Content/Localization/PropertyNames/fr/PropertyNames.locres' could not be opened for reading!
[2022.04.09-00.56.18:730][  0]LogTextLocalizationResource: LocRes '../../../Engine/Content/Localization/Engine/fr/Engine.locres' could not be opened for reading!
[2022.04.09-00.56.18:730][  0]LogInit: Setting process to per monitor DPI aware
[2022.04.09-00.56.18:739][  0]LogWindowsTextInputMethodSystem: Display: IME system deactivated.
[2022.04.09-00.56.18:756][  0]LogSlate: New Slate User Created.  User Index 0, Is Virtual User: 0
[2022.04.09-00.56.18:756][  0]LogSlate: Slate User Registered.  User Index 0, Is Virtual User: 0
[2022.04.09-00.56.18:865][  0]LogD3D11RHI: Loaded GFSDK_Aftermath_Lib.x64.dll
[2022.04.09-00.56.18:868][  0]LogHMD: Failed to initialize OpenVR with code 110
[2022.04.09-00.56.18:869][  0]LogD3D11RHI: D3D11 min allowed feature level: 11_0
[2022.04.09-00.56.18:869][  0]LogD3D11RHI: D3D11 max allowed feature level: 11_0
[2022.04.09-00.56.18:869][  0]LogD3D11RHI: D3D11 adapters:
[2022.04.09-00.56.18:956][  0]LogD3D11RHI:    0. 'NVIDIA GeForce GTX 1660' (Feature Level 11_0)
[2022.04.09-00.56.18:957][  0]LogD3D11RHI:       5991/0/8151 MB DedicatedVideo/DedicatedSystem/SharedSystem, Outputs:2, VendorId:0x10de
[2022.04.09-00.56.18:959][  0]LogD3D11RHI:    1. 'Microsoft Basic Render Driver' (Feature Level 11_0)
[2022.04.09-00.56.18:959][  0]LogD3D11RHI:       0/0/8151 MB DedicatedVideo/DedicatedSystem/SharedSystem, Outputs:0, VendorId:0x1414
[2022.04.09-00.56.18:959][  0]LogD3D11RHI: Chosen D3D11 Adapter:
[2022.04.09-00.56.18:959][  0]LogD3D11RHI:     Description : NVIDIA GeForce GTX 1660
[2022.04.09-00.56.18:959][  0]LogD3D11RHI:     VendorId    : 10de
[2022.04.09-00.56.18:959][  0]LogD3D11RHI:     DeviceId    : 2184
[2022.04.09-00.56.18:959][  0]LogD3D11RHI:     SubSysId    : 86ce1043
[2022.04.09-00.56.18:959][  0]LogD3D11RHI:     Revision    : 00a1
[2022.04.09-00.56.18:959][  0]LogD3D11RHI:     DedicatedVideoMemory : 6282018816 bytes
[2022.04.09-00.56.18:959][  0]LogD3D11RHI:     DedicatedSystemMemory : 0 bytes
[2022.04.09-00.56.18:959][  0]LogD3D11RHI:     SharedSystemMemory : 8547141632 bytes
[2022.04.09-00.56.18:959][  0]LogD3D11RHI:     AdapterLuid : 0 45461
[2022.04.09-00.56.18:963][  0]LogD3D11RHI: Creating new Direct3DDevice
[2022.04.09-00.56.18:963][  0]LogD3D11RHI:     GPU DeviceId: 0x2184 (for the marketing name, search the web for "GPU Device Id")
[2022.04.09-00.56.18:963][  0]LogWindows: EnumDisplayDevices:
[2022.04.09-00.56.18:963][  0]LogWindows:    0. 'NVIDIA GeForce GTX 1660' (P:1 D:1)
[2022.04.09-00.56.18:964][  0]LogWindows:    1. 'NVIDIA GeForce GTX 1660' (P:0 D:1)
[2022.04.09-00.56.18:964][  0]LogWindows:    2. 'NVIDIA GeForce GTX 1660' (P:0 D:0)
[2022.04.09-00.56.18:964][  0]LogWindows:    3. 'NVIDIA GeForce GTX 1660' (P:0 D:0)
[2022.04.09-00.56.18:964][  0]LogWindows: DebugString: FoundDriverCount:4 
[2022.04.09-00.56.18:964][  0]LogD3D11RHI:     Adapter Name: NVIDIA GeForce GTX 1660
[2022.04.09-00.56.18:964][  0]LogD3D11RHI:   Driver Version: 497.29 (internal:30.0.14.9729, unified:497.29)
[2022.04.09-00.56.18:964][  0]LogD3D11RHI:      Driver Date: 12-15-2021
[2022.04.09-00.56.18:964][  0]LogRHI: Texture pool is 4193 MB (70% of 5991 MB)
[2022.04.09-00.56.18:964][  0]LogD3D11RHI: Creating D3DDevice using adapter:
[2022.04.09-00.56.18:964][  0]LogD3D11RHI:     Description : NVIDIA GeForce GTX 1660
[2022.04.09-00.56.18:964][  0]LogD3D11RHI:     VendorId    : 10de
[2022.04.09-00.56.18:964][  0]LogD3D11RHI:     DeviceId    : 2184
[2022.04.09-00.56.18:965][  0]LogD3D11RHI:     SubSysId    : 86ce1043
[2022.04.09-00.56.18:965][  0]LogD3D11RHI:     Revision    : 00a1
[2022.04.09-00.56.18:965][  0]LogD3D11RHI:     DedicatedVideoMemory : 6282018816 bytes
[2022.04.09-00.56.18:965][  0]LogD3D11RHI:     DedicatedSystemMemory : 0 bytes
[2022.04.09-00.56.18:965][  0]LogD3D11RHI:     SharedSystemMemory : 8547141632 bytes
[2022.04.09-00.56.18:965][  0]LogD3D11RHI:     AdapterLuid : 0 45461
[2022.04.09-00.56.19:013][  0]LogD3D11RHI: RHI has support for 64 bit atomics
[2022.04.09-00.56.19:013][  0]LogD3D11RHI: Async texture creation enabled
[2022.04.09-00.56.19:013][  0]LogD3D11RHI: Array index from any shader is supported
[2022.04.09-00.56.19:028][  0]LogD3D11RHI: GPU Timing Frequency: 1000.000000 (Debug: 2 1)
[2022.04.09-00.56.19:079][  0]LogRHI: GeForceNow SDK initialized: 1
[2022.04.09-00.56.19:429][  0]LogTargetPlatformManager: Display: Loaded TargetPlatform 'AllDesktop'
[2022.04.09-00.56.19:445][  0]LogTargetPlatformManager: Display: Loaded TargetPlatform 'Android'
[2022.04.09-00.56.19:445][  0]LogTargetPlatformManager: Display: Loaded TargetPlatform 'Android_ASTC'
[2022.04.09-00.56.19:445][  0]LogTargetPlatformManager: Display: Loaded TargetPlatform 'Android_DXT'
[2022.04.09-00.56.19:445][  0]LogTargetPlatformManager: Display: Loaded TargetPlatform 'Android_ETC2'
[2022.04.09-00.56.19:445][  0]LogTargetPlatformManager: Display: Loaded TargetPlatform 'AndroidClient'
[2022.04.09-00.56.19:445][  0]LogTargetPlatformManager: Display: Loaded TargetPlatform 'Android_ASTCClient'
[2022.04.09-00.56.19:445][  0]LogTargetPlatformManager: Display: Loaded TargetPlatform 'Android_DXTClient'
[2022.04.09-00.56.19:445][  0]LogTargetPlatformManager: Display: Loaded TargetPlatform 'Android_ETC2Client'
[2022.04.09-00.56.19:445][  0]LogTargetPlatformManager: Display: Loaded TargetPlatform 'Android_Multi'
[2022.04.09-00.56.19:445][  0]LogTargetPlatformManager: Display: Loaded TargetPlatform 'Android_MultiClient'
[2022.04.09-00.56.19:459][  0]LogTargetPlatformManager: Display: Loaded TargetPlatform 'IOSClient'
[2022.04.09-00.56.19:459][  0]LogTargetPlatformManager: Display: Loaded TargetPlatform 'IOS'
[2022.04.09-00.56.19:467][  0]LogTargetPlatformManager: Display: Loaded TargetPlatform 'Linux'
[2022.04.09-00.56.19:470][  0]LogTargetPlatformManager: Display: Loaded TargetPlatform 'LinuxNoEditor'
[2022.04.09-00.56.19:473][  0]LogTargetPlatformManager: Display: Loaded TargetPlatform 'LinuxClient'
[2022.04.09-00.56.19:477][  0]LogTargetPlatformManager: Display: Loaded TargetPlatform 'LinuxServer'
[2022.04.09-00.56.19:484][  0]LogTargetPlatformManager: Display: Loaded TargetPlatform 'LinuxAArch64NoEditor'
[2022.04.09-00.56.19:486][  0]LogTargetPlatformManager: Display: Loaded TargetPlatform 'LinuxAArch64Client'
[2022.04.09-00.56.19:489][  0]LogTargetPlatformManager: Display: Loaded TargetPlatform 'LinuxAArch64Server'
[2022.04.09-00.56.19:507][  0]LogTargetPlatformManager: Display: Loaded TargetPlatform 'Lumin'
[2022.04.09-00.56.19:507][  0]LogTargetPlatformManager: Display: Loaded TargetPlatform 'LuminClient'
[2022.04.09-00.56.19:513][  0]LogTargetPlatformManager: Display: Loaded TargetPlatform 'MacNoEditor'
[2022.04.09-00.56.19:517][  0]LogTargetPlatformManager: Display: Loaded TargetPlatform 'Mac'
[2022.04.09-00.56.19:520][  0]LogTargetPlatformManager: Display: Loaded TargetPlatform 'MacClient'
[2022.04.09-00.56.19:523][  0]LogTargetPlatformManager: Display: Loaded TargetPlatform 'MacServer'
[2022.04.09-00.56.19:530][  0]LogTargetPlatformManager: Display: Loaded TargetPlatform 'TVOSClient'
[2022.04.09-00.56.19:530][  0]LogTargetPlatformManager: Display: Loaded TargetPlatform 'TVOS'
[2022.04.09-00.56.19:537][  0]LogTargetPlatformManager: Display: Loaded TargetPlatform 'WindowsNoEditor'
[2022.04.09-00.56.19:541][  0]LogTargetPlatformManager: Display: Loaded TargetPlatform 'Windows'
[2022.04.09-00.56.19:544][  0]LogTargetPlatformManager: Display: Loaded TargetPlatform 'WindowsClient'
[2022.04.09-00.56.19:548][  0]LogTargetPlatformManager: Display: Loaded TargetPlatform 'WindowsServer'
[2022.04.09-00.56.19:548][  0]LogTargetPlatformManager: Display: Building Assets For Windows
[2022.04.09-00.56.19:554][  0]LogAudioDebug: Display: Lib vorbis DLL was dynamically loaded.
[2022.04.09-00.56.19:578][  0]LogTextureFormatOodle: Display: Oodle Texture 2.9.0 init RDO Off
[2022.04.09-00.56.19:601][  0]LogRendererCore: Ray tracing is disabled. Reason: r.RayTracing=0.
[2022.04.09-00.56.19:602][  0]LogShaderCompilers: Guid format shader working directory is 7 characters bigger than the processId version (../../../../Skip_CRJV2122_PS4/Modif_Flo/Intermediate/Shaders/WorkingDirectory/14048/).
[2022.04.09-00.56.19:602][  0]LogShaderCompilers: Cleaned the shader compiler working directory 'C:/Users/BRETOB/AppData/Local/Temp/UnrealShaderWorkingDir/B9FE915C45CF9589A1A958A4E67C0181/'.
[2022.04.09-00.56.19:602][  0]LogXGEController: Cannot use XGE Controller as Incredibuild is not installed on this machine.
[2022.04.09-00.56.19:602][  0]LogShaderCompilers: Cannot use XGE Shader Compiler as Incredibuild is not installed on this machine.
[2022.04.09-00.56.19:602][  0]LogShaderCompilers: Display: Using Local Shader Compiler.
[2022.04.09-00.56.20:192][  0]LogDerivedDataCache: Display: Max Cache Size: 512 MB
[2022.04.09-00.56.20:278][  0]LogDerivedDataCache: Loaded boot cache 0.09s 94MB C:/Users/BRETOB/AppData/Local/UnrealEngine/4.27/DerivedDataCache/Boot.ddc.
[2022.04.09-00.56.20:278][  0]LogDerivedDataCache: Display: Loaded Boot cache: C:/Users/BRETOB/AppData/Local/UnrealEngine/4.27/DerivedDataCache/Boot.ddc
[2022.04.09-00.56.20:278][  0]LogDerivedDataCache: FDerivedDataBackendGraph:  Pak pak cache file ../../../../Skip_CRJV2122_PS4/Modif_Flo/DerivedDataCache/DDC.ddp not found, will not use a pak cache.
[2022.04.09-00.56.20:278][  0]LogDerivedDataCache: Unable to find inner node Pak for hierarchical cache Hierarchy.
[2022.04.09-00.56.20:278][  0]LogDerivedDataCache: FDerivedDataBackendGraph:  CompressedPak pak cache file ../../../../Skip_CRJV2122_PS4/Modif_Flo/DerivedDataCache/Compressed.ddp not found, will not use a pak cache.
[2022.04.09-00.56.20:278][  0]LogDerivedDataCache: Unable to find inner node CompressedPak for hierarchical cache Hierarchy.
[2022.04.09-00.56.20:291][  0]LogDerivedDataCache: Display: Pak cache opened for reading ../../../Engine/DerivedDataCache/Compressed.ddp.
[2022.04.09-00.56.20:291][  0]LogDerivedDataCache: FDerivedDataBackendGraph:  EnterprisePak pak cache file ../../../Enterprise/DerivedDataCache/Compressed.ddp not found, will not use a pak cache.
[2022.04.09-00.56.20:291][  0]LogDerivedDataCache: Unable to find inner node EnterprisePak for hierarchical cache Hierarchy.
[2022.04.09-00.56.20:301][  0]LogDerivedDataCache: Speed tests for C:/Users/BRETOB/AppData/Local/UnrealEngine/Common/DerivedDataCache took 0.01 seconds
[2022.04.09-00.56.20:301][  0]LogDerivedDataCache: Display: Performance to C:/Users/BRETOB/AppData/Local/UnrealEngine/Common/DerivedDataCache: Latency=0.02ms. RandomReadSpeed=1824.71MBs, RandomWriteSpeed=107.51MBs. Assigned SpeedClass 'Local'
[2022.04.09-00.56.20:302][  0]LogDerivedDataCache: Using Local data cache path C:/Users/BRETOB/AppData/Local/UnrealEngine/Common/DerivedDataCache: Writable
[2022.04.09-00.56.20:302][  0]LogDerivedDataCache: Shared data cache path not found in *engine.ini, will not use an Shared cache.
[2022.04.09-00.56.20:302][  0]LogDerivedDataCache: Unable to find inner node Shared for hierarchical cache Hierarchy.
[2022.04.09-00.56.20:339][  0]LogSlate: Using FreeType 2.10.0
[2022.04.09-00.56.20:339][  0]LogSlate: SlateFontServices - WITH_FREETYPE: 1, WITH_HARFBUZZ: 1
[2022.04.09-00.56.20:356][  0]LogAssetRegistry: FAssetRegistry took 0.0019 seconds to start up
[2022.04.09-00.56.20:530][  0]LogAssetRegistry: Error: Package ../../../../Skip_CRJV2122_PS4/Modif_Flo/Content/Content/FirstPersonExampleMap.umap has malformed tag
[2022.04.09-00.56.20:530][  0]AssetRegistry: Warning: Cannot read AssetRegistry Data in ../../../../Skip_CRJV2122_PS4/Modif_Flo/Content/Content/FirstPersonExampleMap_Auto2.umap, skipping it. Error: EReadPackageDataMainErrorCode::InvalidObjectCount.
[2022.04.09-00.56.20:530][  0]AssetRegistry: Warning: Cannot read AssetRegistry Data in ../../../../Skip_CRJV2122_PS4/Modif_Flo/Content/Content/FirstPersonExampleMap_Auto2.umap, skipping it. Error: ReadAssetDataFromThumbnailCacheInvalidObjectCount.
[2022.04.09-00.56.20:530][  0]LogAssetRegistry: Error: Package ../../../../Skip_CRJV2122_PS4/Modif_Flo/Content/Project/Actors/BP_Commode.uasset has malformed tag
[2022.04.09-00.56.20:530][  0]LogAssetRegistry: Warning: Bad name index -513778664/866 when reading package ../../../../Skip_CRJV2122_PS4/Modif_Flo/Content/Content/FirstPersonExampleMap_Auto2.umap
[2022.04.09-00.56.20:530][  0]AssetRegistry: Warning: Cannot read AssetRegistry Data in ../../../../Skip_CRJV2122_PS4/Modif_Flo/Content/Content/FirstPersonExampleMap_Auto2.umap, skipping it. Error: SerializeSoftPackageReferenceListInvalidReference.
[2022.04.09-00.56.20:530][  0]LogInit: Selected Device Profile: [Windows]
[2022.04.09-00.56.20:530][  0]LogInit: Active device profile: [00000265E39E3300][00000265E060A780 49] Windows
[2022.04.09-00.56.20:530][  0]LogInit: Profiles: [00000265E39E3300][00000265E060A780 49] Windows, [00000265E3994F00][00000265E293A8C0 49] WindowsNoEditor, [00000265E39E0F00][00000265E2942A40 49] WindowsServer, [00000265E3996B00][00000265E2946BC0 49] WindowsClient, [00000265E39E2A00][00000265E294AD40 49] IOS, [00000265E3995800][00000265E29BEEC0 49] iPadAir, [00000265E39E1700][00000265E29C3040 49] iPadAir2, [00000265E372F900][00000265E2A15300 49] IPadPro, [00000265E372FA00][00000265E29D7340 49] iPadAir3, [00000265E39E2400][00000265E2A1D4C0 49] iPadAir4, [00000265E372D400][00000265D8D7D640 49] iPadMini2, [00000265E39E3900][00000265D8D857C0 49] iPadMini3, [00000265E372E500][00000265DA637940 49] iPadMini4, [00000265E39E0700][00000265DA63BAC0 49] iPadMini5, [00000265E3993200][00000265DA642200 49] iPhone6, [00000265E3993300][00000265DA63E240 49] iPodTouch6, [00000265E372C500][00000265DA64E500 49] iPhone7, [00000265E372C400][00000265DA646540 49] iPodTouch7, [00000265E3991300][00000265DA6566C0 49] iPhone5S, [00000265E372E000][00000265E293E800 49] iPhone6Plus, [00000265E3992600][00000265DA65E940 49] iPhone6S, [00000265E372CF00][00000265DA662A80 49] iPhone6SPlus, [00000265E3991B00][00000265DA66ABC0 49] iPhone7Plus, [00000265E372DE00][00000265E29A4D40 49] iPhoneSE, [00000265E3990C00][00000265E29B8EC0 49] iPhone8, [00000265E372E900][00000265DA921040 49] iPhone8Plus, [00000265E3992F00][00000265DA9251C0 49] iPhoneX, [00000265E372C900][00000265DA929340 49] iPhoneXS, [00000265E3993900][00000265E041F4C0 49] iPhoneXSMax, [00000265E372CE00][00000265DA92D640 49] iPhoneXR, [00000265E3992700][00000265E40A57C0 49] iPhone11, [00000265E372C100][00000265E40A9940 49] iPhone11Pro, [00000265E3990A00][00000265E40D9AC0 49] iPhone11ProMax, [00000265E372EA00][00000265E41720C0 49] iPhoneSE2, [00000265E3993500][00000265E41A6240 49] iPhone12Mini, [00000265E372DF00][00000265E41AA3C0 49] iPhone12, [00000265E3993400][00000265E41AE540 49] iPhone12Pro, [00000265E372D900][00000265E41EE6C0 49] iPhone12ProMax, [00000265E3992200][00000265E41F2840 49] iPadPro105, [00000265E372FC00][00000265E29A0980 49] iPadPro129, [00000265E3992500][00000265E3C08AC0 49] iPadPro97, [00000265E372D500][00000265E3C0CC00 49] iPadPro2_129, [00000265E3992D00][00000265E3C20D40 49] iPad5, [00000265E372DA00][00000265E3C6AEC0 49] iPad6, [00000265E3991C00][00000265E3C6F040 49] iPad7, [00000265E372E200][00000265E3CDB1C0 49] iPad8, [00000265E3993E00][00000265E3A83340 49] iPadPro11, [00000265E372DD00][00000265E3A934C0 49] iPadPro2_11, [00000265E3992000][00000265E3AA1640 49] iPadPro3_129, [00000265E372CA00][00000265E3AA57C0 49] iPadPro4_129, [00000265E3991700][00000265E3AA9940 49] AppleTV, [00000265E372D800][00000265E3AADAC0 49] AppleTV4K, [00000265E3993B00][00000265E3AB00C0 49] TVOS, [00000265E372D700][00000265E0394240 49] Mac, [00000265E3992400][00000265E03983C0 49] MacClient, [00000265E372C700][00000265E039C540 49] MacNoEditor, [00000265E3992B00][00000265E3ABA6C0 49] MacServer, [00000265E372FD00][00000265E3ABE840 49] Linux, [00000265E3993F00][00000265E3AD69C0 49] LinuxAArch64, [00000265E372C600][00000265E3B16B40 49] LinuxNoEditor, [00000265E3A28400][00000265E3C66C80 49] LinuxAArch64NoEditor, [00000265E3997000][00000265E3B1ADC0 49] LinuxClient, [00000265E3A2A400][00000265E03E0F00 49] LinuxAArch64Client, [00000265E3996800][00000265E03E9080 49] LinuxServer, [00000265E3A28900][00000265E03F1200 49] LinuxAArch64Server, [00000265E3994800][00000265E03F5380 49] Android, [00000265E3A29F00][00000265E03F9500 49] Android_Low, [00000265E3997F00][00000265E03FD680 49] Android_Mid, [00000265E3A29500][00000265D8D75800 49] Android_High, [00000265E3995D00][00000265D8D79980 49] Android_Default, [00000265E3A2A200][00000265E0401B00 49] Android_Adreno4xx, [00000265E3994C00][00000265E0404100 49] Android_Adreno5xx_Low, [00000265E3A29200][00000265E0408280 49] Android_Adreno5xx, [00000265E3997900][00000265E03EC400 49] Android_Adreno6xx, [00000265E3A28500][00000265E040C580 49] Android_Adreno6xx_Vulkan, [00000265E3994D00][00000265E0410700 49] Android_Mali_T6xx, [00000265E372EC00][00000265E0414880 49] Android_Mali_T7xx, [00000265E3991D00][00000265E0418A00 49] Android_Mali_T8xx, [00000265E372F300][00000265D8CFAB80 49] Android_Mali_G71, [00000265E3991100][00000265D8CFED00 49] Android_Mali_G72, [00000265E372E700][00000265E03E4E40 49] Android_Mali_G72_Vulkan, [00000265E3990400][00000265D8D02F80 49] Android_Mali_G76, [00000265E372E800][00000265D8D070C0 49] Android_Mali_G76_Vulkan, [00000265E3991500][00000265E4151240 49] Android_Mali_G77, [00000265E372ED00][00000265E41553C0 49] Android_Mali_G77_Vulkan, [00000265E3991F00][00000265E4159540 49] Android_Mali_G78, [00000265E372D600][00000265E3C196C0 49] Android_Mali_G78_Vulkan, [00000265E3A29700][00000265E3C15840 49] Android_Mali_G710, [00000265E372F000][00000265E3C119C0 49] Android_Mali_G710_Vulkan, [00000265E3A29D00][00000265E423BB40 49] Android_Vulkan_SM5, [00000265E372F500][00000265E422A140 49] Android_PowerVR_G6xxx, [00000265E3A29A00][00000265E421E2C0 49] Android_PowerVR_GT7xxx, [00000265E372E300][00000265DA666440 49] Android_PowerVR_GE8xxx, [00000265E3A2A700][00000265DA9085C0 49] Android_PowerVR_GM9xxx, [00000265E372FF00][00000265E415C740 49] Android_PowerVR_GM9xxx_Vulkan, [00000265E3A29400][00000265E41608C0 49] Android_TegraK1, [00000265E372DC00][00000265E4164A40 49] Android_Unknown_Vulkan, [00000265E3A28F00][00000265E4168BC0 49] Lumin, [00000265E372F400][00000265E416CD40 49] Lumin_Desktop, [00000265E3A28B00][00000265E3C2AEC0 49] HoloLens, 
[2022.04.09-00.56.20:632][  0]LogMeshReduction: Using QuadricMeshReduction for automatic static mesh reduction
[2022.04.09-00.56.20:632][  0]LogMeshReduction: Using SimplygonMeshReduction for automatic skeletal mesh reduction
[2022.04.09-00.56.20:632][  0]LogMeshReduction: Using ProxyLODMeshReduction for automatic mesh merging
[2022.04.09-00.56.20:632][  0]LogMeshReduction: No distributed automatic mesh merging module available
[2022.04.09-00.56.20:632][  0]LogMeshMerging: No distributed automatic mesh merging module available
[2022.04.09-00.56.20:645][  0]LogNetVersion: SkipUe4 1.0.0, NetCL: 17155196, EngineNetVer: 17, GameNetVer: 0 (Checksum: 257355023)
[2022.04.09-00.56.20:923][  0]LogTexture: Default maximum texture size for cubemaps generated from long-lat sources has been changed from 512 to unlimited. In order to preserve old behaiour for '/Engine/MapTemplates/Sky/DaylightAmbientCubemap.DaylightAmbientCubemap', its maximum texture size has been explicitly set to 512.
[2022.04.09-00.56.20:968][  0]LogHMD: PokeAHoleMaterial loaded successfully
[2022.04.09-00.56.20:973][  0]LogUObjectArray: 17178 objects as part of root set at end of initial load.
[2022.04.09-00.56.20:973][  0]LogUObjectAllocator: 4302048 out of 0 bytes used by permanent object pool.
[2022.04.09-00.56.20:973][  0]LogUObjectArray: CloseDisregardForGC: 0/0 objects in disregard for GC pool
[2022.04.09-00.56.21:164][  0]LogNiagaraDebuggerClient: Niagara Debugger Client Initialized | Session: 1DEF56864DBDF004F09D4DB0981CE1E6 | Instance: 9990175A4428B98EFD317AA915F22676 (BRETON-PC-14048).
[2022.04.09-00.56.21:190][  0]LogPython: Using Python 3.7.7
[2022.04.09-00.56.21:592][  0]LogTcpMessaging: Initializing TcpMessaging bridge
[2022.04.09-00.56.21:595][  0]LogUdpMessaging: Initializing bridge on interface 0.0.0.0:0 to multicast group 230.0.0.1:6666.
[2022.04.09-00.56.21:794][  0]SourceControl: Source control is disabled
[2022.04.09-00.56.21:794][  0]SourceControl: Source control is disabled
[2022.04.09-00.56.21:798][  0]SourceControl: Source control is disabled
[2022.04.09-00.56.21:805][  0]LogUProjectInfo: Found projects:
[2022.04.09-00.56.21:893][  0]SourceControl: Source control is disabled
[2022.04.09-00.56.21:896][  0]SourceControl: Source control is disabled
[2022.04.09-00.56.21:929][  0]LogOpenImageDenoise: OIDN starting up
[2022.04.09-00.56.22:005][  0]LogAndroidPermission: UAndroidPermissionCallbackProxy::GetInstance
[2022.04.09-00.56.22:023][  0]LogAudioCaptureCore: Display: No Audio Capture implementations found. Audio input will be silent.
[2022.04.09-00.56.22:023][  0]LogAudioCaptureCore: Display: No Audio Capture implementations found. Audio input will be silent.
[2022.04.09-00.56.22:120][  0]LogCollectionManager: Loaded 0 collections in 0.000528 seconds
[2022.04.09-00.56.22:139][  0]LogFileCache: Scanning file cache for directory 'C:/Autre/Unreal/Skip_CRJV2122_PS4/Modif_Flo/Saved/Collections/' took 0.00s
[2022.04.09-00.56.22:139][  0]LogFileCache: Scanning file cache for directory 'C:/Autre/Unreal/Skip_CRJV2122_PS4/Modif_Flo/Content/Developers/BRETOB/Collections/' took 0.00s
[2022.04.09-00.56.22:139][  0]LogFileCache: Scanning file cache for directory 'C:/Autre/Unreal/Skip_CRJV2122_PS4/Modif_Flo/Content/Collections/' took 0.00s
[2022.04.09-00.56.22:139][  0]LogOcInput: OculusInput pre-init called
[2022.04.09-00.56.22:327][  0]LogEngine: Initializing Engine...
[2022.04.09-00.56.22:329][  0]LogHMD: Failed to enumerate extensions. Please check that you have a valid OpenXR runtime installed.
[2022.04.09-00.56.22:329][  0]LogHMD: Failed to initialize OpenVR with code 110
[2022.04.09-00.56.22:329][  0]LogMagicLeap: Warning: VR disabled because ZI is not enabled.  To enable, in the editor, Edit -> Project Settings -> Plugins -> Magic Leap Plugin -> Enable Zero Iteration
[2022.04.09-00.56.22:330][  0]LogStats: UGameplayTagsManager::InitializeManager -  0.000 s
[2022.04.09-00.56.22:442][  0]LogInit: Initializing FReadOnlyCVARCache
[2022.04.09-00.56.22:447][  0]LogAIModule: Creating AISystem for world Untitled
[2022.04.09-00.56.22:448][  0]LogAudio: Display: Initializing Audio Device Manager...
[2022.04.09-00.56.22:450][  0]LogAudio: Display: Loading Default Audio Settings Objects...
[2022.04.09-00.56.22:451][  0]LogAudio: Display: No default SoundConcurrencyObject specified (or failed to load).
[2022.04.09-00.56.22:451][  0]LogAudio: Display: Audio Device Manager Initialized
[2022.04.09-00.56.22:451][  0]LogAudio: Display: Creating Audio Device:                 Id: 1, Scope: Shared, Realtime: True
[2022.04.09-00.56.22:451][  0]LogAudioMixer: Display: Audio Mixer Platform Settings:
[2022.04.09-00.56.22:451][  0]LogAudioMixer: Display: 	Sample Rate:						  48000
[2022.04.09-00.56.22:451][  0]LogAudioMixer: Display: 	Callback Buffer Frame Size Requested: 1024
[2022.04.09-00.56.22:451][  0]LogAudioMixer: Display: 	Callback Buffer Frame Size To Use:	  1024
[2022.04.09-00.56.22:451][  0]LogAudioMixer: Display: 	Number of buffers to queue:			  2
[2022.04.09-00.56.22:451][  0]LogAudioMixer: Display: 	Max Channels (voices):				  32
[2022.04.09-00.56.22:451][  0]LogAudioMixer: Display: 	Number of Async Source Workers:		  0
[2022.04.09-00.56.22:451][  0]LogAudio: Display: AudioDevice MaxSources: 32
[2022.04.09-00.56.22:451][  0]LogAudio: Display: Audio Spatialization Plugin: None (built-in).
[2022.04.09-00.56.22:451][  0]LogAudio: Display: Audio Reverb Plugin: None (built-in).
[2022.04.09-00.56.22:451][  0]LogAudio: Display: Audio Occlusion Plugin: None (built-in).
[2022.04.09-00.56.22:451][  0]LogAudioMixer: Display: Initializing audio mixer.
[2022.04.09-00.56.22:462][  0]LogAudioMixer: Display: 0: FrontLeft
[2022.04.09-00.56.22:462][  0]LogAudioMixer: Display: 1: FrontRight
[2022.04.09-00.56.22:475][  0]LogAudioMixer: Display: Using Audio Device Haut-parleurs (Realtek(R) Audio)
[2022.04.09-00.56.22:477][  0]LogAudioMixer: Display: Initializing Sound Submixes...
[2022.04.09-00.56.22:479][  0]LogAudioMixer: Display: Creating Master Submix 'MasterSubmixDefault'
[2022.04.09-00.56.22:479][  0]LogAudioMixer: Display: Creating Master Submix 'MasterReverbSubmixDefault'
[2022.04.09-00.56.22:479][  0]LogAudioMixer: Display: Creating Master Submix 'MasterEQSubmixDefault'
[2022.04.09-00.56.22:479][  0]LogAudioMixer: FMixerPlatformXAudio2::StartAudioStream() called
[2022.04.09-00.56.22:479][  0]LogAudioMixer: Display: Output buffers initialized: Frames=1024, Channels=2, Samples=2048
[2022.04.09-00.56.22:480][  0]LogAudioMixer: Display: Starting AudioMixerPlatformInterface::RunInternal()
[2022.04.09-00.56.22:480][  0]LogAudioMixer: Display: FMixerPlatformXAudio2::SubmitBuffer() called for the first time
[2022.04.09-00.56.22:480][  0]LogInit: FAudioDevice initialized.
[2022.04.09-00.56.22:480][  0]LogAudio: Display: Audio Device (ID: 1) registered with world 'Untitled'.
[2022.04.09-00.56.22:480][  0]LogNetVersion: Set ProjectVersion to 1.0.0.0. Version Checksum will be recalculated on next use.
[2022.04.09-00.56.22:558][  0]LogDerivedDataCache: Saved boot cache 0.08s 94MB C:/Users/BRETOB/AppData/Local/UnrealEngine/4.27/DerivedDataCache/Boot.ddc.
[2022.04.09-00.56.22:561][  0]LogInit: Texture streaming: Enabled
[2022.04.09-00.56.22:570][  0]LogAnalytics: Display: [UEEditor.Rocket.Release] APIServer = https://datarouter.ol.epicgames.com/. AppVersion = 4.27.2-18319896+++UE4+Release-4.27
[2022.04.09-00.56.22:573][  0]LogEngineSessionManager: EngineSessionManager initialized
[2022.04.09-00.56.22:573][  0]LogEditorSessionSummary: Verbose: Initializing EditorSessionSummaryWriter for editor session tracking
[2022.04.09-00.56.22:576][  0]LogEditorSessionSummary: EditorSessionSummaryWriter initialized
[2022.04.09-00.56.22:594][  0]LogInit: Transaction tracking system initialized
[2022.04.09-00.56.22:610][  0]BlueprintLog: New page: Editor Load
[2022.04.09-00.56.22:657][  0]LocalizationService: Localization service is disabled
[2022.04.09-00.56.22:675][  0]TimingProfiler: Initialize
[2022.04.09-00.56.22:675][  0]TimingProfiler: OnSessionChanged
[2022.04.09-00.56.22:675][  0]LoadingProfiler: Initialize
[2022.04.09-00.56.22:675][  0]LoadingProfiler: OnSessionChanged
[2022.04.09-00.56.22:675][  0]NetworkingProfiler: Initialize
[2022.04.09-00.56.22:675][  0]NetworkingProfiler: OnSessionChanged
[2022.04.09-00.56.22:675][  0]MemoryProfiler: Initialize
[2022.04.09-00.56.22:675][  0]MemoryProfiler: OnSessionChanged
[2022.04.09-00.56.22:779][  0]LogCook: Display: CookSettings for Memory: MemoryMaxUsedVirtual 0MiB, MemoryMaxUsedPhysical 16384MiB, MemoryMinFreeVirtual 0MiB, MemoryMinFreePhysical 1024MiB
[2022.04.09-00.56.22:779][  0]LogCook: Display: Mobile HDR setting 1
[2022.04.09-00.56.22:920][  0]LogFileCache: Scanning file cache for directory 'C:/Autre/Unreal/Skip_CRJV2122_PS4/Modif_Flo/Content/' took 0.00s
[2022.04.09-00.56.23:054][  0]LogInit: Display: Engine is initialized. Leaving FEngineLoop::Init()
[2022.04.09-00.56.23:056][  0]SourceControl: Source control is disabled
[2022.04.09-00.56.23:057][  0]LogUnrealEdMisc: Loading editor; pre map load, took 5.312
[2022.04.09-00.56.23:057][  0]Cmd: MAP LOAD FILE="../../../../Skip_CRJV2122_PS4/Modif_Flo/Content/FirstPersonBP/Maps/FirstPersonExampleMap_Auto5.umap" TEMPLATE=0 SHOWPROGRESS=1 FEATURELEVEL=3
[2022.04.09-00.56.23:057][  0]LightingResults: New page: Lighting Build
[2022.04.09-00.56.23:058][  0]LogWorld: UWorld::CleanupWorld for Untitled, bSessionEnded=true, bCleanupResources=true
[2022.04.09-00.56.23:058][  0]LogSlate: InvalidateAllWidgets triggered.  All widgets were invalidated
[2022.04.09-00.56.23:058][  0]MapCheck: New page: Map Check
[2022.04.09-00.56.23:058][  0]LightingResults: New page: Lighting Build
[2022.04.09-00.56.23:061][  0]LogAudio: Display: Audio Device unregistered from world 'None'.
[2022.04.09-00.56.23:063][  0]LogUObjectHash: Compacting FUObjectHashTables data took   0.60ms
[2022.04.09-00.56.23:768][  0]LogAudio: Display: Audio Device (ID: 1) registered with world 'FirstPersonExampleMap_Auto5'.
[2022.04.09-00.56.23:769][  0]LogAIModule: Creating AISystem for world FirstPersonExampleMap_Auto5
[2022.04.09-00.56.23:804][  0]LogEditorServer: Finished looking for orphan Actors (0.000 secs)
[2022.04.09-00.56.23:821][  0]LogUObjectHash: Compacting FUObjectHashTables data took   0.84ms
[2022.04.09-00.56.23:821][  0]Cmd: MAP CHECKDEP NOCLEARLOG
[2022.04.09-00.56.23:822][  0]MapCheck: Map check complete: 0 Error(s), 0 Warning(s), took 0,149ms to complete.
[2022.04.09-00.56.23:822][  0]LogFileHelpers: Loading map 'FirstPersonExampleMap_Auto5' took 0.766
[2022.04.09-00.56.23:823][  0]LogUnrealEdMisc: Total Editor Startup Time, took 6.079
[2022.04.09-00.56.23:941][  0]LogSlate: Updating window title bar state: overlay mode, drag disabled, window buttons hidden, title bar hidden
[2022.04.09-00.56.23:945][  0]LogSlate: Updating window title bar state: overlay mode, drag disabled, window buttons hidden, title bar hidden
[2022.04.09-00.56.23:950][  0]LogSlate: Updating window title bar state: overlay mode, drag disabled, window buttons hidden, title bar hidden
[2022.04.09-00.56.23:954][  0]LogSlate: Updating window title bar state: overlay mode, drag disabled, window buttons hidden, title bar hidden
[2022.04.09-00.56.23:965][  0]LogNativeClassHierarchy: Verbose: Native class hierarchy populated in 0.0072 seconds. Added 3822 classes and 928 folders.
[2022.04.09-00.56.23:967][  0]LogNativeClassHierarchy: Verbose: Native class hierarchy updated for 'WidgetCarousel' in 0.0002 seconds. Added 0 classes and 0 folders.
[2022.04.09-00.56.23:967][  0]LogPakFile: PakFile PrimaryIndexSize=187
[2022.04.09-00.56.23:967][  0]LogPakFile: PakFile PathHashIndexSize=101
[2022.04.09-00.56.23:967][  0]LogPakFile: PakFile FullDirectoryIndexSize=148
[2022.04.09-00.56.23:968][  0]LogShaderLibrary: Display: ShaderCodeLibraryPakFileMountedCallback: PakFile 'C:/Autre/Unreal/UE_4.27/FeaturePacks/FP_FirstPerson.upack' (chunk index -1, root 'root:/') mounted
[2022.04.09-00.56.23:968][  0]LogShaderLibrary: Display: ShaderCodeLibraryPakFileMountedCallback: pending pak file info (ChunkID:-1 Root:root:/ File:C:/Autre/Unreal/UE_4.27/FeaturePacks/FP_FirstPerson.upack)
[2022.04.09-00.56.23:968][  0]LogPakFile: OnPakFileMounted2Time == 0.000042
[2022.04.09-00.56.23:968][  0]LogPakFile: PakFile PrimaryIndexSize=189
[2022.04.09-00.56.23:968][  0]LogPakFile: PakFile PathHashIndexSize=101
[2022.04.09-00.56.23:968][  0]LogPakFile: PakFile FullDirectoryIndexSize=152
[2022.04.09-00.56.23:968][  0]LogShaderLibrary: Display: ShaderCodeLibraryPakFileMountedCallback: PakFile 'C:/Autre/Unreal/UE_4.27/FeaturePacks/FP_FirstPersonBP.upack' (chunk index -1, root 'root:/') mounted
[2022.04.09-00.56.23:968][  0]LogShaderLibrary: Display: ShaderCodeLibraryPakFileMountedCallback: pending pak file info (ChunkID:-1 Root:root:/ File:C:/Autre/Unreal/UE_4.27/FeaturePacks/FP_FirstPersonBP.upack)
[2022.04.09-00.56.23:968][  0]LogPakFile: OnPakFileMounted2Time == 0.000028
[2022.04.09-00.56.23:968][  0]LogPakFile: PakFile PrimaryIndexSize=191
[2022.04.09-00.56.23:968][  0]LogPakFile: PakFile PathHashIndexSize=101
[2022.04.09-00.56.23:968][  0]LogPakFile: PakFile FullDirectoryIndexSize=160
[2022.04.09-00.56.23:968][  0]LogShaderLibrary: Display: ShaderCodeLibraryPakFileMountedCallback: PakFile 'C:/Autre/Unreal/UE_4.27/FeaturePacks/MobileStarterContent.upack' (chunk index -1, root 'root:/') mounted
[2022.04.09-00.56.23:968][  0]LogShaderLibrary: Display: ShaderCodeLibraryPakFileMountedCallback: pending pak file info (ChunkID:-1 Root:root:/ File:C:/Autre/Unreal/UE_4.27/FeaturePacks/MobileStarterContent.upack)
[2022.04.09-00.56.23:968][  0]LogPakFile: OnPakFileMounted2Time == 0.000026
[2022.04.09-00.56.23:969][  0]LogPakFile: PakFile PrimaryIndexSize=185
[2022.04.09-00.56.23:969][  0]LogPakFile: PakFile PathHashIndexSize=101
[2022.04.09-00.56.23:969][  0]LogPakFile: PakFile FullDirectoryIndexSize=148
[2022.04.09-00.56.23:969][  0]LogShaderLibrary: Display: ShaderCodeLibraryPakFileMountedCallback: PakFile 'C:/Autre/Unreal/UE_4.27/FeaturePacks/StarterContent.upack' (chunk index -1, root 'root:/') mounted
[2022.04.09-00.56.23:969][  0]LogShaderLibrary: Display: ShaderCodeLibraryPakFileMountedCallback: pending pak file info (ChunkID:-1 Root:root:/ File:C:/Autre/Unreal/UE_4.27/FeaturePacks/StarterContent.upack)
[2022.04.09-00.56.23:969][  0]LogPakFile: OnPakFileMounted2Time == 0.000026
[2022.04.09-00.56.23:969][  0]LogPakFile: PakFile PrimaryIndexSize=190
[2022.04.09-00.56.23:969][  0]LogPakFile: PakFile PathHashIndexSize=101
[2022.04.09-00.56.23:969][  0]LogPakFile: PakFile FullDirectoryIndexSize=154
[2022.04.09-00.56.23:969][  0]LogShaderLibrary: Display: ShaderCodeLibraryPakFileMountedCallback: PakFile 'C:/Autre/Unreal/UE_4.27/FeaturePacks/TP_2DSideScroller.upack' (chunk index -1, root 'root:/') mounted
[2022.04.09-00.56.23:969][  0]LogShaderLibrary: Display: ShaderCodeLibraryPakFileMountedCallback: pending pak file info (ChunkID:-1 Root:root:/ File:C:/Autre/Unreal/UE_4.27/FeaturePacks/TP_2DSideScroller.upack)
[2022.04.09-00.56.23:969][  0]LogPakFile: OnPakFileMounted2Time == 0.000028
[2022.04.09-00.56.23:970][  0]LogPakFile: PakFile PrimaryIndexSize=192
[2022.04.09-00.56.23:970][  0]LogPakFile: PakFile PathHashIndexSize=101
[2022.04.09-00.56.23:970][  0]LogPakFile: PakFile FullDirectoryIndexSize=158
[2022.04.09-00.56.23:970][  0]LogShaderLibrary: Display: ShaderCodeLibraryPakFileMountedCallback: PakFile 'C:/Autre/Unreal/UE_4.27/FeaturePacks/TP_2DSideScrollerBP.upack' (chunk index -1, root 'root:/') mounted
[2022.04.09-00.56.23:970][  0]LogShaderLibrary: Display: ShaderCodeLibraryPakFileMountedCallback: pending pak file info (ChunkID:-1 Root:root:/ File:C:/Autre/Unreal/UE_4.27/FeaturePacks/TP_2DSideScrollerBP.upack)
[2022.04.09-00.56.23:970][  0]LogPakFile: OnPakFileMounted2Time == 0.000024
[2022.04.09-00.56.23:970][  0]LogPakFile: PakFile PrimaryIndexSize=182
[2022.04.09-00.56.23:970][  0]LogPakFile: PakFile PathHashIndexSize=101
[2022.04.09-00.56.23:970][  0]LogPakFile: PakFile FullDirectoryIndexSize=138
[2022.04.09-00.56.23:970][  0]LogShaderLibrary: Display: ShaderCodeLibraryPakFileMountedCallback: PakFile 'C:/Autre/Unreal/UE_4.27/FeaturePacks/TP_Flying.upack' (chunk index -1, root 'root:/') mounted
[2022.04.09-00.56.23:970][  0]LogShaderLibrary: Display: ShaderCodeLibraryPakFileMountedCallback: pending pak file info (ChunkID:-1 Root:root:/ File:C:/Autre/Unreal/UE_4.27/FeaturePacks/TP_Flying.upack)
[2022.04.09-00.56.23:970][  0]LogPakFile: OnPakFileMounted2Time == 0.000025
[2022.04.09-00.56.23:970][  0]LogPakFile: PakFile PrimaryIndexSize=184
[2022.04.09-00.56.23:970][  0]LogPakFile: PakFile PathHashIndexSize=101
[2022.04.09-00.56.23:970][  0]LogPakFile: PakFile FullDirectoryIndexSize=142
[2022.04.09-00.56.23:970][  0]LogShaderLibrary: Display: ShaderCodeLibraryPakFileMountedCallback: PakFile 'C:/Autre/Unreal/UE_4.27/FeaturePacks/TP_FlyingBP.upack' (chunk index -1, root 'root:/') mounted
[2022.04.09-00.56.23:970][  0]LogShaderLibrary: Display: ShaderCodeLibraryPakFileMountedCallback: pending pak file info (ChunkID:-1 Root:root:/ File:C:/Autre/Unreal/UE_4.27/FeaturePacks/TP_FlyingBP.upack)
[2022.04.09-00.56.23:970][  0]LogPakFile: OnPakFileMounted2Time == 0.000025
[2022.04.09-00.56.23:971][  0]LogPakFile: PakFile PrimaryIndexSize=188
[2022.04.09-00.56.23:971][  0]LogPakFile: PakFile PathHashIndexSize=101
[2022.04.09-00.56.23:971][  0]LogPakFile: PakFile FullDirectoryIndexSize=150
[2022.04.09-00.56.23:971][  0]LogShaderLibrary: Display: ShaderCodeLibraryPakFileMountedCallback: PakFile 'C:/Autre/Unreal/UE_4.27/FeaturePacks/TP_HandheldARBP.upack' (chunk index -1, root 'root:/') mounted
[2022.04.09-00.56.23:971][  0]LogShaderLibrary: Display: ShaderCodeLibraryPakFileMountedCallback: pending pak file info (ChunkID:-1 Root:root:/ File:C:/Autre/Unreal/UE_4.27/FeaturePacks/TP_HandheldARBP.upack)
[2022.04.09-00.56.23:971][  0]LogPakFile: OnPakFileMounted2Time == 0.000027
[2022.04.09-00.56.23:971][  0]LogPakFile: PakFile PrimaryIndexSize=182
[2022.04.09-00.56.23:971][  0]LogPakFile: PakFile PathHashIndexSize=101
[2022.04.09-00.56.23:971][  0]LogPakFile: PakFile FullDirectoryIndexSize=138
[2022.04.09-00.56.23:971][  0]LogShaderLibrary: Display: ShaderCodeLibraryPakFileMountedCallback: PakFile 'C:/Autre/Unreal/UE_4.27/FeaturePacks/TP_Puzzle.upack' (chunk index -1, root 'root:/') mounted
[2022.04.09-00.56.23:971][  0]LogShaderLibrary: Display: ShaderCodeLibraryPakFileMountedCallback: pending pak file info (ChunkID:-1 Root:root:/ File:C:/Autre/Unreal/UE_4.27/FeaturePacks/TP_Puzzle.upack)
[2022.04.09-00.56.23:971][  0]LogPakFile: OnPakFileMounted2Time == 0.000024
[2022.04.09-00.56.23:972][  0]LogPakFile: PakFile PrimaryIndexSize=184
[2022.04.09-00.56.23:972][  0]LogPakFile: PakFile PathHashIndexSize=101
[2022.04.09-00.56.23:972][  0]LogPakFile: PakFile FullDirectoryIndexSize=142
[2022.04.09-00.56.23:972][  0]LogShaderLibrary: Display: ShaderCodeLibraryPakFileMountedCallback: PakFile 'C:/Autre/Unreal/UE_4.27/FeaturePacks/TP_PuzzleBP.upack' (chunk index -1, root 'root:/') mounted
[2022.04.09-00.56.23:972][  0]LogShaderLibrary: Display: ShaderCodeLibraryPakFileMountedCallback: pending pak file info (ChunkID:-1 Root:root:/ File:C:/Autre/Unreal/UE_4.27/FeaturePacks/TP_PuzzleBP.upack)
[2022.04.09-00.56.23:972][  0]LogPakFile: OnPakFileMounted2Time == 0.000025
[2022.04.09-00.56.23:972][  0]LogPakFile: PakFile PrimaryIndexSize=183
[2022.04.09-00.56.23:972][  0]LogPakFile: PakFile PathHashIndexSize=101
[2022.04.09-00.56.23:972][  0]LogPakFile: PakFile FullDirectoryIndexSize=140
[2022.04.09-00.56.23:972][  0]LogShaderLibrary: Display: ShaderCodeLibraryPakFileMountedCallback: PakFile 'C:/Autre/Unreal/UE_4.27/FeaturePacks/TP_Rolling.upack' (chunk index -1, root 'root:/') mounted
[2022.04.09-00.56.23:972][  0]LogShaderLibrary: Display: ShaderCodeLibraryPakFileMountedCallback: pending pak file info (ChunkID:-1 Root:root:/ File:C:/Autre/Unreal/UE_4.27/FeaturePacks/TP_Rolling.upack)
[2022.04.09-00.56.23:972][  0]LogPakFile: OnPakFileMounted2Time == 0.000025
[2022.04.09-00.56.23:973][  0]LogPakFile: PakFile PrimaryIndexSize=185
[2022.04.09-00.56.23:973][  0]LogPakFile: PakFile PathHashIndexSize=101
[2022.04.09-00.56.23:973][  0]LogPakFile: PakFile FullDirectoryIndexSize=144
[2022.04.09-00.56.23:973][  0]LogShaderLibrary: Display: ShaderCodeLibraryPakFileMountedCallback: PakFile 'C:/Autre/Unreal/UE_4.27/FeaturePacks/TP_RollingBP.upack' (chunk index -1, root 'root:/') mounted
[2022.04.09-00.56.23:973][  0]LogShaderLibrary: Display: ShaderCodeLibraryPakFileMountedCallback: pending pak file info (ChunkID:-1 Root:root:/ File:C:/Autre/Unreal/UE_4.27/FeaturePacks/TP_RollingBP.upack)
[2022.04.09-00.56.23:973][  0]LogPakFile: OnPakFileMounted2Time == 0.000030
[2022.04.09-00.56.23:973][  0]LogPakFile: PakFile PrimaryIndexSize=188
[2022.04.09-00.56.23:973][  0]LogPakFile: PakFile PathHashIndexSize=101
[2022.04.09-00.56.23:973][  0]LogPakFile: PakFile FullDirectoryIndexSize=150
[2022.04.09-00.56.23:973][  0]LogShaderLibrary: Display: ShaderCodeLibraryPakFileMountedCallback: PakFile 'C:/Autre/Unreal/UE_4.27/FeaturePacks/TP_SideScroller.upack' (chunk index -1, root 'root:/') mounted
[2022.04.09-00.56.23:973][  0]LogShaderLibrary: Display: ShaderCodeLibraryPakFileMountedCallback: pending pak file info (ChunkID:-1 Root:root:/ File:C:/Autre/Unreal/UE_4.27/FeaturePacks/TP_SideScroller.upack)
[2022.04.09-00.56.23:973][  0]LogPakFile: OnPakFileMounted2Time == 0.000025
[2022.04.09-00.56.23:973][  0]LogPakFile: PakFile PrimaryIndexSize=190
[2022.04.09-00.56.23:973][  0]LogPakFile: PakFile PathHashIndexSize=101
[2022.04.09-00.56.23:973][  0]LogPakFile: PakFile FullDirectoryIndexSize=154
[2022.04.09-00.56.23:973][  0]LogShaderLibrary: Display: ShaderCodeLibraryPakFileMountedCallback: PakFile 'C:/Autre/Unreal/UE_4.27/FeaturePacks/TP_SideScrollerBP.upack' (chunk index -1, root 'root:/') mounted
[2022.04.09-00.56.23:973][  0]LogShaderLibrary: Display: ShaderCodeLibraryPakFileMountedCallback: pending pak file info (ChunkID:-1 Root:root:/ File:C:/Autre/Unreal/UE_4.27/FeaturePacks/TP_SideScrollerBP.upack)
[2022.04.09-00.56.23:973][  0]LogPakFile: OnPakFileMounted2Time == 0.000025
[2022.04.09-00.56.23:974][  0]LogPakFile: PakFile PrimaryIndexSize=187
[2022.04.09-00.56.23:974][  0]LogPakFile: PakFile PathHashIndexSize=101
[2022.04.09-00.56.23:974][  0]LogPakFile: PakFile FullDirectoryIndexSize=148
[2022.04.09-00.56.23:974][  0]LogShaderLibrary: Display: ShaderCodeLibraryPakFileMountedCallback: PakFile 'C:/Autre/Unreal/UE_4.27/FeaturePacks/TP_ThirdPerson.upack' (chunk index -1, root 'root:/') mounted
[2022.04.09-00.56.23:974][  0]LogShaderLibrary: Display: ShaderCodeLibraryPakFileMountedCallback: pending pak file info (ChunkID:-1 Root:root:/ File:C:/Autre/Unreal/UE_4.27/FeaturePacks/TP_ThirdPerson.upack)
[2022.04.09-00.56.23:974][  0]LogPakFile: OnPakFileMounted2Time == 0.000024
[2022.04.09-00.56.23:974][  0]LogPakFile: PakFile PrimaryIndexSize=189
[2022.04.09-00.56.23:974][  0]LogPakFile: PakFile PathHashIndexSize=101
[2022.04.09-00.56.23:974][  0]LogPakFile: PakFile FullDirectoryIndexSize=152
[2022.04.09-00.56.23:974][  0]LogShaderLibrary: Display: ShaderCodeLibraryPakFileMountedCallback: PakFile 'C:/Autre/Unreal/UE_4.27/FeaturePacks/TP_ThirdPersonBP.upack' (chunk index -1, root 'root:/') mounted
[2022.04.09-00.56.23:974][  0]LogShaderLibrary: Display: ShaderCodeLibraryPakFileMountedCallback: pending pak file info (ChunkID:-1 Root:root:/ File:C:/Autre/Unreal/UE_4.27/FeaturePacks/TP_ThirdPersonBP.upack)
[2022.04.09-00.56.23:974][  0]LogPakFile: OnPakFileMounted2Time == 0.000024
[2022.04.09-00.56.23:975][  0]LogPakFile: PakFile PrimaryIndexSize=183
[2022.04.09-00.56.23:975][  0]LogPakFile: PakFile PathHashIndexSize=101
[2022.04.09-00.56.23:975][  0]LogPakFile: PakFile FullDirectoryIndexSize=140
[2022.04.09-00.56.23:975][  0]LogShaderLibrary: Display: ShaderCodeLibraryPakFileMountedCallback: PakFile 'C:/Autre/Unreal/UE_4.27/FeaturePacks/TP_TopDown.upack' (chunk index -1, root 'root:/') mounted
[2022.04.09-00.56.23:975][  0]LogShaderLibrary: Display: ShaderCodeLibraryPakFileMountedCallback: pending pak file info (ChunkID:-1 Root:root:/ File:C:/Autre/Unreal/UE_4.27/FeaturePacks/TP_TopDown.upack)
[2022.04.09-00.56.23:975][  0]LogPakFile: OnPakFileMounted2Time == 0.000029
[2022.04.09-00.56.23:975][  0]LogPakFile: PakFile PrimaryIndexSize=185
[2022.04.09-00.56.23:975][  0]LogPakFile: PakFile PathHashIndexSize=101
[2022.04.09-00.56.23:975][  0]LogPakFile: PakFile FullDirectoryIndexSize=144
[2022.04.09-00.56.23:975][  0]LogShaderLibrary: Display: ShaderCodeLibraryPakFileMountedCallback: PakFile 'C:/Autre/Unreal/UE_4.27/FeaturePacks/TP_TopDownBP.upack' (chunk index -1, root 'root:/') mounted
[2022.04.09-00.56.23:975][  0]LogShaderLibrary: Display: ShaderCodeLibraryPakFileMountedCallback: pending pak file info (ChunkID:-1 Root:root:/ File:C:/Autre/Unreal/UE_4.27/FeaturePacks/TP_TopDownBP.upack)
[2022.04.09-00.56.23:975][  0]LogPakFile: OnPakFileMounted2Time == 0.000024
[2022.04.09-00.56.23:975][  0]LogPakFile: PakFile PrimaryIndexSize=185
[2022.04.09-00.56.23:975][  0]LogPakFile: PakFile PathHashIndexSize=101
[2022.04.09-00.56.23:975][  0]LogPakFile: PakFile FullDirectoryIndexSize=144
[2022.04.09-00.56.23:975][  0]LogShaderLibrary: Display: ShaderCodeLibraryPakFileMountedCallback: PakFile 'C:/Autre/Unreal/UE_4.27/FeaturePacks/TP_TwinStick.upack' (chunk index -1, root 'root:/') mounted
[2022.04.09-00.56.23:975][  0]LogShaderLibrary: Display: ShaderCodeLibraryPakFileMountedCallback: pending pak file info (ChunkID:-1 Root:root:/ File:C:/Autre/Unreal/UE_4.27/FeaturePacks/TP_TwinStick.upack)
[2022.04.09-00.56.23:975][  0]LogPakFile: OnPakFileMounted2Time == 0.000024
[2022.04.09-00.56.23:976][  0]LogPakFile: PakFile PrimaryIndexSize=187
[2022.04.09-00.56.23:976][  0]LogPakFile: PakFile PathHashIndexSize=101
[2022.04.09-00.56.23:976][  0]LogPakFile: PakFile FullDirectoryIndexSize=148
[2022.04.09-00.56.23:976][  0]LogShaderLibrary: Display: ShaderCodeLibraryPakFileMountedCallback: PakFile 'C:/Autre/Unreal/UE_4.27/FeaturePacks/TP_TwinStickBP.upack' (chunk index -1, root 'root:/') mounted
[2022.04.09-00.56.23:976][  0]LogShaderLibrary: Display: ShaderCodeLibraryPakFileMountedCallback: pending pak file info (ChunkID:-1 Root:root:/ File:C:/Autre/Unreal/UE_4.27/FeaturePacks/TP_TwinStickBP.upack)
[2022.04.09-00.56.23:976][  0]LogPakFile: OnPakFileMounted2Time == 0.000025
[2022.04.09-00.56.23:976][  0]LogPakFile: PakFile PrimaryIndexSize=183
[2022.04.09-00.56.23:976][  0]LogPakFile: PakFile PathHashIndexSize=101
[2022.04.09-00.56.23:976][  0]LogPakFile: PakFile FullDirectoryIndexSize=140
[2022.04.09-00.56.23:976][  0]LogShaderLibrary: Display: ShaderCodeLibraryPakFileMountedCallback: PakFile 'C:/Autre/Unreal/UE_4.27/FeaturePacks/TP_Vehicle.upack' (chunk index -1, root 'root:/') mounted
[2022.04.09-00.56.23:976][  0]LogShaderLibrary: Display: ShaderCodeLibraryPakFileMountedCallback: pending pak file info (ChunkID:-1 Root:root:/ File:C:/Autre/Unreal/UE_4.27/FeaturePacks/TP_Vehicle.upack)
[2022.04.09-00.56.23:976][  0]LogPakFile: OnPakFileMounted2Time == 0.000027
[2022.04.09-00.56.23:977][  0]LogPakFile: PakFile PrimaryIndexSize=186
[2022.04.09-00.56.23:977][  0]LogPakFile: PakFile PathHashIndexSize=101
[2022.04.09-00.56.23:977][  0]LogPakFile: PakFile FullDirectoryIndexSize=146
[2022.04.09-00.56.23:977][  0]LogShaderLibrary: Display: ShaderCodeLibraryPakFileMountedCallback: PakFile 'C:/Autre/Unreal/UE_4.27/FeaturePacks/TP_VehicleAdv.upack' (chunk index -1, root 'root:/') mounted
[2022.04.09-00.56.23:977][  0]LogShaderLibrary: Display: ShaderCodeLibraryPakFileMountedCallback: pending pak file info (ChunkID:-1 Root:root:/ File:C:/Autre/Unreal/UE_4.27/FeaturePacks/TP_VehicleAdv.upack)
[2022.04.09-00.56.23:977][  0]LogPakFile: OnPakFileMounted2Time == 0.000025
[2022.04.09-00.56.23:977][  0]LogPakFile: PakFile PrimaryIndexSize=188
[2022.04.09-00.56.23:977][  0]LogPakFile: PakFile PathHashIndexSize=101
[2022.04.09-00.56.23:977][  0]LogPakFile: PakFile FullDirectoryIndexSize=150
[2022.04.09-00.56.23:977][  0]LogShaderLibrary: Display: ShaderCodeLibraryPakFileMountedCallback: PakFile 'C:/Autre/Unreal/UE_4.27/FeaturePacks/TP_VehicleAdvBP.upack' (chunk index -1, root 'root:/') mounted
[2022.04.09-00.56.23:977][  0]LogShaderLibrary: Display: ShaderCodeLibraryPakFileMountedCallback: pending pak file info (ChunkID:-1 Root:root:/ File:C:/Autre/Unreal/UE_4.27/FeaturePacks/TP_VehicleAdvBP.upack)
[2022.04.09-00.56.23:977][  0]LogPakFile: OnPakFileMounted2Time == 0.000025
[2022.04.09-00.56.23:977][  0]LogPakFile: PakFile PrimaryIndexSize=185
[2022.04.09-00.56.23:978][  0]LogPakFile: PakFile PathHashIndexSize=101
[2022.04.09-00.56.23:978][  0]LogPakFile: PakFile FullDirectoryIndexSize=144
[2022.04.09-00.56.23:978][  0]LogShaderLibrary: Display: ShaderCodeLibraryPakFileMountedCallback: PakFile 'C:/Autre/Unreal/UE_4.27/FeaturePacks/TP_VehicleBP.upack' (chunk index -1, root 'root:/') mounted
[2022.04.09-00.56.23:978][  0]LogShaderLibrary: Display: ShaderCodeLibraryPakFileMountedCallback: pending pak file info (ChunkID:-1 Root:root:/ File:C:/Autre/Unreal/UE_4.27/FeaturePacks/TP_VehicleBP.upack)
[2022.04.09-00.56.23:978][  0]LogPakFile: OnPakFileMounted2Time == 0.000025
[2022.04.09-00.56.23:978][  0]LogPakFile: PakFile PrimaryIndexSize=192
[2022.04.09-00.56.23:978][  0]LogPakFile: PakFile PathHashIndexSize=101
[2022.04.09-00.56.23:978][  0]LogPakFile: PakFile FullDirectoryIndexSize=158
[2022.04.09-00.56.23:978][  0]LogShaderLibrary: Display: ShaderCodeLibraryPakFileMountedCallback: PakFile 'C:/Autre/Unreal/UE_4.27/FeaturePacks/TP_VirtualRealityBP.upack' (chunk index -1, root 'root:/') mounted
[2022.04.09-00.56.23:978][  0]LogShaderLibrary: Display: ShaderCodeLibraryPakFileMountedCallback: pending pak file info (ChunkID:-1 Root:root:/ File:C:/Autre/Unreal/UE_4.27/FeaturePacks/TP_VirtualRealityBP.upack)
[2022.04.09-00.56.23:978][  0]LogPakFile: OnPakFileMounted2Time == 0.000025
[2022.04.09-00.56.24:009][  0]LogNativeClassHierarchy: Verbose: Native class hierarchy updated for 'AddContentDialog' in 0.0002 seconds. Added 0 classes and 0 folders.
[2022.04.09-00.56.24:010][  0]LogNativeClassHierarchy: Verbose: Native class hierarchy updated for 'SceneOutliner' in 0.0002 seconds. Added 2 classes and 0 folders.
[2022.04.09-00.56.24:091][  0]LogSlate: Took 0.000147 seconds to synchronously load lazily loaded font '../../../Engine/Content/Slate/Fonts/Roboto-Regular.ttf' (155K)
[2022.04.09-00.56.24:092][  0]LogSlate: Took 0.000097 seconds to synchronously load lazily loaded font '../../../Engine/Content/Editor/Slate/Fonts/FontAwesome.ttf' (139K)
[2022.04.09-00.56.24:093][  0]LogSlate: Took 0.000087 seconds to synchronously load lazily loaded font '../../../Engine/Content/Slate/Fonts/Roboto-Bold.ttf' (160K)
[2022.04.09-00.56.24:167][  0]LogRenderer: Reallocating scene render targets to support 1236x652 Format 10 NumSamples 1 (Frame:1).
[2022.04.09-00.56.24:230][  0]LogNativeClassHierarchy: Verbose: Native class hierarchy updated for 'HierarchicalLODOutliner' in 0.0002 seconds. Added 0 classes and 0 folders.
[2022.04.09-00.56.24:230][  0]LogLoad: (Engine Initialization) Total time: 6.49 seconds
[2022.04.09-00.56.24:230][  0]LogLoad: (Engine Initialization) Total Blueprint compile time: 0.00 seconds
[2022.04.09-00.56.24:277][  0]LogAssetRegistry: Asset discovery search completed in 3.9212 seconds
[2022.04.09-00.56.24:282][  0]LogCollectionManager: Fixed up redirectors for 0 collections in 0.000003 seconds (updated 0 objects)
[2022.04.09-00.56.24:283][  0]LogContentStreaming: Texture pool size now 1000 MB
[2022.04.09-00.56.24:920][  2]LogSlate: Took 0.000137 seconds to synchronously load lazily loaded font '../../../Engine/Content/Slate/Fonts/Roboto-Light.ttf' (167K)
[2022.04.09-00.56.25:591][  4]LogSlate: Took 0.000125 seconds to synchronously load lazily loaded font '../../../Engine/Content/Slate/Fonts/Roboto-Light.ttf' (167K)
