Log file open, 05/19/22 11:22:50
LogWindows: Failed to load 'aqProf.dll' (GetLastError=126)
LogWindows: File 'aqProf.dll' does not exist
LogWindows: Failed to load 'VtuneApi.dll' (GetLastError=126)
LogWindows: File 'VtuneApi.dll' does not exist
LogWindows: Failed to load 'VtuneApi32e.dll' (GetLastError=126)
LogWindows: File 'VtuneApi32e.dll' does not exist
LogConsoleResponse: Display: Failed to find resolution value strings in scalability ini. Falling back to default.
LogConsoleResponse: Display: Failed to find resolution value strings in scalability ini. Falling back to default.
LogInit: Display: Running engine for game: SkipUe4
LogPlatformFile: Not using cached read wrapper
LogTaskGraph: Started task graph with 5 named threads and 47 total threads with 3 sets of task threads.
LogStats: Stats thread started at 0.180744
LogICUInternationalization: ICU TimeZone Detection - Raw Offset: +1:00, Platform Override: ''
LogInit: Display: Loading text-based GConfig....
LogPluginManager: Mounting plugin MeshPainting
LogPluginManager: Mounting plugin XGEController
LogPluginManager: Mounting plugin Paper2D
LogPluginManager: Mounting plugin AISupport
LogPluginManager: Mounting plugin LiveLink
LogPluginManager: Mounting plugin EnvironmentQueryEditor
LogPluginManager: Mounting plugin GameplayCameras
LogPluginManager: Mounting plugin CameraShakePreviewer
LogPluginManager: Mounting plugin LightPropagationVolume
LogPluginManager: Mounting plugin OodleData
LogPluginManager: Mounting plugin OodleNetwork
LogPluginManager: Mounting plugin AssetManagerEditor
LogPluginManager: Mounting plugin CurveEditorTools
LogPluginManager: Mounting plugin CryptoKeys
LogPluginManager: Mounting plugin DatasmithContent
LogPluginManager: Mounting plugin DataValidation
LogPluginManager: Mounting plugin FacialAnimation
LogPluginManager: Mounting plugin GeometryMode
LogPluginManager: Mounting plugin MacGraphicsSwitching
LogPluginManager: Mounting plugin MobileLauncherProfileWizard
LogPluginManager: Mounting plugin GameplayTagsEditor
LogPluginManager: Mounting plugin PluginBrowser
LogPluginManager: Mounting plugin MaterialAnalyzer
LogPluginManager: Mounting plugin SpeedTreeImporter
LogPluginManager: Mounting plugin AnimationSharing
LogPluginManager: Mounting plugin VariantManagerContent
LogPluginManager: Mounting plugin CLionSourceCodeAccess
LogPluginManager: Mounting plugin CodeLiteSourceCodeAccess
LogPluginManager: Mounting plugin GitSourceControl
LogPluginManager: Mounting plugin KDevelopSourceCodeAccess
LogPluginManager: Mounting plugin NullSourceCodeAccess
LogPluginManager: Mounting plugin PerforceSourceControl
LogPluginManager: Mounting plugin PixWinPlugin
LogPluginManager: Mounting plugin PlasticSourceControl
LogPluginManager: Mounting plugin PluginUtils
LogPluginManager: Mounting plugin PropertyAccessNode
LogPluginManager: Mounting plugin RiderSourceCodeAccess
LogPluginManager: Mounting plugin SubversionSourceControl
LogPluginManager: Mounting plugin TextureFormatOodle
LogPluginManager: Mounting plugin VisualStudioSourceCodeAccess
LogPluginManager: Mounting plugin VisualStudioCodeSourceCodeAccess
LogPluginManager: Mounting plugin UObjectPlugin
LogPluginManager: Mounting plugin XCodeSourceCodeAccess
LogPluginManager: Mounting plugin AlembicImporter
LogPluginManager: Mounting plugin AutomationUtils
LogPluginManager: Mounting plugin BackChannel
LogPluginManager: Mounting plugin ChaosClothEditor
LogPluginManager: Mounting plugin ChaosEditor
LogPluginManager: Mounting plugin ChaosCloth
LogPluginManager: Mounting plugin ChaosNiagara
LogPluginManager: Mounting plugin ChaosSolverPlugin
LogPluginManager: Mounting plugin CharacterAI
LogPluginManager: Mounting plugin GeometryCache
LogPluginManager: Mounting plugin GeometryCollectionPlugin
LogPluginManager: Mounting plugin GeometryProcessing
LogPluginManager: Mounting plugin LuminPlatformFeatures
LogPluginManager: Mounting plugin MagicLeap
LogPluginManager: Mounting plugin MotoSynth
LogPluginManager: Mounting plugin OpenImageDenoise
LogPluginManager: Mounting plugin MagicLeapLightEstimation
LogPluginManager: Mounting plugin PlanarCut
LogPluginManager: Mounting plugin MagicLeapMedia
LogPluginManager: Mounting plugin MagicLeapPassableWorld
LogPluginManager: Mounting plugin MLSDK
LogPluginManager: Mounting plugin ProxyLODPlugin
LogPluginManager: Mounting plugin PlatformCrypto
LogPluginManager: Mounting plugin PythonScriptPlugin
LogPluginManager: Mounting plugin SkeletalReduction
LogPluginManager: Mounting plugin AndroidMedia
LogPluginManager: Mounting plugin AvfMedia
LogPluginManager: Mounting plugin ImgMedia
LogPluginManager: Mounting plugin MediaCompositing
LogPluginManager: Mounting plugin MediaPlayerEditor
LogPluginManager: Mounting plugin WebMMedia
LogPluginManager: Mounting plugin WmfMedia
LogPluginManager: Mounting plugin Niagara
LogPluginManager: Mounting plugin ActorSequence
LogPluginManager: Mounting plugin LevelSequenceEditor
LogPluginManager: Mounting plugin MatineeToLevelSequence
LogPluginManager: Mounting plugin TemplateSequence
LogPluginManager: Mounting plugin TcpMessaging
LogPluginManager: Mounting plugin UdpMessaging
LogPluginManager: Mounting plugin OnlineSubsystem
LogPluginManager: Mounting plugin OnlineSubsystemNull
LogPluginManager: Mounting plugin OnlineSubsystemUtils
LogPluginManager: Mounting plugin ActorLayerUtilities
LogPluginManager: Mounting plugin AndroidDeviceProfileSelector
LogPluginManager: Mounting plugin AndroidMoviePlayer
LogPluginManager: Mounting plugin AndroidPermission
LogPluginManager: Mounting plugin AppleImageUtils
LogPluginManager: Mounting plugin AppleMoviePlayer
LogPluginManager: Mounting plugin ArchVisCharacter
LogPluginManager: Mounting plugin AssetTags
LogPluginManager: Mounting plugin AudioCapture
LogPluginManager: Mounting plugin AudioSynesthesia
LogPluginManager: Mounting plugin CableComponent
LogPluginManager: Mounting plugin ChunkDownloader
LogPluginManager: Mounting plugin CustomMeshComponent
LogPluginManager: Mounting plugin EditableMesh
LogPluginManager: Mounting plugin ExampleDeviceProfileSelector
LogPluginManager: Mounting plugin GoogleCloudMessaging
LogPluginManager: Mounting plugin LauncherChunkInstaller
LogPluginManager: Mounting plugin GooglePAD
LogPluginManager: Mounting plugin IOSDeviceProfileSelector
LogPluginManager: Mounting plugin LinuxDeviceProfileSelector
LogPluginManager: Mounting plugin LocationServicesBPLibrary
LogPluginManager: Mounting plugin MobilePatchingUtils
LogPluginManager: Mounting plugin OpenXR
LogPluginManager: Mounting plugin OpenXRHandTracking
LogPluginManager: Mounting plugin OpenXREyeTracker
LogPluginManager: Mounting plugin PostSplashScreen
LogPluginManager: Mounting plugin PhysXVehicles
LogPluginManager: Mounting plugin ProceduralMeshComponent
LogPluginManager: Mounting plugin PropertyAccessEditor
LogPluginManager: Mounting plugin RuntimePhysXCooking
LogPluginManager: Mounting plugin SignificanceManager
LogPluginManager: Mounting plugin SoundFields
LogPluginManager: Mounting plugin Synthesis
LogPluginManager: Mounting plugin WebMMoviePlayer
LogPluginManager: Mounting plugin WindowsMoviePlayer
LogPluginManager: Mounting plugin ScreenshotTools
LogPluginManager: Mounting plugin Takes
LogPluginManager: Mounting plugin ContentBrowserAssetDataSource
LogPluginManager: Mounting plugin ContentBrowserFileDataSource
LogPluginManager: Mounting plugin ContentBrowserClassDataSource
LogPluginManager: Mounting plugin OnlineSubsystemGooglePlay
LogPluginManager: Mounting plugin OnlineSubsystemIOS
LogPluginManager: Mounting plugin OculusVR
LogPluginManager: Mounting plugin SteamVR
PixWinPlugin: PIX capture plugin failed to initialize! Check that the process is launched from PIX.
LogInit: Using libcurl 7.55.1-DEV
LogInit:  - built for x86_64-pc-win32
LogInit:  - supports SSL with OpenSSL/1.1.1
LogInit:  - supports HTTP deflate (compression) using libz 1.2.8
LogInit:  - other features:
LogInit:      CURL_VERSION_SSL
LogInit:      CURL_VERSION_LIBZ
LogInit:      CURL_VERSION_IPV6
LogInit:      CURL_VERSION_ASYNCHDNS
LogInit:      CURL_VERSION_LARGEFILE
LogInit:      CURL_VERSION_IDN
LogInit:  CurlRequestOptions (configurable via config and command line):
LogInit:  - bVerifyPeer = true  - Libcurl will verify peer certificate
LogInit:  - bUseHttpProxy = false  - Libcurl will NOT use HTTP proxy
LogInit:  - bDontReuseConnections = false  - Libcurl will reuse connections
LogInit:  - MaxHostConnections = 16  - Libcurl will limit the number of connections to a host
LogInit:  - LocalHostAddr = Default
LogInit:  - BufferSize = 65536
LogOnline: OSS: Creating online subsystem instance for: NULL
LogInit: WinSock: version 1.1 (2.2), MaxSocks=32767, MaxUdp=65467
LogOnline: OSS: TryLoadSubsystemAndSetDefault: Loaded subsystem for module [NULL]
LogOculusPluginWrapper: OculusPlugin initialized successfully
LogHMD: Failed initializing OVRPlugin 1.59.0
LogInit: Build: ++UE4+Release-4.27-CL-18319896
LogInit: Engine Version: 4.27.2-18319896+++UE4+Release-4.27
LogInit: Compatible Engine Version: 4.27.0-17155196+++UE4+Release-4.27
LogInit: Net CL: 17155196
LogInit: OS: Windows 10 (Release 2009) (), CPU: 11th Gen Intel(R) Core(TM) i7-11700 @ 2.50GHz, GPU: NVIDIA GeForce RTX 3070
LogInit: Compiled (64-bit): Nov 30 2021 07:12:08
LogInit: Compiled with Visual C++: 19.24.28315.00
LogInit: Build Configuration: Development
LogInit: Branch Name: ++UE4+Release-4.27
LogInit: Command Line: 
LogInit: Base Directory: C:/Program Files/Epic Games/UE_4.27/Engine/Binaries/Win64/
LogInit: Allocator: TBB
LogInit: Installed Engine Build: 1
LogDevObjectVersion: Number of dev versions registered: 29
LogDevObjectVersion:   Dev-Blueprints (B0D832E4-1F89-4F0D-ACCF-7EB736FD4AA2): 10
LogDevObjectVersion:   Dev-Build (E1C64328-A22C-4D53-A36C-8E866417BD8C): 0
LogDevObjectVersion:   Dev-Core (375EC13C-06E4-48FB-B500-84F0262A717E): 4
LogDevObjectVersion:   Dev-Editor (E4B068ED-F494-42E9-A231-DA0B2E46BB41): 40
LogDevObjectVersion:   Dev-Framework (CFFC743F-43B0-4480-9391-14DF171D2073): 37
LogDevObjectVersion:   Dev-Mobile (B02B49B5-BB20-44E9-A304-32B752E40360): 3
LogDevObjectVersion:   Dev-Networking (A4E4105C-59A1-49B5-A7C5-40C4547EDFEE): 0
LogDevObjectVersion:   Dev-Online (39C831C9-5AE6-47DC-9A44-9C173E1C8E7C): 0
LogDevObjectVersion:   Dev-Physics (78F01B33-EBEA-4F98-B9B4-84EACCB95AA2): 14
LogDevObjectVersion:   Dev-Platform (6631380F-2D4D-43E0-8009-CF276956A95A): 0
LogDevObjectVersion:   Dev-Rendering (12F88B9F-8875-4AFC-A67C-D90C383ABD29): 45
LogDevObjectVersion:   Dev-Sequencer (7B5AE74C-D270-4C10-A958-57980B212A5A): 13
LogDevObjectVersion:   Dev-VR (D7296918-1DD6-4BDD-9DE2-64A83CC13884): 3
LogDevObjectVersion:   Dev-LoadTimes (C2A15278-BFE7-4AFE-6C17-90FF531DF755): 1
LogDevObjectVersion:   Private-Geometry (6EACA3D4-40EC-4CC1-B786-8BED09428FC5): 3
LogDevObjectVersion:   Dev-AnimPhys (29E575DD-E0A3-4627-9D10-D276232CDCEA): 17
LogDevObjectVersion:   Dev-Anim (AF43A65D-7FD3-4947-9873-3E8ED9C1BB05): 15
LogDevObjectVersion:   Dev-ReflectionCapture (6B266CEC-1EC7-4B8F-A30B-E4D90942FC07): 1
LogDevObjectVersion:   Dev-Automation (0DF73D61-A23F-47EA-B727-89E90C41499A): 1
LogDevObjectVersion:   FortniteMain (601D1886-AC64-4F84-AA16-D3DE0DEAC7D6): 47
LogDevObjectVersion:   FortniteRelease (E7086368-6B23-4C58-8439-1B7016265E91): 1
LogDevObjectVersion:   Dev-Enterprise (9DFFBCD6-494F-0158-E221-12823C92A888): 10
LogDevObjectVersion:   Dev-Niagara (F2AED0AC-9AFE-416F-8664-AA7FFA26D6FC): 1
LogDevObjectVersion:   Dev-Destruction (174F1F0B-B4C6-45A5-B13F-2EE8D0FB917D): 10
LogDevObjectVersion:   Dev-Physics-Ext (35F94A83-E258-406C-A318-09F59610247C): 41
LogDevObjectVersion:   Dev-PhysicsMaterial-Chaos (B68FC16E-8B1B-42E2-B453-215C058844FE): 1
LogDevObjectVersion:   Dev-CineCamera (B2E18506-4273-CFC2-A54E-F4BB758BBA07): 1
LogDevObjectVersion:   Dev-VirtualProduction (64F58936-FD1B-42BA-BA96-7289D5D0FA4E): 1
LogDevObjectVersion:   Dev-MediaFramework (6F0ED827-A609-4895-9C91-998D90180EA4): 2
LogInit: Presizing for max 25165824 objects, including 0 objects not considered by GC, pre-allocating 0 bytes for permanent pool.
LogConfig: Applying CVar settings from Section [/Script/Engine.StreamingSettings] File [D:/F.breton/Projet-4/Skip_CRJV2122_PS4/Alpha/Saved/Config/Windows/Engine.ini]
LogConfig: Setting CVar [[s.MinBulkDataSizeForAsyncLoading:131072]]
LogConfig: Setting CVar [[s.AsyncLoadingThreadEnabled:0]]
LogConfig: Setting CVar [[s.EventDrivenLoaderEnabled:1]]
LogConfig: Setting CVar [[s.WarnIfTimeLimitExceeded:0]]
LogConfig: Setting CVar [[s.TimeLimitExceededMultiplier:1.5]]
LogConfig: Setting CVar [[s.TimeLimitExceededMinTime:0.005]]
LogConfig: Setting CVar [[s.UseBackgroundLevelStreaming:1]]
LogConfig: Setting CVar [[s.PriorityAsyncLoadingExtraTime:15.0]]
LogConfig: Setting CVar [[s.LevelStreamingActorsUpdateTimeLimit:5.0]]
LogConfig: Setting CVar [[s.PriorityLevelStreamingActorsUpdateExtraTime:5.0]]
LogConfig: Setting CVar [[s.LevelStreamingComponentsRegistrationGranularity:10]]
LogConfig: Setting CVar [[s.UnregisterComponentsTimeLimit:1.0]]
LogConfig: Setting CVar [[s.LevelStreamingComponentsUnregistrationGranularity:5]]
LogConfig: Setting CVar [[s.FlushStreamingOnExit:1]]
LogInit: Object subsystem initialized
LogConfig: Setting CVar [[con.DebugEarlyDefault:1]]
LogConfig: Setting CVar [[r.setres:1280x720]]
[2022.05.19-09.22.51:032][  0]LogConfig: Setting CVar [[r.VSync:0]]
[2022.05.19-09.22.51:032][  0]LogConfig: Setting CVar [[r.RHICmdBypass:0]]
[2022.05.19-09.22.51:032][  0]LogConfig: Applying CVar settings from Section [/Script/Engine.RendererSettings] File [D:/F.breton/Projet-4/Skip_CRJV2122_PS4/Alpha/Saved/Config/Windows/Engine.ini]
[2022.05.19-09.22.51:032][  0]LogConfig: Setting CVar [[r.GPUCrashDebugging:0]]
[2022.05.19-09.22.51:032][  0]LogConfig: Setting CVar [[r.Mobile.ReflectionCaptureCompression:0]]
[2022.05.19-09.22.51:032][  0]LogConfig: Setting CVar [[r.AllowGlobalClipPlane:0]]
[2022.05.19-09.22.51:032][  0]LogConfig: Setting CVar [[r.DBuffer:1]]
[2022.05.19-09.22.51:032][  0]LogConfig: Applying CVar settings from Section [/Script/Engine.RendererOverrideSettings] File [D:/F.breton/Projet-4/Skip_CRJV2122_PS4/Alpha/Saved/Config/Windows/Engine.ini]
[2022.05.19-09.22.51:032][  0]LogConfig: Applying CVar settings from Section [/Script/Engine.StreamingSettings] File [D:/F.breton/Projet-4/Skip_CRJV2122_PS4/Alpha/Saved/Config/Windows/Engine.ini]
[2022.05.19-09.22.51:032][  0]LogConfig: Setting CVar [[s.MinBulkDataSizeForAsyncLoading:131072]]
[2022.05.19-09.22.51:032][  0]LogConfig: Setting CVar [[s.AsyncLoadingThreadEnabled:0]]
[2022.05.19-09.22.51:032][  0]LogConfig: Setting CVar [[s.EventDrivenLoaderEnabled:1]]
[2022.05.19-09.22.51:032][  0]LogConfig: Setting CVar [[s.WarnIfTimeLimitExceeded:0]]
[2022.05.19-09.22.51:032][  0]LogConfig: Setting CVar [[s.TimeLimitExceededMultiplier:1.5]]
[2022.05.19-09.22.51:032][  0]LogConfig: Setting CVar [[s.TimeLimitExceededMinTime:0.005]]
[2022.05.19-09.22.51:032][  0]LogConfig: Setting CVar [[s.UseBackgroundLevelStreaming:1]]
[2022.05.19-09.22.51:032][  0]LogConfig: Setting CVar [[s.PriorityAsyncLoadingExtraTime:15.0]]
[2022.05.19-09.22.51:032][  0]LogConfig: Setting CVar [[s.LevelStreamingActorsUpdateTimeLimit:5.0]]
[2022.05.19-09.22.51:032][  0]LogConfig: Setting CVar [[s.PriorityLevelStreamingActorsUpdateExtraTime:5.0]]
[2022.05.19-09.22.51:032][  0]LogConfig: Setting CVar [[s.LevelStreamingComponentsRegistrationGranularity:10]]
[2022.05.19-09.22.51:032][  0]LogConfig: Setting CVar [[s.UnregisterComponentsTimeLimit:1.0]]
[2022.05.19-09.22.51:032][  0]LogConfig: Setting CVar [[s.LevelStreamingComponentsUnregistrationGranularity:5]]
[2022.05.19-09.22.51:032][  0]LogConfig: Setting CVar [[s.FlushStreamingOnExit:1]]
[2022.05.19-09.22.51:032][  0]LogConfig: Applying CVar settings from Section [/Script/Engine.GarbageCollectionSettings] File [D:/F.breton/Projet-4/Skip_CRJV2122_PS4/Alpha/Saved/Config/Windows/Engine.ini]
[2022.05.19-09.22.51:032][  0]LogConfig: Setting CVar [[gc.MaxObjectsNotConsideredByGC:1]]
[2022.05.19-09.22.51:032][  0]LogConfig: Setting CVar [[gc.SizeOfPermanentObjectPool:0]]
[2022.05.19-09.22.51:032][  0]LogConfig: Setting CVar [[gc.FlushStreamingOnGC:0]]
[2022.05.19-09.22.51:032][  0]LogConfig: Setting CVar [[gc.NumRetriesBeforeForcingGC:10]]
[2022.05.19-09.22.51:032][  0]LogConfig: Setting CVar [[gc.AllowParallelGC:1]]
[2022.05.19-09.22.51:032][  0]LogConfig: Setting CVar [[gc.TimeBetweenPurgingPendingKillObjects:61.1]]
[2022.05.19-09.22.51:032][  0]LogConfig: Setting CVar [[gc.MaxObjectsInEditor:25165824]]
[2022.05.19-09.22.51:032][  0]LogConfig: Setting CVar [[gc.IncrementalBeginDestroyEnabled:1]]
[2022.05.19-09.22.51:032][  0]LogConfig: Setting CVar [[gc.CreateGCClusters:1]]
[2022.05.19-09.22.51:032][  0]LogConfig: Setting CVar [[gc.MinGCClusterSize:5]]
[2022.05.19-09.22.51:032][  0]LogConfig: Setting CVar [[gc.ActorClusteringEnabled:0]]
[2022.05.19-09.22.51:032][  0]LogConfig: Setting CVar [[gc.BlueprintClusteringEnabled:0]]
[2022.05.19-09.22.51:032][  0]LogConfig: Setting CVar [[gc.UseDisregardForGCOnDedicatedServers:0]]
[2022.05.19-09.22.51:032][  0]LogConfig: Setting CVar [[gc.MultithreadedDestructionEnabled:1]]
[2022.05.19-09.22.51:032][  0]LogConfig: Applying CVar settings from Section [/Script/Engine.NetworkSettings] File [D:/F.breton/Projet-4/Skip_CRJV2122_PS4/Alpha/Saved/Config/Windows/Engine.ini]
[2022.05.19-09.22.51:032][  0]LogConfig: Applying CVar settings from Section [/Script/UnrealEd.CookerSettings] File [D:/F.breton/Projet-4/Skip_CRJV2122_PS4/Alpha/Saved/Config/Windows/Engine.ini]
[2022.05.19-09.22.51:037][  0]LogConfig: Applying CVar settings from Section [ViewDistanceQuality@3] File [D:/F.breton/Projet-4/Skip_CRJV2122_PS4/Alpha/Saved/Config/Windows/Scalability.ini]
[2022.05.19-09.22.51:037][  0]LogConfig: Setting CVar [[r.SkeletalMeshLODBias:0]]
[2022.05.19-09.22.51:037][  0]LogConfig: Setting CVar [[r.ViewDistanceScale:1.0]]
[2022.05.19-09.22.51:037][  0]LogConfig: Applying CVar settings from Section [AntiAliasingQuality@3] File [D:/F.breton/Projet-4/Skip_CRJV2122_PS4/Alpha/Saved/Config/Windows/Scalability.ini]
[2022.05.19-09.22.51:037][  0]LogConfig: Setting CVar [[r.PostProcessAAQuality:4]]
[2022.05.19-09.22.51:037][  0]LogConfig: Applying CVar settings from Section [ShadowQuality@3] File [D:/F.breton/Projet-4/Skip_CRJV2122_PS4/Alpha/Saved/Config/Windows/Scalability.ini]
[2022.05.19-09.22.51:037][  0]LogConfig: Setting CVar [[r.LightFunctionQuality:1]]
[2022.05.19-09.22.51:037][  0]LogConfig: Setting CVar [[r.ShadowQuality:5]]
[2022.05.19-09.22.51:037][  0]LogConfig: Setting CVar [[r.Shadow.CSM.MaxCascades:10]]
[2022.05.19-09.22.51:037][  0]LogConfig: Setting CVar [[r.Shadow.MaxResolution:2048]]
[2022.05.19-09.22.51:037][  0]LogConfig: Setting CVar [[r.Shadow.MaxCSMResolution:2048]]
[2022.05.19-09.22.51:037][  0]LogConfig: Setting CVar [[r.Shadow.RadiusThreshold:0.01]]
[2022.05.19-09.22.51:037][  0]LogConfig: Setting CVar [[r.Shadow.DistanceScale:1.0]]
[2022.05.19-09.22.51:037][  0]LogConfig: Setting CVar [[r.Shadow.CSM.TransitionScale:1.0]]
[2022.05.19-09.22.51:037][  0]LogConfig: Setting CVar [[r.Shadow.PreShadowResolutionFactor:1.0]]
[2022.05.19-09.22.51:037][  0]LogConfig: Setting CVar [[r.DistanceFieldShadowing:1]]
[2022.05.19-09.22.51:037][  0]LogConfig: Setting CVar [[r.DistanceFieldAO:1]]
[2022.05.19-09.22.51:037][  0]LogConfig: Setting CVar [[r.AOQuality:2]]
[2022.05.19-09.22.51:037][  0]LogConfig: Setting CVar [[r.VolumetricFog:1]]
[2022.05.19-09.22.51:037][  0]LogConfig: Setting CVar [[r.VolumetricFog.GridPixelSize:8]]
[2022.05.19-09.22.51:037][  0]LogConfig: Setting CVar [[r.VolumetricFog.GridSizeZ:128]]
[2022.05.19-09.22.51:037][  0]LogConfig: Setting CVar [[r.VolumetricFog.HistoryMissSupersampleCount:4]]
[2022.05.19-09.22.51:037][  0]LogConfig: Setting CVar [[r.LightMaxDrawDistanceScale:1]]
[2022.05.19-09.22.51:037][  0]LogConfig: Setting CVar [[r.CapsuleShadows:1]]
[2022.05.19-09.22.51:037][  0]LogConfig: Applying CVar settings from Section [PostProcessQuality@3] File [D:/F.breton/Projet-4/Skip_CRJV2122_PS4/Alpha/Saved/Config/Windows/Scalability.ini]
[2022.05.19-09.22.51:037][  0]LogConfig: Setting CVar [[r.MotionBlurQuality:4]]
[2022.05.19-09.22.51:037][  0]LogConfig: Setting CVar [[r.AmbientOcclusionMipLevelFactor:0.4]]
[2022.05.19-09.22.51:037][  0]LogConfig: Setting CVar [[r.AmbientOcclusionMaxQuality:100]]
[2022.05.19-09.22.51:037][  0]LogConfig: Setting CVar [[r.AmbientOcclusionLevels:-1]]
[2022.05.19-09.22.51:037][  0]LogConfig: Setting CVar [[r.AmbientOcclusionRadiusScale:1.0]]
[2022.05.19-09.22.51:037][  0]LogConfig: Setting CVar [[r.DepthOfFieldQuality:2]]
[2022.05.19-09.22.51:037][  0]LogConfig: Setting CVar [[r.RenderTargetPoolMin:400]]
[2022.05.19-09.22.51:037][  0]LogConfig: Setting CVar [[r.LensFlareQuality:2]]
[2022.05.19-09.22.51:037][  0]LogConfig: Setting CVar [[r.SceneColorFringeQuality:1]]
[2022.05.19-09.22.51:037][  0]LogConfig: Setting CVar [[r.EyeAdaptationQuality:2]]
[2022.05.19-09.22.51:037][  0]LogConfig: Setting CVar [[r.BloomQuality:5]]
[2022.05.19-09.22.51:037][  0]LogConfig: Setting CVar [[r.FastBlurThreshold:100]]
[2022.05.19-09.22.51:037][  0]LogConfig: Setting CVar [[r.Upscale.Quality:3]]
[2022.05.19-09.22.51:037][  0]LogConfig: Setting CVar [[r.Tonemapper.GrainQuantization:1]]
[2022.05.19-09.22.51:037][  0]LogConfig: Setting CVar [[r.LightShaftQuality:1]]
[2022.05.19-09.22.51:037][  0]LogConfig: Setting CVar [[r.Filter.SizeScale:1]]
[2022.05.19-09.22.51:038][  0]LogConfig: Setting CVar [[r.Tonemapper.Quality:5]]
[2022.05.19-09.22.51:038][  0]LogConfig: Setting CVar [[r.DOF.Gather.AccumulatorQuality:1        ; higher gathering accumulator quality]]
[2022.05.19-09.22.51:038][  0]LogConfig: Setting CVar [[r.DOF.Gather.PostfilterMethod:1          ; Median3x3 postfilering method]]
[2022.05.19-09.22.51:038][  0]LogConfig: Setting CVar [[r.DOF.Gather.EnableBokehSettings:0       ; no bokeh simulation when gathering]]
[2022.05.19-09.22.51:038][  0]LogConfig: Setting CVar [[r.DOF.Gather.RingCount:4                 ; medium number of samples when gathering]]
[2022.05.19-09.22.51:038][  0]LogConfig: Setting CVar [[r.DOF.Scatter.ForegroundCompositing:1    ; additive foreground scattering]]
[2022.05.19-09.22.51:038][  0]LogConfig: Setting CVar [[r.DOF.Scatter.BackgroundCompositing:2    ; additive background scattering]]
[2022.05.19-09.22.51:038][  0]LogConfig: Setting CVar [[r.DOF.Scatter.EnableBokehSettings:1      ; bokeh simulation when scattering]]
[2022.05.19-09.22.51:038][  0]LogConfig: Setting CVar [[r.DOF.Scatter.MaxSpriteRatio:0.1         ; only a maximum of 10% of scattered bokeh]]
[2022.05.19-09.22.51:038][  0]LogConfig: Setting CVar [[r.DOF.Recombine.Quality:1                ; cheap slight out of focus]]
[2022.05.19-09.22.51:038][  0]LogConfig: Setting CVar [[r.DOF.Recombine.EnableBokehSettings:0    ; no bokeh simulation on slight out of focus]]
[2022.05.19-09.22.51:038][  0]LogConfig: Setting CVar [[r.DOF.TemporalAAQuality:1                ; more stable temporal accumulation]]
[2022.05.19-09.22.51:038][  0]LogConfig: Setting CVar [[r.DOF.Kernel.MaxForegroundRadius:0.025]]
[2022.05.19-09.22.51:038][  0]LogConfig: Setting CVar [[r.DOF.Kernel.MaxBackgroundRadius:0.025]]
[2022.05.19-09.22.51:038][  0]LogConfig: Applying CVar settings from Section [TextureQuality@3] File [D:/F.breton/Projet-4/Skip_CRJV2122_PS4/Alpha/Saved/Config/Windows/Scalability.ini]
[2022.05.19-09.22.51:038][  0]LogConfig: Setting CVar [[r.Streaming.MipBias:0]]
[2022.05.19-09.22.51:038][  0]LogConfig: Setting CVar [[r.Streaming.AmortizeCPUToGPUCopy:0]]
[2022.05.19-09.22.51:038][  0]LogConfig: Setting CVar [[r.Streaming.MaxNumTexturesToStreamPerFrame:0]]
[2022.05.19-09.22.51:038][  0]LogConfig: Setting CVar [[r.Streaming.Boost:1]]
[2022.05.19-09.22.51:038][  0]LogConfig: Setting CVar [[r.MaxAnisotropy:8]]
[2022.05.19-09.22.51:038][  0]LogConfig: Setting CVar [[r.VT.MaxAnisotropy:8]]
[2022.05.19-09.22.51:038][  0]LogConfig: Setting CVar [[r.Streaming.LimitPoolSizeToVRAM:0]]
[2022.05.19-09.22.51:038][  0]LogConfig: Setting CVar [[r.Streaming.PoolSize:1000]]
[2022.05.19-09.22.51:038][  0]LogConfig: Setting CVar [[r.Streaming.MaxEffectiveScreenSize:0]]
[2022.05.19-09.22.51:038][  0]LogConfig: Applying CVar settings from Section [EffectsQuality@3] File [D:/F.breton/Projet-4/Skip_CRJV2122_PS4/Alpha/Saved/Config/Windows/Scalability.ini]
[2022.05.19-09.22.51:038][  0]LogConfig: Setting CVar [[r.TranslucencyLightingVolumeDim:64]]
[2022.05.19-09.22.51:038][  0]LogConfig: Setting CVar [[r.RefractionQuality:2]]
[2022.05.19-09.22.51:038][  0]LogConfig: Setting CVar [[r.SSR.Quality:3]]
[2022.05.19-09.22.51:038][  0]LogConfig: Setting CVar [[r.SSR.HalfResSceneColor:0]]
[2022.05.19-09.22.51:038][  0]LogConfig: Setting CVar [[r.SceneColorFormat:4]]
[2022.05.19-09.22.51:038][  0]LogConfig: Setting CVar [[r.DetailMode:2]]
[2022.05.19-09.22.51:038][  0]LogConfig: Setting CVar [[r.TranslucencyVolumeBlur:1]]
[2022.05.19-09.22.51:038][  0]LogConfig: Setting CVar [[r.MaterialQualityLevel:1 ; High quality]]
[2022.05.19-09.22.51:038][  0]LogConfig: Setting CVar [[r.AnisotropicMaterials:1]]
[2022.05.19-09.22.51:038][  0]LogConfig: Setting CVar [[r.SSS.Scale:1]]
[2022.05.19-09.22.51:038][  0]LogConfig: Setting CVar [[r.SSS.SampleSet:2]]
[2022.05.19-09.22.51:038][  0]LogConfig: Setting CVar [[r.SSS.Quality:1]]
[2022.05.19-09.22.51:038][  0]LogConfig: Setting CVar [[r.SSS.HalfRes:0]]
[2022.05.19-09.22.51:038][  0]LogConfig: Setting CVar [[r.SSGI.Quality:3]]
[2022.05.19-09.22.51:038][  0]LogConfig: Setting CVar [[r.EmitterSpawnRateScale:1.0]]
[2022.05.19-09.22.51:038][  0]LogConfig: Setting CVar [[r.ParticleLightQuality:2]]
[2022.05.19-09.22.51:038][  0]LogConfig: Setting CVar [[r.SkyAtmosphere.AerialPerspectiveLUT.FastApplyOnOpaque:1 ; Always have FastSkyLUT 1 in this case to avoid wrong sky]]
[2022.05.19-09.22.51:038][  0]LogConfig: Setting CVar [[r.SkyAtmosphere.AerialPerspectiveLUT.SampleCountMaxPerSlice:4]]
[2022.05.19-09.22.51:038][  0]LogConfig: Setting CVar [[r.SkyAtmosphere.AerialPerspectiveLUT.DepthResolution:16.0]]
[2022.05.19-09.22.51:038][  0]LogConfig: Setting CVar [[r.SkyAtmosphere.FastSkyLUT:1]]
[2022.05.19-09.22.51:038][  0]LogConfig: Setting CVar [[r.SkyAtmosphere.FastSkyLUT.SampleCountMin:4.0]]
[2022.05.19-09.22.51:038][  0]LogConfig: Setting CVar [[r.SkyAtmosphere.FastSkyLUT.SampleCountMax:128.0]]
[2022.05.19-09.22.51:038][  0]LogConfig: Setting CVar [[r.SkyAtmosphere.SampleCountMin:4.0]]
[2022.05.19-09.22.51:038][  0]LogConfig: Setting CVar [[r.SkyAtmosphere.SampleCountMax:128.0]]
[2022.05.19-09.22.51:038][  0]LogConfig: Setting CVar [[r.SkyAtmosphere.TransmittanceLUT.UseSmallFormat:0]]
[2022.05.19-09.22.51:038][  0]LogConfig: Setting CVar [[r.SkyAtmosphere.TransmittanceLUT.SampleCount:10.0]]
[2022.05.19-09.22.51:038][  0]LogConfig: Setting CVar [[r.SkyAtmosphere.MultiScatteringLUT.SampleCount:15.0]]
[2022.05.19-09.22.51:038][  0]LogConfig: Setting CVar [[r.SkyLight.RealTimeReflectionCapture:1]]
[2022.05.19-09.22.51:038][  0]LogConfig: Applying CVar settings from Section [FoliageQuality@3] File [D:/F.breton/Projet-4/Skip_CRJV2122_PS4/Alpha/Saved/Config/Windows/Scalability.ini]
[2022.05.19-09.22.51:038][  0]LogConfig: Setting CVar [[foliage.DensityScale:1.0]]
[2022.05.19-09.22.51:038][  0]LogConfig: Setting CVar [[grass.DensityScale:1.0]]
[2022.05.19-09.22.51:038][  0]LogConfig: Applying CVar settings from Section [ShadingQuality@3] File [D:/F.breton/Projet-4/Skip_CRJV2122_PS4/Alpha/Saved/Config/Windows/Scalability.ini]
[2022.05.19-09.22.51:038][  0]LogConfig: Setting CVar [[r.HairStrands.SkyLighting.IntegrationType:2]]
[2022.05.19-09.22.51:038][  0]LogConfig: Setting CVar [[r.HairStrands.SkyAO.SampleCount:4]]
[2022.05.19-09.22.51:038][  0]LogConfig: Setting CVar [[r.HairStrands.Visibility.MSAA.SamplePerPixel:4]]
[2022.05.19-09.22.51:038][  0]LogInit: Selected Device Profile: [Windows]
[2022.05.19-09.22.51:038][  0]LogInit: Applying CVar settings loaded from the selected device profile: [Windows]
[2022.05.19-09.22.51:038][  0]LogHAL: Display: Platform has ~ 16 GB [16945225728 / 17179869184 / 16], which maps to Larger [LargestMinGB=32, LargerMinGB=12, DefaultMinGB=8, SmallerMinGB=6, SmallestMinGB=0)
[2022.05.19-09.22.51:038][  0]LogInit: Going up to parent DeviceProfile []
[2022.05.19-09.22.51:038][  0]LogConfig: Applying CVar settings from Section [ViewDistanceQuality@3] File [D:/F.breton/Projet-4/Skip_CRJV2122_PS4/Alpha/Saved/Config/Windows/Scalability.ini]
[2022.05.19-09.22.51:038][  0]LogConfig: Setting CVar [[r.SkeletalMeshLODBias:0]]
[2022.05.19-09.22.51:038][  0]LogConfig: Setting CVar [[r.ViewDistanceScale:1.0]]
[2022.05.19-09.22.51:038][  0]LogConfig: Applying CVar settings from Section [AntiAliasingQuality@3] File [D:/F.breton/Projet-4/Skip_CRJV2122_PS4/Alpha/Saved/Config/Windows/Scalability.ini]
[2022.05.19-09.22.51:038][  0]LogConfig: Setting CVar [[r.PostProcessAAQuality:4]]
[2022.05.19-09.22.51:038][  0]LogConfig: Applying CVar settings from Section [ShadowQuality@3] File [D:/F.breton/Projet-4/Skip_CRJV2122_PS4/Alpha/Saved/Config/Windows/Scalability.ini]
[2022.05.19-09.22.51:038][  0]LogConfig: Setting CVar [[r.LightFunctionQuality:1]]
[2022.05.19-09.22.51:038][  0]LogConfig: Setting CVar [[r.ShadowQuality:5]]
[2022.05.19-09.22.51:038][  0]LogConfig: Setting CVar [[r.Shadow.CSM.MaxCascades:10]]
[2022.05.19-09.22.51:038][  0]LogConfig: Setting CVar [[r.Shadow.MaxResolution:2048]]
[2022.05.19-09.22.51:038][  0]LogConfig: Setting CVar [[r.Shadow.MaxCSMResolution:2048]]
[2022.05.19-09.22.51:038][  0]LogConfig: Setting CVar [[r.Shadow.RadiusThreshold:0.01]]
[2022.05.19-09.22.51:038][  0]LogConfig: Setting CVar [[r.Shadow.DistanceScale:1.0]]
[2022.05.19-09.22.51:038][  0]LogConfig: Setting CVar [[r.Shadow.CSM.TransitionScale:1.0]]
[2022.05.19-09.22.51:038][  0]LogConfig: Setting CVar [[r.Shadow.PreShadowResolutionFactor:1.0]]
[2022.05.19-09.22.51:038][  0]LogConfig: Setting CVar [[r.DistanceFieldShadowing:1]]
[2022.05.19-09.22.51:038][  0]LogConfig: Setting CVar [[r.DistanceFieldAO:1]]
[2022.05.19-09.22.51:038][  0]LogConfig: Setting CVar [[r.AOQuality:2]]
[2022.05.19-09.22.51:038][  0]LogConfig: Setting CVar [[r.VolumetricFog:1]]
[2022.05.19-09.22.51:038][  0]LogConfig: Setting CVar [[r.VolumetricFog.GridPixelSize:8]]
[2022.05.19-09.22.51:038][  0]LogConfig: Setting CVar [[r.VolumetricFog.GridSizeZ:128]]
[2022.05.19-09.22.51:038][  0]LogConfig: Setting CVar [[r.VolumetricFog.HistoryMissSupersampleCount:4]]
[2022.05.19-09.22.51:038][  0]LogConfig: Setting CVar [[r.LightMaxDrawDistanceScale:1]]
[2022.05.19-09.22.51:038][  0]LogConfig: Setting CVar [[r.CapsuleShadows:1]]
[2022.05.19-09.22.51:038][  0]LogConfig: Applying CVar settings from Section [PostProcessQuality@3] File [D:/F.breton/Projet-4/Skip_CRJV2122_PS4/Alpha/Saved/Config/Windows/Scalability.ini]
[2022.05.19-09.22.51:038][  0]LogConfig: Setting CVar [[r.MotionBlurQuality:4]]
[2022.05.19-09.22.51:038][  0]LogConfig: Setting CVar [[r.AmbientOcclusionMipLevelFactor:0.4]]
[2022.05.19-09.22.51:038][  0]LogConfig: Setting CVar [[r.AmbientOcclusionMaxQuality:100]]
[2022.05.19-09.22.51:038][  0]LogConfig: Setting CVar [[r.AmbientOcclusionLevels:-1]]
[2022.05.19-09.22.51:038][  0]LogConfig: Setting CVar [[r.AmbientOcclusionRadiusScale:1.0]]
[2022.05.19-09.22.51:038][  0]LogConfig: Setting CVar [[r.DepthOfFieldQuality:2]]
[2022.05.19-09.22.51:038][  0]LogConfig: Setting CVar [[r.RenderTargetPoolMin:400]]
[2022.05.19-09.22.51:038][  0]LogConfig: Setting CVar [[r.LensFlareQuality:2]]
[2022.05.19-09.22.51:038][  0]LogConfig: Setting CVar [[r.SceneColorFringeQuality:1]]
[2022.05.19-09.22.51:038][  0]LogConfig: Setting CVar [[r.EyeAdaptationQuality:2]]
[2022.05.19-09.22.51:038][  0]LogConfig: Setting CVar [[r.BloomQuality:5]]
[2022.05.19-09.22.51:038][  0]LogConfig: Setting CVar [[r.FastBlurThreshold:100]]
[2022.05.19-09.22.51:038][  0]LogConfig: Setting CVar [[r.Upscale.Quality:3]]
[2022.05.19-09.22.51:038][  0]LogConfig: Setting CVar [[r.Tonemapper.GrainQuantization:1]]
[2022.05.19-09.22.51:038][  0]LogConfig: Setting CVar [[r.LightShaftQuality:1]]
[2022.05.19-09.22.51:038][  0]LogConfig: Setting CVar [[r.Filter.SizeScale:1]]
[2022.05.19-09.22.51:038][  0]LogConfig: Setting CVar [[r.Tonemapper.Quality:5]]
[2022.05.19-09.22.51:038][  0]LogConfig: Setting CVar [[r.DOF.Gather.AccumulatorQuality:1        ; higher gathering accumulator quality]]
[2022.05.19-09.22.51:038][  0]LogConfig: Setting CVar [[r.DOF.Gather.PostfilterMethod:1          ; Median3x3 postfilering method]]
[2022.05.19-09.22.51:038][  0]LogConfig: Setting CVar [[r.DOF.Gather.EnableBokehSettings:0       ; no bokeh simulation when gathering]]
[2022.05.19-09.22.51:038][  0]LogConfig: Setting CVar [[r.DOF.Gather.RingCount:4                 ; medium number of samples when gathering]]
[2022.05.19-09.22.51:038][  0]LogConfig: Setting CVar [[r.DOF.Scatter.ForegroundCompositing:1    ; additive foreground scattering]]
[2022.05.19-09.22.51:038][  0]LogConfig: Setting CVar [[r.DOF.Scatter.BackgroundCompositing:2    ; additive background scattering]]
[2022.05.19-09.22.51:038][  0]LogConfig: Setting CVar [[r.DOF.Scatter.EnableBokehSettings:1      ; bokeh simulation when scattering]]
[2022.05.19-09.22.51:038][  0]LogConfig: Setting CVar [[r.DOF.Scatter.MaxSpriteRatio:0.1         ; only a maximum of 10% of scattered bokeh]]
[2022.05.19-09.22.51:038][  0]LogConfig: Setting CVar [[r.DOF.Recombine.Quality:1                ; cheap slight out of focus]]
[2022.05.19-09.22.51:038][  0]LogConfig: Setting CVar [[r.DOF.Recombine.EnableBokehSettings:0    ; no bokeh simulation on slight out of focus]]
[2022.05.19-09.22.51:038][  0]LogConfig: Setting CVar [[r.DOF.TemporalAAQuality:1                ; more stable temporal accumulation]]
[2022.05.19-09.22.51:038][  0]LogConfig: Setting CVar [[r.DOF.Kernel.MaxForegroundRadius:0.025]]
[2022.05.19-09.22.51:038][  0]LogConfig: Setting CVar [[r.DOF.Kernel.MaxBackgroundRadius:0.025]]
[2022.05.19-09.22.51:038][  0]LogConfig: Applying CVar settings from Section [TextureQuality@3] File [D:/F.breton/Projet-4/Skip_CRJV2122_PS4/Alpha/Saved/Config/Windows/Scalability.ini]
[2022.05.19-09.22.51:038][  0]LogConfig: Setting CVar [[r.Streaming.MipBias:0]]
[2022.05.19-09.22.51:038][  0]LogConfig: Setting CVar [[r.Streaming.AmortizeCPUToGPUCopy:0]]
[2022.05.19-09.22.51:038][  0]LogConfig: Setting CVar [[r.Streaming.MaxNumTexturesToStreamPerFrame:0]]
[2022.05.19-09.22.51:038][  0]LogConfig: Setting CVar [[r.Streaming.Boost:1]]
[2022.05.19-09.22.51:038][  0]LogConfig: Setting CVar [[r.MaxAnisotropy:8]]
[2022.05.19-09.22.51:038][  0]LogConfig: Setting CVar [[r.VT.MaxAnisotropy:8]]
[2022.05.19-09.22.51:039][  0]LogConfig: Setting CVar [[r.Streaming.LimitPoolSizeToVRAM:0]]
[2022.05.19-09.22.51:039][  0]LogConfig: Setting CVar [[r.Streaming.PoolSize:1000]]
[2022.05.19-09.22.51:039][  0]LogConfig: Setting CVar [[r.Streaming.MaxEffectiveScreenSize:0]]
[2022.05.19-09.22.51:039][  0]LogConfig: Applying CVar settings from Section [EffectsQuality@3] File [D:/F.breton/Projet-4/Skip_CRJV2122_PS4/Alpha/Saved/Config/Windows/Scalability.ini]
[2022.05.19-09.22.51:039][  0]LogConfig: Setting CVar [[r.TranslucencyLightingVolumeDim:64]]
[2022.05.19-09.22.51:039][  0]LogConfig: Setting CVar [[r.RefractionQuality:2]]
[2022.05.19-09.22.51:039][  0]LogConfig: Setting CVar [[r.SSR.Quality:3]]
[2022.05.19-09.22.51:039][  0]LogConfig: Setting CVar [[r.SSR.HalfResSceneColor:0]]
[2022.05.19-09.22.51:039][  0]LogConfig: Setting CVar [[r.SceneColorFormat:4]]
[2022.05.19-09.22.51:039][  0]LogConfig: Setting CVar [[r.DetailMode:2]]
[2022.05.19-09.22.51:039][  0]LogConfig: Setting CVar [[r.TranslucencyVolumeBlur:1]]
[2022.05.19-09.22.51:039][  0]LogConfig: Setting CVar [[r.MaterialQualityLevel:1 ; High quality]]
[2022.05.19-09.22.51:039][  0]LogConfig: Setting CVar [[r.AnisotropicMaterials:1]]
[2022.05.19-09.22.51:039][  0]LogConfig: Setting CVar [[r.SSS.Scale:1]]
[2022.05.19-09.22.51:039][  0]LogConfig: Setting CVar [[r.SSS.SampleSet:2]]
[2022.05.19-09.22.51:039][  0]LogConfig: Setting CVar [[r.SSS.Quality:1]]
[2022.05.19-09.22.51:039][  0]LogConfig: Setting CVar [[r.SSS.HalfRes:0]]
[2022.05.19-09.22.51:039][  0]LogConfig: Setting CVar [[r.SSGI.Quality:3]]
[2022.05.19-09.22.51:039][  0]LogConfig: Setting CVar [[r.EmitterSpawnRateScale:1.0]]
[2022.05.19-09.22.51:039][  0]LogConfig: Setting CVar [[r.ParticleLightQuality:2]]
[2022.05.19-09.22.51:039][  0]LogConfig: Setting CVar [[r.SkyAtmosphere.AerialPerspectiveLUT.FastApplyOnOpaque:1 ; Always have FastSkyLUT 1 in this case to avoid wrong sky]]
[2022.05.19-09.22.51:039][  0]LogConfig: Setting CVar [[r.SkyAtmosphere.AerialPerspectiveLUT.SampleCountMaxPerSlice:4]]
[2022.05.19-09.22.51:039][  0]LogConfig: Setting CVar [[r.SkyAtmosphere.AerialPerspectiveLUT.DepthResolution:16.0]]
[2022.05.19-09.22.51:039][  0]LogConfig: Setting CVar [[r.SkyAtmosphere.FastSkyLUT:1]]
[2022.05.19-09.22.51:039][  0]LogConfig: Setting CVar [[r.SkyAtmosphere.FastSkyLUT.SampleCountMin:4.0]]
[2022.05.19-09.22.51:039][  0]LogConfig: Setting CVar [[r.SkyAtmosphere.FastSkyLUT.SampleCountMax:128.0]]
[2022.05.19-09.22.51:039][  0]LogConfig: Setting CVar [[r.SkyAtmosphere.SampleCountMin:4.0]]
[2022.05.19-09.22.51:039][  0]LogConfig: Setting CVar [[r.SkyAtmosphere.SampleCountMax:128.0]]
[2022.05.19-09.22.51:039][  0]LogConfig: Setting CVar [[r.SkyAtmosphere.TransmittanceLUT.UseSmallFormat:0]]
[2022.05.19-09.22.51:039][  0]LogConfig: Setting CVar [[r.SkyAtmosphere.TransmittanceLUT.SampleCount:10.0]]
[2022.05.19-09.22.51:039][  0]LogConfig: Setting CVar [[r.SkyAtmosphere.MultiScatteringLUT.SampleCount:15.0]]
[2022.05.19-09.22.51:039][  0]LogConfig: Setting CVar [[r.SkyLight.RealTimeReflectionCapture:1]]
[2022.05.19-09.22.51:039][  0]LogConfig: Applying CVar settings from Section [FoliageQuality@3] File [D:/F.breton/Projet-4/Skip_CRJV2122_PS4/Alpha/Saved/Config/Windows/Scalability.ini]
[2022.05.19-09.22.51:039][  0]LogConfig: Setting CVar [[foliage.DensityScale:1.0]]
[2022.05.19-09.22.51:039][  0]LogConfig: Setting CVar [[grass.DensityScale:1.0]]
[2022.05.19-09.22.51:039][  0]LogConfig: Applying CVar settings from Section [ShadingQuality@3] File [D:/F.breton/Projet-4/Skip_CRJV2122_PS4/Alpha/Saved/Config/Windows/Scalability.ini]
[2022.05.19-09.22.51:039][  0]LogConfig: Setting CVar [[r.HairStrands.SkyLighting.IntegrationType:2]]
[2022.05.19-09.22.51:039][  0]LogConfig: Setting CVar [[r.HairStrands.SkyAO.SampleCount:4]]
[2022.05.19-09.22.51:039][  0]LogConfig: Setting CVar [[r.HairStrands.Visibility.MSAA.SamplePerPixel:4]]
[2022.05.19-09.22.51:039][  0]LogConfig: Applying CVar settings from Section [Startup] File [../../../Engine/Config/ConsoleVariables.ini]
[2022.05.19-09.22.51:039][  0]LogConfig: Setting CVar [[net.UseAdaptiveNetUpdateFrequency:0]]
[2022.05.19-09.22.51:039][  0]LogConfig: Setting CVar [[p.chaos.AllowCreatePhysxBodies:1]]
[2022.05.19-09.22.51:039][  0]LogConfig: Setting CVar [[fx.SkipVectorVMBackendOptimizations:1]]
[2022.05.19-09.22.51:039][  0]LogConfig: Applying CVar settings from Section [ConsoleVariables] File [D:/F.breton/Projet-4/Skip_CRJV2122_PS4/Alpha/Saved/Config/Windows/Engine.ini]
[2022.05.19-09.22.51:039][  0]LogConfig: Applying CVar settings from Section [ConsoleVariables] File [D:/F.breton/Projet-4/Skip_CRJV2122_PS4/Alpha/Saved/Config/Windows/Editor.ini]
[2022.05.19-09.22.51:039][  0]LogInit: Computer: RNSS20902
[2022.05.19-09.22.51:039][  0]LogInit: User: fbreton
[2022.05.19-09.22.51:039][  0]LogInit: CPU Page size=4096, Cores=8
[2022.05.19-09.22.51:039][  0]LogInit: High frequency timer resolution =10.000000 MHz
[2022.05.19-09.22.51:039][  0]LogMemory: Memory total: Physical=15.8GB (16GB approx)
[2022.05.19-09.22.51:039][  0]LogMemory: Platform Memory Stats for Windows
[2022.05.19-09.22.51:039][  0]LogMemory: Process Physical Memory: 146.78 MB used, 146.79 MB peak
[2022.05.19-09.22.51:039][  0]LogMemory: Process Virtual Memory: 131.05 MB used, 131.05 MB peak
[2022.05.19-09.22.51:039][  0]LogMemory: Physical Memory: 7648.69 MB used,  8511.54 MB free, 16160.23 MB total
[2022.05.19-09.22.51:039][  0]LogMemory: Virtual Memory: 134211032.00 MB used,  6697.60 MB free, 134217728.00 MB total
[2022.05.19-09.22.51:042][  0]LogWindows: WindowsPlatformFeatures enabled
[2022.05.19-09.22.51:067][  0]LogInit: Physics initialised using underlying interface: PhysX
[2022.05.19-09.22.51:068][  0]LogInit: Using OS detected language (fr-FR).
[2022.05.19-09.22.51:068][  0]LogInit: Using OS detected locale (fr-FR).
[2022.05.19-09.22.51:072][  0]LogTextLocalizationManager: No specific localization for 'fr-FR' exists, so the 'fr' localization will be used.
[2022.05.19-09.22.51:072][  0]LogTextLocalizationResource: LocRes '../../../Engine/Content/Localization/Editor/fr/Editor.locres' could not be opened for reading!
[2022.05.19-09.22.51:072][  0]LogTextLocalizationResource: LocRes '../../../Engine/Content/Localization/EditorTutorials/fr/EditorTutorials.locres' could not be opened for reading!
[2022.05.19-09.22.51:072][  0]LogTextLocalizationResource: LocRes '../../../Engine/Content/Localization/Keywords/fr/Keywords.locres' could not be opened for reading!
[2022.05.19-09.22.51:072][  0]LogTextLocalizationResource: LocRes '../../../Engine/Content/Localization/Category/fr/Category.locres' could not be opened for reading!
[2022.05.19-09.22.51:072][  0]LogTextLocalizationResource: LocRes '../../../Engine/Content/Localization/ToolTips/fr/ToolTips.locres' could not be opened for reading!
[2022.05.19-09.22.51:073][  0]LogTextLocalizationResource: LocRes '../../../Engine/Content/Localization/PropertyNames/fr/PropertyNames.locres' could not be opened for reading!
[2022.05.19-09.22.51:073][  0]LogTextLocalizationResource: LocRes '../../../Engine/Content/Localization/Engine/fr/Engine.locres' could not be opened for reading!
[2022.05.19-09.22.51:150][  0]LogInit: Setting process to per monitor DPI aware
[2022.05.19-09.22.51:156][  0]LogWindowsTextInputMethodSystem: Display: IME system deactivated.
[2022.05.19-09.22.51:165][  0]LogSlate: New Slate User Created.  User Index 0, Is Virtual User: 0
[2022.05.19-09.22.51:165][  0]LogSlate: Slate User Registered.  User Index 0, Is Virtual User: 0
[2022.05.19-09.22.51:240][  0]LogD3D11RHI: Loaded GFSDK_Aftermath_Lib.x64.dll
[2022.05.19-09.22.51:242][  0]LogHMD: Failed to initialize OpenVR with code 110
[2022.05.19-09.22.51:242][  0]LogD3D11RHI: D3D11 min allowed feature level: 11_0
[2022.05.19-09.22.51:242][  0]LogD3D11RHI: D3D11 max allowed feature level: 11_0
[2022.05.19-09.22.51:242][  0]LogD3D11RHI: D3D11 adapters:
[2022.05.19-09.22.51:321][  0]LogD3D11RHI:    0. 'NVIDIA GeForce RTX 3070' (Feature Level 11_0)
[2022.05.19-09.22.51:321][  0]LogD3D11RHI:       8043/0/8080 MB DedicatedVideo/DedicatedSystem/SharedSystem, Outputs:1, VendorId:0x10de
[2022.05.19-09.22.51:364][  0]LogD3D11RHI:    1. 'Intel(R) UHD Graphics 750' (Feature Level 11_0)
[2022.05.19-09.22.51:364][  0]LogD3D11RHI:       128/0/8080 MB DedicatedVideo/DedicatedSystem/SharedSystem, Outputs:0, VendorId:0x8086
[2022.05.19-09.22.51:366][  0]LogD3D11RHI:    2. 'Microsoft Basic Render Driver' (Feature Level 11_0)
[2022.05.19-09.22.51:366][  0]LogD3D11RHI:       0/0/8080 MB DedicatedVideo/DedicatedSystem/SharedSystem, Outputs:0, VendorId:0x1414
[2022.05.19-09.22.51:366][  0]LogD3D11RHI: Chosen D3D11 Adapter:
[2022.05.19-09.22.51:366][  0]LogD3D11RHI:     Description : NVIDIA GeForce RTX 3070
[2022.05.19-09.22.51:366][  0]LogD3D11RHI:     VendorId    : 10de
[2022.05.19-09.22.51:366][  0]LogD3D11RHI:     DeviceId    : 2484
[2022.05.19-09.22.51:366][  0]LogD3D11RHI:     SubSysId    : 88dc103c
[2022.05.19-09.22.51:366][  0]LogD3D11RHI:     Revision    : 00a1
[2022.05.19-09.22.51:366][  0]LogD3D11RHI:     DedicatedVideoMemory : 8433696768 bytes
[2022.05.19-09.22.51:366][  0]LogD3D11RHI:     DedicatedSystemMemory : 0 bytes
[2022.05.19-09.22.51:366][  0]LogD3D11RHI:     SharedSystemMemory : 8472612864 bytes
[2022.05.19-09.22.51:366][  0]LogD3D11RHI:     AdapterLuid : 0 59834
[2022.05.19-09.22.51:369][  0]LogD3D11RHI: Creating new Direct3DDevice
[2022.05.19-09.22.51:369][  0]LogD3D11RHI:     GPU DeviceId: 0x2484 (for the marketing name, search the web for "GPU Device Id")
[2022.05.19-09.22.51:369][  0]LogWindows: EnumDisplayDevices:
[2022.05.19-09.22.51:369][  0]LogWindows:    0. 'NVIDIA GeForce RTX 3070' (P:1 D:1)
[2022.05.19-09.22.51:369][  0]LogWindows:    1. 'NVIDIA GeForce RTX 3070' (P:0 D:0)
[2022.05.19-09.22.51:370][  0]LogWindows:    2. 'NVIDIA GeForce RTX 3070' (P:0 D:0)
[2022.05.19-09.22.51:370][  0]LogWindows:    3. 'NVIDIA GeForce RTX 3070' (P:0 D:0)
[2022.05.19-09.22.51:370][  0]LogWindows:    4. 'Intel(R) UHD Graphics 750' (P:0 D:0)
[2022.05.19-09.22.51:370][  0]LogWindows:    5. 'Intel(R) UHD Graphics 750' (P:0 D:0)
[2022.05.19-09.22.51:370][  0]LogWindows:    6. 'Intel(R) UHD Graphics 750' (P:0 D:0)
[2022.05.19-09.22.51:370][  0]LogWindows: DebugString: PrimaryIsNotTheChoosenAdapter PrimaryIsNotTheChoosenAdapter PrimaryIsNotTheChoosenAdapter FoundDriverCount:4 
[2022.05.19-09.22.51:370][  0]LogD3D11RHI:     Adapter Name: NVIDIA GeForce RTX 3070
[2022.05.19-09.22.51:370][  0]LogD3D11RHI:   Driver Version: 472.12 (internal:30.0.14.7212, unified:472.12)
[2022.05.19-09.22.51:370][  0]LogD3D11RHI:      Driver Date: 9-13-2021
[2022.05.19-09.22.51:370][  0]LogRHI: Texture pool is 5630 MB (70% of 8043 MB)
[2022.05.19-09.22.51:370][  0]LogD3D11RHI: Creating D3DDevice using adapter:
[2022.05.19-09.22.51:370][  0]LogD3D11RHI:     Description : NVIDIA GeForce RTX 3070
[2022.05.19-09.22.51:370][  0]LogD3D11RHI:     VendorId    : 10de
[2022.05.19-09.22.51:370][  0]LogD3D11RHI:     DeviceId    : 2484
[2022.05.19-09.22.51:370][  0]LogD3D11RHI:     SubSysId    : 88dc103c
[2022.05.19-09.22.51:370][  0]LogD3D11RHI:     Revision    : 00a1
[2022.05.19-09.22.51:370][  0]LogD3D11RHI:     DedicatedVideoMemory : 8433696768 bytes
[2022.05.19-09.22.51:370][  0]LogD3D11RHI:     DedicatedSystemMemory : 0 bytes
[2022.05.19-09.22.51:370][  0]LogD3D11RHI:     SharedSystemMemory : 8472612864 bytes
[2022.05.19-09.22.51:370][  0]LogD3D11RHI:     AdapterLuid : 0 59834
[2022.05.19-09.22.51:432][  0]LogD3D11RHI: RHI has support for 64 bit atomics
[2022.05.19-09.22.51:432][  0]LogD3D11RHI: Async texture creation enabled
[2022.05.19-09.22.51:432][  0]LogD3D11RHI: Array index from any shader is supported
[2022.05.19-09.22.51:432][  0]LogD3D11RHI: HDR output is supported on display 0 (NvId: 0x80061083).
[2022.05.19-09.22.51:443][  0]LogD3D11RHI: GPU Timing Frequency: 1000.000000 (Debug: 2 1)
[2022.05.19-09.22.51:459][  0]LogRHI: GeForceNow SDK initialized: 1
[2022.05.19-09.22.51:687][  0]LogTargetPlatformManager: Display: Loaded TargetPlatform 'AllDesktop'
[2022.05.19-09.22.51:702][  0]LogTargetPlatformManager: Display: Loaded TargetPlatform 'Android'
[2022.05.19-09.22.51:702][  0]LogTargetPlatformManager: Display: Loaded TargetPlatform 'Android_ASTC'
[2022.05.19-09.22.51:702][  0]LogTargetPlatformManager: Display: Loaded TargetPlatform 'Android_DXT'
[2022.05.19-09.22.51:702][  0]LogTargetPlatformManager: Display: Loaded TargetPlatform 'Android_ETC2'
[2022.05.19-09.22.51:702][  0]LogTargetPlatformManager: Display: Loaded TargetPlatform 'AndroidClient'
[2022.05.19-09.22.51:702][  0]LogTargetPlatformManager: Display: Loaded TargetPlatform 'Android_ASTCClient'
[2022.05.19-09.22.51:702][  0]LogTargetPlatformManager: Display: Loaded TargetPlatform 'Android_DXTClient'
[2022.05.19-09.22.51:702][  0]LogTargetPlatformManager: Display: Loaded TargetPlatform 'Android_ETC2Client'
[2022.05.19-09.22.51:702][  0]LogTargetPlatformManager: Display: Loaded TargetPlatform 'Android_Multi'
[2022.05.19-09.22.51:702][  0]LogTargetPlatformManager: Display: Loaded TargetPlatform 'Android_MultiClient'
[2022.05.19-09.22.51:714][  0]LogTargetPlatformManager: Display: Loaded TargetPlatform 'IOSClient'
[2022.05.19-09.22.51:714][  0]LogTargetPlatformManager: Display: Loaded TargetPlatform 'IOS'
[2022.05.19-09.22.51:721][  0]LogTargetPlatformManager: Display: Loaded TargetPlatform 'Linux'
[2022.05.19-09.22.51:724][  0]LogTargetPlatformManager: Display: Loaded TargetPlatform 'LinuxNoEditor'
[2022.05.19-09.22.51:727][  0]LogTargetPlatformManager: Display: Loaded TargetPlatform 'LinuxClient'
[2022.05.19-09.22.51:730][  0]LogTargetPlatformManager: Display: Loaded TargetPlatform 'LinuxServer'
[2022.05.19-09.22.51:735][  0]LogTargetPlatformManager: Display: Loaded TargetPlatform 'LinuxAArch64NoEditor'
[2022.05.19-09.22.51:739][  0]LogTargetPlatformManager: Display: Loaded TargetPlatform 'LinuxAArch64Client'
[2022.05.19-09.22.51:742][  0]LogTargetPlatformManager: Display: Loaded TargetPlatform 'LinuxAArch64Server'
[2022.05.19-09.22.51:759][  0]LogTargetPlatformManager: Display: Loaded TargetPlatform 'Lumin'
[2022.05.19-09.22.51:759][  0]LogTargetPlatformManager: Display: Loaded TargetPlatform 'LuminClient'
[2022.05.19-09.22.51:764][  0]LogTargetPlatformManager: Display: Loaded TargetPlatform 'MacNoEditor'
[2022.05.19-09.22.51:767][  0]LogTargetPlatformManager: Display: Loaded TargetPlatform 'Mac'
[2022.05.19-09.22.51:770][  0]LogTargetPlatformManager: Display: Loaded TargetPlatform 'MacClient'
[2022.05.19-09.22.51:773][  0]LogTargetPlatformManager: Display: Loaded TargetPlatform 'MacServer'
[2022.05.19-09.22.51:780][  0]LogTargetPlatformManager: Display: Loaded TargetPlatform 'TVOSClient'
[2022.05.19-09.22.51:780][  0]LogTargetPlatformManager: Display: Loaded TargetPlatform 'TVOS'
[2022.05.19-09.22.51:786][  0]LogTargetPlatformManager: Display: Loaded TargetPlatform 'WindowsNoEditor'
[2022.05.19-09.22.51:790][  0]LogTargetPlatformManager: Display: Loaded TargetPlatform 'Windows'
[2022.05.19-09.22.51:793][  0]LogTargetPlatformManager: Display: Loaded TargetPlatform 'WindowsClient'
[2022.05.19-09.22.51:796][  0]LogTargetPlatformManager: Display: Loaded TargetPlatform 'WindowsServer'
[2022.05.19-09.22.51:796][  0]LogTargetPlatformManager: Display: Building Assets For Windows
[2022.05.19-09.22.51:801][  0]LogAudioDebug: Display: Lib vorbis DLL was dynamically loaded.
[2022.05.19-09.22.51:821][  0]LogTextureFormatOodle: Display: Oodle Texture 2.9.0 init RDO Off
[2022.05.19-09.22.51:843][  0]LogRendererCore: Ray tracing is disabled. Reason: r.RayTracing=0.
[2022.05.19-09.22.51:843][  0]LogShaderCompilers: Guid format shader working directory is 4 characters bigger than the processId version (D:/F.breton/Projet-4/Skip_CRJV2122_PS4/Alpha/Intermediate/Shaders/WorkingDirectory/14556/).
[2022.05.19-09.22.51:843][  0]LogShaderCompilers: Cleaned the shader compiler working directory 'C:/Users/f.breton/AppData/Local/Temp/UnrealShaderWorkingDir/DEDFB8EA425BC5DB258C2F9B31F0F8B8/'.
[2022.05.19-09.22.51:843][  0]LogXGEController: Cannot use XGE Controller as Incredibuild is not installed on this machine.
[2022.05.19-09.22.51:843][  0]LogShaderCompilers: Cannot use XGE Shader Compiler as Incredibuild is not installed on this machine.
[2022.05.19-09.22.51:843][  0]LogShaderCompilers: Display: Using Local Shader Compiler.
[2022.05.19-09.22.52:372][  0]LogDerivedDataCache: Display: Max Cache Size: 512 MB
[2022.05.19-09.22.52:415][  0]LogDerivedDataCache: Loaded boot cache 0.04s 94MB C:/Users/f.breton/AppData/Local/UnrealEngine/4.27/DerivedDataCache/Boot.ddc.
[2022.05.19-09.22.52:415][  0]LogDerivedDataCache: Display: Loaded Boot cache: C:/Users/f.breton/AppData/Local/UnrealEngine/4.27/DerivedDataCache/Boot.ddc
[2022.05.19-09.22.52:415][  0]LogDerivedDataCache: FDerivedDataBackendGraph:  Pak pak cache file D:/F.breton/Projet-4/Skip_CRJV2122_PS4/Alpha/DerivedDataCache/DDC.ddp not found, will not use a pak cache.
[2022.05.19-09.22.52:415][  0]LogDerivedDataCache: Unable to find inner node Pak for hierarchical cache Hierarchy.
[2022.05.19-09.22.52:415][  0]LogDerivedDataCache: FDerivedDataBackendGraph:  CompressedPak pak cache file D:/F.breton/Projet-4/Skip_CRJV2122_PS4/Alpha/DerivedDataCache/Compressed.ddp not found, will not use a pak cache.
[2022.05.19-09.22.52:415][  0]LogDerivedDataCache: Unable to find inner node CompressedPak for hierarchical cache Hierarchy.
[2022.05.19-09.22.52:427][  0]LogDerivedDataCache: Display: Pak cache opened for reading ../../../Engine/DerivedDataCache/Compressed.ddp.
[2022.05.19-09.22.52:427][  0]LogDerivedDataCache: FDerivedDataBackendGraph:  EnterprisePak pak cache file ../../../Enterprise/DerivedDataCache/Compressed.ddp not found, will not use a pak cache.
[2022.05.19-09.22.52:427][  0]LogDerivedDataCache: Unable to find inner node EnterprisePak for hierarchical cache Hierarchy.
[2022.05.19-09.22.52:441][  0]LogDerivedDataCache: Speed tests for C:/Users/f.breton/AppData/Local/UnrealEngine/Common/DerivedDataCache took 0.01 seconds
[2022.05.19-09.22.52:441][  0]LogDerivedDataCache: Display: Performance to C:/Users/f.breton/AppData/Local/UnrealEngine/Common/DerivedDataCache: Latency=0.01ms. RandomReadSpeed=1469.40MBs, RandomWriteSpeed=75.35MBs. Assigned SpeedClass 'Local'
[2022.05.19-09.22.52:441][  0]LogDerivedDataCache: Using Local data cache path C:/Users/f.breton/AppData/Local/UnrealEngine/Common/DerivedDataCache: Writable
[2022.05.19-09.22.52:441][  0]LogDerivedDataCache: Shared data cache path not found in *engine.ini, will not use an Shared cache.
[2022.05.19-09.22.52:441][  0]LogDerivedDataCache: Unable to find inner node Shared for hierarchical cache Hierarchy.
[2022.05.19-09.22.52:475][  0]LogSlate: Using FreeType 2.10.0
[2022.05.19-09.22.52:476][  0]LogSlate: SlateFontServices - WITH_FREETYPE: 1, WITH_HARFBUZZ: 1
[2022.05.19-09.22.52:493][  0]LogAssetRegistry: FAssetRegistry took 0.0020 seconds to start up
[2022.05.19-09.22.52:642][  0]LogInit: Selected Device Profile: [Windows]
[2022.05.19-09.22.52:642][  0]LogInit: Active device profile: [000002806DF38B00][000002806BE0D000 49] Windows
[2022.05.19-09.22.52:642][  0]LogInit: Profiles: [000002806DF38B00][000002806BE0D000 49] Windows, [000002806DF02100][000002806BE15180 49] WindowsNoEditor, [000002806DF39900][000002806BE19300 49] WindowsServer, [000002806DF02E00][000002806BE1D480 49] WindowsClient, [000002806DF3BC00][000002806D10B600 49] IOS, [000002806DF00F00][000002806D10F780 49] iPadAir, [000002806DF3BE00][000002806D113900 49] iPadAir2, [000002806DEB0C00][000002806D11BBC0 49] IPadPro, [000002806DEB0D00][000002806D117C00 49] iPadAir3, [000002806DF03B00][000002806D11E200 49] iPadAir4, [000002806DEB3600][000002806D122380 49] iPadMini2, [000002806DF03200][000002806D126500 49] iPadMini3, [000002806DEB3800][000002806BE10640 49] iPadMini4, [000002806DF03800][000002806D12A780 49] iPadMini5, [000002806DEE8600][000002806D1329C0 49] iPhone6, [000002806DEE8700][000002806D12EA00 49] iPodTouch6, [000002806DF3A900][000002806D13ECC0 49] iPhone7, [000002806DF3A800][000002806D13AD00 49] iPodTouch7, [000002806DEE8100][000002806D142E80 49] iPhone5S, [000002806DEB0700][000002806D147000 49] iPhone6Plus, [000002806DEEA500][000002806D14B180 49] iPhone6S, [000002806DEB1300][000002806D14F300 49] iPhone6SPlus, [000002806DEEBB00][000002806D153480 49] iPhone7Plus, [000002806DEB3500][000002806D157600 49] iPhoneSE, [000002806DF3A600][000002806D15B780 49] iPhone8, [000002806DEB0600][000002806D15F900 49] iPhone8Plus, [000002806DF3A200][000002806D163A80 49] iPhoneX, [000002806DEB3300][000002806D167C00 49] iPhoneXS, [000002806DF3B400][000002806D16A200 49] iPhoneXSMax, [000002806DEB2D00][000002806D16E380 49] iPhoneXR, [000002806DF38200][000002806D172500 49] iPhone11, [000002806DEB1E00][000002806D176680 49] iPhone11Pro, [000002806DF3AA00][000002806D1367C0 49] iPhone11ProMax, [000002806DEB3700][000002806D17A900 49] iPhoneSE2, [000002806DF38D00][000002806D17EA40 49] iPhone12Mini, [000002806DEB1F00][000002806D182B80 49] iPhone12, [000002806DF38700][000002806D18AD00 49] iPhone12Pro, [000002806DEB1400][000002806D18EE80 49] iPhone12ProMax, [000002806DF38C00][000002806D193000 49] iPadPro105, [000002806DEB1700][000002806D197180 49] iPadPro129, [000002806DF38100][000002806D20B300 49] iPadPro97, [000002806DEB3C00][000002806D20F480 49] iPadPro2_129, [000002806DF38800][000002806D213600 49] iPad5, [000002806DEB3100][000002806D21B780 49] iPad6, [000002806DF38500][0000028065659900 49] iPad7, [000002806DEB2800][00000280698A7A80 49] iPad8, [000002806DF39500][00000280698ABC00 49] iPadPro11, [000002806DEB1500][00000280698AE200 49] iPadPro2_11, [000002806DF38F00][00000280698BA380 49] iPadPro3_129, [000002806DEB2C00][000002806E430500 49] iPadPro4_129, [000002806DF3A500][000002806E47C680 49] AppleTV, [000002806DEB1100][000002806E540800 49] AppleTV4K, [000002806DF38400][000002806D186940 49] TVOS, [000002806DEB2600][000002806E614A80 49] Mac, [000002806DF3BD00][000002806E624BC0 49] MacClient, [000002806DEB1800][000002806E628D00 49] MacNoEditor, [000002806DF3B100][000002806E638E80 49] MacServer, [000002806DEB3900][000002806E63D000 49] Linux, [000002806DF38900][000002806A9B9180 49] LinuxAArch64, [000002806DEB3F00][000002806A9E3300 49] LinuxNoEditor, [000002806DF39B00][000002806A9E7480 49] LinuxAArch64NoEditor, [000002806DEB3400][000002806A9EF600 49] LinuxClient, [000002806DF39C00][000002806A9F7780 49] LinuxAArch64Client, [000002806DEB1D00][000002806BA71900 49] LinuxServer, [000002806DF3AF00][000002806BA75A80 49] LinuxAArch64Server, [000002806DEB0500][000002806BA79C00 49] Android, [000002806DF39E00][000002806D1E4200 49] Android_Low, [000002806DEB3000][000002806D1E8380 49] Android_Mid, [000002806DF3A400][000002806E2B0500 49] Android_High, [000002806DEB0800][000002806E2B4680 49] Android_Default, [000002806DF3B200][000002806E2B8800 49] Android_Adreno4xx, [000002806DF02400][000002806D1EC980 49] Android_Adreno5xx_Low, [000002806DEE9C00][000002806D1F0B00 49] Android_Adreno5xx, [000002806DF03D00][000002806E634C40 49] Android_Adreno6xx, [000002806DEEAB00][0000028065808D80 49] Android_Adreno6xx_Vulkan, [000002806DF03E00][000002806580CEC0 49] Android_Mali_T6xx, [000002806DEE8F00][0000028065815040 49] Android_Mali_T7xx, [000002806DF01300][00000280658191C0 49] Android_Mali_T8xx, [000002806DEE9F00][000002806EA3F340 49] Android_Mali_G71, [000002806DF01C00][000002806E49B4C0 49] Android_Mali_G72, [000002806DEEA400][000002806E49F640 49] Android_Mali_G72_Vulkan, [000002806DF03600][000002806E4C57C0 49] Android_Mali_G76, [000002806DEEA100][000002806E4D3940 49] Android_Mali_G76_Vulkan, [000002806DF01B00][000002806E4FDAC0 49] Android_Mali_G77, [000002806DEE8A00][000002806E5040C0 49] Android_Mali_G77_Vulkan, [000002806DF03400][000002806E510240 49] Android_Mali_G78, [000002806DEE9300][000002806E5223C0 49] Android_Mali_G78_Vulkan, [000002806DF02900][000002806E320540 49] Android_Mali_G710, [000002806DEEBD00][000002806E3246C0 49] Android_Mali_G710_Vulkan, [000002806DF01E00][000002806E328840 49] Android_Vulkan_SM5, [000002806DEE8900][000002806E37A9C0 49] Android_PowerVR_G6xxx, [000002806DF01F00][000002806E38AB40 49] Android_PowerVR_GT7xxx, [000002806DEEA700][000002806E3B8CC0 49] Android_PowerVR_GE8xxx, [000002806DF02300][0000028065810E00 49] Android_PowerVR_GM9xxx, [000002806DEEB200][000002806E3BCF40 49] Android_PowerVR_GM9xxx_Vulkan, [000002806DF03000][000002806E3C1080 49] Android_TegraK1, [000002806DEE9700][000002806E3C51C0 49] Android_Unknown_Vulkan, [000002806DF03700][000002806E245340 49] Lumin, [000002806DEE8200][000002806E2494C0 49] Lumin_Desktop, [000002806DF02200][000002806E24D640 49] HoloLens, 
[2022.05.19-09.22.52:728][  0]LogMeshReduction: Using QuadricMeshReduction for automatic static mesh reduction
[2022.05.19-09.22.52:728][  0]LogMeshReduction: Using SimplygonMeshReduction for automatic skeletal mesh reduction
[2022.05.19-09.22.52:728][  0]LogMeshReduction: Using ProxyLODMeshReduction for automatic mesh merging
[2022.05.19-09.22.52:728][  0]LogMeshReduction: No distributed automatic mesh merging module available
[2022.05.19-09.22.52:728][  0]LogMeshMerging: No distributed automatic mesh merging module available
[2022.05.19-09.22.52:740][  0]LogNetVersion: SkipUe4 1.0.0, NetCL: 17155196, EngineNetVer: 17, GameNetVer: 0 (Checksum: 257355023)
[2022.05.19-09.22.53:025][  0]LogTexture: Default maximum texture size for cubemaps generated from long-lat sources has been changed from 512 to unlimited. In order to preserve old behaiour for '/Engine/MapTemplates/Sky/DaylightAmbientCubemap.DaylightAmbientCubemap', its maximum texture size has been explicitly set to 512.
[2022.05.19-09.22.53:070][  0]LogHMD: PokeAHoleMaterial loaded successfully
[2022.05.19-09.22.53:075][  0]LogUObjectArray: 17178 objects as part of root set at end of initial load.
[2022.05.19-09.22.53:075][  0]LogUObjectAllocator: 4302048 out of 0 bytes used by permanent object pool.
[2022.05.19-09.22.53:075][  0]LogUObjectArray: CloseDisregardForGC: 0/0 objects in disregard for GC pool
[2022.05.19-09.22.53:296][  0]LogPython: Using Python 3.7.7
[2022.05.19-09.22.53:635][  0]LogNiagaraDebuggerClient: Niagara Debugger Client Initialized | Session: B78DA2154F9BFDD6B292FAA1C7E2D516 | Instance: C102564147A1C2C94665369D22A78956 (RNSS20902-14556).
[2022.05.19-09.22.53:672][  0]LogTcpMessaging: Initializing TcpMessaging bridge
[2022.05.19-09.22.53:676][  0]LogUdpMessaging: Initializing bridge on interface 0.0.0.0:0 to multicast group 230.0.0.1:6666.
[2022.05.19-09.22.53:808][  0]SourceControl: Source control is disabled
[2022.05.19-09.22.53:808][  0]SourceControl: Source control is disabled
[2022.05.19-09.22.53:810][  0]SourceControl: Source control is disabled
[2022.05.19-09.22.53:812][  0]SourceControl: Source control is disabled
[2022.05.19-09.22.53:816][  0]SourceControl: Source control is disabled
[2022.05.19-09.22.53:818][  0]LogUProjectInfo: Found projects:
[2022.05.19-09.22.53:904][  0]LogOpenImageDenoise: OIDN starting up
[2022.05.19-09.22.53:932][  0]LogAndroidPermission: UAndroidPermissionCallbackProxy::GetInstance
[2022.05.19-09.22.53:948][  0]LogAudioCaptureCore: Display: No Audio Capture implementations found. Audio input will be silent.
[2022.05.19-09.22.53:948][  0]LogAudioCaptureCore: Display: No Audio Capture implementations found. Audio input will be silent.
[2022.05.19-09.22.54:030][  0]LogCollectionManager: Loaded 0 collections in 0.000979 seconds
[2022.05.19-09.22.54:046][  0]LogFileCache: Scanning file cache for directory 'D:/F.breton/Projet-4/Skip_CRJV2122_PS4/Alpha/Saved/Collections/' took 0.00s
[2022.05.19-09.22.54:046][  0]LogFileCache: Scanning file cache for directory 'D:/F.breton/Projet-4/Skip_CRJV2122_PS4/Alpha/Content/Developers/fbreton/Collections/' took 0.00s
[2022.05.19-09.22.54:046][  0]LogFileCache: Scanning file cache for directory 'D:/F.breton/Projet-4/Skip_CRJV2122_PS4/Alpha/Content/Collections/' took 0.00s
[2022.05.19-09.22.54:046][  0]LogOcInput: OculusInput pre-init called
[2022.05.19-09.22.54:202][  0]LogEngine: Initializing Engine...
[2022.05.19-09.22.54:204][  0]LogHMD: Failed to enumerate extensions. Please check that you have a valid OpenXR runtime installed.
[2022.05.19-09.22.54:204][  0]LogHMD: Failed to initialize OpenVR with code 110
[2022.05.19-09.22.54:204][  0]LogMagicLeap: Warning: VR disabled because ZI is not enabled.  To enable, in the editor, Edit -> Project Settings -> Plugins -> Magic Leap Plugin -> Enable Zero Iteration
[2022.05.19-09.22.54:205][  0]LogStats: UGameplayTagsManager::InitializeManager -  0.000 s
[2022.05.19-09.22.54:302][  0]LogInit: Initializing FReadOnlyCVARCache
[2022.05.19-09.22.54:308][  0]LogAIModule: Creating AISystem for world Untitled
[2022.05.19-09.22.54:308][  0]LogAudio: Display: Initializing Audio Device Manager...
[2022.05.19-09.22.54:309][  0]LogAudio: Display: Loading Default Audio Settings Objects...
[2022.05.19-09.22.54:310][  0]LogAudio: Display: No default SoundConcurrencyObject specified (or failed to load).
[2022.05.19-09.22.54:310][  0]LogAudio: Display: Audio Device Manager Initialized
[2022.05.19-09.22.54:310][  0]LogAudio: Display: Creating Audio Device:                 Id: 1, Scope: Shared, Realtime: True
[2022.05.19-09.22.54:310][  0]LogAudioMixer: Display: Audio Mixer Platform Settings:
[2022.05.19-09.22.54:310][  0]LogAudioMixer: Display: 	Sample Rate:						  48000
[2022.05.19-09.22.54:310][  0]LogAudioMixer: Display: 	Callback Buffer Frame Size Requested: 1024
[2022.05.19-09.22.54:310][  0]LogAudioMixer: Display: 	Callback Buffer Frame Size To Use:	  1024
[2022.05.19-09.22.54:310][  0]LogAudioMixer: Display: 	Number of buffers to queue:			  2
[2022.05.19-09.22.54:310][  0]LogAudioMixer: Display: 	Max Channels (voices):				  32
[2022.05.19-09.22.54:310][  0]LogAudioMixer: Display: 	Number of Async Source Workers:		  0
[2022.05.19-09.22.54:310][  0]LogAudio: Display: AudioDevice MaxSources: 32
[2022.05.19-09.22.54:310][  0]LogAudio: Display: Audio Spatialization Plugin: None (built-in).
[2022.05.19-09.22.54:310][  0]LogAudio: Display: Audio Reverb Plugin: None (built-in).
[2022.05.19-09.22.54:310][  0]LogAudio: Display: Audio Occlusion Plugin: None (built-in).
[2022.05.19-09.22.54:310][  0]LogAudioMixer: Display: Initializing audio mixer.
[2022.05.19-09.22.54:316][  0]LogAudioMixer: Display: 0: FrontLeft
[2022.05.19-09.22.54:316][  0]LogAudioMixer: Display: 1: FrontRight
[2022.05.19-09.22.54:330][  0]LogAudioMixer: Display: Using Audio Device Casque (Realtek(R) Audio)
[2022.05.19-09.22.54:333][  0]LogAudioMixer: Display: Initializing Sound Submixes...
[2022.05.19-09.22.54:335][  0]LogAudioMixer: Display: Creating Master Submix 'MasterSubmixDefault'
[2022.05.19-09.22.54:335][  0]LogAudioMixer: Display: Creating Master Submix 'MasterReverbSubmixDefault'
[2022.05.19-09.22.54:336][  0]LogAudioMixer: Display: Creating Master Submix 'MasterEQSubmixDefault'
[2022.05.19-09.22.54:336][  0]LogAudioMixer: FMixerPlatformXAudio2::StartAudioStream() called
[2022.05.19-09.22.54:336][  0]LogAudioMixer: Display: Output buffers initialized: Frames=1024, Channels=2, Samples=2048
[2022.05.19-09.22.54:336][  0]LogAudioMixer: Display: Starting AudioMixerPlatformInterface::RunInternal()
[2022.05.19-09.22.54:336][  0]LogAudioMixer: Display: FMixerPlatformXAudio2::SubmitBuffer() called for the first time
[2022.05.19-09.22.54:336][  0]LogInit: FAudioDevice initialized.
[2022.05.19-09.22.54:337][  0]LogAudio: Display: Audio Device (ID: 1) registered with world 'Untitled'.
[2022.05.19-09.22.54:337][  0]LogNetVersion: Set ProjectVersion to 1.0.0.0. Version Checksum will be recalculated on next use.
[2022.05.19-09.22.54:382][  0]LogDerivedDataCache: Saved boot cache 0.05s 94MB C:/Users/f.breton/AppData/Local/UnrealEngine/4.27/DerivedDataCache/Boot.ddc.
[2022.05.19-09.22.54:384][  0]LogInit: Texture streaming: Enabled
[2022.05.19-09.22.54:391][  0]LogAnalytics: Display: [UEEditor.Rocket.Release] APIServer = https://datarouter.ol.epicgames.com/. AppVersion = 4.27.2-18319896+++UE4+Release-4.27
[2022.05.19-09.22.54:393][  0]LogEngineSessionManager: EngineSessionManager initialized
[2022.05.19-09.22.54:393][  0]LogEditorSessionSummary: Verbose: Initializing EditorSessionSummaryWriter for editor session tracking
[2022.05.19-09.22.54:394][  0]LogEditorSessionSummary: EditorSessionSummaryWriter initialized
[2022.05.19-09.22.54:414][  0]LogInit: Transaction tracking system initialized
[2022.05.19-09.22.54:426][  0]BlueprintLog: New page: Editor Load
[2022.05.19-09.22.54:463][  0]LocalizationService: Localization service is disabled
[2022.05.19-09.22.54:476][  0]TimingProfiler: Initialize
[2022.05.19-09.22.54:476][  0]TimingProfiler: OnSessionChanged
[2022.05.19-09.22.54:476][  0]LoadingProfiler: Initialize
[2022.05.19-09.22.54:476][  0]LoadingProfiler: OnSessionChanged
[2022.05.19-09.22.54:476][  0]NetworkingProfiler: Initialize
[2022.05.19-09.22.54:476][  0]NetworkingProfiler: OnSessionChanged
[2022.05.19-09.22.54:476][  0]MemoryProfiler: Initialize
[2022.05.19-09.22.54:476][  0]MemoryProfiler: OnSessionChanged
[2022.05.19-09.22.54:576][  0]LogCook: Display: CookSettings for Memory: MemoryMaxUsedVirtual 0MiB, MemoryMaxUsedPhysical 16384MiB, MemoryMinFreeVirtual 0MiB, MemoryMinFreePhysical 1024MiB
[2022.05.19-09.22.54:576][  0]LogCook: Display: Mobile HDR setting 1
[2022.05.19-09.22.54:704][  0]LogFileCache: Scanning file cache for directory 'D:/F.breton/Projet-4/Skip_CRJV2122_PS4/Alpha/Content/' took 0.00s
[2022.05.19-09.22.54:838][  0]LogInit: Display: Engine is initialized. Leaving FEngineLoop::Init()
[2022.05.19-09.22.54:839][  0]SourceControl: Source control is disabled
[2022.05.19-09.22.54:839][  0]LogUnrealEdMisc: Loading editor; pre map load, took 4.533
[2022.05.19-09.22.54:839][  0]Cmd: MAP LOAD FILE="D:/F.breton/Projet-4/Skip_CRJV2122_PS4/Alpha/Content/Maps/LevelDesign.umap" TEMPLATE=0 SHOWPROGRESS=1 FEATURELEVEL=3
[2022.05.19-09.22.54:840][  0]LightingResults: New page: Lighting Build
[2022.05.19-09.22.54:841][  0]LogWorld: UWorld::CleanupWorld for Untitled, bSessionEnded=true, bCleanupResources=true
[2022.05.19-09.22.54:841][  0]LogSlate: InvalidateAllWidgets triggered.  All widgets were invalidated
[2022.05.19-09.22.54:841][  0]MapCheck: New page: Map Check
[2022.05.19-09.22.54:841][  0]LightingResults: New page: Lighting Build
[2022.05.19-09.22.54:844][  0]LogAudio: Display: Audio Device unregistered from world 'None'.
[2022.05.19-09.22.54:846][  0]LogUObjectHash: Compacting FUObjectHashTables data took   0.49ms
[2022.05.19-09.22.54:865][  0]LogLinker: Warning: [AssetLog] D:\F.breton\Projet-4\Skip_CRJV2122_PS4\Alpha\Content\Mesh\Props_Moyens\Porte\Porte.uasset: Failed to load '/Game/Zone_De_Test/Materials/Porte1': Can't find file.
[2022.05.19-09.22.54:865][  0]LoadErrors: Failed to load /Game/3CProject/Actors/BP_LockedDoor.BP_LockedDoor_C Referenced by SkeletalMesh_GEN_VARIABLE
[2022.05.19-09.22.54:865][  0]LogLinker: Warning: [AssetLog] D:\F.breton\Projet-4\Skip_CRJV2122_PS4\Alpha\Content\Mesh\Props_Moyens\Porte\Porte.uasset: Failed to load '/Game/Zone_De_Test/Materials/Porte1': Can't find file.
[2022.05.19-09.22.54:866][  0]LoadErrors: Failed to load /Game/3CProject/Actors/BP_LockedDoor.BP_LockedDoor_C Referenced by SkeletalMesh_GEN_VARIABLE
[2022.05.19-09.22.54:866][  0]LogLinker: Warning: [AssetLog] D:\F.breton\Projet-4\Skip_CRJV2122_PS4\Alpha\Content\Mesh\Props_Moyens\Porte\Porte.uasset: Failed to load '/Game/Zone_De_Test/Materials/Porte1': Can't find file.
[2022.05.19-09.22.54:866][  0]LoadErrors: Failed to load /Game/3CProject/Actors/BP_LockedDoor.BP_LockedDoor_C Referenced by SkeletalMesh_GEN_VARIABLE
[2022.05.19-09.22.54:904][  0]LogBlueprint: Warning: Timeline PickUpItem Track ItemTrack in /Engine/Transient.REINST_BP_FirstPersonCharacter_C_13 has an invalid curve.  Please fix!
[2022.05.19-09.22.54:979][  0]LogLinker: Warning: [AssetLog] D:\F.breton\Projet-4\Skip_CRJV2122_PS4\Alpha\Content\Mesh\Bibliotheque\Bibliotheque_Attach.uasset: Failed to load '/Game/Zone_De_Test/Materials/Bibliotheque': Can't find file.
[2022.05.19-09.22.54:979][  0]LogLinker: Warning: [AssetLog] D:\F.breton\Projet-4\Skip_CRJV2122_PS4\Alpha\Content\Mesh\Bibliotheque\Bibliotheque_Attach.uasset: Failed to load '/Game/Zone_De_Test/Materials/Bibliotheque': Can't find file.
[2022.05.19-09.22.54:979][  0]LogLinker: Warning: [AssetLog] D:\F.breton\Projet-4\Skip_CRJV2122_PS4\Alpha\Content\Mesh\Bibliotheque\Bibliotheque_Attach.uasset: Failed to load '/Game/Zone_De_Test/Materials/Bibliotheque': Can't find file.
[2022.05.19-09.22.54:982][  0]LogLinker: Warning: [AssetLog] D:\F.breton\Projet-4\Skip_CRJV2122_PS4\Alpha\Content\Mesh\Props_Moyens\Table\Table.uasset: Failed to load '/Game/Zone_De_Test/Materials/Table1': Can't find file.
[2022.05.19-09.22.54:982][  0]LogLinker: Warning: [AssetLog] D:\F.breton\Projet-4\Skip_CRJV2122_PS4\Alpha\Content\Mesh\Props_Moyens\Table\Table.uasset: Failed to load '/Game/Zone_De_Test/Materials/Table1': Can't find file.
[2022.05.19-09.22.54:982][  0]LogLinker: Warning: [AssetLog] D:\F.breton\Projet-4\Skip_CRJV2122_PS4\Alpha\Content\Mesh\Props_Moyens\Table\Table.uasset: Failed to load '/Game/Zone_De_Test/Materials/Table1': Can't find file.
[2022.05.19-09.22.54:982][  0]LogLinker: Warning: [AssetLog] D:\F.breton\Projet-4\Skip_CRJV2122_PS4\Alpha\Content\Mesh\Props_Moyens\Television\Television.uasset: Failed to load '/Game/Zone_De_Test/Materials/Television1': Can't find file.
[2022.05.19-09.22.54:982][  0]LogLinker: Warning: [AssetLog] D:\F.breton\Projet-4\Skip_CRJV2122_PS4\Alpha\Content\Mesh\Props_Moyens\Television\Television.uasset: Failed to load '/Game/Zone_De_Test/Materials/Television1': Can't find file.
[2022.05.19-09.22.54:982][  0]LogLinker: Warning: [AssetLog] D:\F.breton\Projet-4\Skip_CRJV2122_PS4\Alpha\Content\Mesh\Props_Moyens\Television\Television.uasset: Failed to load '/Game/Zone_De_Test/Materials/Television1': Can't find file.
[2022.05.19-09.22.54:987][  0]LogLinker: Warning: [AssetLog] D:\F.breton\Projet-4\Skip_CRJV2122_PS4\Alpha\Content\Mesh\Bibliotheque\Bibliotheque_Attach.uasset: Failed to load '/Game/Zone_De_Test/Materials/Bibliotheque': Can't find file.
[2022.05.19-09.22.54:987][  0]LoadErrors: Failed to load /Game/Zone_De_Test/Materials/Bibliotheque.Bibliotheque Referenced by Bibliotheque_Attach
[2022.05.19-09.22.54:987][  0]LogLinker: Warning: [AssetLog] D:\F.breton\Projet-4\Skip_CRJV2122_PS4\Alpha\Content\Mesh\Bibliotheque\Bibliotheque_Attach.uasset: Failed to load '/Game/Zone_De_Test/Materials/Bibliotheque': Can't find file.
[2022.05.19-09.22.54:987][  0]LoadErrors: Failed to load /Game/Zone_De_Test/Materials/Bibliotheque.Bibliotheque Referenced by Bibliotheque_Attach
[2022.05.19-09.22.54:989][  0]LogLinker: Warning: [AssetLog] D:\F.breton\Projet-4\Skip_CRJV2122_PS4\Alpha\Content\Mesh\Props_Moyens\Television\Television.uasset: Failed to load '/Game/Zone_De_Test/Materials/Television1': Can't find file.
[2022.05.19-09.22.54:989][  0]LoadErrors: Failed to load /Game/Zone_De_Test/Materials/Television1.Television1 Referenced by Television
[2022.05.19-09.22.54:989][  0]LogLinker: Warning: [AssetLog] D:\F.breton\Projet-4\Skip_CRJV2122_PS4\Alpha\Content\Mesh\Props_Moyens\Television\Television.uasset: Failed to load '/Game/Zone_De_Test/Materials/Television1': Can't find file.
[2022.05.19-09.22.54:989][  0]LoadErrors: Failed to load /Game/Zone_De_Test/Materials/Television1.Television1 Referenced by Television
[2022.05.19-09.22.54:989][  0]LogLinker: Warning: [AssetLog] D:\F.breton\Projet-4\Skip_CRJV2122_PS4\Alpha\Content\Mesh\Props_Moyens\Table\Table.uasset: Failed to load '/Game/Zone_De_Test/Materials/Table1': Can't find file.
[2022.05.19-09.22.54:989][  0]LoadErrors: Failed to load /Game/Zone_De_Test/Materials/Table1.Table1 Referenced by Table
[2022.05.19-09.22.54:989][  0]LogLinker: Warning: [AssetLog] D:\F.breton\Projet-4\Skip_CRJV2122_PS4\Alpha\Content\Mesh\Props_Moyens\Table\Table.uasset: Failed to load '/Game/Zone_De_Test/Materials/Table1': Can't find file.
[2022.05.19-09.22.54:989][  0]LoadErrors: Failed to load /Game/Zone_De_Test/Materials/Table1.Table1 Referenced by Table
[2022.05.19-09.22.55:020][  0]LogLinker: Warning: [AssetLog] D:\F.breton\Projet-4\Skip_CRJV2122_PS4\Alpha\Content\Mesh\Props_Moyens\Porte\Porte.uasset: Failed to load '/Game/Zone_De_Test/Materials/Porte1': Can't find file.
[2022.05.19-09.22.55:020][  0]LoadErrors: Failed to load /Game/Zone_De_Test/Materials/Porte1.Porte1 Referenced by Porte
[2022.05.19-09.22.55:020][  0]LogLinker: Warning: [AssetLog] D:\F.breton\Projet-4\Skip_CRJV2122_PS4\Alpha\Content\Mesh\Props_Moyens\Porte\Porte.uasset: Failed to load '/Game/Zone_De_Test/Materials/Porte1': Can't find file.
[2022.05.19-09.22.55:020][  0]LoadErrors: Failed to load /Game/Zone_De_Test/Materials/Porte1.Porte1 Referenced by Porte
[2022.05.19-09.22.55:125][  0]LogStaticMesh: Building static mesh Drap_Tele...
[2022.05.19-09.22.55:129][  0]LogStaticMesh: Built static mesh [0.00s] /Game/Mesh/Chambre/Drap/Drap_Tele.Drap_Tele
[2022.05.19-09.22.55:134][  0]LogStaticMesh: Building static mesh Drap_Table...
[2022.05.19-09.22.55:154][  0]LogStaticMesh: Built static mesh [0.02s] /Game/Mesh/Chambre/Drap/Drap_Table.Drap_Table
[2022.05.19-09.22.55:184][  0]LogAudio: Display: Audio Device (ID: 1) registered with world 'LevelDesign'.
[2022.05.19-09.22.55:184][  0]LogAIModule: Creating AISystem for world LevelDesign
[2022.05.19-09.22.55:195][  0]LogEditorServer: Finished looking for orphan Actors (0.000 secs)
[2022.05.19-09.22.55:220][  0]LogUObjectHash: Compacting FUObjectHashTables data took   0.65ms
[2022.05.19-09.22.55:221][  0]Cmd: MAP CHECKDEP NOCLEARLOG
[2022.05.19-09.22.55:221][  0]MapCheck: Map check complete: 0 Error(s), 0 Warning(s), took 0,093ms to complete.
[2022.05.19-09.22.55:221][  0]LogFileHelpers: Loading map 'LevelDesign' took 0.382
[2022.05.19-09.22.55:222][  0]LogUnrealEdMisc: Total Editor Startup Time, took 4.916
[2022.05.19-09.22.55:328][  0]LogSlate: Updating window title bar state: overlay mode, drag disabled, window buttons hidden, title bar hidden
[2022.05.19-09.22.55:333][  0]LogSlate: Updating window title bar state: overlay mode, drag disabled, window buttons hidden, title bar hidden
[2022.05.19-09.22.55:336][  0]LogSlate: Updating window title bar state: overlay mode, drag disabled, window buttons hidden, title bar hidden
[2022.05.19-09.22.55:340][  0]LogSlate: Updating window title bar state: overlay mode, drag disabled, window buttons hidden, title bar hidden
[2022.05.19-09.22.55:350][  0]LogNativeClassHierarchy: Verbose: Native class hierarchy populated in 0.0076 seconds. Added 3822 classes and 928 folders.
[2022.05.19-09.22.55:352][  0]LogNativeClassHierarchy: Verbose: Native class hierarchy updated for 'WidgetCarousel' in 0.0002 seconds. Added 0 classes and 0 folders.
[2022.05.19-09.22.55:352][  0]LogPakFile: PakFile PrimaryIndexSize=187
[2022.05.19-09.22.55:352][  0]LogPakFile: PakFile PathHashIndexSize=101
[2022.05.19-09.22.55:352][  0]LogPakFile: PakFile FullDirectoryIndexSize=148
[2022.05.19-09.22.55:352][  0]LogShaderLibrary: Display: ShaderCodeLibraryPakFileMountedCallback: PakFile 'C:/Program Files/Epic Games/UE_4.27/FeaturePacks/FP_FirstPerson.upack' (chunk index -1, root 'root:/') mounted
[2022.05.19-09.22.55:352][  0]LogShaderLibrary: Display: ShaderCodeLibraryPakFileMountedCallback: pending pak file info (ChunkID:-1 Root:root:/ File:C:/Program Files/Epic Games/UE_4.27/FeaturePacks/FP_FirstPerson.upack)
[2022.05.19-09.22.55:352][  0]LogPakFile: OnPakFileMounted2Time == 0.000037
[2022.05.19-09.22.55:352][  0]LogPakFile: PakFile PrimaryIndexSize=189
[2022.05.19-09.22.55:352][  0]LogPakFile: PakFile PathHashIndexSize=101
[2022.05.19-09.22.55:352][  0]LogPakFile: PakFile FullDirectoryIndexSize=152
[2022.05.19-09.22.55:352][  0]LogShaderLibrary: Display: ShaderCodeLibraryPakFileMountedCallback: PakFile 'C:/Program Files/Epic Games/UE_4.27/FeaturePacks/FP_FirstPersonBP.upack' (chunk index -1, root 'root:/') mounted
[2022.05.19-09.22.55:352][  0]LogShaderLibrary: Display: ShaderCodeLibraryPakFileMountedCallback: pending pak file info (ChunkID:-1 Root:root:/ File:C:/Program Files/Epic Games/UE_4.27/FeaturePacks/FP_FirstPersonBP.upack)
[2022.05.19-09.22.55:352][  0]LogPakFile: OnPakFileMounted2Time == 0.000023
[2022.05.19-09.22.55:353][  0]LogPakFile: PakFile PrimaryIndexSize=191
[2022.05.19-09.22.55:353][  0]LogPakFile: PakFile PathHashIndexSize=101
[2022.05.19-09.22.55:353][  0]LogPakFile: PakFile FullDirectoryIndexSize=160
[2022.05.19-09.22.55:353][  0]LogShaderLibrary: Display: ShaderCodeLibraryPakFileMountedCallback: PakFile 'C:/Program Files/Epic Games/UE_4.27/FeaturePacks/MobileStarterContent.upack' (chunk index -1, root 'root:/') mounted
[2022.05.19-09.22.55:353][  0]LogShaderLibrary: Display: ShaderCodeLibraryPakFileMountedCallback: pending pak file info (ChunkID:-1 Root:root:/ File:C:/Program Files/Epic Games/UE_4.27/FeaturePacks/MobileStarterContent.upack)
[2022.05.19-09.22.55:353][  0]LogPakFile: OnPakFileMounted2Time == 0.000027
[2022.05.19-09.22.55:353][  0]LogPakFile: PakFile PrimaryIndexSize=185
[2022.05.19-09.22.55:353][  0]LogPakFile: PakFile PathHashIndexSize=101
[2022.05.19-09.22.55:353][  0]LogPakFile: PakFile FullDirectoryIndexSize=148
[2022.05.19-09.22.55:353][  0]LogShaderLibrary: Display: ShaderCodeLibraryPakFileMountedCallback: PakFile 'C:/Program Files/Epic Games/UE_4.27/FeaturePacks/StarterContent.upack' (chunk index -1, root 'root:/') mounted
[2022.05.19-09.22.55:353][  0]LogShaderLibrary: Display: ShaderCodeLibraryPakFileMountedCallback: pending pak file info (ChunkID:-1 Root:root:/ File:C:/Program Files/Epic Games/UE_4.27/FeaturePacks/StarterContent.upack)
[2022.05.19-09.22.55:353][  0]LogPakFile: OnPakFileMounted2Time == 0.000021
[2022.05.19-09.22.55:353][  0]LogPakFile: PakFile PrimaryIndexSize=190
[2022.05.19-09.22.55:353][  0]LogPakFile: PakFile PathHashIndexSize=101
[2022.05.19-09.22.55:353][  0]LogPakFile: PakFile FullDirectoryIndexSize=154
[2022.05.19-09.22.55:353][  0]LogShaderLibrary: Display: ShaderCodeLibraryPakFileMountedCallback: PakFile 'C:/Program Files/Epic Games/UE_4.27/FeaturePacks/TP_2DSideScroller.upack' (chunk index -1, root 'root:/') mounted
[2022.05.19-09.22.55:353][  0]LogShaderLibrary: Display: ShaderCodeLibraryPakFileMountedCallback: pending pak file info (ChunkID:-1 Root:root:/ File:C:/Program Files/Epic Games/UE_4.27/FeaturePacks/TP_2DSideScroller.upack)
[2022.05.19-09.22.55:353][  0]LogPakFile: OnPakFileMounted2Time == 0.000020
[2022.05.19-09.22.55:353][  0]LogPakFile: PakFile PrimaryIndexSize=192
[2022.05.19-09.22.55:353][  0]LogPakFile: PakFile PathHashIndexSize=101
[2022.05.19-09.22.55:353][  0]LogPakFile: PakFile FullDirectoryIndexSize=158
[2022.05.19-09.22.55:353][  0]LogShaderLibrary: Display: ShaderCodeLibraryPakFileMountedCallback: PakFile 'C:/Program Files/Epic Games/UE_4.27/FeaturePacks/TP_2DSideScrollerBP.upack' (chunk index -1, root 'root:/') mounted
[2022.05.19-09.22.55:353][  0]LogShaderLibrary: Display: ShaderCodeLibraryPakFileMountedCallback: pending pak file info (ChunkID:-1 Root:root:/ File:C:/Program Files/Epic Games/UE_4.27/FeaturePacks/TP_2DSideScrollerBP.upack)
[2022.05.19-09.22.55:353][  0]LogPakFile: OnPakFileMounted2Time == 0.000020
[2022.05.19-09.22.55:354][  0]LogPakFile: PakFile PrimaryIndexSize=182
[2022.05.19-09.22.55:354][  0]LogPakFile: PakFile PathHashIndexSize=101
[2022.05.19-09.22.55:354][  0]LogPakFile: PakFile FullDirectoryIndexSize=138
[2022.05.19-09.22.55:354][  0]LogShaderLibrary: Display: ShaderCodeLibraryPakFileMountedCallback: PakFile 'C:/Program Files/Epic Games/UE_4.27/FeaturePacks/TP_Flying.upack' (chunk index -1, root 'root:/') mounted
[2022.05.19-09.22.55:354][  0]LogShaderLibrary: Display: ShaderCodeLibraryPakFileMountedCallback: pending pak file info (ChunkID:-1 Root:root:/ File:C:/Program Files/Epic Games/UE_4.27/FeaturePacks/TP_Flying.upack)
[2022.05.19-09.22.55:354][  0]LogPakFile: OnPakFileMounted2Time == 0.000021
[2022.05.19-09.22.55:354][  0]LogPakFile: PakFile PrimaryIndexSize=184
[2022.05.19-09.22.55:354][  0]LogPakFile: PakFile PathHashIndexSize=101
[2022.05.19-09.22.55:354][  0]LogPakFile: PakFile FullDirectoryIndexSize=142
[2022.05.19-09.22.55:354][  0]LogShaderLibrary: Display: ShaderCodeLibraryPakFileMountedCallback: PakFile 'C:/Program Files/Epic Games/UE_4.27/FeaturePacks/TP_FlyingBP.upack' (chunk index -1, root 'root:/') mounted
[2022.05.19-09.22.55:354][  0]LogShaderLibrary: Display: ShaderCodeLibraryPakFileMountedCallback: pending pak file info (ChunkID:-1 Root:root:/ File:C:/Program Files/Epic Games/UE_4.27/FeaturePacks/TP_FlyingBP.upack)
[2022.05.19-09.22.55:354][  0]LogPakFile: OnPakFileMounted2Time == 0.000019
[2022.05.19-09.22.55:354][  0]LogPakFile: PakFile PrimaryIndexSize=188
[2022.05.19-09.22.55:354][  0]LogPakFile: PakFile PathHashIndexSize=101
[2022.05.19-09.22.55:354][  0]LogPakFile: PakFile FullDirectoryIndexSize=150
[2022.05.19-09.22.55:354][  0]LogShaderLibrary: Display: ShaderCodeLibraryPakFileMountedCallback: PakFile 'C:/Program Files/Epic Games/UE_4.27/FeaturePacks/TP_HandheldARBP.upack' (chunk index -1, root 'root:/') mounted
[2022.05.19-09.22.55:354][  0]LogShaderLibrary: Display: ShaderCodeLibraryPakFileMountedCallback: pending pak file info (ChunkID:-1 Root:root:/ File:C:/Program Files/Epic Games/UE_4.27/FeaturePacks/TP_HandheldARBP.upack)
[2022.05.19-09.22.55:354][  0]LogPakFile: OnPakFileMounted2Time == 0.000019
[2022.05.19-09.22.55:355][  0]LogPakFile: PakFile PrimaryIndexSize=182
[2022.05.19-09.22.55:355][  0]LogPakFile: PakFile PathHashIndexSize=101
[2022.05.19-09.22.55:355][  0]LogPakFile: PakFile FullDirectoryIndexSize=138
[2022.05.19-09.22.55:355][  0]LogShaderLibrary: Display: ShaderCodeLibraryPakFileMountedCallback: PakFile 'C:/Program Files/Epic Games/UE_4.27/FeaturePacks/TP_Puzzle.upack' (chunk index -1, root 'root:/') mounted
[2022.05.19-09.22.55:355][  0]LogShaderLibrary: Display: ShaderCodeLibraryPakFileMountedCallback: pending pak file info (ChunkID:-1 Root:root:/ File:C:/Program Files/Epic Games/UE_4.27/FeaturePacks/TP_Puzzle.upack)
[2022.05.19-09.22.55:355][  0]LogPakFile: OnPakFileMounted2Time == 0.000020
[2022.05.19-09.22.55:355][  0]LogPakFile: PakFile PrimaryIndexSize=184
[2022.05.19-09.22.55:355][  0]LogPakFile: PakFile PathHashIndexSize=101
[2022.05.19-09.22.55:355][  0]LogPakFile: PakFile FullDirectoryIndexSize=142
[2022.05.19-09.22.55:355][  0]LogShaderLibrary: Display: ShaderCodeLibraryPakFileMountedCallback: PakFile 'C:/Program Files/Epic Games/UE_4.27/FeaturePacks/TP_PuzzleBP.upack' (chunk index -1, root 'root:/') mounted
[2022.05.19-09.22.55:355][  0]LogShaderLibrary: Display: ShaderCodeLibraryPakFileMountedCallback: pending pak file info (ChunkID:-1 Root:root:/ File:C:/Program Files/Epic Games/UE_4.27/FeaturePacks/TP_PuzzleBP.upack)
[2022.05.19-09.22.55:355][  0]LogPakFile: OnPakFileMounted2Time == 0.000019
[2022.05.19-09.22.55:355][  0]LogPakFile: PakFile PrimaryIndexSize=183
[2022.05.19-09.22.55:355][  0]LogPakFile: PakFile PathHashIndexSize=101
[2022.05.19-09.22.55:355][  0]LogPakFile: PakFile FullDirectoryIndexSize=140
[2022.05.19-09.22.55:355][  0]LogShaderLibrary: Display: ShaderCodeLibraryPakFileMountedCallback: PakFile 'C:/Program Files/Epic Games/UE_4.27/FeaturePacks/TP_Rolling.upack' (chunk index -1, root 'root:/') mounted
[2022.05.19-09.22.55:355][  0]LogShaderLibrary: Display: ShaderCodeLibraryPakFileMountedCallback: pending pak file info (ChunkID:-1 Root:root:/ File:C:/Program Files/Epic Games/UE_4.27/FeaturePacks/TP_Rolling.upack)
[2022.05.19-09.22.55:355][  0]LogPakFile: OnPakFileMounted2Time == 0.000021
[2022.05.19-09.22.55:356][  0]LogPakFile: PakFile PrimaryIndexSize=185
[2022.05.19-09.22.55:356][  0]LogPakFile: PakFile PathHashIndexSize=101
[2022.05.19-09.22.55:356][  0]LogPakFile: PakFile FullDirectoryIndexSize=144
[2022.05.19-09.22.55:356][  0]LogShaderLibrary: Display: ShaderCodeLibraryPakFileMountedCallback: PakFile 'C:/Program Files/Epic Games/UE_4.27/FeaturePacks/TP_RollingBP.upack' (chunk index -1, root 'root:/') mounted
[2022.05.19-09.22.55:356][  0]LogShaderLibrary: Display: ShaderCodeLibraryPakFileMountedCallback: pending pak file info (ChunkID:-1 Root:root:/ File:C:/Program Files/Epic Games/UE_4.27/FeaturePacks/TP_RollingBP.upack)
[2022.05.19-09.22.55:356][  0]LogPakFile: OnPakFileMounted2Time == 0.000019
[2022.05.19-09.22.55:356][  0]LogPakFile: PakFile PrimaryIndexSize=188
[2022.05.19-09.22.55:356][  0]LogPakFile: PakFile PathHashIndexSize=101
[2022.05.19-09.22.55:356][  0]LogPakFile: PakFile FullDirectoryIndexSize=150
[2022.05.19-09.22.55:356][  0]LogShaderLibrary: Display: ShaderCodeLibraryPakFileMountedCallback: PakFile 'C:/Program Files/Epic Games/UE_4.27/FeaturePacks/TP_SideScroller.upack' (chunk index -1, root 'root:/') mounted
[2022.05.19-09.22.55:356][  0]LogShaderLibrary: Display: ShaderCodeLibraryPakFileMountedCallback: pending pak file info (ChunkID:-1 Root:root:/ File:C:/Program Files/Epic Games/UE_4.27/FeaturePacks/TP_SideScroller.upack)
[2022.05.19-09.22.55:356][  0]LogPakFile: OnPakFileMounted2Time == 0.000021
[2022.05.19-09.22.55:356][  0]LogPakFile: PakFile PrimaryIndexSize=190
[2022.05.19-09.22.55:356][  0]LogPakFile: PakFile PathHashIndexSize=101
[2022.05.19-09.22.55:356][  0]LogPakFile: PakFile FullDirectoryIndexSize=154
[2022.05.19-09.22.55:356][  0]LogShaderLibrary: Display: ShaderCodeLibraryPakFileMountedCallback: PakFile 'C:/Program Files/Epic Games/UE_4.27/FeaturePacks/TP_SideScrollerBP.upack' (chunk index -1, root 'root:/') mounted
[2022.05.19-09.22.55:356][  0]LogShaderLibrary: Display: ShaderCodeLibraryPakFileMountedCallback: pending pak file info (ChunkID:-1 Root:root:/ File:C:/Program Files/Epic Games/UE_4.27/FeaturePacks/TP_SideScrollerBP.upack)
[2022.05.19-09.22.55:356][  0]LogPakFile: OnPakFileMounted2Time == 0.000019
[2022.05.19-09.22.55:357][  0]LogPakFile: PakFile PrimaryIndexSize=187
[2022.05.19-09.22.55:357][  0]LogPakFile: PakFile PathHashIndexSize=101
[2022.05.19-09.22.55:357][  0]LogPakFile: PakFile FullDirectoryIndexSize=148
[2022.05.19-09.22.55:357][  0]LogShaderLibrary: Display: ShaderCodeLibraryPakFileMountedCallback: PakFile 'C:/Program Files/Epic Games/UE_4.27/FeaturePacks/TP_ThirdPerson.upack' (chunk index -1, root 'root:/') mounted
[2022.05.19-09.22.55:357][  0]LogShaderLibrary: Display: ShaderCodeLibraryPakFileMountedCallback: pending pak file info (ChunkID:-1 Root:root:/ File:C:/Program Files/Epic Games/UE_4.27/FeaturePacks/TP_ThirdPerson.upack)
[2022.05.19-09.22.55:357][  0]LogPakFile: OnPakFileMounted2Time == 0.000020
[2022.05.19-09.22.55:357][  0]LogPakFile: PakFile PrimaryIndexSize=189
[2022.05.19-09.22.55:357][  0]LogPakFile: PakFile PathHashIndexSize=101
[2022.05.19-09.22.55:357][  0]LogPakFile: PakFile FullDirectoryIndexSize=152
[2022.05.19-09.22.55:357][  0]LogShaderLibrary: Display: ShaderCodeLibraryPakFileMountedCallback: PakFile 'C:/Program Files/Epic Games/UE_4.27/FeaturePacks/TP_ThirdPersonBP.upack' (chunk index -1, root 'root:/') mounted
[2022.05.19-09.22.55:357][  0]LogShaderLibrary: Display: ShaderCodeLibraryPakFileMountedCallback: pending pak file info (ChunkID:-1 Root:root:/ File:C:/Program Files/Epic Games/UE_4.27/FeaturePacks/TP_ThirdPersonBP.upack)
[2022.05.19-09.22.55:357][  0]LogPakFile: OnPakFileMounted2Time == 0.000019
[2022.05.19-09.22.55:357][  0]LogPakFile: PakFile PrimaryIndexSize=183
[2022.05.19-09.22.55:357][  0]LogPakFile: PakFile PathHashIndexSize=101
[2022.05.19-09.22.55:357][  0]LogPakFile: PakFile FullDirectoryIndexSize=140
[2022.05.19-09.22.55:357][  0]LogShaderLibrary: Display: ShaderCodeLibraryPakFileMountedCallback: PakFile 'C:/Program Files/Epic Games/UE_4.27/FeaturePacks/TP_TopDown.upack' (chunk index -1, root 'root:/') mounted
[2022.05.19-09.22.55:357][  0]LogShaderLibrary: Display: ShaderCodeLibraryPakFileMountedCallback: pending pak file info (ChunkID:-1 Root:root:/ File:C:/Program Files/Epic Games/UE_4.27/FeaturePacks/TP_TopDown.upack)
[2022.05.19-09.22.55:357][  0]LogPakFile: OnPakFileMounted2Time == 0.000024
[2022.05.19-09.22.55:357][  0]LogPakFile: PakFile PrimaryIndexSize=185
[2022.05.19-09.22.55:357][  0]LogPakFile: PakFile PathHashIndexSize=101
[2022.05.19-09.22.55:357][  0]LogPakFile: PakFile FullDirectoryIndexSize=144
[2022.05.19-09.22.55:357][  0]LogShaderLibrary: Display: ShaderCodeLibraryPakFileMountedCallback: PakFile 'C:/Program Files/Epic Games/UE_4.27/FeaturePacks/TP_TopDownBP.upack' (chunk index -1, root 'root:/') mounted
[2022.05.19-09.22.55:358][  0]LogShaderLibrary: Display: ShaderCodeLibraryPakFileMountedCallback: pending pak file info (ChunkID:-1 Root:root:/ File:C:/Program Files/Epic Games/UE_4.27/FeaturePacks/TP_TopDownBP.upack)
[2022.05.19-09.22.55:358][  0]LogPakFile: OnPakFileMounted2Time == 0.000021
[2022.05.19-09.22.55:358][  0]LogPakFile: PakFile PrimaryIndexSize=185
[2022.05.19-09.22.55:358][  0]LogPakFile: PakFile PathHashIndexSize=101
[2022.05.19-09.22.55:358][  0]LogPakFile: PakFile FullDirectoryIndexSize=144
[2022.05.19-09.22.55:358][  0]LogShaderLibrary: Display: ShaderCodeLibraryPakFileMountedCallback: PakFile 'C:/Program Files/Epic Games/UE_4.27/FeaturePacks/TP_TwinStick.upack' (chunk index -1, root 'root:/') mounted
[2022.05.19-09.22.55:358][  0]LogShaderLibrary: Display: ShaderCodeLibraryPakFileMountedCallback: pending pak file info (ChunkID:-1 Root:root:/ File:C:/Program Files/Epic Games/UE_4.27/FeaturePacks/TP_TwinStick.upack)
[2022.05.19-09.22.55:358][  0]LogPakFile: OnPakFileMounted2Time == 0.000019
[2022.05.19-09.22.55:358][  0]LogPakFile: PakFile PrimaryIndexSize=187
[2022.05.19-09.22.55:358][  0]LogPakFile: PakFile PathHashIndexSize=101
[2022.05.19-09.22.55:358][  0]LogPakFile: PakFile FullDirectoryIndexSize=148
[2022.05.19-09.22.55:358][  0]LogShaderLibrary: Display: ShaderCodeLibraryPakFileMountedCallback: PakFile 'C:/Program Files/Epic Games/UE_4.27/FeaturePacks/TP_TwinStickBP.upack' (chunk index -1, root 'root:/') mounted
[2022.05.19-09.22.55:358][  0]LogShaderLibrary: Display: ShaderCodeLibraryPakFileMountedCallback: pending pak file info (ChunkID:-1 Root:root:/ File:C:/Program Files/Epic Games/UE_4.27/FeaturePacks/TP_TwinStickBP.upack)
[2022.05.19-09.22.55:358][  0]LogPakFile: OnPakFileMounted2Time == 0.000019
[2022.05.19-09.22.55:358][  0]LogPakFile: PakFile PrimaryIndexSize=183
[2022.05.19-09.22.55:358][  0]LogPakFile: PakFile PathHashIndexSize=101
[2022.05.19-09.22.55:358][  0]LogPakFile: PakFile FullDirectoryIndexSize=140
[2022.05.19-09.22.55:358][  0]LogShaderLibrary: Display: ShaderCodeLibraryPakFileMountedCallback: PakFile 'C:/Program Files/Epic Games/UE_4.27/FeaturePacks/TP_Vehicle.upack' (chunk index -1, root 'root:/') mounted
[2022.05.19-09.22.55:358][  0]LogShaderLibrary: Display: ShaderCodeLibraryPakFileMountedCallback: pending pak file info (ChunkID:-1 Root:root:/ File:C:/Program Files/Epic Games/UE_4.27/FeaturePacks/TP_Vehicle.upack)
[2022.05.19-09.22.55:358][  0]LogPakFile: OnPakFileMounted2Time == 0.000019
[2022.05.19-09.22.55:359][  0]LogPakFile: PakFile PrimaryIndexSize=186
[2022.05.19-09.22.55:359][  0]LogPakFile: PakFile PathHashIndexSize=101
[2022.05.19-09.22.55:359][  0]LogPakFile: PakFile FullDirectoryIndexSize=146
[2022.05.19-09.22.55:359][  0]LogShaderLibrary: Display: ShaderCodeLibraryPakFileMountedCallback: PakFile 'C:/Program Files/Epic Games/UE_4.27/FeaturePacks/TP_VehicleAdv.upack' (chunk index -1, root 'root:/') mounted
[2022.05.19-09.22.55:359][  0]LogShaderLibrary: Display: ShaderCodeLibraryPakFileMountedCallback: pending pak file info (ChunkID:-1 Root:root:/ File:C:/Program Files/Epic Games/UE_4.27/FeaturePacks/TP_VehicleAdv.upack)
[2022.05.19-09.22.55:359][  0]LogPakFile: OnPakFileMounted2Time == 0.000019
[2022.05.19-09.22.55:359][  0]LogPakFile: PakFile PrimaryIndexSize=188
[2022.05.19-09.22.55:359][  0]LogPakFile: PakFile PathHashIndexSize=101
[2022.05.19-09.22.55:359][  0]LogPakFile: PakFile FullDirectoryIndexSize=150
[2022.05.19-09.22.55:359][  0]LogShaderLibrary: Display: ShaderCodeLibraryPakFileMountedCallback: PakFile 'C:/Program Files/Epic Games/UE_4.27/FeaturePacks/TP_VehicleAdvBP.upack' (chunk index -1, root 'root:/') mounted
[2022.05.19-09.22.55:359][  0]LogShaderLibrary: Display: ShaderCodeLibraryPakFileMountedCallback: pending pak file info (ChunkID:-1 Root:root:/ File:C:/Program Files/Epic Games/UE_4.27/FeaturePacks/TP_VehicleAdvBP.upack)
[2022.05.19-09.22.55:359][  0]LogPakFile: OnPakFileMounted2Time == 0.000020
[2022.05.19-09.22.55:359][  0]LogPakFile: PakFile PrimaryIndexSize=185
[2022.05.19-09.22.55:359][  0]LogPakFile: PakFile PathHashIndexSize=101
[2022.05.19-09.22.55:359][  0]LogPakFile: PakFile FullDirectoryIndexSize=144
[2022.05.19-09.22.55:359][  0]LogShaderLibrary: Display: ShaderCodeLibraryPakFileMountedCallback: PakFile 'C:/Program Files/Epic Games/UE_4.27/FeaturePacks/TP_VehicleBP.upack' (chunk index -1, root 'root:/') mounted
[2022.05.19-09.22.55:359][  0]LogShaderLibrary: Display: ShaderCodeLibraryPakFileMountedCallback: pending pak file info (ChunkID:-1 Root:root:/ File:C:/Program Files/Epic Games/UE_4.27/FeaturePacks/TP_VehicleBP.upack)
[2022.05.19-09.22.55:359][  0]LogPakFile: OnPakFileMounted2Time == 0.000019
[2022.05.19-09.22.55:360][  0]LogPakFile: PakFile PrimaryIndexSize=192
[2022.05.19-09.22.55:360][  0]LogPakFile: PakFile PathHashIndexSize=101
[2022.05.19-09.22.55:360][  0]LogPakFile: PakFile FullDirectoryIndexSize=158
[2022.05.19-09.22.55:360][  0]LogShaderLibrary: Display: ShaderCodeLibraryPakFileMountedCallback: PakFile 'C:/Program Files/Epic Games/UE_4.27/FeaturePacks/TP_VirtualRealityBP.upack' (chunk index -1, root 'root:/') mounted
[2022.05.19-09.22.55:360][  0]LogShaderLibrary: Display: ShaderCodeLibraryPakFileMountedCallback: pending pak file info (ChunkID:-1 Root:root:/ File:C:/Program Files/Epic Games/UE_4.27/FeaturePacks/TP_VirtualRealityBP.upack)
[2022.05.19-09.22.55:360][  0]LogPakFile: OnPakFileMounted2Time == 0.000026
[2022.05.19-09.22.55:384][  0]LogNativeClassHierarchy: Verbose: Native class hierarchy updated for 'AddContentDialog' in 0.0003 seconds. Added 0 classes and 0 folders.
[2022.05.19-09.22.55:385][  0]LogNativeClassHierarchy: Verbose: Native class hierarchy updated for 'SceneOutliner' in 0.0002 seconds. Added 2 classes and 0 folders.
[2022.05.19-09.22.55:424][  0]LogSlate: Took 0.000271 seconds to synchronously load lazily loaded font '../../../Engine/Content/Slate/Fonts/Roboto-Regular.ttf' (155K)
[2022.05.19-09.22.55:425][  0]LogSlate: Took 0.000119 seconds to synchronously load lazily loaded font '../../../Engine/Content/Editor/Slate/Fonts/FontAwesome.ttf' (139K)
[2022.05.19-09.22.55:425][  0]LogSlate: Took 0.000108 seconds to synchronously load lazily loaded font '../../../Engine/Content/Slate/Fonts/Roboto-Bold.ttf' (160K)
[2022.05.19-09.22.55:485][  0]LogRenderer: Reallocating scene render targets to support 1616x616 Format 10 NumSamples 1 (Frame:1).
[2022.05.19-09.22.55:559][  0]LogNativeClassHierarchy: Verbose: Native class hierarchy updated for 'HierarchicalLODOutliner' in 0.0002 seconds. Added 0 classes and 0 folders.
[2022.05.19-09.22.55:559][  0]LogLoad: (Engine Initialization) Total time: 5.25 seconds
[2022.05.19-09.22.55:559][  0]LogLoad: (Engine Initialization) Total Blueprint compile time: 0.00 seconds
[2022.05.19-09.22.55:602][  0]LogAssetRegistry: Asset discovery search completed in 3.1094 seconds
[2022.05.19-09.22.55:606][  0]LogCollectionManager: Fixed up redirectors for 0 collections in 0.000003 seconds (updated 0 objects)
[2022.05.19-09.22.55:608][  0]LogContentStreaming: Texture pool size now 1000 MB
[2022.05.19-09.22.55:662][  0]LogRenderer: Reallocating scene render targets to support 1616x632 Format 10 NumSamples 1 (Frame:4).
[2022.05.19-09.22.55:662][  0]LogSlate: Took 0.000170 seconds to synchronously load lazily loaded font '../../../Engine/Content/Slate/Fonts/DroidSansMono.ttf' (77K)
[2022.05.19-09.22.55:912][  1]LogFileCache: Retrieving MD5 hashes for directory 'D:/F.breton/Projet-4/Skip_CRJV2122_PS4/Alpha/Content/' took 0.33s
[2022.05.19-09.22.56:260][  2]LogSlate: Took 0.000160 seconds to synchronously load lazily loaded font '../../../Engine/Content/Slate/Fonts/Roboto-Light.ttf' (167K)
[2022.05.19-09.22.56:922][  4]LogSlate: Took 0.000195 seconds to synchronously load lazily loaded font '../../../Engine/Content/Slate/Fonts/Roboto-Light.ttf' (167K)
