Log file open, 06/02/22 12:34:20
LogWindows: Failed to load 'aqProf.dll' (GetLastError=126)
LogWindows: File 'aqProf.dll' does not exist
LogWindows: Failed to load 'VtuneApi.dll' (GetLastError=126)
LogWindows: File 'VtuneApi.dll' does not exist
LogWindows: Failed to load 'VtuneApi32e.dll' (GetLastError=126)
LogWindows: File 'VtuneApi32e.dll' does not exist
LogConsoleResponse: Display: Failed to find resolution value strings in scalability ini. Falling back to default.
LogConsoleResponse: Display: Failed to find resolution value strings in scalability ini. Falling back to default.
LogInit: Display: Running engine for game: SkipUe4
LogPlatformFile: Not using cached read wrapper
LogTaskGraph: Started task graph with 5 named threads and 47 total threads with 3 sets of task threads.
LogStats: Stats thread started at 0.166066
LogICUInternationalization: ICU TimeZone Detection - Raw Offset: +1:00, Platform Override: ''
LogInit: Display: Loading text-based GConfig....
LogPluginManager: Mounting plugin MeshPainting
LogPluginManager: Mounting plugin XGEController
LogPluginManager: Mounting plugin Paper2D
LogPluginManager: Mounting plugin AISupport
LogPluginManager: Mounting plugin EnvironmentQueryEditor
LogPluginManager: Mounting plugin LightPropagationVolume
LogPluginManager: Mounting plugin LiveLink
LogPluginManager: Mounting plugin OodleData
LogPluginManager: Mounting plugin GameplayCameras
LogPluginManager: Mounting plugin OodleNetwork
LogPluginManager: Mounting plugin CameraShakePreviewer
LogPluginManager: Mounting plugin AssetManagerEditor
LogPluginManager: Mounting plugin CryptoKeys
LogPluginManager: Mounting plugin CurveEditorTools
LogPluginManager: Mounting plugin DataValidation
LogPluginManager: Mounting plugin FacialAnimation
LogPluginManager: Mounting plugin GameplayTagsEditor
LogPluginManager: Mounting plugin GeometryMode
LogPluginManager: Mounting plugin MacGraphicsSwitching
LogPluginManager: Mounting plugin MaterialAnalyzer
LogPluginManager: Mounting plugin DatasmithContent
LogPluginManager: Mounting plugin MobileLauncherProfileWizard
LogPluginManager: Mounting plugin PluginBrowser
LogPluginManager: Mounting plugin VariantManagerContent
LogPluginManager: Mounting plugin SpeedTreeImporter
LogPluginManager: Mounting plugin AnimationSharing
LogPluginManager: Mounting plugin CLionSourceCodeAccess
LogPluginManager: Mounting plugin GitSourceControl
LogPluginManager: Mounting plugin CodeLiteSourceCodeAccess
LogPluginManager: Mounting plugin KDevelopSourceCodeAccess
LogPluginManager: Mounting plugin NullSourceCodeAccess
LogPluginManager: Mounting plugin PluginUtils
LogPluginManager: Mounting plugin PixWinPlugin
LogPluginManager: Mounting plugin PropertyAccessNode
LogPluginManager: Mounting plugin PerforceSourceControl
LogPluginManager: Mounting plugin PlasticSourceControl
LogPluginManager: Mounting plugin RiderSourceCodeAccess
LogPluginManager: Mounting plugin SubversionSourceControl
LogPluginManager: Mounting plugin TextureFormatOodle
LogPluginManager: Mounting plugin VisualStudioCodeSourceCodeAccess
LogPluginManager: Mounting plugin AlembicImporter
LogPluginManager: Mounting plugin XCodeSourceCodeAccess
LogPluginManager: Mounting plugin AutomationUtils
LogPluginManager: Mounting plugin VisualStudioSourceCodeAccess
LogPluginManager: Mounting plugin UObjectPlugin
LogPluginManager: Mounting plugin BackChannel
LogPluginManager: Mounting plugin Niagara
LogPluginManager: Mounting plugin ChaosCloth
LogPluginManager: Mounting plugin ChaosNiagara
LogPluginManager: Mounting plugin ChaosSolverPlugin
LogPluginManager: Mounting plugin ChaosClothEditor
LogPluginManager: Mounting plugin ChaosEditor
LogPluginManager: Mounting plugin CharacterAI
LogPluginManager: Mounting plugin GeometryCache
LogPluginManager: Mounting plugin GeometryCollectionPlugin
LogPluginManager: Mounting plugin GeometryProcessing
LogPluginManager: Mounting plugin MotoSynth
LogPluginManager: Mounting plugin OpenImageDenoise
LogPluginManager: Mounting plugin PlanarCut
LogPluginManager: Mounting plugin PlatformCrypto
LogPluginManager: Mounting plugin PythonScriptPlugin
LogPluginManager: Mounting plugin ProxyLODPlugin
LogPluginManager: Mounting plugin SkeletalReduction
LogPluginManager: Mounting plugin LuminPlatformFeatures
LogPluginManager: Mounting plugin MagicLeap
LogPluginManager: Mounting plugin MagicLeapLightEstimation
LogPluginManager: Mounting plugin MagicLeapMedia
LogPluginManager: Mounting plugin MagicLeapPassableWorld
LogPluginManager: Mounting plugin MLSDK
LogPluginManager: Mounting plugin AndroidMedia
LogPluginManager: Mounting plugin AvfMedia
LogPluginManager: Mounting plugin ImgMedia
LogPluginManager: Mounting plugin MediaCompositing
LogPluginManager: Mounting plugin MediaPlayerEditor
LogPluginManager: Mounting plugin WebMMedia
LogPluginManager: Mounting plugin WmfMedia
LogPluginManager: Mounting plugin ActorSequence
LogPluginManager: Mounting plugin LevelSequenceEditor
LogPluginManager: Mounting plugin MatineeToLevelSequence
LogPluginManager: Mounting plugin TemplateSequence
LogPluginManager: Mounting plugin OnlineSubsystem
LogPluginManager: Mounting plugin OnlineSubsystemNull
LogPluginManager: Mounting plugin OnlineSubsystemUtils
LogPluginManager: Mounting plugin TcpMessaging
LogPluginManager: Mounting plugin UdpMessaging
LogPluginManager: Mounting plugin LauncherChunkInstaller
LogPluginManager: Mounting plugin ActorLayerUtilities
LogPluginManager: Mounting plugin AndroidDeviceProfileSelector
LogPluginManager: Mounting plugin AndroidMoviePlayer
LogPluginManager: Mounting plugin AndroidPermission
LogPluginManager: Mounting plugin AppleImageUtils
LogPluginManager: Mounting plugin AppleMoviePlayer
LogPluginManager: Mounting plugin ArchVisCharacter
LogPluginManager: Mounting plugin AudioCapture
LogPluginManager: Mounting plugin AssetTags
LogPluginManager: Mounting plugin AudioSynesthesia
LogPluginManager: Mounting plugin CableComponent
LogPluginManager: Mounting plugin ChunkDownloader
LogPluginManager: Mounting plugin CustomMeshComponent
LogPluginManager: Mounting plugin EditableMesh
LogPluginManager: Mounting plugin ExampleDeviceProfileSelector
LogPluginManager: Mounting plugin GooglePAD
LogPluginManager: Mounting plugin GoogleCloudMessaging
LogPluginManager: Mounting plugin IOSDeviceProfileSelector
LogPluginManager: Mounting plugin LinuxDeviceProfileSelector
LogPluginManager: Mounting plugin LocationServicesBPLibrary
LogPluginManager: Mounting plugin MobilePatchingUtils
LogPluginManager: Mounting plugin OpenXR
LogPluginManager: Mounting plugin OpenXREyeTracker
LogPluginManager: Mounting plugin OpenXRHandTracking
LogPluginManager: Mounting plugin PhysXVehicles
LogPluginManager: Mounting plugin ScreenshotTools
LogPluginManager: Mounting plugin Takes
LogPluginManager: Mounting plugin ProceduralMeshComponent
LogPluginManager: Mounting plugin PostSplashScreen
LogPluginManager: Mounting plugin PropertyAccessEditor
LogPluginManager: Mounting plugin RuntimePhysXCooking
LogPluginManager: Mounting plugin SignificanceManager
LogPluginManager: Mounting plugin SoundFields
LogPluginManager: Mounting plugin Synthesis
LogPluginManager: Mounting plugin WebMMoviePlayer
LogPluginManager: Mounting plugin WindowsMoviePlayer
LogPluginManager: Mounting plugin ContentBrowserClassDataSource
LogPluginManager: Mounting plugin ContentBrowserAssetDataSource
LogPluginManager: Mounting plugin ContentBrowserFileDataSource
LogPluginManager: Mounting plugin OnlineSubsystemGooglePlay
LogPluginManager: Mounting plugin OnlineSubsystemIOS
LogPluginManager: Mounting plugin OculusVR
LogPluginManager: Mounting plugin SteamVR
PixWinPlugin: PIX capture plugin failed to initialize! Check that the process is launched from PIX.
LogInit: Using libcurl 7.55.1-DEV
LogInit:  - built for x86_64-pc-win32
LogInit:  - supports SSL with OpenSSL/1.1.1
LogInit:  - supports HTTP deflate (compression) using libz 1.2.8
LogInit:  - other features:
LogInit:      CURL_VERSION_SSL
LogInit:      CURL_VERSION_LIBZ
LogInit:      CURL_VERSION_IPV6
LogInit:      CURL_VERSION_ASYNCHDNS
LogInit:      CURL_VERSION_LARGEFILE
LogInit:      CURL_VERSION_IDN
LogInit:  CurlRequestOptions (configurable via config and command line):
LogInit:  - bVerifyPeer = true  - Libcurl will verify peer certificate
LogInit:  - bUseHttpProxy = false  - Libcurl will NOT use HTTP proxy
LogInit:  - bDontReuseConnections = false  - Libcurl will reuse connections
LogInit:  - MaxHostConnections = 16  - Libcurl will limit the number of connections to a host
LogInit:  - LocalHostAddr = Default
LogInit:  - BufferSize = 65536
LogOnline: OSS: Creating online subsystem instance for: NULL
LogInit: WinSock: version 1.1 (2.2), MaxSocks=32767, MaxUdp=65467
LogOnline: OSS: TryLoadSubsystemAndSetDefault: Loaded subsystem for module [NULL]
LogOculusPluginWrapper: OculusPlugin initialized successfully
LogHMD: Failed initializing OVRPlugin 1.59.0
LogInit: Build: ++UE4+Release-4.27-CL-18319896
LogInit: Engine Version: 4.27.2-18319896+++UE4+Release-4.27
LogInit: Compatible Engine Version: 4.27.0-17155196+++UE4+Release-4.27
LogInit: Net CL: 17155196
LogInit: OS: Windows 10 (Release 2009) (), CPU: 11th Gen Intel(R) Core(TM) i7-11700 @ 2.50GHz, GPU: NVIDIA GeForce RTX 3070
LogInit: Compiled (64-bit): Nov 30 2021 07:12:08
LogInit: Compiled with Visual C++: 19.24.28315.00
LogInit: Build Configuration: Development
LogInit: Branch Name: ++UE4+Release-4.27
LogInit: Command Line: 
LogInit: Base Directory: C:/UE_4.27/Engine/Binaries/Win64/
LogInit: Allocator: TBB
LogInit: Installed Engine Build: 1
LogDevObjectVersion: Number of dev versions registered: 29
LogDevObjectVersion:   Dev-Blueprints (B0D832E4-1F89-4F0D-ACCF-7EB736FD4AA2): 10
LogDevObjectVersion:   Dev-Build (E1C64328-A22C-4D53-A36C-8E866417BD8C): 0
LogDevObjectVersion:   Dev-Core (375EC13C-06E4-48FB-B500-84F0262A717E): 4
LogDevObjectVersion:   Dev-Editor (E4B068ED-F494-42E9-A231-DA0B2E46BB41): 40
LogDevObjectVersion:   Dev-Framework (CFFC743F-43B0-4480-9391-14DF171D2073): 37
LogDevObjectVersion:   Dev-Mobile (B02B49B5-BB20-44E9-A304-32B752E40360): 3
LogDevObjectVersion:   Dev-Networking (A4E4105C-59A1-49B5-A7C5-40C4547EDFEE): 0
LogDevObjectVersion:   Dev-Online (39C831C9-5AE6-47DC-9A44-9C173E1C8E7C): 0
LogDevObjectVersion:   Dev-Physics (78F01B33-EBEA-4F98-B9B4-84EACCB95AA2): 14
LogDevObjectVersion:   Dev-Platform (6631380F-2D4D-43E0-8009-CF276956A95A): 0
LogDevObjectVersion:   Dev-Rendering (12F88B9F-8875-4AFC-A67C-D90C383ABD29): 45
LogDevObjectVersion:   Dev-Sequencer (7B5AE74C-D270-4C10-A958-57980B212A5A): 13
LogDevObjectVersion:   Dev-VR (D7296918-1DD6-4BDD-9DE2-64A83CC13884): 3
LogDevObjectVersion:   Dev-LoadTimes (C2A15278-BFE7-4AFE-6C17-90FF531DF755): 1
LogDevObjectVersion:   Private-Geometry (6EACA3D4-40EC-4CC1-B786-8BED09428FC5): 3
LogDevObjectVersion:   Dev-AnimPhys (29E575DD-E0A3-4627-9D10-D276232CDCEA): 17
LogDevObjectVersion:   Dev-Anim (AF43A65D-7FD3-4947-9873-3E8ED9C1BB05): 15
LogDevObjectVersion:   Dev-ReflectionCapture (6B266CEC-1EC7-4B8F-A30B-E4D90942FC07): 1
LogDevObjectVersion:   Dev-Automation (0DF73D61-A23F-47EA-B727-89E90C41499A): 1
LogDevObjectVersion:   FortniteMain (601D1886-AC64-4F84-AA16-D3DE0DEAC7D6): 47
LogDevObjectVersion:   FortniteRelease (E7086368-6B23-4C58-8439-1B7016265E91): 1
LogDevObjectVersion:   Dev-Enterprise (9DFFBCD6-494F-0158-E221-12823C92A888): 10
LogDevObjectVersion:   Dev-Niagara (F2AED0AC-9AFE-416F-8664-AA7FFA26D6FC): 1
LogDevObjectVersion:   Dev-Destruction (174F1F0B-B4C6-45A5-B13F-2EE8D0FB917D): 10
LogDevObjectVersion:   Dev-Physics-Ext (35F94A83-E258-406C-A318-09F59610247C): 41
LogDevObjectVersion:   Dev-PhysicsMaterial-Chaos (B68FC16E-8B1B-42E2-B453-215C058844FE): 1
LogDevObjectVersion:   Dev-CineCamera (B2E18506-4273-CFC2-A54E-F4BB758BBA07): 1
LogDevObjectVersion:   Dev-VirtualProduction (64F58936-FD1B-42BA-BA96-7289D5D0FA4E): 1
LogDevObjectVersion:   Dev-MediaFramework (6F0ED827-A609-4895-9C91-998D90180EA4): 2
LogInit: Presizing for max 25165824 objects, including 0 objects not considered by GC, pre-allocating 0 bytes for permanent pool.
LogConfig: Applying CVar settings from Section [/Script/Engine.StreamingSettings] File [D:/FBreton/Skip_CRJV2122_PS4/Alpha/Saved/Config/Windows/Engine.ini]
LogConfig: Setting CVar [[s.MinBulkDataSizeForAsyncLoading:131072]]
LogConfig: Setting CVar [[s.AsyncLoadingThreadEnabled:0]]
LogConfig: Setting CVar [[s.EventDrivenLoaderEnabled:1]]
LogConfig: Setting CVar [[s.WarnIfTimeLimitExceeded:0]]
LogConfig: Setting CVar [[s.TimeLimitExceededMultiplier:1.5]]
LogConfig: Setting CVar [[s.TimeLimitExceededMinTime:0.005]]
LogConfig: Setting CVar [[s.UseBackgroundLevelStreaming:1]]
LogConfig: Setting CVar [[s.PriorityAsyncLoadingExtraTime:15.0]]
LogConfig: Setting CVar [[s.LevelStreamingActorsUpdateTimeLimit:5.0]]
LogConfig: Setting CVar [[s.PriorityLevelStreamingActorsUpdateExtraTime:5.0]]
LogConfig: Setting CVar [[s.LevelStreamingComponentsRegistrationGranularity:10]]
LogConfig: Setting CVar [[s.UnregisterComponentsTimeLimit:1.0]]
LogConfig: Setting CVar [[s.LevelStreamingComponentsUnregistrationGranularity:5]]
LogConfig: Setting CVar [[s.FlushStreamingOnExit:1]]
LogInit: Object subsystem initialized
LogConfig: Setting CVar [[con.DebugEarlyDefault:1]]
LogConfig: Setting CVar [[r.setres:1280x720]]
[2022.06.02-10.34.20:552][  0]LogConfig: Setting CVar [[r.VSync:0]]
[2022.06.02-10.34.20:552][  0]LogConfig: Setting CVar [[r.RHICmdBypass:0]]
[2022.06.02-10.34.20:553][  0]LogConfig: Applying CVar settings from Section [/Script/Engine.RendererSettings] File [D:/FBreton/Skip_CRJV2122_PS4/Alpha/Saved/Config/Windows/Engine.ini]
[2022.06.02-10.34.20:553][  0]LogConfig: Setting CVar [[r.GPUCrashDebugging:0]]
[2022.06.02-10.34.20:553][  0]LogConfig: Setting CVar [[r.Mobile.ReflectionCaptureCompression:0]]
[2022.06.02-10.34.20:553][  0]LogConfig: Setting CVar [[r.AllowGlobalClipPlane:0]]
[2022.06.02-10.34.20:553][  0]LogConfig: Setting CVar [[r.DBuffer:1]]
[2022.06.02-10.34.20:553][  0]LogConfig: Setting CVar [[r.CustomDepth:3]]
[2022.06.02-10.34.20:553][  0]LogConfig: Applying CVar settings from Section [/Script/Engine.RendererOverrideSettings] File [D:/FBreton/Skip_CRJV2122_PS4/Alpha/Saved/Config/Windows/Engine.ini]
[2022.06.02-10.34.20:553][  0]LogConfig: Applying CVar settings from Section [/Script/Engine.StreamingSettings] File [D:/FBreton/Skip_CRJV2122_PS4/Alpha/Saved/Config/Windows/Engine.ini]
[2022.06.02-10.34.20:553][  0]LogConfig: Setting CVar [[s.MinBulkDataSizeForAsyncLoading:131072]]
[2022.06.02-10.34.20:553][  0]LogConfig: Setting CVar [[s.AsyncLoadingThreadEnabled:0]]
[2022.06.02-10.34.20:553][  0]LogConfig: Setting CVar [[s.EventDrivenLoaderEnabled:1]]
[2022.06.02-10.34.20:553][  0]LogConfig: Setting CVar [[s.WarnIfTimeLimitExceeded:0]]
[2022.06.02-10.34.20:553][  0]LogConfig: Setting CVar [[s.TimeLimitExceededMultiplier:1.5]]
[2022.06.02-10.34.20:553][  0]LogConfig: Setting CVar [[s.TimeLimitExceededMinTime:0.005]]
[2022.06.02-10.34.20:553][  0]LogConfig: Setting CVar [[s.UseBackgroundLevelStreaming:1]]
[2022.06.02-10.34.20:553][  0]LogConfig: Setting CVar [[s.PriorityAsyncLoadingExtraTime:15.0]]
[2022.06.02-10.34.20:553][  0]LogConfig: Setting CVar [[s.LevelStreamingActorsUpdateTimeLimit:5.0]]
[2022.06.02-10.34.20:553][  0]LogConfig: Setting CVar [[s.PriorityLevelStreamingActorsUpdateExtraTime:5.0]]
[2022.06.02-10.34.20:553][  0]LogConfig: Setting CVar [[s.LevelStreamingComponentsRegistrationGranularity:10]]
[2022.06.02-10.34.20:553][  0]LogConfig: Setting CVar [[s.UnregisterComponentsTimeLimit:1.0]]
[2022.06.02-10.34.20:553][  0]LogConfig: Setting CVar [[s.LevelStreamingComponentsUnregistrationGranularity:5]]
[2022.06.02-10.34.20:553][  0]LogConfig: Setting CVar [[s.FlushStreamingOnExit:1]]
[2022.06.02-10.34.20:553][  0]LogConfig: Applying CVar settings from Section [/Script/Engine.GarbageCollectionSettings] File [D:/FBreton/Skip_CRJV2122_PS4/Alpha/Saved/Config/Windows/Engine.ini]
[2022.06.02-10.34.20:553][  0]LogConfig: Setting CVar [[gc.MaxObjectsNotConsideredByGC:1]]
[2022.06.02-10.34.20:553][  0]LogConfig: Setting CVar [[gc.SizeOfPermanentObjectPool:0]]
[2022.06.02-10.34.20:553][  0]LogConfig: Setting CVar [[gc.FlushStreamingOnGC:0]]
[2022.06.02-10.34.20:553][  0]LogConfig: Setting CVar [[gc.NumRetriesBeforeForcingGC:10]]
[2022.06.02-10.34.20:553][  0]LogConfig: Setting CVar [[gc.AllowParallelGC:1]]
[2022.06.02-10.34.20:553][  0]LogConfig: Setting CVar [[gc.TimeBetweenPurgingPendingKillObjects:61.1]]
[2022.06.02-10.34.20:553][  0]LogConfig: Setting CVar [[gc.MaxObjectsInEditor:25165824]]
[2022.06.02-10.34.20:553][  0]LogConfig: Setting CVar [[gc.IncrementalBeginDestroyEnabled:1]]
[2022.06.02-10.34.20:553][  0]LogConfig: Setting CVar [[gc.CreateGCClusters:1]]
[2022.06.02-10.34.20:553][  0]LogConfig: Setting CVar [[gc.MinGCClusterSize:5]]
[2022.06.02-10.34.20:553][  0]LogConfig: Setting CVar [[gc.ActorClusteringEnabled:0]]
[2022.06.02-10.34.20:553][  0]LogConfig: Setting CVar [[gc.BlueprintClusteringEnabled:0]]
[2022.06.02-10.34.20:553][  0]LogConfig: Setting CVar [[gc.UseDisregardForGCOnDedicatedServers:0]]
[2022.06.02-10.34.20:553][  0]LogConfig: Setting CVar [[gc.MultithreadedDestructionEnabled:1]]
[2022.06.02-10.34.20:553][  0]LogConfig: Applying CVar settings from Section [/Script/Engine.NetworkSettings] File [D:/FBreton/Skip_CRJV2122_PS4/Alpha/Saved/Config/Windows/Engine.ini]
[2022.06.02-10.34.20:553][  0]LogConfig: Applying CVar settings from Section [/Script/UnrealEd.CookerSettings] File [D:/FBreton/Skip_CRJV2122_PS4/Alpha/Saved/Config/Windows/Engine.ini]
[2022.06.02-10.34.20:560][  0]LogConfig: Applying CVar settings from Section [ViewDistanceQuality@3] File [D:/FBreton/Skip_CRJV2122_PS4/Alpha/Saved/Config/Windows/Scalability.ini]
[2022.06.02-10.34.20:560][  0]LogConfig: Setting CVar [[r.SkeletalMeshLODBias:0]]
[2022.06.02-10.34.20:560][  0]LogConfig: Setting CVar [[r.ViewDistanceScale:1.0]]
[2022.06.02-10.34.20:560][  0]LogConfig: Applying CVar settings from Section [AntiAliasingQuality@3] File [D:/FBreton/Skip_CRJV2122_PS4/Alpha/Saved/Config/Windows/Scalability.ini]
[2022.06.02-10.34.20:560][  0]LogConfig: Setting CVar [[r.PostProcessAAQuality:4]]
[2022.06.02-10.34.20:560][  0]LogConfig: Applying CVar settings from Section [ShadowQuality@3] File [D:/FBreton/Skip_CRJV2122_PS4/Alpha/Saved/Config/Windows/Scalability.ini]
[2022.06.02-10.34.20:560][  0]LogConfig: Setting CVar [[r.LightFunctionQuality:1]]
[2022.06.02-10.34.20:560][  0]LogConfig: Setting CVar [[r.ShadowQuality:5]]
[2022.06.02-10.34.20:560][  0]LogConfig: Setting CVar [[r.Shadow.CSM.MaxCascades:10]]
[2022.06.02-10.34.20:560][  0]LogConfig: Setting CVar [[r.Shadow.MaxResolution:2048]]
[2022.06.02-10.34.20:560][  0]LogConfig: Setting CVar [[r.Shadow.MaxCSMResolution:2048]]
[2022.06.02-10.34.20:560][  0]LogConfig: Setting CVar [[r.Shadow.RadiusThreshold:0.01]]
[2022.06.02-10.34.20:560][  0]LogConfig: Setting CVar [[r.Shadow.DistanceScale:1.0]]
[2022.06.02-10.34.20:560][  0]LogConfig: Setting CVar [[r.Shadow.CSM.TransitionScale:1.0]]
[2022.06.02-10.34.20:560][  0]LogConfig: Setting CVar [[r.Shadow.PreShadowResolutionFactor:1.0]]
[2022.06.02-10.34.20:560][  0]LogConfig: Setting CVar [[r.DistanceFieldShadowing:1]]
[2022.06.02-10.34.20:560][  0]LogConfig: Setting CVar [[r.DistanceFieldAO:1]]
[2022.06.02-10.34.20:560][  0]LogConfig: Setting CVar [[r.AOQuality:2]]
[2022.06.02-10.34.20:560][  0]LogConfig: Setting CVar [[r.VolumetricFog:1]]
[2022.06.02-10.34.20:560][  0]LogConfig: Setting CVar [[r.VolumetricFog.GridPixelSize:8]]
[2022.06.02-10.34.20:560][  0]LogConfig: Setting CVar [[r.VolumetricFog.GridSizeZ:128]]
[2022.06.02-10.34.20:560][  0]LogConfig: Setting CVar [[r.VolumetricFog.HistoryMissSupersampleCount:4]]
[2022.06.02-10.34.20:560][  0]LogConfig: Setting CVar [[r.LightMaxDrawDistanceScale:1]]
[2022.06.02-10.34.20:560][  0]LogConfig: Setting CVar [[r.CapsuleShadows:1]]
[2022.06.02-10.34.20:560][  0]LogConfig: Applying CVar settings from Section [PostProcessQuality@3] File [D:/FBreton/Skip_CRJV2122_PS4/Alpha/Saved/Config/Windows/Scalability.ini]
[2022.06.02-10.34.20:560][  0]LogConfig: Setting CVar [[r.MotionBlurQuality:4]]
[2022.06.02-10.34.20:560][  0]LogConfig: Setting CVar [[r.AmbientOcclusionMipLevelFactor:0.4]]
[2022.06.02-10.34.20:560][  0]LogConfig: Setting CVar [[r.AmbientOcclusionMaxQuality:100]]
[2022.06.02-10.34.20:560][  0]LogConfig: Setting CVar [[r.AmbientOcclusionLevels:-1]]
[2022.06.02-10.34.20:560][  0]LogConfig: Setting CVar [[r.AmbientOcclusionRadiusScale:1.0]]
[2022.06.02-10.34.20:560][  0]LogConfig: Setting CVar [[r.DepthOfFieldQuality:2]]
[2022.06.02-10.34.20:560][  0]LogConfig: Setting CVar [[r.RenderTargetPoolMin:400]]
[2022.06.02-10.34.20:560][  0]LogConfig: Setting CVar [[r.LensFlareQuality:2]]
[2022.06.02-10.34.20:560][  0]LogConfig: Setting CVar [[r.SceneColorFringeQuality:1]]
[2022.06.02-10.34.20:560][  0]LogConfig: Setting CVar [[r.EyeAdaptationQuality:2]]
[2022.06.02-10.34.20:560][  0]LogConfig: Setting CVar [[r.BloomQuality:5]]
[2022.06.02-10.34.20:560][  0]LogConfig: Setting CVar [[r.FastBlurThreshold:100]]
[2022.06.02-10.34.20:560][  0]LogConfig: Setting CVar [[r.Upscale.Quality:3]]
[2022.06.02-10.34.20:560][  0]LogConfig: Setting CVar [[r.Tonemapper.GrainQuantization:1]]
[2022.06.02-10.34.20:560][  0]LogConfig: Setting CVar [[r.LightShaftQuality:1]]
[2022.06.02-10.34.20:560][  0]LogConfig: Setting CVar [[r.Filter.SizeScale:1]]
[2022.06.02-10.34.20:560][  0]LogConfig: Setting CVar [[r.Tonemapper.Quality:5]]
[2022.06.02-10.34.20:560][  0]LogConfig: Setting CVar [[r.DOF.Gather.AccumulatorQuality:1        ; higher gathering accumulator quality]]
[2022.06.02-10.34.20:560][  0]LogConfig: Setting CVar [[r.DOF.Gather.PostfilterMethod:1          ; Median3x3 postfilering method]]
[2022.06.02-10.34.20:560][  0]LogConfig: Setting CVar [[r.DOF.Gather.EnableBokehSettings:0       ; no bokeh simulation when gathering]]
[2022.06.02-10.34.20:560][  0]LogConfig: Setting CVar [[r.DOF.Gather.RingCount:4                 ; medium number of samples when gathering]]
[2022.06.02-10.34.20:560][  0]LogConfig: Setting CVar [[r.DOF.Scatter.ForegroundCompositing:1    ; additive foreground scattering]]
[2022.06.02-10.34.20:560][  0]LogConfig: Setting CVar [[r.DOF.Scatter.BackgroundCompositing:2    ; additive background scattering]]
[2022.06.02-10.34.20:560][  0]LogConfig: Setting CVar [[r.DOF.Scatter.EnableBokehSettings:1      ; bokeh simulation when scattering]]
[2022.06.02-10.34.20:560][  0]LogConfig: Setting CVar [[r.DOF.Scatter.MaxSpriteRatio:0.1         ; only a maximum of 10% of scattered bokeh]]
[2022.06.02-10.34.20:560][  0]LogConfig: Setting CVar [[r.DOF.Recombine.Quality:1                ; cheap slight out of focus]]
[2022.06.02-10.34.20:560][  0]LogConfig: Setting CVar [[r.DOF.Recombine.EnableBokehSettings:0    ; no bokeh simulation on slight out of focus]]
[2022.06.02-10.34.20:560][  0]LogConfig: Setting CVar [[r.DOF.TemporalAAQuality:1                ; more stable temporal accumulation]]
[2022.06.02-10.34.20:560][  0]LogConfig: Setting CVar [[r.DOF.Kernel.MaxForegroundRadius:0.025]]
[2022.06.02-10.34.20:560][  0]LogConfig: Setting CVar [[r.DOF.Kernel.MaxBackgroundRadius:0.025]]
[2022.06.02-10.34.20:560][  0]LogConfig: Applying CVar settings from Section [TextureQuality@3] File [D:/FBreton/Skip_CRJV2122_PS4/Alpha/Saved/Config/Windows/Scalability.ini]
[2022.06.02-10.34.20:560][  0]LogConfig: Setting CVar [[r.Streaming.MipBias:0]]
[2022.06.02-10.34.20:560][  0]LogConfig: Setting CVar [[r.Streaming.AmortizeCPUToGPUCopy:0]]
[2022.06.02-10.34.20:560][  0]LogConfig: Setting CVar [[r.Streaming.MaxNumTexturesToStreamPerFrame:0]]
[2022.06.02-10.34.20:560][  0]LogConfig: Setting CVar [[r.Streaming.Boost:1]]
[2022.06.02-10.34.20:560][  0]LogConfig: Setting CVar [[r.MaxAnisotropy:8]]
[2022.06.02-10.34.20:560][  0]LogConfig: Setting CVar [[r.VT.MaxAnisotropy:8]]
[2022.06.02-10.34.20:560][  0]LogConfig: Setting CVar [[r.Streaming.LimitPoolSizeToVRAM:0]]
[2022.06.02-10.34.20:560][  0]LogConfig: Setting CVar [[r.Streaming.PoolSize:1000]]
[2022.06.02-10.34.20:560][  0]LogConfig: Setting CVar [[r.Streaming.MaxEffectiveScreenSize:0]]
[2022.06.02-10.34.20:560][  0]LogConfig: Applying CVar settings from Section [EffectsQuality@3] File [D:/FBreton/Skip_CRJV2122_PS4/Alpha/Saved/Config/Windows/Scalability.ini]
[2022.06.02-10.34.20:560][  0]LogConfig: Setting CVar [[r.TranslucencyLightingVolumeDim:64]]
[2022.06.02-10.34.20:560][  0]LogConfig: Setting CVar [[r.RefractionQuality:2]]
[2022.06.02-10.34.20:560][  0]LogConfig: Setting CVar [[r.SSR.Quality:3]]
[2022.06.02-10.34.20:560][  0]LogConfig: Setting CVar [[r.SSR.HalfResSceneColor:0]]
[2022.06.02-10.34.20:560][  0]LogConfig: Setting CVar [[r.SceneColorFormat:4]]
[2022.06.02-10.34.20:560][  0]LogConfig: Setting CVar [[r.DetailMode:2]]
[2022.06.02-10.34.20:560][  0]LogConfig: Setting CVar [[r.TranslucencyVolumeBlur:1]]
[2022.06.02-10.34.20:560][  0]LogConfig: Setting CVar [[r.MaterialQualityLevel:1 ; High quality]]
[2022.06.02-10.34.20:560][  0]LogConfig: Setting CVar [[r.AnisotropicMaterials:1]]
[2022.06.02-10.34.20:560][  0]LogConfig: Setting CVar [[r.SSS.Scale:1]]
[2022.06.02-10.34.20:560][  0]LogConfig: Setting CVar [[r.SSS.SampleSet:2]]
[2022.06.02-10.34.20:560][  0]LogConfig: Setting CVar [[r.SSS.Quality:1]]
[2022.06.02-10.34.20:560][  0]LogConfig: Setting CVar [[r.SSS.HalfRes:0]]
[2022.06.02-10.34.20:560][  0]LogConfig: Setting CVar [[r.SSGI.Quality:3]]
[2022.06.02-10.34.20:560][  0]LogConfig: Setting CVar [[r.EmitterSpawnRateScale:1.0]]
[2022.06.02-10.34.20:560][  0]LogConfig: Setting CVar [[r.ParticleLightQuality:2]]
[2022.06.02-10.34.20:560][  0]LogConfig: Setting CVar [[r.SkyAtmosphere.AerialPerspectiveLUT.FastApplyOnOpaque:1 ; Always have FastSkyLUT 1 in this case to avoid wrong sky]]
[2022.06.02-10.34.20:560][  0]LogConfig: Setting CVar [[r.SkyAtmosphere.AerialPerspectiveLUT.SampleCountMaxPerSlice:4]]
[2022.06.02-10.34.20:560][  0]LogConfig: Setting CVar [[r.SkyAtmosphere.AerialPerspectiveLUT.DepthResolution:16.0]]
[2022.06.02-10.34.20:560][  0]LogConfig: Setting CVar [[r.SkyAtmosphere.FastSkyLUT:1]]
[2022.06.02-10.34.20:560][  0]LogConfig: Setting CVar [[r.SkyAtmosphere.FastSkyLUT.SampleCountMin:4.0]]
[2022.06.02-10.34.20:560][  0]LogConfig: Setting CVar [[r.SkyAtmosphere.FastSkyLUT.SampleCountMax:128.0]]
[2022.06.02-10.34.20:560][  0]LogConfig: Setting CVar [[r.SkyAtmosphere.SampleCountMin:4.0]]
[2022.06.02-10.34.20:560][  0]LogConfig: Setting CVar [[r.SkyAtmosphere.SampleCountMax:128.0]]
[2022.06.02-10.34.20:560][  0]LogConfig: Setting CVar [[r.SkyAtmosphere.TransmittanceLUT.UseSmallFormat:0]]
[2022.06.02-10.34.20:560][  0]LogConfig: Setting CVar [[r.SkyAtmosphere.TransmittanceLUT.SampleCount:10.0]]
[2022.06.02-10.34.20:560][  0]LogConfig: Setting CVar [[r.SkyAtmosphere.MultiScatteringLUT.SampleCount:15.0]]
[2022.06.02-10.34.20:560][  0]LogConfig: Setting CVar [[r.SkyLight.RealTimeReflectionCapture:1]]
[2022.06.02-10.34.20:560][  0]LogConfig: Applying CVar settings from Section [FoliageQuality@3] File [D:/FBreton/Skip_CRJV2122_PS4/Alpha/Saved/Config/Windows/Scalability.ini]
[2022.06.02-10.34.20:560][  0]LogConfig: Setting CVar [[foliage.DensityScale:1.0]]
[2022.06.02-10.34.20:560][  0]LogConfig: Setting CVar [[grass.DensityScale:1.0]]
[2022.06.02-10.34.20:560][  0]LogConfig: Applying CVar settings from Section [ShadingQuality@3] File [D:/FBreton/Skip_CRJV2122_PS4/Alpha/Saved/Config/Windows/Scalability.ini]
[2022.06.02-10.34.20:560][  0]LogConfig: Setting CVar [[r.HairStrands.SkyLighting.IntegrationType:2]]
[2022.06.02-10.34.20:560][  0]LogConfig: Setting CVar [[r.HairStrands.SkyAO.SampleCount:4]]
[2022.06.02-10.34.20:560][  0]LogConfig: Setting CVar [[r.HairStrands.Visibility.MSAA.SamplePerPixel:4]]
[2022.06.02-10.34.20:560][  0]LogInit: Selected Device Profile: [Windows]
[2022.06.02-10.34.20:561][  0]LogInit: Applying CVar settings loaded from the selected device profile: [Windows]
[2022.06.02-10.34.20:561][  0]LogHAL: Display: Platform has ~ 16 GB [16945225728 / 17179869184 / 16], which maps to Larger [LargestMinGB=32, LargerMinGB=12, DefaultMinGB=8, SmallerMinGB=6, SmallestMinGB=0)
[2022.06.02-10.34.20:561][  0]LogInit: Going up to parent DeviceProfile []
[2022.06.02-10.34.20:561][  0]LogConfig: Applying CVar settings from Section [ViewDistanceQuality@3] File [D:/FBreton/Skip_CRJV2122_PS4/Alpha/Saved/Config/Windows/Scalability.ini]
[2022.06.02-10.34.20:561][  0]LogConfig: Setting CVar [[r.SkeletalMeshLODBias:0]]
[2022.06.02-10.34.20:561][  0]LogConfig: Setting CVar [[r.ViewDistanceScale:1.0]]
[2022.06.02-10.34.20:561][  0]LogConfig: Applying CVar settings from Section [AntiAliasingQuality@3] File [D:/FBreton/Skip_CRJV2122_PS4/Alpha/Saved/Config/Windows/Scalability.ini]
[2022.06.02-10.34.20:561][  0]LogConfig: Setting CVar [[r.PostProcessAAQuality:4]]
[2022.06.02-10.34.20:561][  0]LogConfig: Applying CVar settings from Section [ShadowQuality@3] File [D:/FBreton/Skip_CRJV2122_PS4/Alpha/Saved/Config/Windows/Scalability.ini]
[2022.06.02-10.34.20:561][  0]LogConfig: Setting CVar [[r.LightFunctionQuality:1]]
[2022.06.02-10.34.20:561][  0]LogConfig: Setting CVar [[r.ShadowQuality:5]]
[2022.06.02-10.34.20:561][  0]LogConfig: Setting CVar [[r.Shadow.CSM.MaxCascades:10]]
[2022.06.02-10.34.20:561][  0]LogConfig: Setting CVar [[r.Shadow.MaxResolution:2048]]
[2022.06.02-10.34.20:561][  0]LogConfig: Setting CVar [[r.Shadow.MaxCSMResolution:2048]]
[2022.06.02-10.34.20:561][  0]LogConfig: Setting CVar [[r.Shadow.RadiusThreshold:0.01]]
[2022.06.02-10.34.20:561][  0]LogConfig: Setting CVar [[r.Shadow.DistanceScale:1.0]]
[2022.06.02-10.34.20:561][  0]LogConfig: Setting CVar [[r.Shadow.CSM.TransitionScale:1.0]]
[2022.06.02-10.34.20:561][  0]LogConfig: Setting CVar [[r.Shadow.PreShadowResolutionFactor:1.0]]
[2022.06.02-10.34.20:561][  0]LogConfig: Setting CVar [[r.DistanceFieldShadowing:1]]
[2022.06.02-10.34.20:561][  0]LogConfig: Setting CVar [[r.DistanceFieldAO:1]]
[2022.06.02-10.34.20:561][  0]LogConfig: Setting CVar [[r.AOQuality:2]]
[2022.06.02-10.34.20:561][  0]LogConfig: Setting CVar [[r.VolumetricFog:1]]
[2022.06.02-10.34.20:561][  0]LogConfig: Setting CVar [[r.VolumetricFog.GridPixelSize:8]]
[2022.06.02-10.34.20:561][  0]LogConfig: Setting CVar [[r.VolumetricFog.GridSizeZ:128]]
[2022.06.02-10.34.20:561][  0]LogConfig: Setting CVar [[r.VolumetricFog.HistoryMissSupersampleCount:4]]
[2022.06.02-10.34.20:561][  0]LogConfig: Setting CVar [[r.LightMaxDrawDistanceScale:1]]
[2022.06.02-10.34.20:561][  0]LogConfig: Setting CVar [[r.CapsuleShadows:1]]
[2022.06.02-10.34.20:561][  0]LogConfig: Applying CVar settings from Section [PostProcessQuality@3] File [D:/FBreton/Skip_CRJV2122_PS4/Alpha/Saved/Config/Windows/Scalability.ini]
[2022.06.02-10.34.20:561][  0]LogConfig: Setting CVar [[r.MotionBlurQuality:4]]
[2022.06.02-10.34.20:561][  0]LogConfig: Setting CVar [[r.AmbientOcclusionMipLevelFactor:0.4]]
[2022.06.02-10.34.20:561][  0]LogConfig: Setting CVar [[r.AmbientOcclusionMaxQuality:100]]
[2022.06.02-10.34.20:561][  0]LogConfig: Setting CVar [[r.AmbientOcclusionLevels:-1]]
[2022.06.02-10.34.20:561][  0]LogConfig: Setting CVar [[r.AmbientOcclusionRadiusScale:1.0]]
[2022.06.02-10.34.20:561][  0]LogConfig: Setting CVar [[r.DepthOfFieldQuality:2]]
[2022.06.02-10.34.20:561][  0]LogConfig: Setting CVar [[r.RenderTargetPoolMin:400]]
[2022.06.02-10.34.20:561][  0]LogConfig: Setting CVar [[r.LensFlareQuality:2]]
[2022.06.02-10.34.20:561][  0]LogConfig: Setting CVar [[r.SceneColorFringeQuality:1]]
[2022.06.02-10.34.20:561][  0]LogConfig: Setting CVar [[r.EyeAdaptationQuality:2]]
[2022.06.02-10.34.20:561][  0]LogConfig: Setting CVar [[r.BloomQuality:5]]
[2022.06.02-10.34.20:561][  0]LogConfig: Setting CVar [[r.FastBlurThreshold:100]]
[2022.06.02-10.34.20:561][  0]LogConfig: Setting CVar [[r.Upscale.Quality:3]]
[2022.06.02-10.34.20:561][  0]LogConfig: Setting CVar [[r.Tonemapper.GrainQuantization:1]]
[2022.06.02-10.34.20:561][  0]LogConfig: Setting CVar [[r.LightShaftQuality:1]]
[2022.06.02-10.34.20:561][  0]LogConfig: Setting CVar [[r.Filter.SizeScale:1]]
[2022.06.02-10.34.20:561][  0]LogConfig: Setting CVar [[r.Tonemapper.Quality:5]]
[2022.06.02-10.34.20:561][  0]LogConfig: Setting CVar [[r.DOF.Gather.AccumulatorQuality:1        ; higher gathering accumulator quality]]
[2022.06.02-10.34.20:561][  0]LogConfig: Setting CVar [[r.DOF.Gather.PostfilterMethod:1          ; Median3x3 postfilering method]]
[2022.06.02-10.34.20:561][  0]LogConfig: Setting CVar [[r.DOF.Gather.EnableBokehSettings:0       ; no bokeh simulation when gathering]]
[2022.06.02-10.34.20:561][  0]LogConfig: Setting CVar [[r.DOF.Gather.RingCount:4                 ; medium number of samples when gathering]]
[2022.06.02-10.34.20:561][  0]LogConfig: Setting CVar [[r.DOF.Scatter.ForegroundCompositing:1    ; additive foreground scattering]]
[2022.06.02-10.34.20:561][  0]LogConfig: Setting CVar [[r.DOF.Scatter.BackgroundCompositing:2    ; additive background scattering]]
[2022.06.02-10.34.20:561][  0]LogConfig: Setting CVar [[r.DOF.Scatter.EnableBokehSettings:1      ; bokeh simulation when scattering]]
[2022.06.02-10.34.20:561][  0]LogConfig: Setting CVar [[r.DOF.Scatter.MaxSpriteRatio:0.1         ; only a maximum of 10% of scattered bokeh]]
[2022.06.02-10.34.20:561][  0]LogConfig: Setting CVar [[r.DOF.Recombine.Quality:1                ; cheap slight out of focus]]
[2022.06.02-10.34.20:561][  0]LogConfig: Setting CVar [[r.DOF.Recombine.EnableBokehSettings:0    ; no bokeh simulation on slight out of focus]]
[2022.06.02-10.34.20:561][  0]LogConfig: Setting CVar [[r.DOF.TemporalAAQuality:1                ; more stable temporal accumulation]]
[2022.06.02-10.34.20:561][  0]LogConfig: Setting CVar [[r.DOF.Kernel.MaxForegroundRadius:0.025]]
[2022.06.02-10.34.20:561][  0]LogConfig: Setting CVar [[r.DOF.Kernel.MaxBackgroundRadius:0.025]]
[2022.06.02-10.34.20:561][  0]LogConfig: Applying CVar settings from Section [TextureQuality@3] File [D:/FBreton/Skip_CRJV2122_PS4/Alpha/Saved/Config/Windows/Scalability.ini]
[2022.06.02-10.34.20:561][  0]LogConfig: Setting CVar [[r.Streaming.MipBias:0]]
[2022.06.02-10.34.20:561][  0]LogConfig: Setting CVar [[r.Streaming.AmortizeCPUToGPUCopy:0]]
[2022.06.02-10.34.20:561][  0]LogConfig: Setting CVar [[r.Streaming.MaxNumTexturesToStreamPerFrame:0]]
[2022.06.02-10.34.20:561][  0]LogConfig: Setting CVar [[r.Streaming.Boost:1]]
[2022.06.02-10.34.20:561][  0]LogConfig: Setting CVar [[r.MaxAnisotropy:8]]
[2022.06.02-10.34.20:561][  0]LogConfig: Setting CVar [[r.VT.MaxAnisotropy:8]]
[2022.06.02-10.34.20:561][  0]LogConfig: Setting CVar [[r.Streaming.LimitPoolSizeToVRAM:0]]
[2022.06.02-10.34.20:561][  0]LogConfig: Setting CVar [[r.Streaming.PoolSize:1000]]
[2022.06.02-10.34.20:561][  0]LogConfig: Setting CVar [[r.Streaming.MaxEffectiveScreenSize:0]]
[2022.06.02-10.34.20:561][  0]LogConfig: Applying CVar settings from Section [EffectsQuality@3] File [D:/FBreton/Skip_CRJV2122_PS4/Alpha/Saved/Config/Windows/Scalability.ini]
[2022.06.02-10.34.20:561][  0]LogConfig: Setting CVar [[r.TranslucencyLightingVolumeDim:64]]
[2022.06.02-10.34.20:561][  0]LogConfig: Setting CVar [[r.RefractionQuality:2]]
[2022.06.02-10.34.20:561][  0]LogConfig: Setting CVar [[r.SSR.Quality:3]]
[2022.06.02-10.34.20:561][  0]LogConfig: Setting CVar [[r.SSR.HalfResSceneColor:0]]
[2022.06.02-10.34.20:561][  0]LogConfig: Setting CVar [[r.SceneColorFormat:4]]
[2022.06.02-10.34.20:561][  0]LogConfig: Setting CVar [[r.DetailMode:2]]
[2022.06.02-10.34.20:561][  0]LogConfig: Setting CVar [[r.TranslucencyVolumeBlur:1]]
[2022.06.02-10.34.20:561][  0]LogConfig: Setting CVar [[r.MaterialQualityLevel:1 ; High quality]]
[2022.06.02-10.34.20:561][  0]LogConfig: Setting CVar [[r.AnisotropicMaterials:1]]
[2022.06.02-10.34.20:561][  0]LogConfig: Setting CVar [[r.SSS.Scale:1]]
[2022.06.02-10.34.20:561][  0]LogConfig: Setting CVar [[r.SSS.SampleSet:2]]
[2022.06.02-10.34.20:561][  0]LogConfig: Setting CVar [[r.SSS.Quality:1]]
[2022.06.02-10.34.20:561][  0]LogConfig: Setting CVar [[r.SSS.HalfRes:0]]
[2022.06.02-10.34.20:561][  0]LogConfig: Setting CVar [[r.SSGI.Quality:3]]
[2022.06.02-10.34.20:561][  0]LogConfig: Setting CVar [[r.EmitterSpawnRateScale:1.0]]
[2022.06.02-10.34.20:561][  0]LogConfig: Setting CVar [[r.ParticleLightQuality:2]]
[2022.06.02-10.34.20:561][  0]LogConfig: Setting CVar [[r.SkyAtmosphere.AerialPerspectiveLUT.FastApplyOnOpaque:1 ; Always have FastSkyLUT 1 in this case to avoid wrong sky]]
[2022.06.02-10.34.20:561][  0]LogConfig: Setting CVar [[r.SkyAtmosphere.AerialPerspectiveLUT.SampleCountMaxPerSlice:4]]
[2022.06.02-10.34.20:561][  0]LogConfig: Setting CVar [[r.SkyAtmosphere.AerialPerspectiveLUT.DepthResolution:16.0]]
[2022.06.02-10.34.20:561][  0]LogConfig: Setting CVar [[r.SkyAtmosphere.FastSkyLUT:1]]
[2022.06.02-10.34.20:561][  0]LogConfig: Setting CVar [[r.SkyAtmosphere.FastSkyLUT.SampleCountMin:4.0]]
[2022.06.02-10.34.20:561][  0]LogConfig: Setting CVar [[r.SkyAtmosphere.FastSkyLUT.SampleCountMax:128.0]]
[2022.06.02-10.34.20:561][  0]LogConfig: Setting CVar [[r.SkyAtmosphere.SampleCountMin:4.0]]
[2022.06.02-10.34.20:561][  0]LogConfig: Setting CVar [[r.SkyAtmosphere.SampleCountMax:128.0]]
[2022.06.02-10.34.20:561][  0]LogConfig: Setting CVar [[r.SkyAtmosphere.TransmittanceLUT.UseSmallFormat:0]]
[2022.06.02-10.34.20:561][  0]LogConfig: Setting CVar [[r.SkyAtmosphere.TransmittanceLUT.SampleCount:10.0]]
[2022.06.02-10.34.20:561][  0]LogConfig: Setting CVar [[r.SkyAtmosphere.MultiScatteringLUT.SampleCount:15.0]]
[2022.06.02-10.34.20:561][  0]LogConfig: Setting CVar [[r.SkyLight.RealTimeReflectionCapture:1]]
[2022.06.02-10.34.20:561][  0]LogConfig: Applying CVar settings from Section [FoliageQuality@3] File [D:/FBreton/Skip_CRJV2122_PS4/Alpha/Saved/Config/Windows/Scalability.ini]
[2022.06.02-10.34.20:561][  0]LogConfig: Setting CVar [[foliage.DensityScale:1.0]]
[2022.06.02-10.34.20:561][  0]LogConfig: Setting CVar [[grass.DensityScale:1.0]]
[2022.06.02-10.34.20:561][  0]LogConfig: Applying CVar settings from Section [ShadingQuality@3] File [D:/FBreton/Skip_CRJV2122_PS4/Alpha/Saved/Config/Windows/Scalability.ini]
[2022.06.02-10.34.20:561][  0]LogConfig: Setting CVar [[r.HairStrands.SkyLighting.IntegrationType:2]]
[2022.06.02-10.34.20:561][  0]LogConfig: Setting CVar [[r.HairStrands.SkyAO.SampleCount:4]]
[2022.06.02-10.34.20:561][  0]LogConfig: Setting CVar [[r.HairStrands.Visibility.MSAA.SamplePerPixel:4]]
[2022.06.02-10.34.20:561][  0]LogConfig: Applying CVar settings from Section [Startup] File [../../../Engine/Config/ConsoleVariables.ini]
[2022.06.02-10.34.20:561][  0]LogConfig: Setting CVar [[net.UseAdaptiveNetUpdateFrequency:0]]
[2022.06.02-10.34.20:561][  0]LogConfig: Setting CVar [[p.chaos.AllowCreatePhysxBodies:1]]
[2022.06.02-10.34.20:561][  0]LogConfig: Setting CVar [[fx.SkipVectorVMBackendOptimizations:1]]
[2022.06.02-10.34.20:561][  0]LogConfig: Applying CVar settings from Section [ConsoleVariables] File [D:/FBreton/Skip_CRJV2122_PS4/Alpha/Saved/Config/Windows/Engine.ini]
[2022.06.02-10.34.20:561][  0]LogConfig: Applying CVar settings from Section [ConsoleVariables] File [D:/FBreton/Skip_CRJV2122_PS4/Alpha/Saved/Config/Windows/Editor.ini]
[2022.06.02-10.34.20:562][  0]LogInit: Computer: RNSS20901
[2022.06.02-10.34.20:562][  0]LogInit: User: fbreton
[2022.06.02-10.34.20:562][  0]LogInit: CPU Page size=4096, Cores=8
[2022.06.02-10.34.20:562][  0]LogInit: High frequency timer resolution =10.000000 MHz
[2022.06.02-10.34.20:562][  0]LogMemory: Memory total: Physical=15.8GB (16GB approx)
[2022.06.02-10.34.20:562][  0]LogMemory: Platform Memory Stats for Windows
[2022.06.02-10.34.20:562][  0]LogMemory: Process Physical Memory: 147.45 MB used, 147.46 MB peak
[2022.06.02-10.34.20:562][  0]LogMemory: Process Virtual Memory: 129.23 MB used, 129.23 MB peak
[2022.06.02-10.34.20:562][  0]LogMemory: Physical Memory: 4912.22 MB used,  11248.00 MB free, 16160.23 MB total
[2022.06.02-10.34.20:562][  0]LogMemory: Virtual Memory: 134207360.00 MB used,  10370.44 MB free, 134217728.00 MB total
[2022.06.02-10.34.20:565][  0]LogWindows: WindowsPlatformFeatures enabled
[2022.06.02-10.34.20:589][  0]LogInit: Physics initialised using underlying interface: PhysX
[2022.06.02-10.34.20:591][  0]LogInit: Using OS detected language (fr-FR).
[2022.06.02-10.34.20:591][  0]LogInit: Using OS detected locale (fr-FR).
[2022.06.02-10.34.20:592][  0]LogTextLocalizationManager: No specific localization for 'fr-FR' exists, so the 'fr' localization will be used.
[2022.06.02-10.34.20:592][  0]LogTextLocalizationResource: LocRes '../../../Engine/Content/Localization/Editor/fr/Editor.locres' could not be opened for reading!
[2022.06.02-10.34.20:592][  0]LogTextLocalizationResource: LocRes '../../../Engine/Content/Localization/EditorTutorials/fr/EditorTutorials.locres' could not be opened for reading!
[2022.06.02-10.34.20:592][  0]LogTextLocalizationResource: LocRes '../../../Engine/Content/Localization/Keywords/fr/Keywords.locres' could not be opened for reading!
[2022.06.02-10.34.20:592][  0]LogTextLocalizationResource: LocRes '../../../Engine/Content/Localization/Category/fr/Category.locres' could not be opened for reading!
[2022.06.02-10.34.20:593][  0]LogTextLocalizationResource: LocRes '../../../Engine/Content/Localization/ToolTips/fr/ToolTips.locres' could not be opened for reading!
[2022.06.02-10.34.20:593][  0]LogTextLocalizationResource: LocRes '../../../Engine/Content/Localization/PropertyNames/fr/PropertyNames.locres' could not be opened for reading!
[2022.06.02-10.34.20:593][  0]LogTextLocalizationResource: LocRes '../../../Engine/Content/Localization/Engine/fr/Engine.locres' could not be opened for reading!
[2022.06.02-10.34.20:593][  0]LogInit: Setting process to per monitor DPI aware
[2022.06.02-10.34.20:602][  0]LogWindowsTextInputMethodSystem: Display: IME system deactivated.
[2022.06.02-10.34.20:613][  0]LogSlate: New Slate User Created.  User Index 0, Is Virtual User: 0
[2022.06.02-10.34.20:613][  0]LogSlate: Slate User Registered.  User Index 0, Is Virtual User: 0
[2022.06.02-10.34.20:688][  0]LogD3D11RHI: Loaded GFSDK_Aftermath_Lib.x64.dll
[2022.06.02-10.34.20:691][  0]LogHMD: Failed to initialize OpenVR with code 110
[2022.06.02-10.34.20:691][  0]LogD3D11RHI: D3D11 min allowed feature level: 11_0
[2022.06.02-10.34.20:691][  0]LogD3D11RHI: D3D11 max allowed feature level: 11_0
[2022.06.02-10.34.20:691][  0]LogD3D11RHI: D3D11 adapters:
[2022.06.02-10.34.20:766][  0]LogD3D11RHI:    0. 'NVIDIA GeForce RTX 3070' (Feature Level 11_0)
[2022.06.02-10.34.20:766][  0]LogD3D11RHI:       8043/0/8080 MB DedicatedVideo/DedicatedSystem/SharedSystem, Outputs:1, VendorId:0x10de
[2022.06.02-10.34.20:811][  0]LogD3D11RHI:    1. 'Intel(R) UHD Graphics 750' (Feature Level 11_0)
[2022.06.02-10.34.20:811][  0]LogD3D11RHI:       128/0/8080 MB DedicatedVideo/DedicatedSystem/SharedSystem, Outputs:0, VendorId:0x8086
[2022.06.02-10.34.20:813][  0]LogD3D11RHI:    2. 'Microsoft Basic Render Driver' (Feature Level 11_0)
[2022.06.02-10.34.20:813][  0]LogD3D11RHI:       0/0/8080 MB DedicatedVideo/DedicatedSystem/SharedSystem, Outputs:0, VendorId:0x1414
[2022.06.02-10.34.20:813][  0]LogD3D11RHI: Chosen D3D11 Adapter:
[2022.06.02-10.34.20:813][  0]LogD3D11RHI:     Description : NVIDIA GeForce RTX 3070
[2022.06.02-10.34.20:813][  0]LogD3D11RHI:     VendorId    : 10de
[2022.06.02-10.34.20:813][  0]LogD3D11RHI:     DeviceId    : 2484
[2022.06.02-10.34.20:813][  0]LogD3D11RHI:     SubSysId    : 88dc103c
[2022.06.02-10.34.20:813][  0]LogD3D11RHI:     Revision    : 00a1
[2022.06.02-10.34.20:813][  0]LogD3D11RHI:     DedicatedVideoMemory : 8433696768 bytes
[2022.06.02-10.34.20:813][  0]LogD3D11RHI:     DedicatedSystemMemory : 0 bytes
[2022.06.02-10.34.20:813][  0]LogD3D11RHI:     SharedSystemMemory : 8472612864 bytes
[2022.06.02-10.34.20:813][  0]LogD3D11RHI:     AdapterLuid : 0 56611
[2022.06.02-10.34.20:817][  0]LogD3D11RHI: Creating new Direct3DDevice
[2022.06.02-10.34.20:817][  0]LogD3D11RHI:     GPU DeviceId: 0x2484 (for the marketing name, search the web for "GPU Device Id")
[2022.06.02-10.34.20:817][  0]LogWindows: EnumDisplayDevices:
[2022.06.02-10.34.20:817][  0]LogWindows:    0. 'NVIDIA GeForce RTX 3070' (P:1 D:1)
[2022.06.02-10.34.20:817][  0]LogWindows:    1. 'NVIDIA GeForce RTX 3070' (P:0 D:0)
[2022.06.02-10.34.20:817][  0]LogWindows:    2. 'NVIDIA GeForce RTX 3070' (P:0 D:0)
[2022.06.02-10.34.20:817][  0]LogWindows:    3. 'NVIDIA GeForce RTX 3070' (P:0 D:0)
[2022.06.02-10.34.20:817][  0]LogWindows:    4. 'Intel(R) UHD Graphics 750' (P:0 D:0)
[2022.06.02-10.34.20:817][  0]LogWindows:    5. 'Intel(R) UHD Graphics 750' (P:0 D:0)
[2022.06.02-10.34.20:817][  0]LogWindows:    6. 'Intel(R) UHD Graphics 750' (P:0 D:0)
[2022.06.02-10.34.20:818][  0]LogWindows: DebugString: PrimaryIsNotTheChoosenAdapter PrimaryIsNotTheChoosenAdapter PrimaryIsNotTheChoosenAdapter FoundDriverCount:4 
[2022.06.02-10.34.20:818][  0]LogD3D11RHI:     Adapter Name: NVIDIA GeForce RTX 3070
[2022.06.02-10.34.20:818][  0]LogD3D11RHI:   Driver Version: 472.12 (internal:30.0.14.7212, unified:472.12)
[2022.06.02-10.34.20:818][  0]LogD3D11RHI:      Driver Date: 9-13-2021
[2022.06.02-10.34.20:818][  0]LogRHI: Texture pool is 5630 MB (70% of 8043 MB)
[2022.06.02-10.34.20:818][  0]LogD3D11RHI: Creating D3DDevice using adapter:
[2022.06.02-10.34.20:818][  0]LogD3D11RHI:     Description : NVIDIA GeForce RTX 3070
[2022.06.02-10.34.20:818][  0]LogD3D11RHI:     VendorId    : 10de
[2022.06.02-10.34.20:818][  0]LogD3D11RHI:     DeviceId    : 2484
[2022.06.02-10.34.20:818][  0]LogD3D11RHI:     SubSysId    : 88dc103c
[2022.06.02-10.34.20:818][  0]LogD3D11RHI:     Revision    : 00a1
[2022.06.02-10.34.20:818][  0]LogD3D11RHI:     DedicatedVideoMemory : 8433696768 bytes
[2022.06.02-10.34.20:818][  0]LogD3D11RHI:     DedicatedSystemMemory : 0 bytes
[2022.06.02-10.34.20:818][  0]LogD3D11RHI:     SharedSystemMemory : 8472612864 bytes
[2022.06.02-10.34.20:818][  0]LogD3D11RHI:     AdapterLuid : 0 56611
[2022.06.02-10.34.20:871][  0]LogD3D11RHI: RHI has support for 64 bit atomics
[2022.06.02-10.34.20:871][  0]LogD3D11RHI: Async texture creation enabled
[2022.06.02-10.34.20:871][  0]LogD3D11RHI: Array index from any shader is supported
[2022.06.02-10.34.20:872][  0]LogD3D11RHI: HDR output is supported on display 0 (NvId: 0x80061083).
[2022.06.02-10.34.20:892][  0]LogD3D11RHI: GPU Timing Frequency: 1000.000000 (Debug: 2 2)
[2022.06.02-10.34.20:907][  0]LogRHI: GeForceNow SDK initialized: 1
[2022.06.02-10.34.21:110][  0]LogTargetPlatformManager: Display: Loaded TargetPlatform 'AllDesktop'
[2022.06.02-10.34.21:123][  0]LogTargetPlatformManager: Display: Loaded TargetPlatform 'Android'
[2022.06.02-10.34.21:123][  0]LogTargetPlatformManager: Display: Loaded TargetPlatform 'Android_ASTC'
[2022.06.02-10.34.21:123][  0]LogTargetPlatformManager: Display: Loaded TargetPlatform 'Android_DXT'
[2022.06.02-10.34.21:123][  0]LogTargetPlatformManager: Display: Loaded TargetPlatform 'Android_ETC2'
[2022.06.02-10.34.21:123][  0]LogTargetPlatformManager: Display: Loaded TargetPlatform 'AndroidClient'
[2022.06.02-10.34.21:123][  0]LogTargetPlatformManager: Display: Loaded TargetPlatform 'Android_ASTCClient'
[2022.06.02-10.34.21:123][  0]LogTargetPlatformManager: Display: Loaded TargetPlatform 'Android_DXTClient'
[2022.06.02-10.34.21:123][  0]LogTargetPlatformManager: Display: Loaded TargetPlatform 'Android_ETC2Client'
[2022.06.02-10.34.21:123][  0]LogTargetPlatformManager: Display: Loaded TargetPlatform 'Android_Multi'
[2022.06.02-10.34.21:123][  0]LogTargetPlatformManager: Display: Loaded TargetPlatform 'Android_MultiClient'
[2022.06.02-10.34.21:134][  0]LogTargetPlatformManager: Display: Loaded TargetPlatform 'IOSClient'
[2022.06.02-10.34.21:134][  0]LogTargetPlatformManager: Display: Loaded TargetPlatform 'IOS'
[2022.06.02-10.34.21:139][  0]LogTargetPlatformManager: Display: Loaded TargetPlatform 'Linux'
[2022.06.02-10.34.21:142][  0]LogTargetPlatformManager: Display: Loaded TargetPlatform 'LinuxNoEditor'
[2022.06.02-10.34.21:144][  0]LogTargetPlatformManager: Display: Loaded TargetPlatform 'LinuxClient'
[2022.06.02-10.34.21:147][  0]LogTargetPlatformManager: Display: Loaded TargetPlatform 'LinuxServer'
[2022.06.02-10.34.21:152][  0]LogTargetPlatformManager: Display: Loaded TargetPlatform 'LinuxAArch64NoEditor'
[2022.06.02-10.34.21:154][  0]LogTargetPlatformManager: Display: Loaded TargetPlatform 'LinuxAArch64Client'
[2022.06.02-10.34.21:157][  0]LogTargetPlatformManager: Display: Loaded TargetPlatform 'LinuxAArch64Server'
[2022.06.02-10.34.21:170][  0]LogTargetPlatformManager: Display: Loaded TargetPlatform 'Lumin'
[2022.06.02-10.34.21:170][  0]LogTargetPlatformManager: Display: Loaded TargetPlatform 'LuminClient'
[2022.06.02-10.34.21:175][  0]LogTargetPlatformManager: Display: Loaded TargetPlatform 'MacNoEditor'
[2022.06.02-10.34.21:178][  0]LogTargetPlatformManager: Display: Loaded TargetPlatform 'Mac'
[2022.06.02-10.34.21:180][  0]LogTargetPlatformManager: Display: Loaded TargetPlatform 'MacClient'
[2022.06.02-10.34.21:183][  0]LogTargetPlatformManager: Display: Loaded TargetPlatform 'MacServer'
[2022.06.02-10.34.21:189][  0]LogTargetPlatformManager: Display: Loaded TargetPlatform 'TVOSClient'
[2022.06.02-10.34.21:189][  0]LogTargetPlatformManager: Display: Loaded TargetPlatform 'TVOS'
[2022.06.02-10.34.21:194][  0]LogTargetPlatformManager: Display: Loaded TargetPlatform 'WindowsNoEditor'
[2022.06.02-10.34.21:196][  0]LogTargetPlatformManager: Display: Loaded TargetPlatform 'Windows'
[2022.06.02-10.34.21:198][  0]LogTargetPlatformManager: Display: Loaded TargetPlatform 'WindowsClient'
[2022.06.02-10.34.21:201][  0]LogTargetPlatformManager: Display: Loaded TargetPlatform 'WindowsServer'
[2022.06.02-10.34.21:201][  0]LogTargetPlatformManager: Display: Building Assets For Windows
[2022.06.02-10.34.21:205][  0]LogAudioDebug: Display: Lib vorbis DLL was dynamically loaded.
[2022.06.02-10.34.21:224][  0]LogTextureFormatOodle: Display: Oodle Texture 2.9.0 init RDO Off
[2022.06.02-10.34.21:242][  0]LogRendererCore: Ray tracing is disabled. Reason: r.RayTracing=0.
[2022.06.02-10.34.21:242][  0]LogShaderCompilers: Guid format shader working directory is 14 characters bigger than the processId version (D:/FBreton/Skip_CRJV2122_PS4/Alpha/Intermediate/Shaders/WorkingDirectory/10348/).
[2022.06.02-10.34.21:242][  0]LogShaderCompilers: Cleaned the shader compiler working directory 'C:/Users/f.breton/AppData/Local/Temp/UnrealShaderWorkingDir/2183587646208FA37611BEA02257B956/'.
[2022.06.02-10.34.21:243][  0]LogXGEController: Cannot use XGE Controller as Incredibuild is not installed on this machine.
[2022.06.02-10.34.21:243][  0]LogShaderCompilers: Cannot use XGE Shader Compiler as Incredibuild is not installed on this machine.
[2022.06.02-10.34.21:243][  0]LogShaderCompilers: Display: Using Local Shader Compiler.
[2022.06.02-10.34.21:764][  0]LogDerivedDataCache: Display: Max Cache Size: 512 MB
[2022.06.02-10.34.21:805][  0]LogDerivedDataCache: Loaded boot cache 0.04s 94MB C:/Users/f.breton/AppData/Local/UnrealEngine/4.27/DerivedDataCache/Boot.ddc.
[2022.06.02-10.34.21:805][  0]LogDerivedDataCache: Display: Loaded Boot cache: C:/Users/f.breton/AppData/Local/UnrealEngine/4.27/DerivedDataCache/Boot.ddc
[2022.06.02-10.34.21:805][  0]LogDerivedDataCache: FDerivedDataBackendGraph:  Pak pak cache file D:/FBreton/Skip_CRJV2122_PS4/Alpha/DerivedDataCache/DDC.ddp not found, will not use a pak cache.
[2022.06.02-10.34.21:805][  0]LogDerivedDataCache: Unable to find inner node Pak for hierarchical cache Hierarchy.
[2022.06.02-10.34.21:805][  0]LogDerivedDataCache: FDerivedDataBackendGraph:  CompressedPak pak cache file D:/FBreton/Skip_CRJV2122_PS4/Alpha/DerivedDataCache/Compressed.ddp not found, will not use a pak cache.
[2022.06.02-10.34.21:805][  0]LogDerivedDataCache: Unable to find inner node CompressedPak for hierarchical cache Hierarchy.
[2022.06.02-10.34.21:817][  0]LogDerivedDataCache: Display: Pak cache opened for reading ../../../Engine/DerivedDataCache/Compressed.ddp.
[2022.06.02-10.34.21:817][  0]LogDerivedDataCache: FDerivedDataBackendGraph:  EnterprisePak pak cache file ../../../Enterprise/DerivedDataCache/Compressed.ddp not found, will not use a pak cache.
[2022.06.02-10.34.21:817][  0]LogDerivedDataCache: Unable to find inner node EnterprisePak for hierarchical cache Hierarchy.
[2022.06.02-10.34.21:830][  0]LogDerivedDataCache: Speed tests for C:/Users/f.breton/AppData/Local/UnrealEngine/Common/DerivedDataCache took 0.01 seconds
[2022.06.02-10.34.21:830][  0]LogDerivedDataCache: Display: Performance to C:/Users/f.breton/AppData/Local/UnrealEngine/Common/DerivedDataCache: Latency=0.01ms. RandomReadSpeed=1705.85MBs, RandomWriteSpeed=77.36MBs. Assigned SpeedClass 'Local'
[2022.06.02-10.34.21:830][  0]LogDerivedDataCache: Using Local data cache path C:/Users/f.breton/AppData/Local/UnrealEngine/Common/DerivedDataCache: Writable
[2022.06.02-10.34.21:830][  0]LogDerivedDataCache: Shared data cache path not found in *engine.ini, will not use an Shared cache.
[2022.06.02-10.34.21:830][  0]LogDerivedDataCache: Unable to find inner node Shared for hierarchical cache Hierarchy.
[2022.06.02-10.34.21:862][  0]LogSlate: Using FreeType 2.10.0
[2022.06.02-10.34.21:862][  0]LogSlate: SlateFontServices - WITH_FREETYPE: 1, WITH_HARFBUZZ: 1
[2022.06.02-10.34.21:879][  0]LogAssetRegistry: FAssetRegistry took 0.0020 seconds to start up
[2022.06.02-10.34.22:032][  0]LogInit: Selected Device Profile: [Windows]
[2022.06.02-10.34.22:032][  0]LogInit: Active device profile: [00000288CC493600][00000288CA334740 49] Windows
[2022.06.02-10.34.22:032][  0]LogInit: Profiles: [00000288CC493600][00000288CA334740 49] Windows, [00000288CC440C00][00000288CA33C8C0 49] WindowsNoEditor, [00000288CC490C00][00000288CA340A40 49] WindowsServer, [00000288CC442F00][00000288CA344BC0 49] WindowsClient, [00000288CC492E00][00000288CA348D40 49] IOS, [00000288CC441400][00000288CA34CEC0 49] iPadAir, [00000288CC491300][00000288CB695040 49] iPadAir2, [00000288CC3FBF00][00000288CB69D300 49] IPadPro, [00000288CC3FBE00][00000288CB699340 49] iPadAir3, [00000288CC492900][00000288CB6A14C0 49] iPadAir4, [00000288CC3F9100][00000288CB6A5640 49] iPadMini2, [00000288CC491700][00000288CB6A97C0 49] iPadMini3, [00000288CC3FA900][00000288CB6AD940 49] iPadMini4, [00000288CC493900][00000288CB6B1AC0 49] iPadMini5, [00000288CC43B800][00000288CB6B8200 49] iPhone6, [00000288CC43B900][00000288CB6B4240 49] iPodTouch6, [00000288CC3F9200][00000288CB6C0500 49] iPhone7, [00000288CC3F9300][00000288CB6BC540 49] iPodTouch7, [00000288CC439000][00000288CA338680 49] iPhone5S, [00000288CC3FAA00][00000288CB6C47C0 49] iPhone6Plus, [00000288CC43AA00][00000288CB6C8900 49] iPhone6S, [00000288CC3F8D00][00000288CB6D0A80 49] iPhone6SPlus, [00000288CC439700][00000288CB6D4C00 49] iPhone7Plus, [00000288CC3FBB00][00000288CB6D8D80 49] iPhoneSE, [00000288CC43A300][00000288CB6DCF00 49] iPhone8, [00000288CC3FB600][00000288CB6E1080 49] iPhone8Plus, [00000288CC438D00][00000288CB6E5200 49] iPhoneX, [00000288CC3F9800][00000288CB6E9380 49] iPhoneXS, [00000288CC43AC00][00000288CB6ED500 49] iPhoneXSMax, [00000288CC3FAD00][00000288CB6F1680 49] iPhoneXR, [00000288CC439600][00000288CB6F5800 49] iPhone11, [00000288CC3F8800][00000288CB6F9980 49] iPhone11Pro, [00000288CC439900][00000288CB6FDB00 49] iPhone11ProMax, [00000288CC3FA500][00000288CB700100 49] iPhoneSE2, [00000288CC439300][00000288CB704280 49] iPhone12Mini, [00000288CC3FB300][00000288CB708400 49] iPhone12, [00000288CC43A800][00000288CB70C580 49] iPhone12Pro, [00000288CC3FB200][00000288CB710700 49] iPhone12ProMax, [00000288CC439B00][00000288CB6CC840 49] iPadPro105, [00000288CC3FB000][00000288CB718980 49] iPadPro129, [00000288CC43B300][00000288C33FEAC0 49] iPadPro97, [00000288CC3F8C00][00000288CB71CC40 49] iPadPro2_129, [00000288CC43BA00][00000288C18DADC0 49] iPad5, [00000288CC3FA100][00000288CB758F40 49] iPad6, [00000288CC43A700][00000288CB75D0C0 49] iPad7, [00000288CC3FA000][00000288C1B1B240 49] iPad8, [00000288CC439100][00000288C1B1F3C0 49] iPadPro11, [00000288CC3F8300][00000288C3937540 49] iPadPro2_11, [00000288CC438800][00000288CC8916C0 49] iPadPro3_129, [00000288CC3F8F00][00000288C9F51840 49] iPadPro4_129, [00000288CC43A000][00000288C9F5D9C0 49] AppleTV, [00000288CC3F9600][00000288CC771B40 49] AppleTV4K, [00000288CC43BD00][00000288CC774140 49] TVOS, [00000288CC3FBC00][00000288CC77C2C0 49] Mac, [00000288CC43BC00][00000288CC784440 49] MacClient, [00000288CC3FAC00][00000288CCB045C0 49] MacNoEditor, [00000288CC439500][00000288CCB08740 49] MacServer, [00000288CC3F8700][00000288CCB0C8C0 49] Linux, [00000288CC439D00][00000288C3406A00 49] LinuxAArch64, [00000288CC3FA200][00000288CCB36B40 49] LinuxNoEditor, [00000288CC43A100][00000288CC888C80 49] LinuxAArch64NoEditor, [00000288CC3FB400][00000288C3380DC0 49] LinuxClient, [00000288CC43AD00][00000288C33B8F40 49] LinuxAArch64Client, [00000288CC443F00][00000288C33C90C0 49] LinuxServer, [00000288CC4C9E00][00000288C33CD240 49] LinuxAArch64Server, [00000288CC441700][00000288C33D13C0 49] Android, [00000288CC4C8400][00000288C1AFF540 49] Android_Low, [00000288CC442500][00000288C33F56C0 49] Android_Mid, [00000288CC4C8F00][00000288C33F9840 49] Android_High, [00000288CC441500][00000288CCF5B9C0 49] Android_Default, [00000288CC4C8200][00000288CCF5FB40 49] Android_Adreno4xx, [00000288CC441D00][00000288CCF62140 49] Android_Adreno5xx_Low, [00000288CC4C9F00][00000288C9FF62C0 49] Android_Adreno5xx, [00000288CC442E00][00000288C9FFA440 49] Android_Adreno6xx, [00000288CC4C8E00][00000288CCF665C0 49] Android_Adreno6xx_Vulkan, [00000288CC442700][00000288CCF6A740 49] Android_Mali_T6xx, [00000288CC4C9000][00000288CCF6E8C0 49] Android_Mali_T7xx, [00000288CC443600][00000288CCF7AA40 49] Android_Mali_T8xx, [00000288CC4CA400][00000288C33B4B80 49] Android_Mali_G71, [00000288CC443E00][00000288CCC6ACC0 49] Android_Mali_G72, [00000288CC4C8B00][00000288CC8E6E00 49] Android_Mali_G72_Vulkan, [00000288CC440700][00000288CC8F0F40 49] Android_Mali_G76, [00000288CC4C8500][00000288CC94F0C0 49] Android_Mali_G76_Vulkan, [00000288CC439C00][00000288CC961240 49] Android_Mali_G77, [00000288CC3F8400][00000288CC9753C0 49] Android_Mali_G77_Vulkan, [00000288CC43BB00][00000288CC97D540 49] Android_Mali_G78, [00000288CC3F9900][00000288CC9996C0 49] Android_Mali_G78_Vulkan, [00000288CC438100][00000288CCAC5840 49] Android_Mali_G710, [00000288CC3F9700][00000288CCAC99C0 49] Android_Mali_G710_Vulkan, [00000288CC43B000][00000288CCADFB40 49] Android_Vulkan_SM5, [00000288CC3F8500][00000288CCAE2140 49] Android_PowerVR_G6xxx, [00000288CC43B100][00000288CCFC22C0 49] Android_PowerVR_GT7xxx, [00000288CC3F8B00][00000288CCFD2440 49] Android_PowerVR_GE8xxx, [00000288CC4C9300][00000288CCFE65C0 49] Android_PowerVR_GM9xxx, [00000288CC3F9B00][00000288CD05A740 49] Android_PowerVR_GM9xxx_Vulkan, [00000288CC4C9400][00000288CD05E8C0 49] Android_TegraK1, [00000288CC3F9A00][00000288CD062A40 49] Android_Unknown_Vulkan, [00000288CC4C9900][00000288C1AAEBC0 49] Lumin, [00000288CC3FAB00][00000288C1AB2D40 49] Lumin_Desktop, [00000288CC4C9A00][00000288CC94AE80 49] HoloLens, 
[2022.06.02-10.34.22:129][  0]LogMeshReduction: Using QuadricMeshReduction for automatic static mesh reduction
[2022.06.02-10.34.22:129][  0]LogMeshReduction: Using SimplygonMeshReduction for automatic skeletal mesh reduction
[2022.06.02-10.34.22:129][  0]LogMeshReduction: Using ProxyLODMeshReduction for automatic mesh merging
[2022.06.02-10.34.22:129][  0]LogMeshReduction: No distributed automatic mesh merging module available
[2022.06.02-10.34.22:129][  0]LogMeshMerging: No distributed automatic mesh merging module available
[2022.06.02-10.34.22:141][  0]LogNetVersion: SkipUe4 1.0.0, NetCL: 17155196, EngineNetVer: 17, GameNetVer: 0 (Checksum: 257355023)
[2022.06.02-10.34.22:402][  0]LogTexture: Default maximum texture size for cubemaps generated from long-lat sources has been changed from 512 to unlimited. In order to preserve old behaiour for '/Engine/MapTemplates/Sky/DaylightAmbientCubemap.DaylightAmbientCubemap', its maximum texture size has been explicitly set to 512.
[2022.06.02-10.34.22:445][  0]LogHMD: PokeAHoleMaterial loaded successfully
[2022.06.02-10.34.22:450][  0]LogUObjectArray: 17178 objects as part of root set at end of initial load.
[2022.06.02-10.34.22:450][  0]LogUObjectAllocator: 4302048 out of 0 bytes used by permanent object pool.
[2022.06.02-10.34.22:450][  0]LogUObjectArray: CloseDisregardForGC: 0/0 objects in disregard for GC pool
[2022.06.02-10.34.22:621][  0]LogNiagaraDebuggerClient: Niagara Debugger Client Initialized | Session: 1288DA844DFA3174E1AF0498BEFFD394 | Instance: 6CE74B784781DD35D4AE45886EBD9DD4 (RNSS20901-10348).
[2022.06.02-10.34.22:643][  0]LogPython: Using Python 3.7.7
[2022.06.02-10.34.23:028][  0]LogTcpMessaging: Initializing TcpMessaging bridge
[2022.06.02-10.34.23:030][  0]LogUdpMessaging: Initializing bridge on interface 0.0.0.0:0 to multicast group 230.0.0.1:6666.
[2022.06.02-10.34.23:156][  0]SourceControl: Source control is disabled
[2022.06.02-10.34.23:156][  0]SourceControl: Source control is disabled
[2022.06.02-10.34.23:158][  0]SourceControl: Source control is disabled
[2022.06.02-10.34.23:159][  0]SourceControl: Source control is disabled
[2022.06.02-10.34.23:163][  0]SourceControl: Source control is disabled
[2022.06.02-10.34.23:164][  0]LogUProjectInfo: Found projects:
[2022.06.02-10.34.23:243][  0]LogOpenImageDenoise: OIDN starting up
[2022.06.02-10.34.23:267][  0]LogAndroidPermission: UAndroidPermissionCallbackProxy::GetInstance
[2022.06.02-10.34.23:278][  0]LogAudioCaptureCore: Display: No Audio Capture implementations found. Audio input will be silent.
[2022.06.02-10.34.23:278][  0]LogAudioCaptureCore: Display: No Audio Capture implementations found. Audio input will be silent.
[2022.06.02-10.34.23:357][  0]LogCollectionManager: Loaded 0 collections in 0.000896 seconds
[2022.06.02-10.34.23:371][  0]LogFileCache: Scanning file cache for directory 'D:/FBreton/Skip_CRJV2122_PS4/Alpha/Saved/Collections/' took 0.00s
[2022.06.02-10.34.23:371][  0]LogFileCache: Scanning file cache for directory 'D:/FBreton/Skip_CRJV2122_PS4/Alpha/Content/Developers/fbreton/Collections/' took 0.00s
[2022.06.02-10.34.23:371][  0]LogFileCache: Scanning file cache for directory 'D:/FBreton/Skip_CRJV2122_PS4/Alpha/Content/Collections/' took 0.00s
[2022.06.02-10.34.23:371][  0]LogOcInput: OculusInput pre-init called
[2022.06.02-10.34.23:523][  0]LogEngine: Initializing Engine...
[2022.06.02-10.34.23:524][  0]LogHMD: Failed to enumerate extensions. Please check that you have a valid OpenXR runtime installed.
[2022.06.02-10.34.23:524][  0]LogHMD: Failed to initialize OpenVR with code 110
[2022.06.02-10.34.23:524][  0]LogMagicLeap: Warning: VR disabled because ZI is not enabled.  To enable, in the editor, Edit -> Project Settings -> Plugins -> Magic Leap Plugin -> Enable Zero Iteration
[2022.06.02-10.34.23:525][  0]LogStats: UGameplayTagsManager::InitializeManager -  0.000 s
[2022.06.02-10.34.23:619][  0]LogInit: Initializing FReadOnlyCVARCache
[2022.06.02-10.34.23:624][  0]LogAIModule: Creating AISystem for world Untitled
[2022.06.02-10.34.23:625][  0]LogAudio: Display: Initializing Audio Device Manager...
[2022.06.02-10.34.23:627][  0]LogAudio: Display: Loading Default Audio Settings Objects...
[2022.06.02-10.34.23:627][  0]LogAudio: Display: No default SoundConcurrencyObject specified (or failed to load).
[2022.06.02-10.34.23:627][  0]LogAudio: Display: Audio Device Manager Initialized
[2022.06.02-10.34.23:627][  0]LogAudio: Display: Creating Audio Device:                 Id: 1, Scope: Shared, Realtime: True
[2022.06.02-10.34.23:627][  0]LogAudioMixer: Display: Audio Mixer Platform Settings:
[2022.06.02-10.34.23:627][  0]LogAudioMixer: Display: 	Sample Rate:						  48000
[2022.06.02-10.34.23:627][  0]LogAudioMixer: Display: 	Callback Buffer Frame Size Requested: 1024
[2022.06.02-10.34.23:627][  0]LogAudioMixer: Display: 	Callback Buffer Frame Size To Use:	  1024
[2022.06.02-10.34.23:627][  0]LogAudioMixer: Display: 	Number of buffers to queue:			  2
[2022.06.02-10.34.23:627][  0]LogAudioMixer: Display: 	Max Channels (voices):				  32
[2022.06.02-10.34.23:627][  0]LogAudioMixer: Display: 	Number of Async Source Workers:		  0
[2022.06.02-10.34.23:627][  0]LogAudio: Display: AudioDevice MaxSources: 32
[2022.06.02-10.34.23:627][  0]LogAudio: Display: Audio Spatialization Plugin: None (built-in).
[2022.06.02-10.34.23:627][  0]LogAudio: Display: Audio Reverb Plugin: None (built-in).
[2022.06.02-10.34.23:627][  0]LogAudio: Display: Audio Occlusion Plugin: None (built-in).
[2022.06.02-10.34.23:627][  0]LogAudioMixer: Display: Initializing audio mixer.
[2022.06.02-10.34.23:634][  0]LogAudioMixer: Display: 0: FrontLeft
[2022.06.02-10.34.23:634][  0]LogAudioMixer: Display: 1: FrontRight
[2022.06.02-10.34.23:647][  0]LogAudioMixer: Display: Using Audio Device Casque (Realtek(R) Audio)
[2022.06.02-10.34.23:651][  0]LogAudioMixer: Display: Initializing Sound Submixes...
[2022.06.02-10.34.23:652][  0]LogAudioMixer: Display: Creating Master Submix 'MasterSubmixDefault'
[2022.06.02-10.34.23:652][  0]LogAudioMixer: Display: Creating Master Submix 'MasterReverbSubmixDefault'
[2022.06.02-10.34.23:653][  0]LogAudioMixer: Display: Creating Master Submix 'MasterEQSubmixDefault'
[2022.06.02-10.34.23:653][  0]LogAudioMixer: FMixerPlatformXAudio2::StartAudioStream() called
[2022.06.02-10.34.23:653][  0]LogAudioMixer: Display: Output buffers initialized: Frames=1024, Channels=2, Samples=2048
[2022.06.02-10.34.23:654][  0]LogAudioMixer: Display: Starting AudioMixerPlatformInterface::RunInternal()
[2022.06.02-10.34.23:654][  0]LogAudioMixer: Display: FMixerPlatformXAudio2::SubmitBuffer() called for the first time
[2022.06.02-10.34.23:654][  0]LogInit: FAudioDevice initialized.
[2022.06.02-10.34.23:654][  0]LogAudio: Display: Audio Device (ID: 1) registered with world 'Untitled'.
[2022.06.02-10.34.23:654][  0]LogNetVersion: Set ProjectVersion to 1.0.0.0. Version Checksum will be recalculated on next use.
[2022.06.02-10.34.23:696][  0]LogDerivedDataCache: Saved boot cache 0.04s 94MB C:/Users/f.breton/AppData/Local/UnrealEngine/4.27/DerivedDataCache/Boot.ddc.
[2022.06.02-10.34.23:698][  0]LogInit: Texture streaming: Enabled
[2022.06.02-10.34.23:705][  0]LogAnalytics: Display: [UEEditor.Rocket.Release] APIServer = https://datarouter.ol.epicgames.com/. AppVersion = 4.27.2-18319896+++UE4+Release-4.27
[2022.06.02-10.34.23:708][  0]LogEngineSessionManager: EngineSessionManager initialized
[2022.06.02-10.34.23:708][  0]LogEditorSessionSummary: Verbose: Initializing EditorSessionSummaryWriter for editor session tracking
[2022.06.02-10.34.23:709][  0]LogEditorSessionSummary: EditorSessionSummaryWriter initialized
[2022.06.02-10.34.23:734][  0]LogInit: Transaction tracking system initialized
[2022.06.02-10.34.23:747][  0]BlueprintLog: New page: Editor Load
[2022.06.02-10.34.23:784][  0]LocalizationService: Localization service is disabled
[2022.06.02-10.34.23:798][  0]TimingProfiler: Initialize
[2022.06.02-10.34.23:799][  0]TimingProfiler: OnSessionChanged
[2022.06.02-10.34.23:799][  0]LoadingProfiler: Initialize
[2022.06.02-10.34.23:799][  0]LoadingProfiler: OnSessionChanged
[2022.06.02-10.34.23:799][  0]NetworkingProfiler: Initialize
[2022.06.02-10.34.23:799][  0]NetworkingProfiler: OnSessionChanged
[2022.06.02-10.34.23:799][  0]MemoryProfiler: Initialize
[2022.06.02-10.34.23:799][  0]MemoryProfiler: OnSessionChanged
[2022.06.02-10.34.23:895][  0]LogCook: Display: CookSettings for Memory: MemoryMaxUsedVirtual 0MiB, MemoryMaxUsedPhysical 16384MiB, MemoryMinFreeVirtual 0MiB, MemoryMinFreePhysical 1024MiB
[2022.06.02-10.34.23:895][  0]LogCook: Display: Mobile HDR setting 1
[2022.06.02-10.34.24:016][  0]LogFileCache: Scanning file cache for directory 'D:/FBreton/Skip_CRJV2122_PS4/Alpha/Content/' took 0.00s
[2022.06.02-10.34.24:141][  0]LogInit: Display: Engine is initialized. Leaving FEngineLoop::Init()
[2022.06.02-10.34.24:143][  0]SourceControl: Source control is disabled
[2022.06.02-10.34.24:143][  0]LogUnrealEdMisc: Loading editor; pre map load, took 4.315
[2022.06.02-10.34.24:143][  0]Cmd: MAP LOAD FILE="D:/FBreton/Skip_CRJV2122_PS4/Alpha/Content/Maps/LevelDesign.umap" TEMPLATE=0 SHOWPROGRESS=1 FEATURELEVEL=3
[2022.06.02-10.34.24:143][  0]LightingResults: New page: Lighting Build
[2022.06.02-10.34.24:144][  0]LogWorld: UWorld::CleanupWorld for Untitled, bSessionEnded=true, bCleanupResources=true
[2022.06.02-10.34.24:144][  0]LogSlate: InvalidateAllWidgets triggered.  All widgets were invalidated
[2022.06.02-10.34.24:144][  0]MapCheck: New page: Map Check
[2022.06.02-10.34.24:145][  0]LightingResults: New page: Lighting Build
[2022.06.02-10.34.24:148][  0]LogAudio: Display: Audio Device unregistered from world 'None'.
[2022.06.02-10.34.24:150][  0]LogUObjectHash: Compacting FUObjectHashTables data took   0.57ms
[2022.06.02-10.34.24:171][  0]LogLinker: Warning: [AssetLog] D:\FBreton\Skip_CRJV2122_PS4\Alpha\Content\Mesh\Props_Moyens\Porte\Porte.uasset: Failed to load '/Game/Zone_De_Test/Materials/Porte1': Can't find file.
[2022.06.02-10.34.24:171][  0]LoadErrors: Failed to load /Game/3CProject/Actors/BP_LockedDoor.BP_LockedDoor_C Referenced by SkeletalMesh_GEN_VARIABLE
[2022.06.02-10.34.24:171][  0]LogLinker: Warning: [AssetLog] D:\FBreton\Skip_CRJV2122_PS4\Alpha\Content\Mesh\Props_Moyens\Porte\Porte.uasset: Failed to load '/Game/Zone_De_Test/Materials/Porte1': Can't find file.
[2022.06.02-10.34.24:171][  0]LoadErrors: Failed to load /Game/3CProject/Actors/BP_LockedDoor.BP_LockedDoor_C Referenced by SkeletalMesh_GEN_VARIABLE
[2022.06.02-10.34.24:171][  0]LogLinker: Warning: [AssetLog] D:\FBreton\Skip_CRJV2122_PS4\Alpha\Content\Mesh\Props_Moyens\Porte\Porte.uasset: Failed to load '/Game/Zone_De_Test/Materials/Porte1': Can't find file.
[2022.06.02-10.34.24:171][  0]LoadErrors: Failed to load /Game/3CProject/Actors/BP_LockedDoor.BP_LockedDoor_C Referenced by SkeletalMesh_GEN_VARIABLE
[2022.06.02-10.34.24:177][  0]LogLinker: Warning: [AssetLog] D:\FBreton\Skip_CRJV2122_PS4\Alpha\Content\Mesh\Props_Moyens\Table\Table.uasset: Failed to load '/Game/Zone_De_Test/Materials/Table1': Can't find file.
[2022.06.02-10.34.24:177][  0]LoadErrors: Failed to load /Game/BP/Enigme/1-Deni/BP_D_Change.BP_D_Change_C Referenced by SkeletalMesh_GEN_VARIABLE
[2022.06.02-10.34.24:177][  0]LogLinker: Warning: [AssetLog] D:\FBreton\Skip_CRJV2122_PS4\Alpha\Content\Mesh\Props_Moyens\Table\Table.uasset: Failed to load '/Game/Zone_De_Test/Materials/Table1': Can't find file.
[2022.06.02-10.34.24:177][  0]LoadErrors: Failed to load /Game/BP/Enigme/1-Deni/BP_D_Change.BP_D_Change_C Referenced by SkeletalMesh_GEN_VARIABLE
[2022.06.02-10.34.24:177][  0]LogLinker: Warning: [AssetLog] D:\FBreton\Skip_CRJV2122_PS4\Alpha\Content\Mesh\Props_Moyens\Table\Table.uasset: Failed to load '/Game/Zone_De_Test/Materials/Table1': Can't find file.
[2022.06.02-10.34.24:177][  0]LoadErrors: Failed to load /Game/BP/Enigme/1-Deni/BP_D_Change.BP_D_Change_C Referenced by SkeletalMesh_GEN_VARIABLE
[2022.06.02-10.34.24:229][  0]LogBlueprint: Warning: Timeline PickUpItem Track ItemTrack in /Engine/Transient.REINST_BP_FirstPersonCharacter_C_17 has an invalid curve.  Please fix!
[2022.06.02-10.34.24:337][  0]LogLinker: Warning: [AssetLog] D:\FBreton\Skip_CRJV2122_PS4\Alpha\Content\Mesh\Bibliotheque\Bibliotheque_Attach.uasset: Failed to load '/Game/Zone_De_Test/Materials/Bibliotheque': Can't find file.
[2022.06.02-10.34.24:337][  0]LogLinker: Warning: [AssetLog] D:\FBreton\Skip_CRJV2122_PS4\Alpha\Content\Mesh\Bibliotheque\Bibliotheque_Attach.uasset: Failed to load '/Game/Zone_De_Test/Materials/Bibliotheque': Can't find file.
[2022.06.02-10.34.24:337][  0]LogLinker: Warning: [AssetLog] D:\FBreton\Skip_CRJV2122_PS4\Alpha\Content\Mesh\Bibliotheque\Bibliotheque_Attach.uasset: Failed to load '/Game/Zone_De_Test/Materials/Bibliotheque': Can't find file.
[2022.06.02-10.34.24:340][  0]LogLinker: Warning: [AssetLog] D:\FBreton\Skip_CRJV2122_PS4\Alpha\Content\Mesh\Props_Moyens\Television\Television.uasset: Failed to load '/Game/Zone_De_Test/Materials/Television1': Can't find file.
[2022.06.02-10.34.24:340][  0]LogLinker: Warning: [AssetLog] D:\FBreton\Skip_CRJV2122_PS4\Alpha\Content\Mesh\Props_Moyens\Television\Television.uasset: Failed to load '/Game/Zone_De_Test/Materials/Television1': Can't find file.
[2022.06.02-10.34.24:340][  0]LogLinker: Warning: [AssetLog] D:\FBreton\Skip_CRJV2122_PS4\Alpha\Content\Mesh\Props_Moyens\Television\Television.uasset: Failed to load '/Game/Zone_De_Test/Materials/Television1': Can't find file.
[2022.06.02-10.34.24:362][  0]LogLinker: Warning: [AssetLog] D:\FBreton\Skip_CRJV2122_PS4\Alpha\Content\Mesh\Props_Moyens\Television\Television.uasset: Failed to load '/Game/Zone_De_Test/Materials/Television1': Can't find file.
[2022.06.02-10.34.24:362][  0]LoadErrors: Failed to load /Game/Zone_De_Test/Materials/Television1.Television1 Referenced by Television
[2022.06.02-10.34.24:362][  0]LogLinker: Warning: [AssetLog] D:\FBreton\Skip_CRJV2122_PS4\Alpha\Content\Mesh\Props_Moyens\Television\Television.uasset: Failed to load '/Game/Zone_De_Test/Materials/Television1': Can't find file.
[2022.06.02-10.34.24:362][  0]LoadErrors: Failed to load /Game/Zone_De_Test/Materials/Television1.Television1 Referenced by Television
[2022.06.02-10.34.24:363][  0]LogLinker: Warning: [AssetLog] D:\FBreton\Skip_CRJV2122_PS4\Alpha\Content\Mesh\Bibliotheque\Bibliotheque_Attach.uasset: Failed to load '/Game/Zone_De_Test/Materials/Bibliotheque': Can't find file.
[2022.06.02-10.34.24:363][  0]LoadErrors: Failed to load /Game/Zone_De_Test/Materials/Bibliotheque.Bibliotheque Referenced by Bibliotheque_Attach
[2022.06.02-10.34.24:363][  0]LogLinker: Warning: [AssetLog] D:\FBreton\Skip_CRJV2122_PS4\Alpha\Content\Mesh\Bibliotheque\Bibliotheque_Attach.uasset: Failed to load '/Game/Zone_De_Test/Materials/Bibliotheque': Can't find file.
[2022.06.02-10.34.24:363][  0]LoadErrors: Failed to load /Game/Zone_De_Test/Materials/Bibliotheque.Bibliotheque Referenced by Bibliotheque_Attach
[2022.06.02-10.34.24:392][  0]LogLinker: Warning: [AssetLog] D:\FBreton\Skip_CRJV2122_PS4\Alpha\Content\Mesh\Props_Moyens\Table\Table.uasset: Failed to load '/Game/Zone_De_Test/Materials/Table1': Can't find file.
[2022.06.02-10.34.24:393][  0]LoadErrors: Failed to load /Game/Zone_De_Test/Materials/Table1.Table1 Referenced by Table
[2022.06.02-10.34.24:393][  0]LogLinker: Warning: [AssetLog] D:\FBreton\Skip_CRJV2122_PS4\Alpha\Content\Mesh\Props_Moyens\Table\Table.uasset: Failed to load '/Game/Zone_De_Test/Materials/Table1': Can't find file.
[2022.06.02-10.34.24:393][  0]LoadErrors: Failed to load /Game/Zone_De_Test/Materials/Table1.Table1 Referenced by Table
[2022.06.02-10.34.24:395][  0]LogLinker: Warning: [AssetLog] D:\FBreton\Skip_CRJV2122_PS4\Alpha\Content\Mesh\Props_Moyens\Porte\Porte.uasset: Failed to load '/Game/Zone_De_Test/Materials/Porte1': Can't find file.
[2022.06.02-10.34.24:395][  0]LoadErrors: Failed to load /Game/Zone_De_Test/Materials/Porte1.Porte1 Referenced by Porte
[2022.06.02-10.34.24:395][  0]LogLinker: Warning: [AssetLog] D:\FBreton\Skip_CRJV2122_PS4\Alpha\Content\Mesh\Props_Moyens\Porte\Porte.uasset: Failed to load '/Game/Zone_De_Test/Materials/Porte1': Can't find file.
[2022.06.02-10.34.24:395][  0]LoadErrors: Failed to load /Game/Zone_De_Test/Materials/Porte1.Porte1 Referenced by Porte
[2022.06.02-10.34.24:538][  0]LogAudio: Display: Audio Device (ID: 1) registered with world 'LevelDesign'.
[2022.06.02-10.34.24:538][  0]LogAIModule: Creating AISystem for world LevelDesign
[2022.06.02-10.34.24:551][  0]LogEditorServer: Finished looking for orphan Actors (0.000 secs)
[2022.06.02-10.34.24:573][  0]LogUObjectHash: Compacting FUObjectHashTables data took   0.83ms
[2022.06.02-10.34.24:573][  0]Cmd: MAP CHECKDEP NOCLEARLOG
[2022.06.02-10.34.24:574][  0]MapCheck: Map check complete: 0 Error(s), 0 Warning(s), took 0,085ms to complete.
[2022.06.02-10.34.24:574][  0]LogFileHelpers: Loading map 'LevelDesign' took 0.431
[2022.06.02-10.34.24:575][  0]LogUnrealEdMisc: Total Editor Startup Time, took 4.748
[2022.06.02-10.34.24:705][  0]LogSlate: Updating window title bar state: overlay mode, drag disabled, window buttons hidden, title bar hidden
[2022.06.02-10.34.24:709][  0]LogSlate: Updating window title bar state: overlay mode, drag disabled, window buttons hidden, title bar hidden
[2022.06.02-10.34.24:712][  0]LogSlate: Updating window title bar state: overlay mode, drag disabled, window buttons hidden, title bar hidden
[2022.06.02-10.34.24:716][  0]LogSlate: Updating window title bar state: overlay mode, drag disabled, window buttons hidden, title bar hidden
[2022.06.02-10.34.24:726][  0]LogNativeClassHierarchy: Verbose: Native class hierarchy populated in 0.0066 seconds. Added 3822 classes and 928 folders.
[2022.06.02-10.34.24:727][  0]LogNativeClassHierarchy: Verbose: Native class hierarchy updated for 'WidgetCarousel' in 0.0002 seconds. Added 0 classes and 0 folders.
[2022.06.02-10.34.24:728][  0]LogPakFile: PakFile PrimaryIndexSize=187
[2022.06.02-10.34.24:728][  0]LogPakFile: PakFile PathHashIndexSize=101
[2022.06.02-10.34.24:728][  0]LogPakFile: PakFile FullDirectoryIndexSize=148
[2022.06.02-10.34.24:728][  0]LogShaderLibrary: Display: ShaderCodeLibraryPakFileMountedCallback: PakFile 'C:/UE_4.27/FeaturePacks/FP_FirstPerson.upack' (chunk index -1, root 'root:/') mounted
[2022.06.02-10.34.24:728][  0]LogShaderLibrary: Display: ShaderCodeLibraryPakFileMountedCallback: pending pak file info (ChunkID:-1 Root:root:/ File:C:/UE_4.27/FeaturePacks/FP_FirstPerson.upack)
[2022.06.02-10.34.24:728][  0]LogPakFile: OnPakFileMounted2Time == 0.000037
[2022.06.02-10.34.24:729][  0]LogPakFile: PakFile PrimaryIndexSize=189
[2022.06.02-10.34.24:729][  0]LogPakFile: PakFile PathHashIndexSize=101
[2022.06.02-10.34.24:729][  0]LogPakFile: PakFile FullDirectoryIndexSize=152
[2022.06.02-10.34.24:729][  0]LogShaderLibrary: Display: ShaderCodeLibraryPakFileMountedCallback: PakFile 'C:/UE_4.27/FeaturePacks/FP_FirstPersonBP.upack' (chunk index -1, root 'root:/') mounted
[2022.06.02-10.34.24:729][  0]LogShaderLibrary: Display: ShaderCodeLibraryPakFileMountedCallback: pending pak file info (ChunkID:-1 Root:root:/ File:C:/UE_4.27/FeaturePacks/FP_FirstPersonBP.upack)
[2022.06.02-10.34.24:729][  0]LogPakFile: OnPakFileMounted2Time == 0.000023
[2022.06.02-10.34.24:729][  0]LogPakFile: PakFile PrimaryIndexSize=191
[2022.06.02-10.34.24:729][  0]LogPakFile: PakFile PathHashIndexSize=101
[2022.06.02-10.34.24:729][  0]LogPakFile: PakFile FullDirectoryIndexSize=160
[2022.06.02-10.34.24:729][  0]LogShaderLibrary: Display: ShaderCodeLibraryPakFileMountedCallback: PakFile 'C:/UE_4.27/FeaturePacks/MobileStarterContent.upack' (chunk index -1, root 'root:/') mounted
[2022.06.02-10.34.24:729][  0]LogShaderLibrary: Display: ShaderCodeLibraryPakFileMountedCallback: pending pak file info (ChunkID:-1 Root:root:/ File:C:/UE_4.27/FeaturePacks/MobileStarterContent.upack)
[2022.06.02-10.34.24:729][  0]LogPakFile: OnPakFileMounted2Time == 0.000020
[2022.06.02-10.34.24:729][  0]LogPakFile: PakFile PrimaryIndexSize=185
[2022.06.02-10.34.24:729][  0]LogPakFile: PakFile PathHashIndexSize=101
[2022.06.02-10.34.24:729][  0]LogPakFile: PakFile FullDirectoryIndexSize=148
[2022.06.02-10.34.24:729][  0]LogShaderLibrary: Display: ShaderCodeLibraryPakFileMountedCallback: PakFile 'C:/UE_4.27/FeaturePacks/StarterContent.upack' (chunk index -1, root 'root:/') mounted
[2022.06.02-10.34.24:729][  0]LogShaderLibrary: Display: ShaderCodeLibraryPakFileMountedCallback: pending pak file info (ChunkID:-1 Root:root:/ File:C:/UE_4.27/FeaturePacks/StarterContent.upack)
[2022.06.02-10.34.24:729][  0]LogPakFile: OnPakFileMounted2Time == 0.000020
[2022.06.02-10.34.24:729][  0]LogPakFile: PakFile PrimaryIndexSize=190
[2022.06.02-10.34.24:729][  0]LogPakFile: PakFile PathHashIndexSize=101
[2022.06.02-10.34.24:729][  0]LogPakFile: PakFile FullDirectoryIndexSize=154
[2022.06.02-10.34.24:729][  0]LogShaderLibrary: Display: ShaderCodeLibraryPakFileMountedCallback: PakFile 'C:/UE_4.27/FeaturePacks/TP_2DSideScroller.upack' (chunk index -1, root 'root:/') mounted
[2022.06.02-10.34.24:729][  0]LogShaderLibrary: Display: ShaderCodeLibraryPakFileMountedCallback: pending pak file info (ChunkID:-1 Root:root:/ File:C:/UE_4.27/FeaturePacks/TP_2DSideScroller.upack)
[2022.06.02-10.34.24:730][  0]LogPakFile: OnPakFileMounted2Time == 0.000021
[2022.06.02-10.34.24:730][  0]LogPakFile: PakFile PrimaryIndexSize=192
[2022.06.02-10.34.24:730][  0]LogPakFile: PakFile PathHashIndexSize=101
[2022.06.02-10.34.24:730][  0]LogPakFile: PakFile FullDirectoryIndexSize=158
[2022.06.02-10.34.24:730][  0]LogShaderLibrary: Display: ShaderCodeLibraryPakFileMountedCallback: PakFile 'C:/UE_4.27/FeaturePacks/TP_2DSideScrollerBP.upack' (chunk index -1, root 'root:/') mounted
[2022.06.02-10.34.24:730][  0]LogShaderLibrary: Display: ShaderCodeLibraryPakFileMountedCallback: pending pak file info (ChunkID:-1 Root:root:/ File:C:/UE_4.27/FeaturePacks/TP_2DSideScrollerBP.upack)
[2022.06.02-10.34.24:730][  0]LogPakFile: OnPakFileMounted2Time == 0.000019
[2022.06.02-10.34.24:730][  0]LogPakFile: PakFile PrimaryIndexSize=182
[2022.06.02-10.34.24:730][  0]LogPakFile: PakFile PathHashIndexSize=101
[2022.06.02-10.34.24:730][  0]LogPakFile: PakFile FullDirectoryIndexSize=138
[2022.06.02-10.34.24:730][  0]LogShaderLibrary: Display: ShaderCodeLibraryPakFileMountedCallback: PakFile 'C:/UE_4.27/FeaturePacks/TP_Flying.upack' (chunk index -1, root 'root:/') mounted
[2022.06.02-10.34.24:730][  0]LogShaderLibrary: Display: ShaderCodeLibraryPakFileMountedCallback: pending pak file info (ChunkID:-1 Root:root:/ File:C:/UE_4.27/FeaturePacks/TP_Flying.upack)
[2022.06.02-10.34.24:730][  0]LogPakFile: OnPakFileMounted2Time == 0.000020
[2022.06.02-10.34.24:730][  0]LogPakFile: PakFile PrimaryIndexSize=184
[2022.06.02-10.34.24:730][  0]LogPakFile: PakFile PathHashIndexSize=101
[2022.06.02-10.34.24:730][  0]LogPakFile: PakFile FullDirectoryIndexSize=142
[2022.06.02-10.34.24:730][  0]LogShaderLibrary: Display: ShaderCodeLibraryPakFileMountedCallback: PakFile 'C:/UE_4.27/FeaturePacks/TP_FlyingBP.upack' (chunk index -1, root 'root:/') mounted
[2022.06.02-10.34.24:730][  0]LogShaderLibrary: Display: ShaderCodeLibraryPakFileMountedCallback: pending pak file info (ChunkID:-1 Root:root:/ File:C:/UE_4.27/FeaturePacks/TP_FlyingBP.upack)
[2022.06.02-10.34.24:730][  0]LogPakFile: OnPakFileMounted2Time == 0.000020
[2022.06.02-10.34.24:731][  0]LogPakFile: PakFile PrimaryIndexSize=188
[2022.06.02-10.34.24:731][  0]LogPakFile: PakFile PathHashIndexSize=101
[2022.06.02-10.34.24:731][  0]LogPakFile: PakFile FullDirectoryIndexSize=150
[2022.06.02-10.34.24:731][  0]LogShaderLibrary: Display: ShaderCodeLibraryPakFileMountedCallback: PakFile 'C:/UE_4.27/FeaturePacks/TP_HandheldARBP.upack' (chunk index -1, root 'root:/') mounted
[2022.06.02-10.34.24:731][  0]LogShaderLibrary: Display: ShaderCodeLibraryPakFileMountedCallback: pending pak file info (ChunkID:-1 Root:root:/ File:C:/UE_4.27/FeaturePacks/TP_HandheldARBP.upack)
[2022.06.02-10.34.24:731][  0]LogPakFile: OnPakFileMounted2Time == 0.000019
[2022.06.02-10.34.24:731][  0]LogPakFile: PakFile PrimaryIndexSize=182
[2022.06.02-10.34.24:731][  0]LogPakFile: PakFile PathHashIndexSize=101
[2022.06.02-10.34.24:731][  0]LogPakFile: PakFile FullDirectoryIndexSize=138
[2022.06.02-10.34.24:731][  0]LogShaderLibrary: Display: ShaderCodeLibraryPakFileMountedCallback: PakFile 'C:/UE_4.27/FeaturePacks/TP_Puzzle.upack' (chunk index -1, root 'root:/') mounted
[2022.06.02-10.34.24:731][  0]LogShaderLibrary: Display: ShaderCodeLibraryPakFileMountedCallback: pending pak file info (ChunkID:-1 Root:root:/ File:C:/UE_4.27/FeaturePacks/TP_Puzzle.upack)
[2022.06.02-10.34.24:731][  0]LogPakFile: OnPakFileMounted2Time == 0.000019
[2022.06.02-10.34.24:731][  0]LogPakFile: PakFile PrimaryIndexSize=184
[2022.06.02-10.34.24:731][  0]LogPakFile: PakFile PathHashIndexSize=101
[2022.06.02-10.34.24:731][  0]LogPakFile: PakFile FullDirectoryIndexSize=142
[2022.06.02-10.34.24:731][  0]LogShaderLibrary: Display: ShaderCodeLibraryPakFileMountedCallback: PakFile 'C:/UE_4.27/FeaturePacks/TP_PuzzleBP.upack' (chunk index -1, root 'root:/') mounted
[2022.06.02-10.34.24:731][  0]LogShaderLibrary: Display: ShaderCodeLibraryPakFileMountedCallback: pending pak file info (ChunkID:-1 Root:root:/ File:C:/UE_4.27/FeaturePacks/TP_PuzzleBP.upack)
[2022.06.02-10.34.24:731][  0]LogPakFile: OnPakFileMounted2Time == 0.000019
[2022.06.02-10.34.24:732][  0]LogPakFile: PakFile PrimaryIndexSize=183
[2022.06.02-10.34.24:732][  0]LogPakFile: PakFile PathHashIndexSize=101
[2022.06.02-10.34.24:732][  0]LogPakFile: PakFile FullDirectoryIndexSize=140
[2022.06.02-10.34.24:732][  0]LogShaderLibrary: Display: ShaderCodeLibraryPakFileMountedCallback: PakFile 'C:/UE_4.27/FeaturePacks/TP_Rolling.upack' (chunk index -1, root 'root:/') mounted
[2022.06.02-10.34.24:732][  0]LogShaderLibrary: Display: ShaderCodeLibraryPakFileMountedCallback: pending pak file info (ChunkID:-1 Root:root:/ File:C:/UE_4.27/FeaturePacks/TP_Rolling.upack)
[2022.06.02-10.34.24:732][  0]LogPakFile: OnPakFileMounted2Time == 0.000031
[2022.06.02-10.34.24:732][  0]LogPakFile: PakFile PrimaryIndexSize=185
[2022.06.02-10.34.24:732][  0]LogPakFile: PakFile PathHashIndexSize=101
[2022.06.02-10.34.24:732][  0]LogPakFile: PakFile FullDirectoryIndexSize=144
[2022.06.02-10.34.24:732][  0]LogShaderLibrary: Display: ShaderCodeLibraryPakFileMountedCallback: PakFile 'C:/UE_4.27/FeaturePacks/TP_RollingBP.upack' (chunk index -1, root 'root:/') mounted
[2022.06.02-10.34.24:732][  0]LogShaderLibrary: Display: ShaderCodeLibraryPakFileMountedCallback: pending pak file info (ChunkID:-1 Root:root:/ File:C:/UE_4.27/FeaturePacks/TP_RollingBP.upack)
[2022.06.02-10.34.24:732][  0]LogPakFile: OnPakFileMounted2Time == 0.000020
[2022.06.02-10.34.24:732][  0]LogPakFile: PakFile PrimaryIndexSize=188
[2022.06.02-10.34.24:732][  0]LogPakFile: PakFile PathHashIndexSize=101
[2022.06.02-10.34.24:732][  0]LogPakFile: PakFile FullDirectoryIndexSize=150
[2022.06.02-10.34.24:732][  0]LogShaderLibrary: Display: ShaderCodeLibraryPakFileMountedCallback: PakFile 'C:/UE_4.27/FeaturePacks/TP_SideScroller.upack' (chunk index -1, root 'root:/') mounted
[2022.06.02-10.34.24:732][  0]LogShaderLibrary: Display: ShaderCodeLibraryPakFileMountedCallback: pending pak file info (ChunkID:-1 Root:root:/ File:C:/UE_4.27/FeaturePacks/TP_SideScroller.upack)
[2022.06.02-10.34.24:732][  0]LogPakFile: OnPakFileMounted2Time == 0.000020
[2022.06.02-10.34.24:733][  0]LogPakFile: PakFile PrimaryIndexSize=190
[2022.06.02-10.34.24:733][  0]LogPakFile: PakFile PathHashIndexSize=101
[2022.06.02-10.34.24:733][  0]LogPakFile: PakFile FullDirectoryIndexSize=154
[2022.06.02-10.34.24:733][  0]LogShaderLibrary: Display: ShaderCodeLibraryPakFileMountedCallback: PakFile 'C:/UE_4.27/FeaturePacks/TP_SideScrollerBP.upack' (chunk index -1, root 'root:/') mounted
[2022.06.02-10.34.24:733][  0]LogShaderLibrary: Display: ShaderCodeLibraryPakFileMountedCallback: pending pak file info (ChunkID:-1 Root:root:/ File:C:/UE_4.27/FeaturePacks/TP_SideScrollerBP.upack)
[2022.06.02-10.34.24:733][  0]LogPakFile: OnPakFileMounted2Time == 0.000019
[2022.06.02-10.34.24:733][  0]LogPakFile: PakFile PrimaryIndexSize=187
[2022.06.02-10.34.24:733][  0]LogPakFile: PakFile PathHashIndexSize=101
[2022.06.02-10.34.24:733][  0]LogPakFile: PakFile FullDirectoryIndexSize=148
[2022.06.02-10.34.24:733][  0]LogShaderLibrary: Display: ShaderCodeLibraryPakFileMountedCallback: PakFile 'C:/UE_4.27/FeaturePacks/TP_ThirdPerson.upack' (chunk index -1, root 'root:/') mounted
[2022.06.02-10.34.24:733][  0]LogShaderLibrary: Display: ShaderCodeLibraryPakFileMountedCallback: pending pak file info (ChunkID:-1 Root:root:/ File:C:/UE_4.27/FeaturePacks/TP_ThirdPerson.upack)
[2022.06.02-10.34.24:733][  0]LogPakFile: OnPakFileMounted2Time == 0.000019
[2022.06.02-10.34.24:733][  0]LogPakFile: PakFile PrimaryIndexSize=189
[2022.06.02-10.34.24:733][  0]LogPakFile: PakFile PathHashIndexSize=101
[2022.06.02-10.34.24:733][  0]LogPakFile: PakFile FullDirectoryIndexSize=152
[2022.06.02-10.34.24:733][  0]LogShaderLibrary: Display: ShaderCodeLibraryPakFileMountedCallback: PakFile 'C:/UE_4.27/FeaturePacks/TP_ThirdPersonBP.upack' (chunk index -1, root 'root:/') mounted
[2022.06.02-10.34.24:733][  0]LogShaderLibrary: Display: ShaderCodeLibraryPakFileMountedCallback: pending pak file info (ChunkID:-1 Root:root:/ File:C:/UE_4.27/FeaturePacks/TP_ThirdPersonBP.upack)
[2022.06.02-10.34.24:733][  0]LogPakFile: OnPakFileMounted2Time == 0.000019
[2022.06.02-10.34.24:734][  0]LogPakFile: PakFile PrimaryIndexSize=183
[2022.06.02-10.34.24:734][  0]LogPakFile: PakFile PathHashIndexSize=101
[2022.06.02-10.34.24:734][  0]LogPakFile: PakFile FullDirectoryIndexSize=140
[2022.06.02-10.34.24:734][  0]LogShaderLibrary: Display: ShaderCodeLibraryPakFileMountedCallback: PakFile 'C:/UE_4.27/FeaturePacks/TP_TopDown.upack' (chunk index -1, root 'root:/') mounted
[2022.06.02-10.34.24:734][  0]LogShaderLibrary: Display: ShaderCodeLibraryPakFileMountedCallback: pending pak file info (ChunkID:-1 Root:root:/ File:C:/UE_4.27/FeaturePacks/TP_TopDown.upack)
[2022.06.02-10.34.24:734][  0]LogPakFile: OnPakFileMounted2Time == 0.000022
[2022.06.02-10.34.24:734][  0]LogPakFile: PakFile PrimaryIndexSize=185
[2022.06.02-10.34.24:734][  0]LogPakFile: PakFile PathHashIndexSize=101
[2022.06.02-10.34.24:734][  0]LogPakFile: PakFile FullDirectoryIndexSize=144
[2022.06.02-10.34.24:734][  0]LogShaderLibrary: Display: ShaderCodeLibraryPakFileMountedCallback: PakFile 'C:/UE_4.27/FeaturePacks/TP_TopDownBP.upack' (chunk index -1, root 'root:/') mounted
[2022.06.02-10.34.24:734][  0]LogShaderLibrary: Display: ShaderCodeLibraryPakFileMountedCallback: pending pak file info (ChunkID:-1 Root:root:/ File:C:/UE_4.27/FeaturePacks/TP_TopDownBP.upack)
[2022.06.02-10.34.24:734][  0]LogPakFile: OnPakFileMounted2Time == 0.000019
[2022.06.02-10.34.24:734][  0]LogPakFile: PakFile PrimaryIndexSize=185
[2022.06.02-10.34.24:734][  0]LogPakFile: PakFile PathHashIndexSize=101
[2022.06.02-10.34.24:734][  0]LogPakFile: PakFile FullDirectoryIndexSize=144
[2022.06.02-10.34.24:734][  0]LogShaderLibrary: Display: ShaderCodeLibraryPakFileMountedCallback: PakFile 'C:/UE_4.27/FeaturePacks/TP_TwinStick.upack' (chunk index -1, root 'root:/') mounted
[2022.06.02-10.34.24:734][  0]LogShaderLibrary: Display: ShaderCodeLibraryPakFileMountedCallback: pending pak file info (ChunkID:-1 Root:root:/ File:C:/UE_4.27/FeaturePacks/TP_TwinStick.upack)
[2022.06.02-10.34.24:734][  0]LogPakFile: OnPakFileMounted2Time == 0.000020
[2022.06.02-10.34.24:734][  0]LogPakFile: PakFile PrimaryIndexSize=187
[2022.06.02-10.34.24:734][  0]LogPakFile: PakFile PathHashIndexSize=101
[2022.06.02-10.34.24:734][  0]LogPakFile: PakFile FullDirectoryIndexSize=148
[2022.06.02-10.34.24:734][  0]LogShaderLibrary: Display: ShaderCodeLibraryPakFileMountedCallback: PakFile 'C:/UE_4.27/FeaturePacks/TP_TwinStickBP.upack' (chunk index -1, root 'root:/') mounted
[2022.06.02-10.34.24:734][  0]LogShaderLibrary: Display: ShaderCodeLibraryPakFileMountedCallback: pending pak file info (ChunkID:-1 Root:root:/ File:C:/UE_4.27/FeaturePacks/TP_TwinStickBP.upack)
[2022.06.02-10.34.24:734][  0]LogPakFile: OnPakFileMounted2Time == 0.000020
[2022.06.02-10.34.24:734][  0]LogPakFile: PakFile PrimaryIndexSize=183
[2022.06.02-10.34.24:734][  0]LogPakFile: PakFile PathHashIndexSize=101
[2022.06.02-10.34.24:734][  0]LogPakFile: PakFile FullDirectoryIndexSize=140
[2022.06.02-10.34.24:734][  0]LogShaderLibrary: Display: ShaderCodeLibraryPakFileMountedCallback: PakFile 'C:/UE_4.27/FeaturePacks/TP_Vehicle.upack' (chunk index -1, root 'root:/') mounted
[2022.06.02-10.34.24:734][  0]LogShaderLibrary: Display: ShaderCodeLibraryPakFileMountedCallback: pending pak file info (ChunkID:-1 Root:root:/ File:C:/UE_4.27/FeaturePacks/TP_Vehicle.upack)
[2022.06.02-10.34.24:734][  0]LogPakFile: OnPakFileMounted2Time == 0.000019
[2022.06.02-10.34.24:734][  0]LogPakFile: PakFile PrimaryIndexSize=186
[2022.06.02-10.34.24:734][  0]LogPakFile: PakFile PathHashIndexSize=101
[2022.06.02-10.34.24:734][  0]LogPakFile: PakFile FullDirectoryIndexSize=146
[2022.06.02-10.34.24:734][  0]LogShaderLibrary: Display: ShaderCodeLibraryPakFileMountedCallback: PakFile 'C:/UE_4.27/FeaturePacks/TP_VehicleAdv.upack' (chunk index -1, root 'root:/') mounted
[2022.06.02-10.34.24:735][  0]LogShaderLibrary: Display: ShaderCodeLibraryPakFileMountedCallback: pending pak file info (ChunkID:-1 Root:root:/ File:C:/UE_4.27/FeaturePacks/TP_VehicleAdv.upack)
[2022.06.02-10.34.24:735][  0]LogPakFile: OnPakFileMounted2Time == 0.000021
[2022.06.02-10.34.24:735][  0]LogPakFile: PakFile PrimaryIndexSize=188
[2022.06.02-10.34.24:735][  0]LogPakFile: PakFile PathHashIndexSize=101
[2022.06.02-10.34.24:735][  0]LogPakFile: PakFile FullDirectoryIndexSize=150
[2022.06.02-10.34.24:735][  0]LogShaderLibrary: Display: ShaderCodeLibraryPakFileMountedCallback: PakFile 'C:/UE_4.27/FeaturePacks/TP_VehicleAdvBP.upack' (chunk index -1, root 'root:/') mounted
[2022.06.02-10.34.24:735][  0]LogShaderLibrary: Display: ShaderCodeLibraryPakFileMountedCallback: pending pak file info (ChunkID:-1 Root:root:/ File:C:/UE_4.27/FeaturePacks/TP_VehicleAdvBP.upack)
[2022.06.02-10.34.24:735][  0]LogPakFile: OnPakFileMounted2Time == 0.000019
[2022.06.02-10.34.24:735][  0]LogPakFile: PakFile PrimaryIndexSize=185
[2022.06.02-10.34.24:735][  0]LogPakFile: PakFile PathHashIndexSize=101
[2022.06.02-10.34.24:735][  0]LogPakFile: PakFile FullDirectoryIndexSize=144
[2022.06.02-10.34.24:735][  0]LogShaderLibrary: Display: ShaderCodeLibraryPakFileMountedCallback: PakFile 'C:/UE_4.27/FeaturePacks/TP_VehicleBP.upack' (chunk index -1, root 'root:/') mounted
[2022.06.02-10.34.24:735][  0]LogShaderLibrary: Display: ShaderCodeLibraryPakFileMountedCallback: pending pak file info (ChunkID:-1 Root:root:/ File:C:/UE_4.27/FeaturePacks/TP_VehicleBP.upack)
[2022.06.02-10.34.24:735][  0]LogPakFile: OnPakFileMounted2Time == 0.000019
[2022.06.02-10.34.24:735][  0]LogPakFile: PakFile PrimaryIndexSize=192
[2022.06.02-10.34.24:735][  0]LogPakFile: PakFile PathHashIndexSize=101
[2022.06.02-10.34.24:735][  0]LogPakFile: PakFile FullDirectoryIndexSize=158
[2022.06.02-10.34.24:735][  0]LogShaderLibrary: Display: ShaderCodeLibraryPakFileMountedCallback: PakFile 'C:/UE_4.27/FeaturePacks/TP_VirtualRealityBP.upack' (chunk index -1, root 'root:/') mounted
[2022.06.02-10.34.24:735][  0]LogShaderLibrary: Display: ShaderCodeLibraryPakFileMountedCallback: pending pak file info (ChunkID:-1 Root:root:/ File:C:/UE_4.27/FeaturePacks/TP_VirtualRealityBP.upack)
[2022.06.02-10.34.24:735][  0]LogPakFile: OnPakFileMounted2Time == 0.000020
[2022.06.02-10.34.24:759][  0]LogNativeClassHierarchy: Verbose: Native class hierarchy updated for 'AddContentDialog' in 0.0002 seconds. Added 0 classes and 0 folders.
[2022.06.02-10.34.24:760][  0]LogNativeClassHierarchy: Verbose: Native class hierarchy updated for 'SceneOutliner' in 0.0001 seconds. Added 2 classes and 0 folders.
[2022.06.02-10.34.24:800][  0]LogSlate: Took 0.000152 seconds to synchronously load lazily loaded font '../../../Engine/Content/Slate/Fonts/Roboto-Regular.ttf' (155K)
[2022.06.02-10.34.24:801][  0]LogSlate: Took 0.000093 seconds to synchronously load lazily loaded font '../../../Engine/Content/Editor/Slate/Fonts/FontAwesome.ttf' (139K)
[2022.06.02-10.34.24:802][  0]LogSlate: Took 0.000081 seconds to synchronously load lazily loaded font '../../../Engine/Content/Slate/Fonts/Roboto-Bold.ttf' (160K)
[2022.06.02-10.34.24:860][  0]LogRenderer: Reallocating scene render targets to support 1636x572 Format 10 NumSamples 1 (Frame:1).
[2022.06.02-10.34.24:973][  0]LogNativeClassHierarchy: Verbose: Native class hierarchy updated for 'HierarchicalLODOutliner' in 0.0002 seconds. Added 0 classes and 0 folders.
[2022.06.02-10.34.24:974][  0]LogLoad: (Engine Initialization) Total time: 5.15 seconds
[2022.06.02-10.34.24:974][  0]LogLoad: (Engine Initialization) Total Blueprint compile time: 0.00 seconds
[2022.06.02-10.34.25:012][  0]LogAssetRegistry: Asset discovery search completed in 3.1333 seconds
[2022.06.02-10.34.25:016][  0]LogCollectionManager: Fixed up redirectors for 0 collections in 0.000003 seconds (updated 0 objects)
[2022.06.02-10.34.25:017][  0]LogContentStreaming: Texture pool size now 1000 MB
[2022.06.02-10.34.25:085][  0]LogSlate: Took 0.000122 seconds to synchronously load lazily loaded font '../../../Engine/Content/Slate/Fonts/DroidSansMono.ttf' (77K)
[2022.06.02-10.34.25:091][  1]LogFileCache: Retrieving MD5 hashes for directory 'D:/FBreton/Skip_CRJV2122_PS4/Alpha/Content/' took 0.10s
[2022.06.02-10.34.25:119][  2]LogSlate: Took 0.000248 seconds to synchronously load lazily loaded font '../../../Engine/Content/Slate/Fonts/Roboto-Light.ttf' (167K)
[2022.06.02-10.34.25:129][  3]LogBlueprintUserMessages: [Anim_Kate_C_0] 0.0
[2022.06.02-10.34.25:129][  3]LogBlueprintUserMessages: [Anim_Kate_C_0] 0.0
[2022.06.02-10.34.25:991][ 92]LogSlate: Took 0.000183 seconds to synchronously load lazily loaded font '../../../Engine/Content/Slate/Fonts/Roboto-Light.ttf' (167K)
