Log file open, 06/07/22 08:27:13
LogWindows: Failed to load 'aqProf.dll' (GetLastError=126)
LogWindows: File 'aqProf.dll' does not exist
LogWindows: Failed to load 'VtuneApi.dll' (GetLastError=126)
LogWindows: File 'VtuneApi.dll' does not exist
LogWindows: Failed to load 'VtuneApi32e.dll' (GetLastError=126)
LogWindows: File 'VtuneApi32e.dll' does not exist
LogConsoleResponse: Display: Failed to find resolution value strings in scalability ini. Falling back to default.
LogConsoleResponse: Display: Failed to find resolution value strings in scalability ini. Falling back to default.
LogInit: Display: Running engine for game: UIUX
LogPlatformFile: Not using cached read wrapper
LogTaskGraph: Started task graph with 5 named threads and 23 total threads with 3 sets of task threads.
LogStats: Stats thread started at 0.301265
LogICUInternationalization: ICU TimeZone Detection - Raw Offset: +1:00, Platform Override: ''
LogInit: Display: Loading text-based GConfig....
LogPluginManager: Mounting plugin MeshPainting
LogPluginManager: Mounting plugin XGEController
LogPluginManager: Mounting plugin Paper2D
LogPluginManager: Mounting plugin LightPropagationVolume
LogPluginManager: Mounting plugin GameplayCameras
LogPluginManager: Mounting plugin CameraShakePreviewer
LogPluginManager: Mounting plugin OodleData
LogPluginManager: Mounting plugin OodleNetwork
LogPluginManager: Mounting plugin AssetManagerEditor
LogPluginManager: Mounting plugin CurveEditorTools
LogPluginManager: Mounting plugin DataValidation
LogPluginManager: Mounting plugin CryptoKeys
LogPluginManager: Mounting plugin FacialAnimation
LogPluginManager: Mounting plugin GeometryMode
LogPluginManager: Mounting plugin GameplayTagsEditor
LogPluginManager: Mounting plugin MaterialAnalyzer
LogPluginManager: Mounting plugin MobileLauncherProfileWizard
LogPluginManager: Mounting plugin DatasmithContent
LogPluginManager: Mounting plugin MacGraphicsSwitching
LogPluginManager: Mounting plugin PluginBrowser
LogPluginManager: Mounting plugin SpeedTreeImporter
LogPluginManager: Mounting plugin AnimationSharing
LogPluginManager: Mounting plugin VariantManagerContent
LogPluginManager: Mounting plugin CLionSourceCodeAccess
LogPluginManager: Mounting plugin CodeLiteSourceCodeAccess
LogPluginManager: Mounting plugin GitSourceControl
LogPluginManager: Mounting plugin KDevelopSourceCodeAccess
LogPluginManager: Mounting plugin PlasticSourceControl
LogPluginManager: Mounting plugin PixWinPlugin
LogPluginManager: Mounting plugin PerforceSourceControl
LogPluginManager: Mounting plugin NullSourceCodeAccess
LogPluginManager: Mounting plugin PluginUtils
LogPluginManager: Mounting plugin PropertyAccessNode
LogPluginManager: Mounting plugin RiderSourceCodeAccess
LogPluginManager: Mounting plugin SubversionSourceControl
LogPluginManager: Mounting plugin TextureFormatOodle
LogPluginManager: Mounting plugin UObjectPlugin
LogPluginManager: Mounting plugin VisualStudioCodeSourceCodeAccess
LogPluginManager: Mounting plugin VisualStudioSourceCodeAccess
LogPluginManager: Mounting plugin LiveLink
LogPluginManager: Mounting plugin AlembicImporter
LogPluginManager: Mounting plugin AutomationUtils
LogPluginManager: Mounting plugin BackChannel
LogPluginManager: Mounting plugin ChaosCloth
LogPluginManager: Mounting plugin ChaosClothEditor
LogPluginManager: Mounting plugin ChaosEditor
LogPluginManager: Mounting plugin ChaosNiagara
LogPluginManager: Mounting plugin ChaosSolverPlugin
LogPluginManager: Mounting plugin CharacterAI
LogPluginManager: Mounting plugin XCodeSourceCodeAccess
LogPluginManager: Mounting plugin Niagara
LogPluginManager: Mounting plugin GeometryCache
LogPluginManager: Mounting plugin GeometryCollectionPlugin
LogPluginManager: Mounting plugin GeometryProcessing
LogPluginManager: Mounting plugin AISupport
LogPluginManager: Mounting plugin LuminPlatformFeatures
LogPluginManager: Mounting plugin MagicLeap
LogPluginManager: Mounting plugin MotoSynth
LogPluginManager: Mounting plugin OpenImageDenoise
LogPluginManager: Mounting plugin EnvironmentQueryEditor
LogPluginManager: Mounting plugin PlatformCrypto
LogPluginManager: Mounting plugin PlanarCut
LogPluginManager: Mounting plugin ProxyLODPlugin
LogPluginManager: Mounting plugin PythonScriptPlugin
LogPluginManager: Mounting plugin MagicLeapLightEstimation
LogPluginManager: Mounting plugin MagicLeapMedia
LogPluginManager: Mounting plugin MagicLeapPassableWorld
LogPluginManager: Mounting plugin MLSDK
LogPluginManager: Mounting plugin AndroidMedia
LogPluginManager: Mounting plugin AvfMedia
LogPluginManager: Mounting plugin ImgMedia
LogPluginManager: Mounting plugin MediaCompositing
LogPluginManager: Mounting plugin MediaPlayerEditor
LogPluginManager: Mounting plugin WebMMedia
LogPluginManager: Mounting plugin WmfMedia
LogPluginManager: Mounting plugin TcpMessaging
LogPluginManager: Mounting plugin UdpMessaging
LogPluginManager: Mounting plugin ActorSequence
LogPluginManager: Mounting plugin LevelSequenceEditor
LogPluginManager: Mounting plugin MatineeToLevelSequence
LogPluginManager: Mounting plugin TemplateSequence
LogPluginManager: Mounting plugin OnlineSubsystem
LogPluginManager: Mounting plugin OnlineSubsystemNull
LogPluginManager: Mounting plugin OnlineSubsystemUtils
LogPluginManager: Mounting plugin LauncherChunkInstaller
LogPluginManager: Mounting plugin ActorLayerUtilities
LogPluginManager: Mounting plugin AndroidDeviceProfileSelector
LogPluginManager: Mounting plugin AndroidMoviePlayer
LogPluginManager: Mounting plugin AndroidPermission
LogPluginManager: Mounting plugin AppleImageUtils
LogPluginManager: Mounting plugin AppleMoviePlayer
LogPluginManager: Mounting plugin AssetTags
LogPluginManager: Mounting plugin AudioCapture
LogPluginManager: Mounting plugin AudioSynesthesia
LogPluginManager: Mounting plugin CableComponent
LogPluginManager: Mounting plugin SkeletalReduction
LogPluginManager: Mounting plugin ChunkDownloader
LogPluginManager: Mounting plugin CustomMeshComponent
LogPluginManager: Mounting plugin ExampleDeviceProfileSelector
LogPluginManager: Mounting plugin GoogleCloudMessaging
LogPluginManager: Mounting plugin GooglePAD
LogPluginManager: Mounting plugin ArchVisCharacter
LogPluginManager: Mounting plugin IOSDeviceProfileSelector
LogPluginManager: Mounting plugin LinuxDeviceProfileSelector
LogPluginManager: Mounting plugin LocationServicesBPLibrary
LogPluginManager: Mounting plugin EditableMesh
LogPluginManager: Mounting plugin MobilePatchingUtils
LogPluginManager: Mounting plugin OpenXR
LogPluginManager: Mounting plugin OpenXREyeTracker
LogPluginManager: Mounting plugin ScreenshotTools
LogPluginManager: Mounting plugin OpenXRHandTracking
LogPluginManager: Mounting plugin PhysXVehicles
LogPluginManager: Mounting plugin ProceduralMeshComponent
LogPluginManager: Mounting plugin PropertyAccessEditor
LogPluginManager: Mounting plugin RuntimePhysXCooking
LogPluginManager: Mounting plugin PostSplashScreen
LogPluginManager: Mounting plugin SignificanceManager
LogPluginManager: Mounting plugin SoundFields
LogPluginManager: Mounting plugin Synthesis
LogPluginManager: Mounting plugin WebMMoviePlayer
LogPluginManager: Mounting plugin Takes
LogPluginManager: Mounting plugin WindowsMoviePlayer
LogPluginManager: Mounting plugin ContentBrowserAssetDataSource
LogPluginManager: Mounting plugin ContentBrowserFileDataSource
LogPluginManager: Mounting plugin ContentBrowserClassDataSource
LogPluginManager: Mounting plugin OnlineSubsystemGooglePlay
LogPluginManager: Mounting plugin OnlineSubsystemIOS
LogPluginManager: Mounting plugin OculusVR
LogPluginManager: Mounting plugin SteamVR
PixWinPlugin: PIX capture plugin failed to initialize! Check that the process is launched from PIX.
LogInit: Using libcurl 7.55.1-DEV
LogInit:  - built for x86_64-pc-win32
LogInit:  - supports SSL with OpenSSL/1.1.1
LogInit:  - supports HTTP deflate (compression) using libz 1.2.8
LogInit:  - other features:
LogInit:      CURL_VERSION_SSL
LogInit:      CURL_VERSION_LIBZ
LogInit:      CURL_VERSION_IPV6
LogInit:      CURL_VERSION_ASYNCHDNS
LogInit:      CURL_VERSION_LARGEFILE
LogInit:      CURL_VERSION_IDN
LogInit:  CurlRequestOptions (configurable via config and command line):
LogInit:  - bVerifyPeer = true  - Libcurl will verify peer certificate
LogInit:  - bUseHttpProxy = false  - Libcurl will NOT use HTTP proxy
LogInit:  - bDontReuseConnections = false  - Libcurl will reuse connections
LogInit:  - MaxHostConnections = 16  - Libcurl will limit the number of connections to a host
LogInit:  - LocalHostAddr = Default
LogInit:  - BufferSize = 65536
LogOnline: OSS: Creating online subsystem instance for: NULL
LogInit: WinSock: version 1.1 (2.2), MaxSocks=32767, MaxUdp=65467
LogOnline: OSS: TryLoadSubsystemAndSetDefault: Loaded subsystem for module [NULL]
LogOculusPluginWrapper: OculusPlugin initialized successfully
LogHMD: Failed initializing OVRPlugin 1.59.0
LogInit: Build: ++UE4+Release-4.27-CL-18319896
LogInit: Engine Version: 4.27.2-18319896+++UE4+Release-4.27
LogInit: Compatible Engine Version: 4.27.0-17155196+++UE4+Release-4.27
LogInit: Net CL: 17155196
LogInit: OS: Windows 10 (Release 2009) (), CPU: Intel(R) Core(TM) i5-10300H CPU @ 2.50GHz, GPU: Intel(R) UHD Graphics
LogInit: Compiled (64-bit): Nov 30 2021 07:12:08
LogInit: Compiled with Visual C++: 19.24.28315.00
LogInit: Build Configuration: Development
LogInit: Branch Name: ++UE4+Release-4.27
LogInit: Command Line:  /Game/FirstPersonBP/Maps/FirstPersonExampleMap -game -PIEVIACONSOLE -Multiprocess "GameUserSettingsINI=C:/Users/laura/Documents/Unreal Projects/UIUX/Saved/Config/Windows/PIEGameUserSettings0.ini" -MultiprocessSaveConfig -forcepassthrough -messaging -SessionName="Play in Standalone Game" -windowed -WinX=320 -WinY=185 SAVEWINPOS=1 -ResX=1284 -ResY=736
LogInit: Base Directory: C:/UE_4.27/Engine/Binaries/Win64/
LogInit: Allocator: TBB
LogInit: Installed Engine Build: 1
LogDevObjectVersion: Number of dev versions registered: 29
LogDevObjectVersion:   Dev-Blueprints (B0D832E4-1F89-4F0D-ACCF-7EB736FD4AA2): 10
LogDevObjectVersion:   Dev-Build (E1C64328-A22C-4D53-A36C-8E866417BD8C): 0
LogDevObjectVersion:   Dev-Core (375EC13C-06E4-48FB-B500-84F0262A717E): 4
LogDevObjectVersion:   Dev-Editor (E4B068ED-F494-42E9-A231-DA0B2E46BB41): 40
LogDevObjectVersion:   Dev-Framework (CFFC743F-43B0-4480-9391-14DF171D2073): 37
LogDevObjectVersion:   Dev-Mobile (B02B49B5-BB20-44E9-A304-32B752E40360): 3
LogDevObjectVersion:   Dev-Networking (A4E4105C-59A1-49B5-A7C5-40C4547EDFEE): 0
LogDevObjectVersion:   Dev-Online (39C831C9-5AE6-47DC-9A44-9C173E1C8E7C): 0
LogDevObjectVersion:   Dev-Physics (78F01B33-EBEA-4F98-B9B4-84EACCB95AA2): 14
LogDevObjectVersion:   Dev-Platform (6631380F-2D4D-43E0-8009-CF276956A95A): 0
LogDevObjectVersion:   Dev-Rendering (12F88B9F-8875-4AFC-A67C-D90C383ABD29): 45
LogDevObjectVersion:   Dev-Sequencer (7B5AE74C-D270-4C10-A958-57980B212A5A): 13
LogDevObjectVersion:   Dev-VR (D7296918-1DD6-4BDD-9DE2-64A83CC13884): 3
LogDevObjectVersion:   Dev-LoadTimes (C2A15278-BFE7-4AFE-6C17-90FF531DF755): 1
LogDevObjectVersion:   Private-Geometry (6EACA3D4-40EC-4CC1-B786-8BED09428FC5): 3
LogDevObjectVersion:   Dev-AnimPhys (29E575DD-E0A3-4627-9D10-D276232CDCEA): 17
LogDevObjectVersion:   Dev-Anim (AF43A65D-7FD3-4947-9873-3E8ED9C1BB05): 15
LogDevObjectVersion:   Dev-ReflectionCapture (6B266CEC-1EC7-4B8F-A30B-E4D90942FC07): 1
LogDevObjectVersion:   Dev-Automation (0DF73D61-A23F-47EA-B727-89E90C41499A): 1
LogDevObjectVersion:   FortniteMain (601D1886-AC64-4F84-AA16-D3DE0DEAC7D6): 47
LogDevObjectVersion:   FortniteRelease (E7086368-6B23-4C58-8439-1B7016265E91): 1
LogDevObjectVersion:   Dev-Enterprise (9DFFBCD6-494F-0158-E221-12823C92A888): 10
LogDevObjectVersion:   Dev-Niagara (F2AED0AC-9AFE-416F-8664-AA7FFA26D6FC): 1
LogDevObjectVersion:   Dev-Destruction (174F1F0B-B4C6-45A5-B13F-2EE8D0FB917D): 10
LogDevObjectVersion:   Dev-Physics-Ext (35F94A83-E258-406C-A318-09F59610247C): 41
LogDevObjectVersion:   Dev-PhysicsMaterial-Chaos (B68FC16E-8B1B-42E2-B453-215C058844FE): 1
LogDevObjectVersion:   Dev-CineCamera (B2E18506-4273-CFC2-A54E-F4BB758BBA07): 1
LogDevObjectVersion:   Dev-VirtualProduction (64F58936-FD1B-42BA-BA96-7289D5D0FA4E): 1
LogDevObjectVersion:   Dev-MediaFramework (6F0ED827-A609-4895-9C91-998D90180EA4): 2
LogInit: Presizing for max 25165824 objects, including 0 objects not considered by GC, pre-allocating 0 bytes for permanent pool.
LogConfig: Applying CVar settings from Section [/Script/Engine.StreamingSettings] File [C:/Users/laura/Documents/Unreal Projects/UIUX/Saved/Config/Windows/Engine.ini]
LogConfig: Setting CVar [[s.MinBulkDataSizeForAsyncLoading:131072]]
LogConfig: Setting CVar [[s.AsyncLoadingThreadEnabled:0]]
LogConfig: Setting CVar [[s.EventDrivenLoaderEnabled:1]]
LogConfig: Setting CVar [[s.WarnIfTimeLimitExceeded:0]]
LogConfig: Setting CVar [[s.TimeLimitExceededMultiplier:1.5]]
LogConfig: Setting CVar [[s.TimeLimitExceededMinTime:0.005]]
LogConfig: Setting CVar [[s.UseBackgroundLevelStreaming:1]]
LogConfig: Setting CVar [[s.PriorityAsyncLoadingExtraTime:15.0]]
LogConfig: Setting CVar [[s.LevelStreamingActorsUpdateTimeLimit:5.0]]
LogConfig: Setting CVar [[s.PriorityLevelStreamingActorsUpdateExtraTime:5.0]]
LogConfig: Setting CVar [[s.LevelStreamingComponentsRegistrationGranularity:10]]
LogConfig: Setting CVar [[s.UnregisterComponentsTimeLimit:1.0]]
LogConfig: Setting CVar [[s.LevelStreamingComponentsUnregistrationGranularity:5]]
LogConfig: Setting CVar [[s.FlushStreamingOnExit:1]]
LogInit: Object subsystem initialized
LogConfig: Setting CVar [[con.DebugEarlyDefault:1]]
LogConfig: Setting CVar [[r.setres:1280x720]]
[2022.06.07-06.27.14:287][  0]LogConfig: Setting CVar [[con.DebugEarlyDefault:1]]
[2022.06.07-06.27.14:287][  0]LogConfig: Setting CVar [[r.setres:1280x720]]
[2022.06.07-06.27.14:287][  0]LogConfig: Applying CVar settings from Section [/Script/Engine.RendererSettings] File [C:/Users/laura/Documents/Unreal Projects/UIUX/Saved/Config/Windows/Engine.ini]
[2022.06.07-06.27.14:287][  0]LogConfig: Setting CVar [[r.GPUCrashDebugging:0]]
[2022.06.07-06.27.14:287][  0]LogConfig: Applying CVar settings from Section [/Script/Engine.RendererOverrideSettings] File [C:/Users/laura/Documents/Unreal Projects/UIUX/Saved/Config/Windows/Engine.ini]
[2022.06.07-06.27.14:287][  0]LogConfig: Applying CVar settings from Section [/Script/Engine.StreamingSettings] File [C:/Users/laura/Documents/Unreal Projects/UIUX/Saved/Config/Windows/Engine.ini]
[2022.06.07-06.27.14:287][  0]LogConfig: Setting CVar [[s.MinBulkDataSizeForAsyncLoading:131072]]
[2022.06.07-06.27.14:287][  0]LogConfig: Setting CVar [[s.AsyncLoadingThreadEnabled:0]]
[2022.06.07-06.27.14:287][  0]LogConfig: Setting CVar [[s.EventDrivenLoaderEnabled:1]]
[2022.06.07-06.27.14:287][  0]LogConfig: Setting CVar [[s.WarnIfTimeLimitExceeded:0]]
[2022.06.07-06.27.14:288][  0]LogConfig: Setting CVar [[s.TimeLimitExceededMultiplier:1.5]]
[2022.06.07-06.27.14:288][  0]LogConfig: Setting CVar [[s.TimeLimitExceededMinTime:0.005]]
[2022.06.07-06.27.14:288][  0]LogConfig: Setting CVar [[s.UseBackgroundLevelStreaming:1]]
[2022.06.07-06.27.14:288][  0]LogConfig: Setting CVar [[s.PriorityAsyncLoadingExtraTime:15.0]]
[2022.06.07-06.27.14:288][  0]LogConfig: Setting CVar [[s.LevelStreamingActorsUpdateTimeLimit:5.0]]
[2022.06.07-06.27.14:288][  0]LogConfig: Setting CVar [[s.PriorityLevelStreamingActorsUpdateExtraTime:5.0]]
[2022.06.07-06.27.14:288][  0]LogConfig: Setting CVar [[s.LevelStreamingComponentsRegistrationGranularity:10]]
[2022.06.07-06.27.14:288][  0]LogConfig: Setting CVar [[s.UnregisterComponentsTimeLimit:1.0]]
[2022.06.07-06.27.14:288][  0]LogConfig: Setting CVar [[s.LevelStreamingComponentsUnregistrationGranularity:5]]
[2022.06.07-06.27.14:288][  0]LogConfig: Setting CVar [[s.FlushStreamingOnExit:1]]
[2022.06.07-06.27.14:288][  0]LogConfig: Applying CVar settings from Section [/Script/Engine.GarbageCollectionSettings] File [C:/Users/laura/Documents/Unreal Projects/UIUX/Saved/Config/Windows/Engine.ini]
[2022.06.07-06.27.14:288][  0]LogConfig: Setting CVar [[gc.MaxObjectsNotConsideredByGC:1]]
[2022.06.07-06.27.14:288][  0]LogConfig: Setting CVar [[gc.SizeOfPermanentObjectPool:0]]
[2022.06.07-06.27.14:288][  0]LogConfig: Setting CVar [[gc.FlushStreamingOnGC:0]]
[2022.06.07-06.27.14:288][  0]LogConfig: Setting CVar [[gc.NumRetriesBeforeForcingGC:10]]
[2022.06.07-06.27.14:288][  0]LogConfig: Setting CVar [[gc.AllowParallelGC:1]]
[2022.06.07-06.27.14:288][  0]LogConfig: Setting CVar [[gc.TimeBetweenPurgingPendingKillObjects:61.1]]
[2022.06.07-06.27.14:288][  0]LogConfig: Setting CVar [[gc.MaxObjectsInEditor:25165824]]
[2022.06.07-06.27.14:288][  0]LogConfig: Setting CVar [[gc.IncrementalBeginDestroyEnabled:1]]
[2022.06.07-06.27.14:288][  0]LogConfig: Setting CVar [[gc.CreateGCClusters:1]]
[2022.06.07-06.27.14:288][  0]LogConfig: Setting CVar [[gc.MinGCClusterSize:5]]
[2022.06.07-06.27.14:288][  0]LogConfig: Setting CVar [[gc.ActorClusteringEnabled:0]]
[2022.06.07-06.27.14:288][  0]LogConfig: Setting CVar [[gc.BlueprintClusteringEnabled:0]]
[2022.06.07-06.27.14:288][  0]LogConfig: Setting CVar [[gc.UseDisregardForGCOnDedicatedServers:0]]
[2022.06.07-06.27.14:288][  0]LogConfig: Setting CVar [[gc.MultithreadedDestructionEnabled:1]]
[2022.06.07-06.27.14:288][  0]LogConfig: Applying CVar settings from Section [/Script/Engine.NetworkSettings] File [C:/Users/laura/Documents/Unreal Projects/UIUX/Saved/Config/Windows/Engine.ini]
[2022.06.07-06.27.14:288][  0]LogConfig: Applying CVar settings from Section [/Script/UnrealEd.CookerSettings] File [C:/Users/laura/Documents/Unreal Projects/UIUX/Saved/Config/Windows/Engine.ini]
[2022.06.07-06.27.14:298][  0]LogConfig: Applying CVar settings from Section [ViewDistanceQuality@3] File [C:/Users/laura/Documents/Unreal Projects/UIUX/Saved/Config/Windows/Scalability.ini]
[2022.06.07-06.27.14:298][  0]LogConfig: Setting CVar [[r.SkeletalMeshLODBias:0]]
[2022.06.07-06.27.14:299][  0]LogConfig: Setting CVar [[r.ViewDistanceScale:1.0]]
[2022.06.07-06.27.14:299][  0]LogConfig: Applying CVar settings from Section [AntiAliasingQuality@3] File [C:/Users/laura/Documents/Unreal Projects/UIUX/Saved/Config/Windows/Scalability.ini]
[2022.06.07-06.27.14:299][  0]LogConfig: Setting CVar [[r.PostProcessAAQuality:4]]
[2022.06.07-06.27.14:299][  0]LogConfig: Applying CVar settings from Section [ShadowQuality@3] File [C:/Users/laura/Documents/Unreal Projects/UIUX/Saved/Config/Windows/Scalability.ini]
[2022.06.07-06.27.14:299][  0]LogConfig: Setting CVar [[r.LightFunctionQuality:1]]
[2022.06.07-06.27.14:299][  0]LogConfig: Setting CVar [[r.ShadowQuality:5]]
[2022.06.07-06.27.14:299][  0]LogConfig: Setting CVar [[r.Shadow.CSM.MaxCascades:10]]
[2022.06.07-06.27.14:299][  0]LogConfig: Setting CVar [[r.Shadow.MaxResolution:2048]]
[2022.06.07-06.27.14:299][  0]LogConfig: Setting CVar [[r.Shadow.MaxCSMResolution:2048]]
[2022.06.07-06.27.14:299][  0]LogConfig: Setting CVar [[r.Shadow.RadiusThreshold:0.01]]
[2022.06.07-06.27.14:299][  0]LogConfig: Setting CVar [[r.Shadow.DistanceScale:1.0]]
[2022.06.07-06.27.14:299][  0]LogConfig: Setting CVar [[r.Shadow.CSM.TransitionScale:1.0]]
[2022.06.07-06.27.14:299][  0]LogConfig: Setting CVar [[r.Shadow.PreShadowResolutionFactor:1.0]]
[2022.06.07-06.27.14:299][  0]LogConfig: Setting CVar [[r.DistanceFieldShadowing:1]]
[2022.06.07-06.27.14:299][  0]LogConfig: Setting CVar [[r.DistanceFieldAO:1]]
[2022.06.07-06.27.14:299][  0]LogConfig: Setting CVar [[r.AOQuality:2]]
[2022.06.07-06.27.14:299][  0]LogConfig: Setting CVar [[r.VolumetricFog:1]]
[2022.06.07-06.27.14:299][  0]LogConfig: Setting CVar [[r.VolumetricFog.GridPixelSize:8]]
[2022.06.07-06.27.14:299][  0]LogConfig: Setting CVar [[r.VolumetricFog.GridSizeZ:128]]
[2022.06.07-06.27.14:299][  0]LogConfig: Setting CVar [[r.VolumetricFog.HistoryMissSupersampleCount:4]]
[2022.06.07-06.27.14:299][  0]LogConfig: Setting CVar [[r.LightMaxDrawDistanceScale:1]]
[2022.06.07-06.27.14:299][  0]LogConfig: Setting CVar [[r.CapsuleShadows:1]]
[2022.06.07-06.27.14:299][  0]LogConfig: Applying CVar settings from Section [PostProcessQuality@3] File [C:/Users/laura/Documents/Unreal Projects/UIUX/Saved/Config/Windows/Scalability.ini]
[2022.06.07-06.27.14:299][  0]LogConfig: Setting CVar [[r.MotionBlurQuality:4]]
[2022.06.07-06.27.14:299][  0]LogConfig: Setting CVar [[r.AmbientOcclusionMipLevelFactor:0.4]]
[2022.06.07-06.27.14:299][  0]LogConfig: Setting CVar [[r.AmbientOcclusionMaxQuality:100]]
[2022.06.07-06.27.14:299][  0]LogConfig: Setting CVar [[r.AmbientOcclusionLevels:-1]]
[2022.06.07-06.27.14:299][  0]LogConfig: Setting CVar [[r.AmbientOcclusionRadiusScale:1.0]]
[2022.06.07-06.27.14:299][  0]LogConfig: Setting CVar [[r.DepthOfFieldQuality:2]]
[2022.06.07-06.27.14:299][  0]LogConfig: Setting CVar [[r.RenderTargetPoolMin:400]]
[2022.06.07-06.27.14:299][  0]LogConfig: Setting CVar [[r.LensFlareQuality:2]]
[2022.06.07-06.27.14:299][  0]LogConfig: Setting CVar [[r.SceneColorFringeQuality:1]]
[2022.06.07-06.27.14:299][  0]LogConfig: Setting CVar [[r.EyeAdaptationQuality:2]]
[2022.06.07-06.27.14:299][  0]LogConfig: Setting CVar [[r.BloomQuality:5]]
[2022.06.07-06.27.14:299][  0]LogConfig: Setting CVar [[r.FastBlurThreshold:100]]
[2022.06.07-06.27.14:299][  0]LogConfig: Setting CVar [[r.Upscale.Quality:3]]
[2022.06.07-06.27.14:299][  0]LogConfig: Setting CVar [[r.Tonemapper.GrainQuantization:1]]
[2022.06.07-06.27.14:299][  0]LogConfig: Setting CVar [[r.LightShaftQuality:1]]
[2022.06.07-06.27.14:299][  0]LogConfig: Setting CVar [[r.Filter.SizeScale:1]]
[2022.06.07-06.27.14:299][  0]LogConfig: Setting CVar [[r.Tonemapper.Quality:5]]
[2022.06.07-06.27.14:299][  0]LogConfig: Setting CVar [[r.DOF.Gather.AccumulatorQuality:1        ; higher gathering accumulator quality]]
[2022.06.07-06.27.14:299][  0]LogConfig: Setting CVar [[r.DOF.Gather.PostfilterMethod:1          ; Median3x3 postfilering method]]
[2022.06.07-06.27.14:299][  0]LogConfig: Setting CVar [[r.DOF.Gather.EnableBokehSettings:0       ; no bokeh simulation when gathering]]
[2022.06.07-06.27.14:299][  0]LogConfig: Setting CVar [[r.DOF.Gather.RingCount:4                 ; medium number of samples when gathering]]
[2022.06.07-06.27.14:299][  0]LogConfig: Setting CVar [[r.DOF.Scatter.ForegroundCompositing:1    ; additive foreground scattering]]
[2022.06.07-06.27.14:299][  0]LogConfig: Setting CVar [[r.DOF.Scatter.BackgroundCompositing:2    ; additive background scattering]]
[2022.06.07-06.27.14:299][  0]LogConfig: Setting CVar [[r.DOF.Scatter.EnableBokehSettings:1      ; bokeh simulation when scattering]]
[2022.06.07-06.27.14:299][  0]LogConfig: Setting CVar [[r.DOF.Scatter.MaxSpriteRatio:0.1         ; only a maximum of 10% of scattered bokeh]]
[2022.06.07-06.27.14:299][  0]LogConfig: Setting CVar [[r.DOF.Recombine.Quality:1                ; cheap slight out of focus]]
[2022.06.07-06.27.14:299][  0]LogConfig: Setting CVar [[r.DOF.Recombine.EnableBokehSettings:0    ; no bokeh simulation on slight out of focus]]
[2022.06.07-06.27.14:299][  0]LogConfig: Setting CVar [[r.DOF.TemporalAAQuality:1                ; more stable temporal accumulation]]
[2022.06.07-06.27.14:299][  0]LogConfig: Setting CVar [[r.DOF.Kernel.MaxForegroundRadius:0.025]]
[2022.06.07-06.27.14:299][  0]LogConfig: Setting CVar [[r.DOF.Kernel.MaxBackgroundRadius:0.025]]
[2022.06.07-06.27.14:299][  0]LogConfig: Applying CVar settings from Section [TextureQuality@3] File [C:/Users/laura/Documents/Unreal Projects/UIUX/Saved/Config/Windows/Scalability.ini]
[2022.06.07-06.27.14:299][  0]LogConfig: Setting CVar [[r.Streaming.MipBias:0]]
[2022.06.07-06.27.14:299][  0]LogConfig: Setting CVar [[r.Streaming.AmortizeCPUToGPUCopy:0]]
[2022.06.07-06.27.14:299][  0]LogConfig: Setting CVar [[r.Streaming.MaxNumTexturesToStreamPerFrame:0]]
[2022.06.07-06.27.14:299][  0]LogConfig: Setting CVar [[r.Streaming.Boost:1]]
[2022.06.07-06.27.14:299][  0]LogConfig: Setting CVar [[r.MaxAnisotropy:8]]
[2022.06.07-06.27.14:299][  0]LogConfig: Setting CVar [[r.VT.MaxAnisotropy:8]]
[2022.06.07-06.27.14:299][  0]LogConfig: Setting CVar [[r.Streaming.LimitPoolSizeToVRAM:0]]
[2022.06.07-06.27.14:299][  0]LogConfig: Setting CVar [[r.Streaming.PoolSize:1000]]
[2022.06.07-06.27.14:299][  0]LogConfig: Setting CVar [[r.Streaming.MaxEffectiveScreenSize:0]]
[2022.06.07-06.27.14:299][  0]LogConfig: Applying CVar settings from Section [EffectsQuality@3] File [C:/Users/laura/Documents/Unreal Projects/UIUX/Saved/Config/Windows/Scalability.ini]
[2022.06.07-06.27.14:299][  0]LogConfig: Setting CVar [[r.TranslucencyLightingVolumeDim:64]]
[2022.06.07-06.27.14:299][  0]LogConfig: Setting CVar [[r.RefractionQuality:2]]
[2022.06.07-06.27.14:300][  0]LogConfig: Setting CVar [[r.SSR.Quality:3]]
[2022.06.07-06.27.14:300][  0]LogConfig: Setting CVar [[r.SSR.HalfResSceneColor:0]]
[2022.06.07-06.27.14:300][  0]LogConfig: Setting CVar [[r.SceneColorFormat:4]]
[2022.06.07-06.27.14:300][  0]LogConfig: Setting CVar [[r.DetailMode:2]]
[2022.06.07-06.27.14:300][  0]LogConfig: Setting CVar [[r.TranslucencyVolumeBlur:1]]
[2022.06.07-06.27.14:300][  0]LogConfig: Setting CVar [[r.MaterialQualityLevel:1 ; High quality]]
[2022.06.07-06.27.14:300][  0]LogConfig: Setting CVar [[r.AnisotropicMaterials:1]]
[2022.06.07-06.27.14:300][  0]LogConfig: Setting CVar [[r.SSS.Scale:1]]
[2022.06.07-06.27.14:300][  0]LogConfig: Setting CVar [[r.SSS.SampleSet:2]]
[2022.06.07-06.27.14:300][  0]LogConfig: Setting CVar [[r.SSS.Quality:1]]
[2022.06.07-06.27.14:300][  0]LogConfig: Setting CVar [[r.SSS.HalfRes:0]]
[2022.06.07-06.27.14:300][  0]LogConfig: Setting CVar [[r.SSGI.Quality:3]]
[2022.06.07-06.27.14:300][  0]LogConfig: Setting CVar [[r.EmitterSpawnRateScale:1.0]]
[2022.06.07-06.27.14:300][  0]LogConfig: Setting CVar [[r.ParticleLightQuality:2]]
[2022.06.07-06.27.14:300][  0]LogConfig: Setting CVar [[r.SkyAtmosphere.AerialPerspectiveLUT.FastApplyOnOpaque:1 ; Always have FastSkyLUT 1 in this case to avoid wrong sky]]
[2022.06.07-06.27.14:300][  0]LogConfig: Setting CVar [[r.SkyAtmosphere.AerialPerspectiveLUT.SampleCountMaxPerSlice:4]]
[2022.06.07-06.27.14:300][  0]LogConfig: Setting CVar [[r.SkyAtmosphere.AerialPerspectiveLUT.DepthResolution:16.0]]
[2022.06.07-06.27.14:300][  0]LogConfig: Setting CVar [[r.SkyAtmosphere.FastSkyLUT:1]]
[2022.06.07-06.27.14:300][  0]LogConfig: Setting CVar [[r.SkyAtmosphere.FastSkyLUT.SampleCountMin:4.0]]
[2022.06.07-06.27.14:300][  0]LogConfig: Setting CVar [[r.SkyAtmosphere.FastSkyLUT.SampleCountMax:128.0]]
[2022.06.07-06.27.14:300][  0]LogConfig: Setting CVar [[r.SkyAtmosphere.SampleCountMin:4.0]]
[2022.06.07-06.27.14:300][  0]LogConfig: Setting CVar [[r.SkyAtmosphere.SampleCountMax:128.0]]
[2022.06.07-06.27.14:300][  0]LogConfig: Setting CVar [[r.SkyAtmosphere.TransmittanceLUT.UseSmallFormat:0]]
[2022.06.07-06.27.14:300][  0]LogConfig: Setting CVar [[r.SkyAtmosphere.TransmittanceLUT.SampleCount:10.0]]
[2022.06.07-06.27.14:300][  0]LogConfig: Setting CVar [[r.SkyAtmosphere.MultiScatteringLUT.SampleCount:15.0]]
[2022.06.07-06.27.14:300][  0]LogConfig: Setting CVar [[r.SkyLight.RealTimeReflectionCapture:1]]
[2022.06.07-06.27.14:300][  0]LogConfig: Applying CVar settings from Section [FoliageQuality@3] File [C:/Users/laura/Documents/Unreal Projects/UIUX/Saved/Config/Windows/Scalability.ini]
[2022.06.07-06.27.14:300][  0]LogConfig: Setting CVar [[foliage.DensityScale:1.0]]
[2022.06.07-06.27.14:300][  0]LogConfig: Setting CVar [[grass.DensityScale:1.0]]
[2022.06.07-06.27.14:300][  0]LogConfig: Applying CVar settings from Section [ShadingQuality@3] File [C:/Users/laura/Documents/Unreal Projects/UIUX/Saved/Config/Windows/Scalability.ini]
[2022.06.07-06.27.14:300][  0]LogConfig: Setting CVar [[r.HairStrands.SkyLighting.IntegrationType:2]]
[2022.06.07-06.27.14:300][  0]LogConfig: Setting CVar [[r.HairStrands.SkyAO.SampleCount:4]]
[2022.06.07-06.27.14:300][  0]LogConfig: Setting CVar [[r.HairStrands.Visibility.MSAA.SamplePerPixel:4]]
[2022.06.07-06.27.14:300][  0]LogInit: Selected Device Profile: [Windows]
[2022.06.07-06.27.14:300][  0]LogInit: Applying CVar settings loaded from the selected device profile: [Windows]
[2022.06.07-06.27.14:300][  0]LogHAL: Display: Platform has ~ 16 GB [16971386880 / 17179869184 / 16], which maps to Larger [LargestMinGB=32, LargerMinGB=12, DefaultMinGB=8, SmallerMinGB=6, SmallestMinGB=0)
[2022.06.07-06.27.14:300][  0]LogInit: Going up to parent DeviceProfile []
[2022.06.07-06.27.14:300][  0]LogConfig: Applying CVar settings from Section [ViewDistanceQuality@3] File [C:/Users/laura/Documents/Unreal Projects/UIUX/Saved/Config/Windows/Scalability.ini]
[2022.06.07-06.27.14:300][  0]LogConfig: Setting CVar [[r.SkeletalMeshLODBias:0]]
[2022.06.07-06.27.14:300][  0]LogConfig: Setting CVar [[r.ViewDistanceScale:1.0]]
[2022.06.07-06.27.14:300][  0]LogConfig: Applying CVar settings from Section [AntiAliasingQuality@3] File [C:/Users/laura/Documents/Unreal Projects/UIUX/Saved/Config/Windows/Scalability.ini]
[2022.06.07-06.27.14:300][  0]LogConfig: Setting CVar [[r.PostProcessAAQuality:4]]
[2022.06.07-06.27.14:300][  0]LogConfig: Applying CVar settings from Section [ShadowQuality@3] File [C:/Users/laura/Documents/Unreal Projects/UIUX/Saved/Config/Windows/Scalability.ini]
[2022.06.07-06.27.14:300][  0]LogConfig: Setting CVar [[r.LightFunctionQuality:1]]
[2022.06.07-06.27.14:300][  0]LogConfig: Setting CVar [[r.ShadowQuality:5]]
[2022.06.07-06.27.14:300][  0]LogConfig: Setting CVar [[r.Shadow.CSM.MaxCascades:10]]
[2022.06.07-06.27.14:300][  0]LogConfig: Setting CVar [[r.Shadow.MaxResolution:2048]]
[2022.06.07-06.27.14:300][  0]LogConfig: Setting CVar [[r.Shadow.MaxCSMResolution:2048]]
[2022.06.07-06.27.14:301][  0]LogConfig: Setting CVar [[r.Shadow.RadiusThreshold:0.01]]
[2022.06.07-06.27.14:301][  0]LogConfig: Setting CVar [[r.Shadow.DistanceScale:1.0]]
[2022.06.07-06.27.14:301][  0]LogConfig: Setting CVar [[r.Shadow.CSM.TransitionScale:1.0]]
[2022.06.07-06.27.14:301][  0]LogConfig: Setting CVar [[r.Shadow.PreShadowResolutionFactor:1.0]]
[2022.06.07-06.27.14:301][  0]LogConfig: Setting CVar [[r.DistanceFieldShadowing:1]]
[2022.06.07-06.27.14:301][  0]LogConfig: Setting CVar [[r.DistanceFieldAO:1]]
[2022.06.07-06.27.14:301][  0]LogConfig: Setting CVar [[r.AOQuality:2]]
[2022.06.07-06.27.14:301][  0]LogConfig: Setting CVar [[r.VolumetricFog:1]]
[2022.06.07-06.27.14:301][  0]LogConfig: Setting CVar [[r.VolumetricFog.GridPixelSize:8]]
[2022.06.07-06.27.14:301][  0]LogConfig: Setting CVar [[r.VolumetricFog.GridSizeZ:128]]
[2022.06.07-06.27.14:301][  0]LogConfig: Setting CVar [[r.VolumetricFog.HistoryMissSupersampleCount:4]]
[2022.06.07-06.27.14:301][  0]LogConfig: Setting CVar [[r.LightMaxDrawDistanceScale:1]]
[2022.06.07-06.27.14:301][  0]LogConfig: Setting CVar [[r.CapsuleShadows:1]]
[2022.06.07-06.27.14:301][  0]LogConfig: Applying CVar settings from Section [PostProcessQuality@3] File [C:/Users/laura/Documents/Unreal Projects/UIUX/Saved/Config/Windows/Scalability.ini]
[2022.06.07-06.27.14:301][  0]LogConfig: Setting CVar [[r.MotionBlurQuality:4]]
[2022.06.07-06.27.14:301][  0]LogConfig: Setting CVar [[r.AmbientOcclusionMipLevelFactor:0.4]]
[2022.06.07-06.27.14:301][  0]LogConfig: Setting CVar [[r.AmbientOcclusionMaxQuality:100]]
[2022.06.07-06.27.14:301][  0]LogConfig: Setting CVar [[r.AmbientOcclusionLevels:-1]]
[2022.06.07-06.27.14:301][  0]LogConfig: Setting CVar [[r.AmbientOcclusionRadiusScale:1.0]]
[2022.06.07-06.27.14:301][  0]LogConfig: Setting CVar [[r.DepthOfFieldQuality:2]]
[2022.06.07-06.27.14:301][  0]LogConfig: Setting CVar [[r.RenderTargetPoolMin:400]]
[2022.06.07-06.27.14:301][  0]LogConfig: Setting CVar [[r.LensFlareQuality:2]]
[2022.06.07-06.27.14:301][  0]LogConfig: Setting CVar [[r.SceneColorFringeQuality:1]]
[2022.06.07-06.27.14:301][  0]LogConfig: Setting CVar [[r.EyeAdaptationQuality:2]]
[2022.06.07-06.27.14:301][  0]LogConfig: Setting CVar [[r.BloomQuality:5]]
[2022.06.07-06.27.14:301][  0]LogConfig: Setting CVar [[r.FastBlurThreshold:100]]
[2022.06.07-06.27.14:301][  0]LogConfig: Setting CVar [[r.Upscale.Quality:3]]
[2022.06.07-06.27.14:301][  0]LogConfig: Setting CVar [[r.Tonemapper.GrainQuantization:1]]
[2022.06.07-06.27.14:301][  0]LogConfig: Setting CVar [[r.LightShaftQuality:1]]
[2022.06.07-06.27.14:301][  0]LogConfig: Setting CVar [[r.Filter.SizeScale:1]]
[2022.06.07-06.27.14:301][  0]LogConfig: Setting CVar [[r.Tonemapper.Quality:5]]
[2022.06.07-06.27.14:301][  0]LogConfig: Setting CVar [[r.DOF.Gather.AccumulatorQuality:1        ; higher gathering accumulator quality]]
[2022.06.07-06.27.14:301][  0]LogConfig: Setting CVar [[r.DOF.Gather.PostfilterMethod:1          ; Median3x3 postfilering method]]
[2022.06.07-06.27.14:301][  0]LogConfig: Setting CVar [[r.DOF.Gather.EnableBokehSettings:0       ; no bokeh simulation when gathering]]
[2022.06.07-06.27.14:301][  0]LogConfig: Setting CVar [[r.DOF.Gather.RingCount:4                 ; medium number of samples when gathering]]
[2022.06.07-06.27.14:301][  0]LogConfig: Setting CVar [[r.DOF.Scatter.ForegroundCompositing:1    ; additive foreground scattering]]
[2022.06.07-06.27.14:301][  0]LogConfig: Setting CVar [[r.DOF.Scatter.BackgroundCompositing:2    ; additive background scattering]]
[2022.06.07-06.27.14:301][  0]LogConfig: Setting CVar [[r.DOF.Scatter.EnableBokehSettings:1      ; bokeh simulation when scattering]]
[2022.06.07-06.27.14:301][  0]LogConfig: Setting CVar [[r.DOF.Scatter.MaxSpriteRatio:0.1         ; only a maximum of 10% of scattered bokeh]]
[2022.06.07-06.27.14:301][  0]LogConfig: Setting CVar [[r.DOF.Recombine.Quality:1                ; cheap slight out of focus]]
[2022.06.07-06.27.14:301][  0]LogConfig: Setting CVar [[r.DOF.Recombine.EnableBokehSettings:0    ; no bokeh simulation on slight out of focus]]
[2022.06.07-06.27.14:301][  0]LogConfig: Setting CVar [[r.DOF.TemporalAAQuality:1                ; more stable temporal accumulation]]
[2022.06.07-06.27.14:301][  0]LogConfig: Setting CVar [[r.DOF.Kernel.MaxForegroundRadius:0.025]]
[2022.06.07-06.27.14:301][  0]LogConfig: Setting CVar [[r.DOF.Kernel.MaxBackgroundRadius:0.025]]
[2022.06.07-06.27.14:301][  0]LogConfig: Applying CVar settings from Section [TextureQuality@3] File [C:/Users/laura/Documents/Unreal Projects/UIUX/Saved/Config/Windows/Scalability.ini]
[2022.06.07-06.27.14:301][  0]LogConfig: Setting CVar [[r.Streaming.MipBias:0]]
[2022.06.07-06.27.14:301][  0]LogConfig: Setting CVar [[r.Streaming.AmortizeCPUToGPUCopy:0]]
[2022.06.07-06.27.14:301][  0]LogConfig: Setting CVar [[r.Streaming.MaxNumTexturesToStreamPerFrame:0]]
[2022.06.07-06.27.14:301][  0]LogConfig: Setting CVar [[r.Streaming.Boost:1]]
[2022.06.07-06.27.14:301][  0]LogConfig: Setting CVar [[r.MaxAnisotropy:8]]
[2022.06.07-06.27.14:301][  0]LogConfig: Setting CVar [[r.VT.MaxAnisotropy:8]]
[2022.06.07-06.27.14:301][  0]LogConfig: Setting CVar [[r.Streaming.LimitPoolSizeToVRAM:0]]
[2022.06.07-06.27.14:301][  0]LogConfig: Setting CVar [[r.Streaming.PoolSize:1000]]
[2022.06.07-06.27.14:301][  0]LogConfig: Setting CVar [[r.Streaming.MaxEffectiveScreenSize:0]]
[2022.06.07-06.27.14:301][  0]LogConfig: Applying CVar settings from Section [EffectsQuality@3] File [C:/Users/laura/Documents/Unreal Projects/UIUX/Saved/Config/Windows/Scalability.ini]
[2022.06.07-06.27.14:301][  0]LogConfig: Setting CVar [[r.TranslucencyLightingVolumeDim:64]]
[2022.06.07-06.27.14:301][  0]LogConfig: Setting CVar [[r.RefractionQuality:2]]
[2022.06.07-06.27.14:301][  0]LogConfig: Setting CVar [[r.SSR.Quality:3]]
[2022.06.07-06.27.14:301][  0]LogConfig: Setting CVar [[r.SSR.HalfResSceneColor:0]]
[2022.06.07-06.27.14:301][  0]LogConfig: Setting CVar [[r.SceneColorFormat:4]]
[2022.06.07-06.27.14:301][  0]LogConfig: Setting CVar [[r.DetailMode:2]]
[2022.06.07-06.27.14:301][  0]LogConfig: Setting CVar [[r.TranslucencyVolumeBlur:1]]
[2022.06.07-06.27.14:301][  0]LogConfig: Setting CVar [[r.MaterialQualityLevel:1 ; High quality]]
[2022.06.07-06.27.14:301][  0]LogConfig: Setting CVar [[r.AnisotropicMaterials:1]]
[2022.06.07-06.27.14:301][  0]LogConfig: Setting CVar [[r.SSS.Scale:1]]
[2022.06.07-06.27.14:301][  0]LogConfig: Setting CVar [[r.SSS.SampleSet:2]]
[2022.06.07-06.27.14:301][  0]LogConfig: Setting CVar [[r.SSS.Quality:1]]
[2022.06.07-06.27.14:302][  0]LogConfig: Setting CVar [[r.SSS.HalfRes:0]]
[2022.06.07-06.27.14:302][  0]LogConfig: Setting CVar [[r.SSGI.Quality:3]]
[2022.06.07-06.27.14:302][  0]LogConfig: Setting CVar [[r.EmitterSpawnRateScale:1.0]]
[2022.06.07-06.27.14:302][  0]LogConfig: Setting CVar [[r.ParticleLightQuality:2]]
[2022.06.07-06.27.14:302][  0]LogConfig: Setting CVar [[r.SkyAtmosphere.AerialPerspectiveLUT.FastApplyOnOpaque:1 ; Always have FastSkyLUT 1 in this case to avoid wrong sky]]
[2022.06.07-06.27.14:302][  0]LogConfig: Setting CVar [[r.SkyAtmosphere.AerialPerspectiveLUT.SampleCountMaxPerSlice:4]]
[2022.06.07-06.27.14:302][  0]LogConfig: Setting CVar [[r.SkyAtmosphere.AerialPerspectiveLUT.DepthResolution:16.0]]
[2022.06.07-06.27.14:302][  0]LogConfig: Setting CVar [[r.SkyAtmosphere.FastSkyLUT:1]]
[2022.06.07-06.27.14:302][  0]LogConfig: Setting CVar [[r.SkyAtmosphere.FastSkyLUT.SampleCountMin:4.0]]
[2022.06.07-06.27.14:302][  0]LogConfig: Setting CVar [[r.SkyAtmosphere.FastSkyLUT.SampleCountMax:128.0]]
[2022.06.07-06.27.14:302][  0]LogConfig: Setting CVar [[r.SkyAtmosphere.SampleCountMin:4.0]]
[2022.06.07-06.27.14:302][  0]LogConfig: Setting CVar [[r.SkyAtmosphere.SampleCountMax:128.0]]
[2022.06.07-06.27.14:302][  0]LogConfig: Setting CVar [[r.SkyAtmosphere.TransmittanceLUT.UseSmallFormat:0]]
[2022.06.07-06.27.14:302][  0]LogConfig: Setting CVar [[r.SkyAtmosphere.TransmittanceLUT.SampleCount:10.0]]
[2022.06.07-06.27.14:302][  0]LogConfig: Setting CVar [[r.SkyAtmosphere.MultiScatteringLUT.SampleCount:15.0]]
[2022.06.07-06.27.14:302][  0]LogConfig: Setting CVar [[r.SkyLight.RealTimeReflectionCapture:1]]
[2022.06.07-06.27.14:302][  0]LogConfig: Applying CVar settings from Section [FoliageQuality@3] File [C:/Users/laura/Documents/Unreal Projects/UIUX/Saved/Config/Windows/Scalability.ini]
[2022.06.07-06.27.14:302][  0]LogConfig: Setting CVar [[foliage.DensityScale:1.0]]
[2022.06.07-06.27.14:302][  0]LogConfig: Setting CVar [[grass.DensityScale:1.0]]
[2022.06.07-06.27.14:302][  0]LogConfig: Applying CVar settings from Section [ShadingQuality@3] File [C:/Users/laura/Documents/Unreal Projects/UIUX/Saved/Config/Windows/Scalability.ini]
[2022.06.07-06.27.14:302][  0]LogConfig: Setting CVar [[r.HairStrands.SkyLighting.IntegrationType:2]]
[2022.06.07-06.27.14:302][  0]LogConfig: Setting CVar [[r.HairStrands.SkyAO.SampleCount:4]]
[2022.06.07-06.27.14:302][  0]LogConfig: Setting CVar [[r.HairStrands.Visibility.MSAA.SamplePerPixel:4]]
[2022.06.07-06.27.14:302][  0]LogConfig: Applying CVar settings from Section [Startup] File [../../../Engine/Config/ConsoleVariables.ini]
[2022.06.07-06.27.14:302][  0]LogConfig: Setting CVar [[net.UseAdaptiveNetUpdateFrequency:0]]
[2022.06.07-06.27.14:302][  0]LogConfig: Setting CVar [[p.chaos.AllowCreatePhysxBodies:1]]
[2022.06.07-06.27.14:302][  0]LogConfig: Setting CVar [[fx.SkipVectorVMBackendOptimizations:1]]
[2022.06.07-06.27.14:302][  0]LogConfig: Applying CVar settings from Section [ConsoleVariables] File [C:/Users/laura/Documents/Unreal Projects/UIUX/Saved/Config/Windows/Engine.ini]
[2022.06.07-06.27.14:302][  0]LogConfig: Applying CVar settings from Section [ConsoleVariables] File [C:/Users/laura/Documents/Unreal Projects/UIUX/Saved/Config/Windows/Editor.ini]
[2022.06.07-06.27.14:302][  0]LogInit: Computer: LAURA-PC
[2022.06.07-06.27.14:302][  0]LogInit: User: laura
[2022.06.07-06.27.14:302][  0]LogInit: CPU Page size=4096, Cores=4
[2022.06.07-06.27.14:302][  0]LogInit: High frequency timer resolution =10.000000 MHz
[2022.06.07-06.27.14:302][  0]LogMemory: Memory total: Physical=15.8GB (16GB approx)
[2022.06.07-06.27.14:302][  0]LogMemory: Platform Memory Stats for Windows
[2022.06.07-06.27.14:302][  0]LogMemory: Process Physical Memory: 142.61 MB used, 142.62 MB peak
[2022.06.07-06.27.14:303][  0]LogMemory: Process Virtual Memory: 126.68 MB used, 126.68 MB peak
[2022.06.07-06.27.14:303][  0]LogMemory: Physical Memory: 14571.09 MB used,  1614.09 MB free, 16185.18 MB total
[2022.06.07-06.27.14:303][  0]LogMemory: Virtual Memory: 134210256.00 MB used,  7473.60 MB free, 134217728.00 MB total
[2022.06.07-06.27.14:310][  0]LogWindows: WindowsPlatformFeatures enabled
[2022.06.07-06.27.14:372][  0]LogInit: Physics initialised using underlying interface: PhysX
[2022.06.07-06.27.14:372][  0]LogInit: Using OS detected language (fr-FR).
[2022.06.07-06.27.14:372][  0]LogInit: Using OS detected locale (fr-FR).
[2022.06.07-06.27.14:379][  0]LogTextLocalizationManager: No specific localization for 'fr-FR' exists, so the 'fr' localization will be used.
[2022.06.07-06.27.14:386][  0]LogTextLocalizationResource: LocRes '../../../Engine/Content/Localization/Editor/fr/Editor.locres' could not be opened for reading!
[2022.06.07-06.27.14:386][  0]LogTextLocalizationResource: LocRes '../../../Engine/Content/Localization/EditorTutorials/fr/EditorTutorials.locres' could not be opened for reading!
[2022.06.07-06.27.14:386][  0]LogTextLocalizationResource: LocRes '../../../Engine/Content/Localization/Keywords/fr/Keywords.locres' could not be opened for reading!
[2022.06.07-06.27.14:387][  0]LogTextLocalizationResource: LocRes '../../../Engine/Content/Localization/Category/fr/Category.locres' could not be opened for reading!
[2022.06.07-06.27.14:387][  0]LogTextLocalizationResource: LocRes '../../../Engine/Content/Localization/ToolTips/fr/ToolTips.locres' could not be opened for reading!
[2022.06.07-06.27.14:387][  0]LogTextLocalizationResource: LocRes '../../../Engine/Content/Localization/PropertyNames/fr/PropertyNames.locres' could not be opened for reading!
[2022.06.07-06.27.14:387][  0]LogTextLocalizationResource: LocRes '../../../Engine/Content/Localization/Engine/fr/Engine.locres' could not be opened for reading!
[2022.06.07-06.27.14:406][  0]LogWindowsTextInputMethodSystem: Display: IME system deactivated.
[2022.06.07-06.27.14:434][  0]LogSlate: New Slate User Created.  User Index 0, Is Virtual User: 0
[2022.06.07-06.27.14:434][  0]LogSlate: Slate User Registered.  User Index 0, Is Virtual User: 0
[2022.06.07-06.27.14:453][  0]LogD3D11RHI: Loaded GFSDK_Aftermath_Lib.x64.dll
[2022.06.07-06.27.14:491][  0]LogHMD: Failed to initialize OpenVR with code 110
[2022.06.07-06.27.14:491][  0]LogD3D11RHI: D3D11 min allowed feature level: 11_0
[2022.06.07-06.27.14:491][  0]LogD3D11RHI: D3D11 max allowed feature level: 11_0
[2022.06.07-06.27.14:491][  0]LogD3D11RHI: D3D11 adapters:
[2022.06.07-06.27.14:589][  0]LogD3D11RHI:    0. 'NVIDIA GeForce GTX 1650 Ti' (Feature Level 11_0)
[2022.06.07-06.27.14:589][  0]LogD3D11RHI:       3962/0/8092 MB DedicatedVideo/DedicatedSystem/SharedSystem, Outputs:1, VendorId:0x10de
[2022.06.07-06.27.14:631][  0]LogD3D11RHI:    1. 'Intel(R) UHD Graphics' (Feature Level 11_0)
[2022.06.07-06.27.14:631][  0]LogD3D11RHI:       128/0/8092 MB DedicatedVideo/DedicatedSystem/SharedSystem, Outputs:0, VendorId:0x8086
[2022.06.07-06.27.14:634][  0]LogD3D11RHI:    2. 'Microsoft Basic Render Driver' (Feature Level 11_0)
[2022.06.07-06.27.14:634][  0]LogD3D11RHI:       0/0/8092 MB DedicatedVideo/DedicatedSystem/SharedSystem, Outputs:0, VendorId:0x1414
[2022.06.07-06.27.14:634][  0]LogD3D11RHI: Chosen D3D11 Adapter:
[2022.06.07-06.27.14:634][  0]LogD3D11RHI:     Description : NVIDIA GeForce GTX 1650 Ti
[2022.06.07-06.27.14:634][  0]LogD3D11RHI:     VendorId    : 10de
[2022.06.07-06.27.14:634][  0]LogD3D11RHI:     DeviceId    : 1f95
[2022.06.07-06.27.14:634][  0]LogD3D11RHI:     SubSysId    : 8742103c
[2022.06.07-06.27.14:634][  0]LogD3D11RHI:     Revision    : 00a1
[2022.06.07-06.27.14:634][  0]LogD3D11RHI:     DedicatedVideoMemory : 4154458112 bytes
[2022.06.07-06.27.14:634][  0]LogD3D11RHI:     DedicatedSystemMemory : 0 bytes
[2022.06.07-06.27.14:634][  0]LogD3D11RHI:     SharedSystemMemory : 8485693440 bytes
[2022.06.07-06.27.14:634][  0]LogD3D11RHI:     AdapterLuid : 0 75230
[2022.06.07-06.27.14:649][  0]LogD3D11RHI: Creating new Direct3DDevice
[2022.06.07-06.27.14:649][  0]LogD3D11RHI:     GPU DeviceId: 0x1f95 (for the marketing name, search the web for "GPU Device Id")
[2022.06.07-06.27.14:649][  0]LogWindows: EnumDisplayDevices:
[2022.06.07-06.27.14:649][  0]LogWindows:    0. 'Intel(R) UHD Graphics' (P:1 D:1)
[2022.06.07-06.27.14:649][  0]LogWindows:    1. 'Intel(R) UHD Graphics' (P:0 D:0)
[2022.06.07-06.27.14:649][  0]LogWindows:    2. 'Intel(R) UHD Graphics' (P:0 D:0)
[2022.06.07-06.27.14:650][  0]LogWindows:    3. 'NVIDIA GeForce GTX 1650 Ti' (P:0 D:0)
[2022.06.07-06.27.14:650][  0]LogWindows:    4. 'NVIDIA GeForce GTX 1650 Ti' (P:0 D:0)
[2022.06.07-06.27.14:650][  0]LogWindows:    5. 'NVIDIA GeForce GTX 1650 Ti' (P:0 D:0)
[2022.06.07-06.27.14:650][  0]LogWindows:    6. 'NVIDIA GeForce GTX 1650 Ti' (P:0 D:0)
[2022.06.07-06.27.14:650][  0]LogWindows: DebugString: PrimaryIsNotTheChoosenAdapter PrimaryIsNotTheChoosenAdapter PrimaryIsNotTheChoosenAdapter FoundDriverCount:4 
[2022.06.07-06.27.14:650][  0]LogD3D11RHI:     Adapter Name: NVIDIA GeForce GTX 1650 Ti
[2022.06.07-06.27.14:650][  0]LogD3D11RHI:   Driver Version: 511.79 (internal:30.0.15.1179, unified:511.79)
[2022.06.07-06.27.14:650][  0]LogD3D11RHI:      Driver Date: 2-10-2022
[2022.06.07-06.27.14:650][  0]LogRHI: Texture pool is 2773 MB (70% of 3962 MB)
[2022.06.07-06.27.14:650][  0]LogD3D11RHI: Creating D3DDevice using adapter:
[2022.06.07-06.27.14:650][  0]LogD3D11RHI:     Description : NVIDIA GeForce GTX 1650 Ti
[2022.06.07-06.27.14:650][  0]LogD3D11RHI:     VendorId    : 10de
[2022.06.07-06.27.14:650][  0]LogD3D11RHI:     DeviceId    : 1f95
[2022.06.07-06.27.14:650][  0]LogD3D11RHI:     SubSysId    : 8742103c
[2022.06.07-06.27.14:650][  0]LogD3D11RHI:     Revision    : 00a1
[2022.06.07-06.27.14:650][  0]LogD3D11RHI:     DedicatedVideoMemory : 4154458112 bytes
[2022.06.07-06.27.14:650][  0]LogD3D11RHI:     DedicatedSystemMemory : 0 bytes
[2022.06.07-06.27.14:650][  0]LogD3D11RHI:     SharedSystemMemory : 8485693440 bytes
[2022.06.07-06.27.14:651][  0]LogD3D11RHI:     AdapterLuid : 0 75230
[2022.06.07-06.27.14:710][  0]LogD3D11RHI: RHI has support for 64 bit atomics
[2022.06.07-06.27.14:710][  0]LogD3D11RHI: Async texture creation enabled
[2022.06.07-06.27.14:710][  0]LogD3D11RHI: Array index from any shader is supported
[2022.06.07-06.27.14:731][  0]LogD3D11RHI: GPU Timing Frequency: 1000.000000 (Debug: 2 1)
[2022.06.07-06.27.14:780][  0]LogRHI: GeForceNow SDK initialized: 1
[2022.06.07-06.27.15:111][  0]LogTargetPlatformManager: Display: Loaded TargetPlatform 'WindowsNoEditor'
[2022.06.07-06.27.15:116][  0]LogTargetPlatformManager: Display: Loaded TargetPlatform 'Windows'
[2022.06.07-06.27.15:121][  0]LogTargetPlatformManager: Display: Loaded TargetPlatform 'WindowsClient'
[2022.06.07-06.27.15:126][  0]LogTargetPlatformManager: Display: Loaded TargetPlatform 'WindowsServer'
[2022.06.07-06.27.15:126][  0]LogTargetPlatformManager: Display: Building Assets For Windows
[2022.06.07-06.27.15:135][  0]LogAudioDebug: Display: Lib vorbis DLL was dynamically loaded.
[2022.06.07-06.27.15:174][  0]LogTextureFormatOodle: Display: Oodle Texture 2.9.0 init RDO Off
[2022.06.07-06.27.15:208][  0]LogRendererCore: Ray tracing is disabled. Reason: r.RayTracing=0.
[2022.06.07-06.27.15:208][  0]LogShaderCompilers: Guid format shader working directory is -10 characters bigger than the processId version (../../../../Users/laura/Documents/Unreal Projects/UIUX/Intermediate/Shaders/WorkingDirectory/116964/).
[2022.06.07-06.27.15:208][  0]LogShaderCompilers: Cleaned the shader compiler working directory 'C:/Users/laura/AppData/Local/Temp/UnrealShaderWorkingDir/C294E4B440FFCBDA3EF35E861C953BFF/'.
[2022.06.07-06.27.15:208][  0]LogXGEController: Cannot use XGE Controller as Incredibuild is not installed on this machine.
[2022.06.07-06.27.15:208][  0]LogShaderCompilers: Cannot use XGE Shader Compiler as Incredibuild is not installed on this machine.
[2022.06.07-06.27.15:208][  0]LogShaderCompilers: Display: Using Local Shader Compiler.
[2022.06.07-06.27.15:969][  0]LogDerivedDataCache: Display: Max Cache Size: 512 MB
[2022.06.07-06.27.16:018][  0]LogDerivedDataCache: Loaded boot cache 0.05s 94MB C:/Users/laura/AppData/Local/UnrealEngine/4.27/DerivedDataCache/Boot.ddc.
[2022.06.07-06.27.16:018][  0]LogDerivedDataCache: Display: Loaded Boot cache: C:/Users/laura/AppData/Local/UnrealEngine/4.27/DerivedDataCache/Boot.ddc
[2022.06.07-06.27.16:018][  0]LogDerivedDataCache: FDerivedDataBackendGraph:  Pak pak cache file ../../../../Users/laura/Documents/Unreal Projects/UIUX/DerivedDataCache/DDC.ddp not found, will not use a pak cache.
[2022.06.07-06.27.16:018][  0]LogDerivedDataCache: Unable to find inner node Pak for hierarchical cache Hierarchy.
[2022.06.07-06.27.16:018][  0]LogDerivedDataCache: FDerivedDataBackendGraph:  CompressedPak pak cache file ../../../../Users/laura/Documents/Unreal Projects/UIUX/DerivedDataCache/Compressed.ddp not found, will not use a pak cache.
[2022.06.07-06.27.16:018][  0]LogDerivedDataCache: Unable to find inner node CompressedPak for hierarchical cache Hierarchy.
[2022.06.07-06.27.16:034][  0]LogDerivedDataCache: Display: Pak cache opened for reading ../../../Engine/DerivedDataCache/Compressed.ddp.
[2022.06.07-06.27.16:034][  0]LogDerivedDataCache: FDerivedDataBackendGraph:  EnterprisePak pak cache file ../../../Enterprise/DerivedDataCache/Compressed.ddp not found, will not use a pak cache.
[2022.06.07-06.27.16:034][  0]LogDerivedDataCache: Unable to find inner node EnterprisePak for hierarchical cache Hierarchy.
[2022.06.07-06.27.16:041][  0]LogDerivedDataCache: Speed tests for C:/Users/laura/AppData/Local/UnrealEngine/Common/DerivedDataCache took 0.01 seconds
[2022.06.07-06.27.16:041][  0]LogDerivedDataCache: Display: Performance to C:/Users/laura/AppData/Local/UnrealEngine/Common/DerivedDataCache: Latency=0.05ms. RandomReadSpeed=797.19MBs, RandomWriteSpeed=175.91MBs. Assigned SpeedClass 'Local'
[2022.06.07-06.27.16:042][  0]LogDerivedDataCache: Using Local data cache path C:/Users/laura/AppData/Local/UnrealEngine/Common/DerivedDataCache: Writable
[2022.06.07-06.27.16:042][  0]LogDerivedDataCache: Shared data cache path not found in *engine.ini, will not use an Shared cache.
[2022.06.07-06.27.16:042][  0]LogDerivedDataCache: Unable to find inner node Shared for hierarchical cache Hierarchy.
[2022.06.07-06.27.16:075][  0]LogSlate: Using FreeType 2.10.0
[2022.06.07-06.27.16:076][  0]LogSlate: SlateFontServices - WITH_FREETYPE: 1, WITH_HARFBUZZ: 1
[2022.06.07-06.27.16:184][  0]LogInit: Using OS detected language (fr-FR).
[2022.06.07-06.27.16:184][  0]LogInit: Using OS detected locale (fr-FR).
[2022.06.07-06.27.16:184][  0]LogTextLocalizationManager: No localization for 'fr-FR' exists, so 'en' will be used for the language.
[2022.06.07-06.27.16:184][  0]LogTextLocalizationManager: No localization for 'fr-FR' exists, so 'en' will be used for the locale.
[2022.06.07-06.27.16:184][  0]LogSlate: FontCache flush requested. Reason: Culture for localization was changed
[2022.06.07-06.27.16:184][  0]LogSlate: FontCache flush requested. Reason: Culture for localization was changed
[2022.06.07-06.27.16:187][  0]LogAssetRegistry: FAssetRegistry took 0.0016 seconds to start up
[2022.06.07-06.27.16:340][  0]LogTextLocalizationManager: Compacting localization data took   0.00ms
[2022.06.07-06.27.16:340][  0]LogPackageLocalizationCache: Processed 27 localized package path(s) for 1 prioritized culture(s) in 0.001426 seconds
[2022.06.07-06.27.16:410][  0]LogInit: Selected Device Profile: [Windows]
[2022.06.07-06.27.16:410][  0]LogInit: Active device profile: [0000013DA4C9C800][0000013D9CB6B880 49] Windows
[2022.06.07-06.27.16:410][  0]LogInit: Profiles: [0000013DA4C9C800][0000013D9CB6B880 49] Windows, [0000013DA4C6BA00][0000013D9CB6FA00 49] WindowsNoEditor, [0000013DA4C9F300][0000013D9CB73B80 49] WindowsServer, [0000013DA4C6BD00][0000013D9CB76180 49] WindowsClient, [0000013DA4C9D100][0000013D9CB7A300 49] IOS, [0000013DA4C6BE00][0000013D9CB7E480 49] iPadAir, [0000013DA4C68F00][0000013D9CB82600 49] iPadAir2, [0000013DA5C08800][0000013D9CB8A8C0 49] IPadPro, [0000013DA5C08900][0000013D9CB86900 49] iPadAir3, [0000013DA4C9D200][0000013DA3AACA80 49] iPadAir4, [0000013DA5C08A00][0000013DA3AB0C00 49] iPadMini2, [0000013DA5C08500][0000013DA3AB4D80 49] iPadMini3, [0000013DA4C69E00][0000013DA3AB8F00 49] iPadMini4, [0000013DA4C9F000][0000013DA3ABD080 49] iPadMini5, [0000013DA5C2C100][0000013DA3AC5340 49] iPhone6, [0000013DA5BEFF00][0000013DA3AC1380 49] iPodTouch6, [0000013DA5C2FD00][0000013DA3AC95C0 49] iPhone7, [0000013DA5C2FC00][0000013D9D3CB600 49] iPodTouch7, [0000013DA5C08200][0000013DA3ACD740 49] iPhone5S, [0000013DA5C2FB00][0000013DA3AD1880 49] iPhone6Plus, [0000013DA5C2FE00][0000013DA3AD9A00 49] iPhone6S, [0000013DA5BEDF00][0000013DA3ADDB80 49] iPhone6SPlus, [0000013DA5C2E000][0000013DA3AE0180 49] iPhone7Plus, [0000013DA5BEE000][0000013DA3AE4300 49] iPhoneSE, [0000013DA5BED900][0000013DA3AE8480 49] iPhone8, [0000013DA5C08E00][0000013DA3AEC600 49] iPhone8Plus, [0000013DA5C2F000][0000013DA3AF0780 49] iPhoneX, [0000013DA5C0AB00][0000013DA3AF4900 49] iPhoneXS, [0000013DA5C2DF00][0000013DA3AF8A80 49] iPhoneXSMax, [0000013DA5C08700][0000013DA3AFCC00 49] iPhoneXR, [0000013DA5C2E500][0000013DA3B00D80 49] iPhone11, [0000013DA5C0BC00][0000013DA3B04F00 49] iPhone11Pro, [0000013DA5C2D100][0000013DA3B09080 49] iPhone11ProMax, [0000013DA5C0A200][0000013DA3B0D200 49] iPhoneSE2, [0000013DA5C2F500][0000013DA3B11380 49] iPhone12Mini, [0000013DA5C0A800][0000013DA3B15500 49] iPhone12, [0000013DA5C2DC00][0000013DA3B19680 49] iPhone12Pro, [0000013DA5C09B00][0000013DA3AD57C0 49] iPhone12ProMax, [0000013DA5C2F400][0000013DA3B1D900 49] iPadPro105, [0000013DA5C09A00][0000013DA3B21A40 49] iPadPro129, [0000013DA5C2D500][0000013DA3B29BC0 49] iPadPro97, [0000013DA5C0A300][0000013DA3B2C1C0 49] iPadPro2_129, [0000013DA5C2E900][0000013DA3B30340 49] iPad5, [0000013DA5C0AE00][0000013DA3B344C0 49] iPad6, [0000013DA5C2EA00][0000013DA3B38640 49] iPad7, [0000013DA5C09500][0000013DA3B3C7C0 49] iPad8, [0000013DA5C2F200][0000013DA3B40940 49] iPadPro11, [0000013DA5C0B900][0000013DA3B44AC0 49] iPadPro2_11, [0000013DA5C2EC00][0000013DA3B48C40 49] iPadPro3_129, [0000013DA5C08400][0000013DA3B4CDC0 49] iPadPro4_129, [0000013DA5C2C500][0000013DA3B50F40 49] AppleTV, [0000013DA5C0B100][0000013DA3B550C0 49] AppleTV4K, [0000013DA5C2E800][0000013DA3B59240 49] TVOS, [0000013DA5C08C00][0000013DA3B5D3C0 49] Mac, [0000013DA5C2E600][0000013DA3B61540 49] MacClient, [0000013DA5C09200][0000013DA3B656C0 49] MacNoEditor, [0000013DA5C2EB00][0000013DA3B69840 49] MacServer, [0000013DA5C0AA00][0000013DA3B25980 49] Linux, [0000013DA5C2C700][0000013DA3B6DAC0 49] LinuxAArch64, [0000013DA5C0A600][0000013DA3B71C00 49] LinuxNoEditor, [0000013DA5C2E200][0000013DA3B741C0 49] LinuxAArch64NoEditor, [0000013DA5C0BE00][0000013DA3B7C340 49] LinuxClient, [0000013DA5C2F700][0000013DA3B804C0 49] LinuxAArch64Client, [0000013DA5C09800][0000013DA3B84640 49] LinuxServer, [0000013DA5C2EE00][0000013DA3B887C0 49] LinuxAArch64Server, [0000013DA5C0BF00][0000013DA3B8C940 49] Android, [0000013DA5C2D800][0000013DA3B90AC0 49] Android_Low, [0000013DA5C0A700][0000013DA3B94C40 49] Android_Mid, [0000013DA5C2F800][0000013DA3B98DC0 49] Android_High, [0000013DA5C0B600][0000013DA3B9CF40 49] Android_Default, [0000013DA5C2CF00][0000013DA3BA10C0 49] Android_Adreno4xx, [0000013DA5C08D00][0000013DA3BA5240 49] Android_Adreno5xx_Low, [0000013DA5C2D000][0000013DA3BA93C0 49] Android_Adreno5xx, [0000013DA5BEE800][0000013DA3BAD540 49] Android_Adreno6xx, [0000013DA4C9CD00][0000013DA3BB16C0 49] Android_Adreno6xx_Vulkan, [0000013DA5BEC100][0000013DA3BB5840 49] Android_Mali_T6xx, [0000013DA4C9DC00][0000013DA3BB99C0 49] Android_Mali_T7xx, [0000013DA5BECD00][0000013DA3B79B00 49] Android_Mali_T8xx, [0000013DA4C9D800][0000013DA3BBC0C0 49] Android_Mali_G71, [0000013DA5BEE100][0000013DA3BC0200 49] Android_Mali_G72, [0000013DA4C9DA00][0000013DA3BC4340 49] Android_Mali_G72_Vulkan, [0000013DA5BEEC00][0000013DA3BCC4C0 49] Android_Mali_G76, [0000013DA4C9E000][0000013DA3BD0640 49] Android_Mali_G76_Vulkan, [0000013DA5BEF400][0000013DA3BD47C0 49] Android_Mali_G77, [0000013DA4C9FC00][0000013DA3BD8940 49] Android_Mali_G77_Vulkan, [0000013DA5BEED00][0000013DA3BDCAC0 49] Android_Mali_G78, [0000013DA4C9ED00][0000013DA3BE0C40 49] Android_Mali_G78_Vulkan, [0000013DA5BEF700][0000013DA3BE4DC0 49] Android_Mali_G710, [0000013DA4C9F900][0000013DA3BE8F40 49] Android_Mali_G710_Vulkan, [0000013DA5BEFC00][0000013DA3BED0C0 49] Android_Vulkan_SM5, [0000013DA4C9EF00][0000013DA3BF1240 49] Android_PowerVR_G6xxx, [0000013DA5BECF00][0000013DA3BF53C0 49] Android_PowerVR_GT7xxx, [0000013DA4C9EA00][0000013DA3BF9540 49] Android_PowerVR_GE8xxx, [0000013DA5BEEA00][0000013DA3BFD6C0 49] Android_PowerVR_GM9xxx, [0000013DA4C9D900][0000013D9CD13840 49] Android_PowerVR_GM9xxx_Vulkan, [0000013DA5BEC800][0000013D9CD179C0 49] Android_TegraK1, [0000013DA4C9CC00][0000013D9CD1BB40 49] Android_Unknown_Vulkan, [0000013DA5BED500][0000013D9CD1E140 49] Lumin, [0000013DA4C9F600][0000013DA3BC8280 49] Lumin_Desktop, [0000013DA5BED300][0000013D9CD223C0 49] HoloLens, 
[2022.06.07-06.27.16:546][  0]LogMeshReduction: Using QuadricMeshReduction for automatic static mesh reduction
[2022.06.07-06.27.16:546][  0]LogMeshReduction: Using SimplygonMeshReduction for automatic skeletal mesh reduction
[2022.06.07-06.27.16:546][  0]LogMeshReduction: Using ProxyLODMeshReduction for automatic mesh merging
[2022.06.07-06.27.16:546][  0]LogMeshReduction: No distributed automatic mesh merging module available
[2022.06.07-06.27.16:546][  0]LogMeshMerging: No distributed automatic mesh merging module available
[2022.06.07-06.27.16:570][  0]LogNetVersion: UIUX 1.0.0, NetCL: 17155196, EngineNetVer: 17, GameNetVer: 0 (Checksum: 2787739098)
[2022.06.07-06.27.16:805][  0]LogTexture: Default maximum texture size for cubemaps generated from long-lat sources has been changed from 512 to unlimited. In order to preserve old behaiour for '/Engine/MapTemplates/Sky/DaylightAmbientCubemap.DaylightAmbientCubemap', its maximum texture size has been explicitly set to 512.
[2022.06.07-06.27.16:850][  0]LogHMD: PokeAHoleMaterial loaded successfully
[2022.06.07-06.27.16:969][  0]LogMoviePlayer: Initializing movie player
[2022.06.07-06.27.17:081][  0]LogNiagaraDebuggerClient: Niagara Debugger Client Initialized | Session: 83F6E29F4F0D583433F63A8907818BBE | Instance: 8B8B5ABA479F7DFA87B08482ECE68ADE (LAURA-PC-116964).
[2022.06.07-06.27.17:102][  0]LogCollectionManager: Loaded 0 collections in 0.001525 seconds
[2022.06.07-06.27.17:104][  0]LogFileCache: Scanning file cache for directory 'C:/Users/laura/Documents/Unreal Projects/UIUX/Saved/Collections/' took 0.00s
[2022.06.07-06.27.17:104][  0]LogFileCache: Scanning file cache for directory 'C:/Users/laura/Documents/Unreal Projects/UIUX/Content/Developers/laura/Collections/' took 0.00s
[2022.06.07-06.27.17:104][  0]LogFileCache: Scanning file cache for directory 'C:/Users/laura/Documents/Unreal Projects/UIUX/Content/Collections/' took 0.00s
[2022.06.07-06.27.17:104][  0]LogCollectionManager: Fixed up redirectors for 0 collections in 0.000002 seconds (updated 0 objects)
[2022.06.07-06.27.17:215][  0]LogPython: Using Python 3.7.7
[2022.06.07-06.27.17:647][  0]LogTcpMessaging: Initializing TcpMessaging bridge
[2022.06.07-06.27.17:651][  0]LogUdpMessaging: Initializing bridge on interface 0.0.0.0:0 to multicast group 230.0.0.1:6666.
[2022.06.07-06.27.17:711][  0]SourceControl: Source control is disabled
[2022.06.07-06.27.17:711][  0]SourceControl: Source control is disabled
[2022.06.07-06.27.17:715][  0]SourceControl: Source control is disabled
[2022.06.07-06.27.17:722][  0]LogUProjectInfo: Found projects:
[2022.06.07-06.27.17:859][  0]LogOpenImageDenoise: OIDN starting up
[2022.06.07-06.27.17:890][  0]LogAndroidPermission: UAndroidPermissionCallbackProxy::GetInstance
[2022.06.07-06.27.17:908][  0]LogAudioCaptureCore: Display: No Audio Capture implementations found. Audio input will be silent.
[2022.06.07-06.27.17:908][  0]LogAudioCaptureCore: Display: No Audio Capture implementations found. Audio input will be silent.
[2022.06.07-06.27.17:980][  0]LogOcInput: OculusInput pre-init called
[2022.06.07-06.27.17:989][  0]LogUObjectArray: 22121 objects as part of root set at end of initial load.
[2022.06.07-06.27.17:989][  0]LogUObjectAllocator: 5975632 out of 0 bytes used by permanent object pool.
[2022.06.07-06.27.17:989][  0]LogUObjectArray: CloseDisregardForGC: 0/0 objects in disregard for GC pool
[2022.06.07-06.27.18:031][  0]LogEngine: Initializing Engine...
[2022.06.07-06.27.18:034][  0]LogHMD: Failed to enumerate extensions. Please check that you have a valid OpenXR runtime installed.
[2022.06.07-06.27.18:035][  0]LogHMD: Failed to initialize OpenVR with code 110
[2022.06.07-06.27.18:035][  0]LogMagicLeap: Warning: VR disabled because ZI is not enabled.  To enable, in the editor, Edit -> Project Settings -> Plugins -> Magic Leap Plugin -> Enable Zero Iteration
[2022.06.07-06.27.18:036][  0]LogStats: UGameplayTagsManager::InitializeManager -  0.000 s
[2022.06.07-06.27.18:117][  0]LogInit: Initializing FReadOnlyCVARCache
[2022.06.07-06.27.18:117][  0]LogAudio: Display: Initializing Audio Device Manager...
[2022.06.07-06.27.18:121][  0]LogAudio: Display: Loading Default Audio Settings Objects...
[2022.06.07-06.27.18:122][  0]LogAudio: Display: No default SoundConcurrencyObject specified (or failed to load).
[2022.06.07-06.27.18:122][  0]LogAudio: Display: Audio Device Manager Initialized
[2022.06.07-06.27.18:122][  0]LogAudio: Display: Creating Audio Device:                 Id: 1, Scope: Shared, Realtime: True
[2022.06.07-06.27.18:122][  0]LogAudioMixer: Display: Audio Mixer Platform Settings:
[2022.06.07-06.27.18:122][  0]LogAudioMixer: Display: 	Sample Rate:						  48000
[2022.06.07-06.27.18:122][  0]LogAudioMixer: Display: 	Callback Buffer Frame Size Requested: 1024
[2022.06.07-06.27.18:122][  0]LogAudioMixer: Display: 	Callback Buffer Frame Size To Use:	  1024
[2022.06.07-06.27.18:122][  0]LogAudioMixer: Display: 	Number of buffers to queue:			  2
[2022.06.07-06.27.18:122][  0]LogAudioMixer: Display: 	Max Channels (voices):				  32
[2022.06.07-06.27.18:122][  0]LogAudioMixer: Display: 	Number of Async Source Workers:		  0
[2022.06.07-06.27.18:122][  0]LogAudio: Display: AudioDevice MaxSources: 32
[2022.06.07-06.27.18:122][  0]LogAudio: Display: Audio Spatialization Plugin: None (built-in).
[2022.06.07-06.27.18:122][  0]LogAudio: Display: Audio Reverb Plugin: None (built-in).
[2022.06.07-06.27.18:122][  0]LogAudio: Display: Audio Occlusion Plugin: None (built-in).
[2022.06.07-06.27.18:122][  0]LogAudioMixer: Display: Initializing audio mixer.
[2022.06.07-06.27.18:144][  0]LogAudioMixer: Display: 0: FrontLeft
[2022.06.07-06.27.18:144][  0]LogAudioMixer: Display: 1: FrontRight
[2022.06.07-06.27.18:177][  0]LogAudioMixer: Display: Using Audio Device Speaker (Realtek(R) Audio)
[2022.06.07-06.27.18:182][  0]LogAudioMixer: Display: Initializing Sound Submixes...
[2022.06.07-06.27.18:184][  0]LogAudioMixer: Display: Creating Master Submix 'MasterSubmixDefault'
[2022.06.07-06.27.18:184][  0]LogAudioMixer: Display: Creating Master Submix 'MasterReverbSubmixDefault'
[2022.06.07-06.27.18:184][  0]LogAudioMixer: Display: Creating Master Submix 'MasterEQSubmixDefault'
[2022.06.07-06.27.18:184][  0]LogAudioMixer: FMixerPlatformXAudio2::StartAudioStream() called
[2022.06.07-06.27.18:184][  0]LogAudioMixer: Display: Output buffers initialized: Frames=1024, Channels=2, Samples=2048
[2022.06.07-06.27.18:185][  0]LogAudioMixer: Display: Starting AudioMixerPlatformInterface::RunInternal()
[2022.06.07-06.27.18:185][  0]LogAudioMixer: Display: FMixerPlatformXAudio2::SubmitBuffer() called for the first time
[2022.06.07-06.27.18:185][  0]LogInit: FAudioDevice initialized.
[2022.06.07-06.27.18:186][  0]LogNetVersion: Set ProjectVersion to 1.0.0.0. Version Checksum will be recalculated on next use.
[2022.06.07-06.27.18:188][  0]LogInit: Texture streaming: Enabled
[2022.06.07-06.27.18:247][  0]LogAudio: Display: Audio Device (ID: 1) registered with world 'Untitled'.
[2022.06.07-06.27.18:248][  0]LogSlate: Updating window title bar state: overlay mode, drag disabled, window buttons hidden, title bar hidden
[2022.06.07-06.27.18:249][  0]LogInit: Display: Game Engine Initialized.
[2022.06.07-06.27.18:249][  0]LogNiagaraEditor: GEditor isn't valid! Particle reset commands will not work for Niagara components!
[2022.06.07-06.27.18:367][  0]LogInit: Display: Starting Game.
[2022.06.07-06.27.18:367][  0]LogNet: Browse: /Game/FirstPersonBP/Maps/FirstPersonExampleMap?Name=Player
[2022.06.07-06.27.18:367][  0]LogLoad: LoadMap: /Game/FirstPersonBP/Maps/FirstPersonExampleMap?Name=Player
[2022.06.07-06.27.18:367][  0]LogWorld: BeginTearingDown for /Temp/Untitled_0
[2022.06.07-06.27.18:369][  0]LogWorld: UWorld::CleanupWorld for Untitled, bSessionEnded=true, bCleanupResources=true
[2022.06.07-06.27.18:369][  0]LogSlate: InvalidateAllWidgets triggered.  All widgets were invalidated
[2022.06.07-06.27.18:372][  0]LogAudio: Display: Audio Device unregistered from world 'None'.
[2022.06.07-06.27.18:375][  0]LogUObjectHash: Compacting FUObjectHashTables data took   0.73ms
[2022.06.07-06.27.18:658][  0]LogAudio: Display: Audio Device (ID: 1) registered with world 'FirstPersonExampleMap'.
[2022.06.07-06.27.18:668][  0]LogAIModule: Creating AISystem for world FirstPersonExampleMap
[2022.06.07-06.27.18:668][  0]LogLoad: Game class is 'MainMenuGameMode_C'
[2022.06.07-06.27.18:674][  0]LogWorld: Bringing World /Game/FirstPersonBP/Maps/FirstPersonExampleMap.FirstPersonExampleMap up for play (max tick rate 0) at 2022.06.07-08.27.18
[2022.06.07-06.27.18:674][  0]LogWorld: Bringing up level for play took: 0.004842
[2022.06.07-06.27.18:677][  0]LogLoad: Took 0.310307 seconds to LoadMap(/Game/FirstPersonBP/Maps/FirstPersonExampleMap)
[2022.06.07-06.27.18:731][  0]LogSlate: Took 0.000256 seconds to synchronously load lazily loaded font '../../../Engine/Content/Slate/Fonts/Roboto-Regular.ttf' (155K)
[2022.06.07-06.27.18:775][  0]LogRenderer: Reallocating scene render targets to support 1284x736 Format 10 NumSamples 1 (Frame:1).
[2022.06.07-06.27.18:775][  0]LogInit: Display: Engine is initialized. Leaving FEngineLoop::Init()
[2022.06.07-06.27.18:775][  0]LogLoad: (Engine Initialization) Total time: 6.54 seconds
[2022.06.07-06.27.18:775][  0]LogLoad: (Engine Initialization) Total Blueprint compile time: 0.00 seconds
[2022.06.07-06.27.18:777][  0]LogContentStreaming: Texture pool size now 1000 MB
[2022.06.07-06.27.18:779][  0]LogSlate: InvalidateAllWidgets triggered.  All widgets were invalidated
[2022.06.07-06.27.18:815][  0]LogRenderer: Reallocating scene render targets to support 128x128 Format 10 NumSamples 1 (Frame:1).
[2022.06.07-06.27.18:835][  0]LogRenderer: Reallocating scene render targets to support 1284x736 Format 10 NumSamples 1 (Frame:2).
[2022.06.07-06.27.18:853][  1]LogSlate: Took 0.000247 seconds to synchronously load lazily loaded font '../../../Engine/Content/Slate/Fonts/Roboto-Regular.ttf' (155K)
[2022.06.07-06.27.23:642][227]Closing by request
[2022.06.07-06.27.23:642][227]LogWindows: FPlatformMisc::RequestExit(0)
[2022.06.07-06.27.23:642][227]LogWindows: FPlatformMisc::RequestExitWithStatus(0, 0)
[2022.06.07-06.27.23:642][227]LogCore: Engine exit requested (reason: Win RequestExit)
[2022.06.07-06.27.23:645][228]LogCore: Engine exit requested (reason: EngineExit() was called; note: exit was already requested)
[2022.06.07-06.27.23:645][228]LogInit: Display: PreExit Game.
[2022.06.07-06.27.23:656][228]LogWorld: BeginTearingDown for /Game/FirstPersonBP/Maps/FirstPersonExampleMap
[2022.06.07-06.27.23:657][228]LogWorld: UWorld::CleanupWorld for FirstPersonExampleMap, bSessionEnded=true, bCleanupResources=true
[2022.06.07-06.27.23:657][228]LogSlate: InvalidateAllWidgets triggered.  All widgets were invalidated
[2022.06.07-06.27.24:041][228]LogAudio: Display: Beginning Audio Device Manager Shutdown (Module: AudioMixerXAudio2)...
[2022.06.07-06.27.24:041][228]LogAudio: Display: Destroying 1 Remaining Audio Device(s)...
[2022.06.07-06.27.24:041][228]LogAudio: Display: Audio Device unregistered from world 'FirstPersonExampleMap'.
[2022.06.07-06.27.24:065][228]LogAudioMixer: FMixerPlatformXAudio2::StopAudioStream() called
[2022.06.07-06.27.24:065][228]LogAudioMixer: FMixerPlatformXAudio2::StopAudioStream() called
[2022.06.07-06.27.24:069][228]LogAudio: Display: Audio Device Manager Shutdown
[2022.06.07-06.27.24:079][228]LogSlate: Window 'UIUX (64-bit Development PCD3D_SM5) ' being destroyed
[2022.06.07-06.27.24:079][228]LogWindowsTextInputMethodSystem: Display: IME system deactivated.
[2022.06.07-06.27.24:082][228]LogWindowsTextInputMethodSystem: Display: IME system deactivated.
[2022.06.07-06.27.24:086][228]LogExit: Preparing to exit.
[2022.06.07-06.27.24:665][228]LogUObjectHash: Compacting FUObjectHashTables data took   0.90ms
[2022.06.07-06.27.24:709][228]LogMoviePlayer: Shutting down movie player
[2022.06.07-06.27.24:774][228]LogSlate: Updating window title bar state: overlay mode, drag disabled, window buttons hidden, title bar hidden
[2022.06.07-06.27.24:792][228]LogDemo: Cleaned up 0 splitscreen connections with owner deletion
[2022.06.07-06.27.24:795][228]LogExit: Game engine shut down
[2022.06.07-06.27.24:833][228]LogExit: Object subsystem successfully closed.
[2022.06.07-06.27.24:841][228]LogShaderCompilers: Display: === FShaderJobCache stats ===
[2022.06.07-06.27.24:841][228]LogShaderCompilers: Display: Total job queries 0, among them cache hits 0 (0.00%)
[2022.06.07-06.27.24:841][228]LogShaderCompilers: Display: Tracking 0 distinct input hashes that result in 0 distinct outputs (0.00%)
[2022.06.07-06.27.24:841][228]LogShaderCompilers: Display: RAM used: 0.00 MB (0.00 GB) of 819.20 MB (0.80 GB) budget. Usage: 0.00%
[2022.06.07-06.27.24:841][228]LogShaderCompilers: Display: ================================================
[2022.06.07-06.27.24:855][228]LogShaderCompilers: Display: Shaders left to compile 0
[2022.06.07-06.27.24:884][228]LogModuleManager: Shutting down and abandoning module SequenceRecorderSections (560)
[2022.06.07-06.27.24:884][228]LogModuleManager: Shutting down and abandoning module SequenceRecorder (558)
[2022.06.07-06.27.24:884][228]LogModuleManager: Shutting down and abandoning module AutomationController (556)
[2022.06.07-06.27.24:884][228]LogModuleManager: Shutting down and abandoning module AutomationWorker (554)
[2022.06.07-06.27.24:884][228]LogModuleManager: Shutting down and abandoning module Voice (552)
[2022.06.07-06.27.24:884][228]LogModuleManager: Shutting down and abandoning module AIModule (550)
[2022.06.07-06.27.24:884][228]LogModuleManager: Shutting down and abandoning module GameplayDebugger (549)
[2022.06.07-06.27.24:885][228]LogModuleManager: Shutting down and abandoning module AITestSuite (547)
[2022.06.07-06.27.24:885][228]LogModuleManager: Shutting down and abandoning module NavigationSystem (545)
[2022.06.07-06.27.24:885][228]LogModuleManager: Shutting down and abandoning module AnimGraph (542)
[2022.06.07-06.27.24:885][228]LogModuleManager: Shutting down and abandoning module SteamVREditor (540)
[2022.06.07-06.27.24:885][228]LogModuleManager: Shutting down and abandoning module ToolMenus (539)
[2022.06.07-06.27.24:885][228]LogModuleManager: Shutting down and abandoning module OculusMR (536)
[2022.06.07-06.27.24:885][228]LogModuleManager: Shutting down and abandoning module TakeRecorderSources (534)
[2022.06.07-06.27.24:885][228]LogModuleManager: Shutting down and abandoning module TakeRecorder (533)
[2022.06.07-06.27.24:885][228]LogModuleManager: Shutting down and abandoning module TakeTrackRecorders (530)
[2022.06.07-06.27.24:885][228]LogModuleManager: Shutting down and abandoning module TakesCore (528)
[2022.06.07-06.27.24:885][228]LogModuleManager: Shutting down and abandoning module OpenXRInput (526)
[2022.06.07-06.27.24:885][228]LogModuleManager: Shutting down and abandoning module WmfMediaFactory (524)
[2022.06.07-06.27.24:885][228]LogModuleManager: Shutting down and abandoning module WebMMediaFactory (522)
[2022.06.07-06.27.24:885][228]LogModuleManager: Shutting down and abandoning module WebMMedia (520)
[2022.06.07-06.27.24:885][228]LogModuleManager: Shutting down and abandoning module OpenExrWrapper (518)
[2022.06.07-06.27.24:885][228]LogModuleManager: Shutting down and abandoning module ImgMediaFactory (516)
[2022.06.07-06.27.24:885][228]LogModuleManager: Shutting down and abandoning module AvfMediaFactory (514)
[2022.06.07-06.27.24:885][228]LogModuleManager: Shutting down and abandoning module MagicLeapMediaCodecFactory (512)
[2022.06.07-06.27.24:885][228]LogModuleManager: Shutting down and abandoning module MagicLeapMediaFactory (510)
[2022.06.07-06.27.24:885][228]LogModuleManager: Shutting down and abandoning module PlanarCut (508)
[2022.06.07-06.27.24:885][228]LogModuleManager: Shutting down and abandoning module CharacterAI (506)
[2022.06.07-06.27.24:885][228]LogModuleManager: Shutting down and abandoning module SessionServices (504)
[2022.06.07-06.27.24:885][228]LogModuleManager: Shutting down and abandoning module MovieSceneCapture (502)
[2022.06.07-06.27.24:885][228]LogModuleManager: Shutting down and abandoning module LiveCoding (500)
[2022.06.07-06.27.24:885][228]LogModuleManager: Shutting down and abandoning module LevelSequence (498)
[2022.06.07-06.27.24:885][228]LogModuleManager: Shutting down and abandoning module MovieSceneTracks (496)
[2022.06.07-06.27.24:885][228]LogModuleManager: Shutting down and abandoning module MovieScene (494)
[2022.06.07-06.27.24:885][228]LogModuleManager: Shutting down and abandoning module StreamingPauseRendering (492)
[2022.06.07-06.27.24:885][228]LogModuleManager: Shutting down and abandoning module PortalServices (490)
[2022.06.07-06.27.24:885][228]LogModuleManager: Shutting down and abandoning module PortalRpc (488)
[2022.06.07-06.27.24:885][228]LogModuleManager: Shutting down and abandoning module MessagingRpc (486)
[2022.06.07-06.27.24:885][228]LogModuleManager: Shutting down and abandoning module AudioMixerXAudio2 (484)
[2022.06.07-06.27.24:885][228]LogModuleManager: Shutting down and abandoning module AudioMixerCore (483)
[2022.06.07-06.27.24:885][228]LogModuleManager: Shutting down and abandoning module ImageWriteQueue (480)
[2022.06.07-06.27.24:885][228]LogModuleManager: Shutting down and abandoning module ProfilerService (478)
[2022.06.07-06.27.25:014][228]LogModuleManager: Shutting down and abandoning module TaskGraph (476)
[2022.06.07-06.27.25:014][228]LogModuleManager: Shutting down and abandoning module OculusInput (474)
[2022.06.07-06.27.25:014][228]LogModuleManager: Shutting down and abandoning module TakeMovieScene (472)
[2022.06.07-06.27.25:014][228]LogModuleManager: Shutting down and abandoning module Synthesis (470)
[2022.06.07-06.27.25:014][228]LogModuleManager: Shutting down and abandoning module ProceduralMeshComponent (468)
[2022.06.07-06.27.25:014][228]LogModuleManager: Shutting down and abandoning module MobilePatchingUtils (466)
[2022.06.07-06.27.25:014][228]LogModuleManager: Shutting down and abandoning module EditableMesh (464)
[2022.06.07-06.27.25:014][228]LogModuleManager: Shutting down and abandoning module ArchVisCharacter (462)
[2022.06.07-06.27.25:014][228]LogModuleManager: Shutting down and abandoning module GooglePAD (460)
[2022.06.07-06.27.25:014][228]LogModuleManager: Shutting down and abandoning module CustomMeshComponent (458)
[2022.06.07-06.27.25:014][228]LogModuleManager: Shutting down and abandoning module CableComponent (456)
[2022.06.07-06.27.25:014][228]LogModuleManager: Shutting down and abandoning module AudioCapture (454)
[2022.06.07-06.27.25:014][228]LogModuleManager: Shutting down and abandoning module AudioCaptureRtAudio (453)
[2022.06.07-06.27.25:014][228]LogModuleManager: Shutting down and abandoning module AssetTags (450)
[2022.06.07-06.27.25:015][228]LogModuleManager: Shutting down and abandoning module AppleImageUtilsBlueprintSupport (448)
[2022.06.07-06.27.25:015][228]LogModuleManager: Shutting down and abandoning module AppleImageUtils (446)
[2022.06.07-06.27.25:015][228]LogModuleManager: Shutting down and abandoning module AndroidPermission (444)
[2022.06.07-06.27.25:015][228]LogModuleManager: Shutting down and abandoning module ActorLayerUtilities (442)
[2022.06.07-06.27.25:015][228]LogModuleManager: Shutting down and abandoning module TemplateSequence (440)
[2022.06.07-06.27.25:015][228]LogModuleManager: Shutting down and abandoning module MediaCompositing (438)
[2022.06.07-06.27.25:015][228]LogModuleManager: Shutting down and abandoning module ImgMedia (436)
[2022.06.07-06.27.25:015][228]LogModuleManager: Shutting down and abandoning module MagicLeapSharedWorld (434)
[2022.06.07-06.27.25:015][228]LogModuleManager: Shutting down and abandoning module MagicLeapLightEstimation (432)
[2022.06.07-06.27.25:015][228]LogModuleManager: Shutting down and abandoning module OpenImageDenoise (430)
[2022.06.07-06.27.25:015][228]LogOpenImageDenoise: OIDN shutting down
[2022.06.07-06.27.25:015][228]LogModuleManager: Shutting down and abandoning module MotoSynth (428)
[2022.06.07-06.27.25:015][228]LogModuleManager: Shutting down and abandoning module MagicLeapHelperVulkan (426)
[2022.06.07-06.27.25:015][228]LogModuleManager: Shutting down and abandoning module MagicLeapHelperOpenGL (424)
[2022.06.07-06.27.25:015][228]LogModuleManager: Shutting down and abandoning module MagicLeapAudio (422)
[2022.06.07-06.27.25:015][228]LogModuleManager: Shutting down and abandoning module MeshConversion (420)
[2022.06.07-06.27.25:015][228]LogModuleManager: Shutting down and abandoning module DynamicMesh (418)
[2022.06.07-06.27.25:015][228]LogModuleManager: Shutting down and abandoning module GeometryAlgorithms (416)
[2022.06.07-06.27.25:015][228]LogModuleManager: Shutting down and abandoning module GeometricObjects (414)
[2022.06.07-06.27.25:015][228]LogModuleManager: Shutting down and abandoning module GeometryCollectionTracks (412)
[2022.06.07-06.27.25:015][228]LogModuleManager: Shutting down and abandoning module GeometryCollectionSequencer (411)
[2022.06.07-06.27.25:015][228]LogModuleManager: Shutting down and abandoning module GeometryCacheTracks (408)
[2022.06.07-06.27.25:015][228]LogModuleManager: Shutting down and abandoning module GeometryCacheSequencer (407)
[2022.06.07-06.27.25:015][228]LogModuleManager: Shutting down and abandoning module GeometryCache (404)
[2022.06.07-06.27.25:015][228]LogModuleManager: Shutting down and abandoning module GeometryCacheEd (403)
[2022.06.07-06.27.25:015][228]LogModuleManager: Shutting down and abandoning module ChaosNiagara (400)
[2022.06.07-06.27.25:015][228]LogModuleManager: Shutting down and abandoning module FieldSystemEngine (399)
[2022.06.07-06.27.25:015][228]LogModuleManager: Shutting down and abandoning module BackChannel (396)
[2022.06.07-06.27.25:015][228]LogModuleManager: Shutting down and abandoning module AutomationUtils (394)
[2022.06.07-06.27.25:015][228]LogModuleManager: Shutting down and abandoning module LiveLinkSequencer (392)
[2022.06.07-06.27.25:015][228]LogModuleManager: Shutting down and abandoning module LiveLinkMovieScene (390)
[2022.06.07-06.27.25:015][228]LogModuleManager: Shutting down and abandoning module LiveLinkGraphNode (388)
[2022.06.07-06.27.25:015][228]LogModuleManager: Shutting down and abandoning module LiveLinkComponents (386)
[2022.06.07-06.27.25:015][228]LogModuleManager: Shutting down and abandoning module LiveLink (384)
[2022.06.07-06.27.25:741][228]LogModuleManager: Shutting down and abandoning module VisualStudioSourceCodeAccess (382)
[2022.06.07-06.27.25:741][228]LogModuleManager: Shutting down and abandoning module HotReload (381)
[2022.06.07-06.27.25:741][228]LogModuleManager: Shutting down and abandoning module VisualStudioCodeSourceCodeAccess (378)
[2022.06.07-06.27.25:741][228]LogModuleManager: Shutting down and abandoning module UObjectPlugin (376)
[2022.06.07-06.27.25:741][228]LogModuleManager: Shutting down and abandoning module SubversionSourceControl (374)
[2022.06.07-06.27.25:742][228]LogModuleManager: Shutting down and abandoning module PerforceSourceControl (372)
[2022.06.07-06.27.25:742][228]LogModuleManager: Shutting down and abandoning module SourceControl (371)
[2022.06.07-06.27.25:742][228]LogModuleManager: Shutting down and abandoning module CLionSourceCodeAccess (368)
[2022.06.07-06.27.25:742][228]LogModuleManager: Shutting down and abandoning module OodleNetworkHandlerComponent (366)
[2022.06.07-06.27.25:742][228]LogModuleManager: Shutting down and abandoning module SoundFields (364)
[2022.06.07-06.27.25:742][228]LogModuleManager: Shutting down and abandoning module SignificanceManager (362)
[2022.06.07-06.27.25:742][228]LogModuleManager: Shutting down and abandoning module RuntimePhysXCooking (360)
[2022.06.07-06.27.25:742][228]LogModuleManager: Shutting down and abandoning module PropertyAccessEditor (358)
[2022.06.07-06.27.25:742][228]LogModuleManager: Shutting down and abandoning module PhysXVehiclesEditor (356)
[2022.06.07-06.27.25:742][228]LogModuleManager: Shutting down and abandoning module LocationServicesBPLibrary (352)
[2022.06.07-06.27.25:742][228]LogModuleManager: Shutting down and abandoning module AudioSynesthesia (350)
[2022.06.07-06.27.25:742][228]LogModuleManager: Shutting down and abandoning module AudioSynesthesiaCore (348)
[2022.06.07-06.27.25:742][228]LogModuleManager: Shutting down and abandoning module ActorSequence (346)
[2022.06.07-06.27.25:742][228]LogModuleManager: Shutting down and abandoning module UdpMessaging (344)
[2022.06.07-06.27.25:843][228]LogModuleManager: Shutting down and abandoning module TcpMessaging (342)
[2022.06.07-06.27.25:944][228]LogModuleManager: Shutting down and abandoning module ImgMediaEngine (340)
[2022.06.07-06.27.25:944][228]LogModuleManager: Shutting down and abandoning module MagicLeapARPin (338)
[2022.06.07-06.27.25:944][228]LogModuleManager: Shutting down and abandoning module PythonScriptPlugin (336)
[2022.06.07-06.27.25:944][228]LogModuleManager: Shutting down and abandoning module EnvironmentQueryEditor (334)
[2022.06.07-06.27.25:944][228]LogModuleManager: Shutting down and abandoning module MagicLeapHandMeshing (332)
[2022.06.07-06.27.25:944][228]LogModuleManager: Shutting down and abandoning module MagicLeapSecureStorage (330)
[2022.06.07-06.27.25:944][228]LogModuleManager: Shutting down and abandoning module MagicLeapPrivileges (328)
[2022.06.07-06.27.25:944][228]LogModuleManager: Shutting down and abandoning module MagicLeapPlanes (326)
[2022.06.07-06.27.25:944][228]LogMagicLeapPlanes: Planes tracker already destroyed.
[2022.06.07-06.27.25:944][228]LogModuleManager: Shutting down and abandoning module MagicLeapImageTracker (324)
[2022.06.07-06.27.25:944][228]LogModuleManager: Shutting down and abandoning module MagicLeapIdentity (322)
[2022.06.07-06.27.25:944][228]LogModuleManager: Shutting down and abandoning module MagicLeapHandTracking (320)
[2022.06.07-06.27.25:944][228]LogModuleManager: Shutting down and abandoning module MagicLeapEyeTracker (318)
[2022.06.07-06.27.25:944][228]LogModuleManager: Shutting down and abandoning module MagicLeapController (316)
[2022.06.07-06.27.25:944][228]LogModuleManager: Shutting down and abandoning module MagicLeapARPinImpl (314)
[2022.06.07-06.27.25:944][228]LogModuleManager: Shutting down and abandoning module MagicLeapAR (312)
[2022.06.07-06.27.25:944][228]LogModuleManager: Shutting down and abandoning module NiagaraAnimNotifies (310)
[2022.06.07-06.27.25:944][228]LogModuleManager: Shutting down and abandoning module Niagara (308)
[2022.06.07-06.27.25:944][228]LogModuleManager: Shutting down and abandoning module SignalProcessing (307)
[2022.06.07-06.27.25:944][228]LogModuleManager: Shutting down and abandoning module NiagaraEditor (305)
[2022.06.07-06.27.25:944][228]LogModuleManager: Shutting down and abandoning module ContentBrowser (304)
[2022.06.07-06.27.25:944][228]LogModuleManager: Shutting down and abandoning module CollectionManager (303)
[2022.06.07-06.27.25:944][228]LogModuleManager: Shutting down and abandoning module DirectoryWatcher (302)
[2022.06.07-06.27.25:944][228]LogModuleManager: Shutting down and abandoning module ContentBrowserData (299)
[2022.06.07-06.27.25:945][228]LogModuleManager: Shutting down and abandoning module NiagaraCore (294)
[2022.06.07-06.27.25:945][228]LogModuleManager: Shutting down and abandoning module PropertyAccessNode (292)
[2022.06.07-06.27.25:945][228]LogModuleManager: Shutting down and abandoning module AnimationSharing (290)
[2022.06.07-06.27.25:945][228]LogModuleManager: Shutting down and abandoning module GameplayTagsEditor (288)
[2022.06.07-06.27.25:945][228]LogModuleManager: Shutting down and abandoning module FacialAnimation (286)
[2022.06.07-06.27.25:945][228]LogModuleManager: Shutting down and abandoning module AssetManagerEditor (284)
[2022.06.07-06.27.25:945][228]LogModuleManager: Shutting down and abandoning module TreeMap (283)
[2022.06.07-06.27.25:945][228]LogModuleManager: Shutting down and abandoning module GameplayCameras (280)
[2022.06.07-06.27.25:945][228]LogModuleManager: Shutting down and abandoning module LightPropagationVolumeRuntime (278)
[2022.06.07-06.27.25:945][228]LogModuleManager: Shutting down and abandoning module Paper2D (276)
[2022.06.07-06.27.25:945][228]LogModuleManager: Shutting down and abandoning module WindowsMoviePlayer (274)
[2022.06.07-06.27.25:945][228]LogModuleManager: Shutting down and abandoning module WebMMoviePlayer (272)
[2022.06.07-06.27.25:945][228]LogModuleManager: Shutting down and abandoning module NetworkReplayStreaming (270)
[2022.06.07-06.27.25:945][228]LogModuleManager: Shutting down and abandoning module PacketHandler (268)
[2022.06.07-06.27.25:945][228]LogModuleManager: Shutting down and abandoning module ClothingSystemEditor (266)
[2022.06.07-06.27.25:945][228]LogModuleManager: Shutting down and abandoning module ClothingSystemRuntimeNv (264)
[2022.06.07-06.27.25:945][228]LogModuleManager: Shutting down and abandoning module MediaAssets (262)
[2022.06.07-06.27.25:945][228]LogModuleManager: Shutting down and abandoning module Overlay (260)
[2022.06.07-06.27.25:945][228]LogModuleManager: Shutting down and abandoning module OverlayEditor (259)
[2022.06.07-06.27.25:945][228]LogModuleManager: Shutting down and abandoning module VREditor (256)
[2022.06.07-06.27.25:945][228]LogModuleManager: Shutting down and abandoning module StringTableEditor (254)
[2022.06.07-06.27.25:945][228]LogModuleManager: Shutting down and abandoning module GameplayTasksEditor (252)
[2022.06.07-06.27.25:945][228]LogModuleManager: Shutting down and abandoning module BehaviorTreeEditor (250)
[2022.06.07-06.27.25:945][228]LogModuleManager: Shutting down and abandoning module FunctionalTesting (248)
[2022.06.07-06.27.25:945][228]LogModuleManager: Shutting down and abandoning module CollisionAnalyzer (246)
[2022.06.07-06.27.25:945][228]LogModuleManager: Shutting down and abandoning module WorkspaceMenuStructure (245)
[2022.06.07-06.27.25:945][228]LogModuleManager: Shutting down and abandoning module UMG (242)
[2022.06.07-06.27.25:945][228]LogModuleManager: Shutting down and abandoning module UMGEditor (241)
[2022.06.07-06.27.25:945][228]LogModuleManager: Shutting down and abandoning module Sequencer (240)
[2022.06.07-06.27.25:945][228]LogModuleManager: Shutting down and abandoning module MessageLog (237)
[2022.06.07-06.27.25:945][228]LogModuleManager: Shutting down and abandoning module SlateReflector (232)
[2022.06.07-06.27.25:945][228]LogModuleManager: Shutting down and abandoning module Slate (230)
[2022.06.07-06.27.25:945][228]LogModuleManager: Shutting down and abandoning module SlateCore (228)
[2022.06.07-06.27.25:946][228]LogModuleManager: Shutting down and abandoning module LandscapeEditorUtilities (226)
[2022.06.07-06.27.25:946][228]LogModuleManager: Shutting down and abandoning module UnrealEd (224)
[2022.06.07-06.27.25:946][228]LogModuleManager: Shutting down and abandoning module MRMesh (222)
[2022.06.07-06.27.25:946][228]LogModuleManager: Shutting down and abandoning module Messaging (220)
[2022.06.07-06.27.25:946][228]LogModuleManager: Shutting down and abandoning module SourceCodeAccess (218)
[2022.06.07-06.27.25:946][228]LogModuleManager: Shutting down and abandoning module HeadMountedDisplay (216)
[2022.06.07-06.27.25:946][228]LogModuleManager: Shutting down and abandoning module XAudio2 (214)
[2022.06.07-06.27.25:946][228]LogModuleManager: Shutting down and abandoning module Networking (212)
[2022.06.07-06.27.25:946][228]LogModuleManager: Shutting down and abandoning module Core (210)
[2022.06.07-06.27.25:946][228]LogModuleManager: Shutting down and abandoning module MaterialEditor (208)
[2022.06.07-06.27.25:946][228]LogModuleManager: Shutting down and abandoning module MovieSceneTools (206)
[2022.06.07-06.27.25:946][228]LogModuleManager: Shutting down and abandoning module EditorStyle (205)
[2022.06.07-06.27.25:947][228]LogModuleManager: Shutting down and abandoning module KismetCompiler (202)
[2022.06.07-06.27.25:947][228]LogModuleManager: Shutting down and abandoning module MeshBuilder (200)
[2022.06.07-06.27.25:947][228]LogModuleManager: Shutting down and abandoning module MeshUtilities (198)
[2022.06.07-06.27.25:947][228]LogModuleManager: Shutting down and abandoning module MeshMergeUtilities (197)
[2022.06.07-06.27.25:947][228]LogModuleManager: Shutting down and abandoning module MeshReductionInterface (196)
[2022.06.07-06.27.25:947][228]LogModuleManager: Shutting down and abandoning module MeshBoneReduction (195)
[2022.06.07-06.27.25:947][228]LogModuleManager: Shutting down and abandoning module SkeletalMeshReduction (193)
[2022.06.07-06.27.25:947][228]LogModuleManager: Shutting down and abandoning module ProxyLODMeshReduction (191)
[2022.06.07-06.27.25:947][228]LogModuleManager: Shutting down and abandoning module QuadricMeshReduction (189)
[2022.06.07-06.27.25:947][228]LogModuleManager: Shutting down and abandoning module MaterialBaking (185)
[2022.06.07-06.27.25:947][228]LogModuleManager: Shutting down and abandoning module NullInstallBundleManager (180)
[2022.06.07-06.27.25:947][228]LogModuleManager: Shutting down and abandoning module PIEPreviewDeviceProfileSelector (178)
[2022.06.07-06.27.25:947][228]LogModuleManager: Shutting down and abandoning module DerivedDataCache (176)
[2022.06.07-06.27.25:947][228]LogModuleManager: Shutting down and abandoning module TargetPlatform (174)
[2022.06.07-06.27.25:947][228]LogModuleManager: Shutting down and abandoning module VulkanShaderFormat (173)
[2022.06.07-06.27.25:947][228]LogModuleManager: Shutting down and abandoning module ShaderFormatVectorVM (171)
[2022.06.07-06.27.25:947][228]LogModuleManager: Shutting down and abandoning module ShaderFormatOpenGL (169)
[2022.06.07-06.27.25:947][228]LogModuleManager: Shutting down and abandoning module ShaderFormatD3D (167)
[2022.06.07-06.27.25:947][228]LogModuleManager: Shutting down and abandoning module MetalShaderFormat (165)
[2022.06.07-06.27.25:947][228]LogModuleManager: Shutting down and abandoning module TextureFormatOodle (163)
[2022.06.07-06.27.25:947][228]LogModuleManager: Shutting down and abandoning module TextureFormatUncompressed (161)
[2022.06.07-06.27.25:947][228]LogModuleManager: Shutting down and abandoning module TextureFormatPVR (159)
[2022.06.07-06.27.25:947][228]LogModuleManager: Shutting down and abandoning module TextureFormatETC2 (157)
[2022.06.07-06.27.25:947][228]LogModuleManager: Shutting down and abandoning module TextureFormatDXT (155)
[2022.06.07-06.27.25:947][228]LogModuleManager: Shutting down and abandoning module TextureFormatIntelISPCTexComp (153)
[2022.06.07-06.27.25:947][228]LogModuleManager: Shutting down and abandoning module TextureFormatASTC (151)
[2022.06.07-06.27.25:947][228]LogModuleManager: Shutting down and abandoning module ImageWrapper (150)
[2022.06.07-06.27.25:947][228]LogModuleManager: Shutting down and abandoning module AudioFormatOpus (147)
[2022.06.07-06.27.25:947][228]LogModuleManager: Shutting down and abandoning module AudioFormatOgg (145)
[2022.06.07-06.27.25:947][228]LogModuleManager: Shutting down and abandoning module AudioFormatADPCM (143)
[2022.06.07-06.27.25:947][228]LogModuleManager: Shutting down and abandoning module WindowsServerTargetPlatform (141)
[2022.06.07-06.27.25:947][228]LogModuleManager: Shutting down and abandoning module WindowsClientTargetPlatform (139)
[2022.06.07-06.27.25:947][228]LogModuleManager: Shutting down and abandoning module WindowsTargetPlatform (137)
[2022.06.07-06.27.25:947][228]LogModuleManager: Shutting down and abandoning module WindowsNoEditorTargetPlatform (135)
[2022.06.07-06.27.25:948][228]LogModuleManager: Shutting down and abandoning module D3D11RHI (132)
[2022.06.07-06.27.25:948][228]LogModuleManager: Shutting down and abandoning module InputCore (130)
[2022.06.07-06.27.25:948][228]LogModuleManager: Shutting down and abandoning module Settings (128)
[2022.06.07-06.27.25:948][228]LogModuleManager: Shutting down and abandoning module PhysXCooking (126)
[2022.06.07-06.27.25:948][228]LogModuleManager: Shutting down and abandoning module Chaos (124)
[2022.06.07-06.27.25:948][228]LogModuleManager: Shutting down and abandoning module WindowsPlatformFeatures (122)
[2022.06.07-06.27.25:948][228]LogModuleManager: Shutting down and abandoning module GameplayMediaEncoder (121)
[2022.06.07-06.27.25:948][228]LogModuleManager: Shutting down and abandoning module AVEncoder (120)
[2022.06.07-06.27.25:948][228]LogModuleManager: Shutting down and abandoning module SteamVRInputDevice (116)
[2022.06.07-06.27.25:948][228]LogModuleManager: Shutting down and abandoning module SteamVRInput (114)
[2022.06.07-06.27.25:948][228]LogModuleManager: Shutting down and abandoning module SteamVR (112)
[2022.06.07-06.27.25:948][228]LogHMD: Freeing OpenVRDLLHandle.
[2022.06.07-06.27.25:948][228]LogModuleManager: Shutting down and abandoning module OculusHMD (110)
[2022.06.07-06.27.25:948][228]LogModuleManager: Shutting down and abandoning module OpenXRHandTracking (108)
[2022.06.07-06.27.25:948][228]LogSlate: Slate User Destroyed.  User Index 0, Is Virtual User: 0
[2022.06.07-06.27.25:948][228]LogModuleManager: Shutting down and abandoning module OpenXREyeTracker (106)
[2022.06.07-06.27.25:948][228]LogModuleManager: Shutting down and abandoning module OpenXRAR (104)
[2022.06.07-06.27.25:948][228]LogModuleManager: Shutting down and abandoning module AugmentedReality (103)
[2022.06.07-06.27.25:948][228]LogModuleManager: Shutting down and abandoning module OpenXRHMD (100)
[2022.06.07-06.27.25:948][228]LogModuleManager: Shutting down and abandoning module ExampleDeviceProfileSelector (98)
[2022.06.07-06.27.25:948][228]LogModuleManager: Shutting down and abandoning module ChunkDownloader (96)
[2022.06.07-06.27.25:948][228]LogModuleManager: Shutting down and abandoning module LauncherChunkInstaller (94)
[2022.06.07-06.27.25:948][228]LogModuleManager: Shutting down and abandoning module OnlineBlueprintSupport (92)
[2022.06.07-06.27.25:948][228]LogModuleManager: Shutting down and abandoning module OnlineSubsystem (88)
[2022.06.07-06.27.25:949][228]LogModuleManager: Shutting down and abandoning module XMPP (83)
[2022.06.07-06.27.25:949][228]LogModuleManager: Shutting down and abandoning module WebSockets (82)
[2022.06.07-06.27.25:965][228]LogModuleManager: Shutting down and abandoning module HTTP (79)
[2022.06.07-06.27.25:965][228]LogHttp: Display: cleaning up 0 outstanding Http requests.
[2022.06.07-06.27.25:967][228]LogModuleManager: Shutting down and abandoning module SSL (78)
[2022.06.07-06.27.25:968][228]LogModuleManager: Shutting down and abandoning module WmfMedia (74)
[2022.06.07-06.27.25:969][228]LogModuleManager: Shutting down and abandoning module Media (73)
[2022.06.07-06.27.25:969][228]LogModuleManager: Shutting down and abandoning module MediaInfo (72)
[2022.06.07-06.27.25:969][228]LogModuleManager: Shutting down and abandoning module ExrReaderGpu (68)
[2022.06.07-06.27.25:969][228]LogModuleManager: Shutting down and abandoning module MLSDK (66)
[2022.06.07-06.27.25:969][228]LogModuleManager: Shutting down and abandoning module MagicLeap (64)
[2022.06.07-06.27.25:969][228]LogModuleManager: Shutting down and abandoning module AISupportModule (62)
[2022.06.07-06.27.25:969][228]LogModuleManager: Shutting down and abandoning module NiagaraVertexFactories (60)
[2022.06.07-06.27.25:969][228]LogModuleManager: Shutting down and abandoning module NiagaraShader (58)
[2022.06.07-06.27.25:969][228]LogModuleManager: Shutting down and abandoning module ChaosCloth (56)
[2022.06.07-06.27.25:969][228]LogModuleManager: Shutting down and abandoning module PixWinPlugin (54)
[2022.06.07-06.27.25:969][228]LogModuleManager: Shutting down and abandoning module VariantManagerContent (52)
[2022.06.07-06.27.25:969][228]LogModuleManager: Shutting down and abandoning module DatasmithContent (50)
[2022.06.07-06.27.25:970][228]LogModuleManager: Shutting down and abandoning module DesktopPlatform (48)
[2022.06.07-06.27.25:970][228]LogModuleManager: Shutting down and abandoning module PythonScriptPluginPreload (46)
[2022.06.07-06.27.25:970][228]LogModuleManager: Shutting down and abandoning module PlatformCryptoOpenSSL (44)
[2022.06.07-06.27.25:970][228]LogModuleManager: Shutting down and abandoning module PlatformCryptoTypes (42)
[2022.06.07-06.27.25:970][228]LogModuleManager: Shutting down and abandoning module PlatformCrypto (40)
[2022.06.07-06.27.25:970][228]LogModuleManager: Shutting down and abandoning module OodleDataCompressionFormat (38)
[2022.06.07-06.27.25:970][228]LogModuleManager: Shutting down and abandoning module XGEController (36)
[2022.06.07-06.27.25:970][228]LogModuleManager: Shutting down and abandoning module AnimationModifiers (34)
[2022.06.07-06.27.25:970][228]LogModuleManager: Shutting down and abandoning module AudioEditor (32)
[2022.06.07-06.27.25:970][228]LogModuleManager: Shutting down and abandoning module PropertyEditor (31)
[2022.06.07-06.27.25:970][228]LogModuleManager: Shutting down and abandoning module TextureCompressor (28)
[2022.06.07-06.27.25:970][228]LogModuleManager: Shutting down and abandoning module RenderCore (26)
[2022.06.07-06.27.25:970][228]LogModuleManager: Shutting down and abandoning module Landscape (24)
[2022.06.07-06.27.25:970][228]LogModuleManager: Shutting down and abandoning module SlateRHIRenderer (22)
[2022.06.07-06.27.25:970][228]LogModuleManager: Shutting down and abandoning module AnimGraphRuntime (20)
[2022.06.07-06.27.25:970][228]LogModuleManager: Shutting down and abandoning module Renderer (18)
[2022.06.07-06.27.25:970][228]LogModuleManager: Shutting down and abandoning module Engine (16)
[2022.06.07-06.27.25:970][228]LogModuleManager: Shutting down and abandoning module CoreUObject (14)
[2022.06.07-06.27.25:970][228]LogModuleManager: Shutting down and abandoning module NetworkFile (12)
[2022.06.07-06.27.25:970][228]LogModuleManager: Shutting down and abandoning module CookedIterativeFile (10)
[2022.06.07-06.27.25:970][228]LogModuleManager: Shutting down and abandoning module StreamingFile (8)
[2022.06.07-06.27.25:970][228]LogModuleManager: Shutting down and abandoning module SandboxFile (6)
[2022.06.07-06.27.25:970][228]LogModuleManager: Shutting down and abandoning module PakFile (4)
[2022.06.07-06.27.25:970][228]LogModuleManager: Shutting down and abandoning module RSA (3)
[2022.06.07-06.27.26:428][228]LogContentStreaming: Display: There are 1 unreleased StreamingManagers
[2022.06.07-06.27.26:434][228]LogD3D11RHI: Shutdown
[2022.06.07-06.27.26:434][228]LogD3D11RHI: CleanupD3DDevice
[2022.06.07-06.27.26:435][228]LogExit: Exiting.
[2022.06.07-06.27.26:441][228]Log file closed, 06/07/22 08:27:26
